#
# A fatal error has been detected by the Java Runtime Environment:
#
#  EXCEPTION_ACCESS_VIOLATION (0xc0000005) at pc=0x000000005b2eb7b0, pid=16128, tid=0x0000000000002f94
#
# JRE version: OpenJDK Runtime Environment (8.0_242-b01) (build 1.8.0_242-release-1644-b01)
# Java VM: OpenJDK 64-Bit Server VM (25.242-b01 mixed mode windows-amd64 compressed oops)
# Problematic frame:
# V  [jvm.dll+0x8b7b0]
#
# Failed to write core dump. Minidumps are not enabled by default on client versions of Windows
#
# If you would like to submit a bug report, please visit:
#   
#

---------------  T H R E A D  ---------------

Current thread (0x00000000031ec000):  GCTaskThread [stack: 0x0000000013050000,0x0000000013150000] [id=12180]

siginfo: ExceptionCode=0xc0000005, reading address 0x0000000002e003c8

Registers:
RAX=0x0000000000000000, RBX=0x00000000e9b42500, RCX=0x00000000e9b42500, RDX=0x0000000002e003c0
RSP=0x000000001314f178, RBP=0x000000001269b281, RSI=0x0000000019c00700, RDI=0x0000000081643000
R8 =0x0000000019c00700, R9 =0x000000000000000a, R10=0x0000000000000008, R11=0x00000000f10ffb50
R12=0x000000001269b216, R13=0x0065006c0041005c, R14=0x0000000000000000, R15=0x00000000031e24e0
RIP=0x000000005b2eb7b0, EFLAGS=0x0000000000010206

Top of Stack: (sp=0x000000001314f178)
0x000000001314f178:   000000005b6327b2 00000000eac173a8
0x000000001314f188:   0000000000000004 0000000019c00700
0x000000001314f198:   0000000000000102 00000000f10f7b60
0x000000001314f1a8:   0000000000001000 0000000082c82378
0x000000001314f1b8:   000000005b632a31 0000000000000000
0x000000001314f1c8:   0000000019c00700 000000001269b216
0x000000001314f1d8:   000000005b632b20 00000000f10f98cc
0x000000001314f1e8:   000000001269b281 0000000019c00700
0x000000001314f1f8:   0000000081643000 00000000f10f98cc
0x000000001314f208:   000000005b6336c5 00000000ea3ef258
0x000000001314f218:   0000000012699481 0000000019c00700
0x000000001314f228:   0000000000000004 0000000019c00700
0x000000001314f238:   0000000019c00700 000000008150eebc
0x000000001314f248:   000000005b34fcc7 0000000019c00700
0x000000001314f258:   000000005b34e3a3 0000000081642e95
0x000000001314f268:   0000000081642e95 0000000081642fb8 

Instructions: (pc=0x000000005b2eb7b0)
0x000000005b2eb790:   1c 8f 1d 00 48 8b 9c 24 c0 00 00 00 48 81 c4 b0
0x000000005b2eb7a0:   00 00 00 5d c3 cc cc cc cc cc cc cc cc cc cc cc
0x000000005b2eb7b0:   44 8b 42 08 4c 8b ca 45 85 c0 7e 0e 41 f6 c0 01
0x000000005b2eb7c0:   75 57 41 c1 f8 03 41 8b c0 c3 79 4d 80 3d 7e 97 


Register to memory mapping:

RAX=0x0000000000000000 is an unknown value
RBX=0x00000000e9b42500 is an oop

[error occurred during error reporting (printing register info), id 0xc0000005]

Stack: [0x0000000013050000,0x0000000013150000],  sp=0x000000001314f178,  free space=1020k
Native frames: (J=compiled Java code, j=interpreted, Vv=VM code, C=native code)
V  [jvm.dll+0x8b7b0]


---------------  P R O C E S S  ---------------

Java Threads: ( => current thread )
  0x00000000213f2000 JavaThread "ForkJoinPool-1-worker-12" daemon [_thread_blocked, id=10364, stack(0x0000000030cb0000,0x0000000030db0000)]
  0x00000000213ef800 JavaThread "ForkJoinPool-1-worker-3" daemon [_thread_blocked, id=10224, stack(0x0000000030bb0000,0x0000000030cb0000)]
  0x00000000213ef000 JavaThread "ForkJoinPool-1-worker-10" daemon [_thread_blocked, id=3712, stack(0x0000000030ab0000,0x0000000030bb0000)]
  0x00000000213f3800 JavaThread "ForkJoinPool-1-worker-1" daemon [_thread_blocked, id=8564, stack(0x00000000309b0000,0x0000000030ab0000)]
  0x00000000213ee000 JavaThread "ForkJoinPool-1-worker-8" daemon [_thread_blocked, id=13856, stack(0x00000000308b0000,0x00000000309b0000)]
  0x00000000213eb000 JavaThread "ForkJoinPool-1-worker-15" daemon [_thread_blocked, id=11040, stack(0x00000000307b0000,0x00000000308b0000)]
  0x00000000213f0800 JavaThread "ForkJoinPool-1-worker-6" daemon [_thread_blocked, id=12280, stack(0x00000000306b0000,0x00000000307b0000)]
  0x00000000213ed800 JavaThread "ForkJoinPool-1-worker-13" daemon [_thread_blocked, id=16452, stack(0x00000000305b0000,0x00000000306b0000)]
  0x00000000213f1000 JavaThread "ForkJoinPool-1-worker-4" daemon [_thread_blocked, id=3264, stack(0x00000000304b0000,0x00000000305b0000)]
  0x00000000213ea800 JavaThread "ForkJoinPool-1-worker-11" daemon [_thread_blocked, id=11192, stack(0x00000000303b0000,0x00000000304b0000)]
  0x00000000213e9000 JavaThread "ForkJoinPool-1-worker-2" daemon [_thread_blocked, id=7912, stack(0x00000000302b0000,0x00000000303b0000)]
  0x00000000213e9800 JavaThread "ForkJoinPool-1-worker-9" daemon [_thread_blocked, id=12444, stack(0x00000000301b0000,0x00000000302b0000)]
  0x000000001daa5800 JavaThread "WorkerExecutor Queue" [_thread_blocked, id=10960, stack(0x000000002f2a0000,0x000000002f3a0000)]
  0x000000001da9c800 JavaThread "Cache worker for execution history cache (D:\AndroidProjects\KursachGameShop2\.gradle\6.5\executionHistory)" [_thread_blocked, id=9064, stack(0x000000002f1a0000,0x000000002f2a0000)]
  0x000000001da9e000 JavaThread "Execution worker for ':' Thread 11" [_thread_blocked, id=15172, stack(0x000000002f0a0000,0x000000002f1a0000)]
  0x000000001daa3800 JavaThread "Execution worker for ':' Thread 10" [_thread_blocked, id=12468, stack(0x000000002efa0000,0x000000002f0a0000)]
  0x000000001daa2800 JavaThread "Execution worker for ':' Thread 9" [_thread_blocked, id=16372, stack(0x000000002eea0000,0x000000002efa0000)]
  0x000000001daa2000 JavaThread "Execution worker for ':' Thread 8" [_thread_blocked, id=14840, stack(0x000000002eda0000,0x000000002eea0000)]
  0x000000001da9a800 JavaThread "Execution worker for ':' Thread 7" [_thread_blocked, id=2936, stack(0x000000002eca0000,0x000000002eda0000)]
  0x000000001daa1000 JavaThread "Execution worker for ':' Thread 6" [_thread_blocked, id=7224, stack(0x000000002eba0000,0x000000002eca0000)]
  0x000000001da9c000 JavaThread "Execution worker for ':' Thread 5" [_thread_blocked, id=2380, stack(0x000000002eaa0000,0x000000002eba0000)]
  0x000000001da9d800 JavaThread "Execution worker for ':' Thread 4" [_thread_blocked, id=1764, stack(0x000000002e9a0000,0x000000002eaa0000)]
  0x000000001da9f800 JavaThread "Execution worker for ':' Thread 3" [_thread_blocked, id=16500, stack(0x000000002e8a0000,0x000000002e9a0000)]
  0x000000001da9f000 JavaThread "Execution worker for ':' Thread 2" [_thread_blocked, id=5768, stack(0x000000002e7a0000,0x000000002e8a0000)]
  0x000000001daa0800 JavaThread "Execution worker for ':'" [_thread_blocked, id=7956, stack(0x000000002e6a0000,0x000000002e7a0000)]
  0x000000001da9b000 JavaThread "Cache worker for file content cache (D:\AndroidProjects\KursachGameShop2\.gradle\6.5\fileContent)" [_thread_blocked, id=3900, stack(0x000000002e330000,0x000000002e430000)]
  0x000000001da96800 JavaThread "Memory manager" [_thread_blocked, id=10296, stack(0x000000002be70000,0x000000002bf70000)]
  0x000000001da99000 JavaThread "pool-1-thread-1" [_thread_blocked, id=10192, stack(0x000000002c3f0000,0x000000002c4f0000)]
  0x000000001da98000 JavaThread "Cache worker for Build Output Cleanup Cache (D:\AndroidProjects\KursachGameShop2\.gradle\buildOutputCleanup)" [_thread_blocked, id=1540, stack(0x0000000028d10000,0x0000000028e10000)]
  0x000000001da99800 JavaThread "jar transforms Thread 92" [_thread_blocked, id=7672, stack(0x000000002bd70000,0x000000002be70000)]
  0x000000001da97800 JavaThread "jar transforms Thread 91" [_thread_blocked, id=16020, stack(0x000000002bc70000,0x000000002bd70000)]
  0x000000001d9b4800 JavaThread "jar transforms Thread 90" [_thread_blocked, id=2064, stack(0x000000002bb70000,0x000000002bc70000)]
  0x000000001d9b3800 JavaThread "jar transforms Thread 89" [_thread_blocked, id=3028, stack(0x000000002ba70000,0x000000002bb70000)]
  0x000000001d9b3000 JavaThread "jar transforms Thread 88" [_thread_blocked, id=11240, stack(0x000000002b970000,0x000000002ba70000)]
  0x000000001d9b2000 JavaThread "jar transforms Thread 87" [_thread_blocked, id=4596, stack(0x000000002b870000,0x000000002b970000)]
  0x000000001d9aa800 JavaThread "jar transforms Thread 86" [_thread_blocked, id=16584, stack(0x000000002b770000,0x000000002b870000)]
  0x000000001d9b1800 JavaThread "jar transforms Thread 85" [_thread_blocked, id=14012, stack(0x000000002b670000,0x000000002b770000)]
  0x000000001d9b0800 JavaThread "jar transforms Thread 84" [_thread_blocked, id=14332, stack(0x000000002b570000,0x000000002b670000)]
  0x000000001d9b0000 JavaThread "jar transforms Thread 83" [_thread_blocked, id=16448, stack(0x000000002b470000,0x000000002b570000)]
  0x000000001d9a8800 JavaThread "jar transforms Thread 82" [_thread_blocked, id=12184, stack(0x000000002b370000,0x000000002b470000)]
  0x000000001d9ae800 JavaThread "jar transforms Thread 81" [_thread_blocked, id=16888, stack(0x000000002b270000,0x000000002b370000)]
  0x000000001d9ad800 JavaThread "jar transforms Thread 80" [_thread_blocked, id=17180, stack(0x000000002b170000,0x000000002b270000)]
  0x000000001d9af000 JavaThread "jar transforms Thread 79" [_thread_blocked, id=1920, stack(0x000000002b070000,0x000000002b170000)]
  0x000000001d9ad000 JavaThread "jar transforms Thread 78" [_thread_blocked, id=17332, stack(0x000000002af70000,0x000000002b070000)]
  0x000000001d9aa000 JavaThread "jar transforms Thread 77" [_thread_blocked, id=16744, stack(0x000000002ae70000,0x000000002af70000)]
  0x000000001d9a6000 JavaThread "jar transforms Thread 76" [_thread_blocked, id=8848, stack(0x000000002ad70000,0x000000002ae70000)]
  0x000000001d9a5800 JavaThread "jar transforms Thread 75" [_thread_blocked, id=10776, stack(0x000000002ac70000,0x000000002ad70000)]
  0x000000001d9a9000 JavaThread "jar transforms Thread 74" [_thread_blocked, id=1672, stack(0x000000002ab70000,0x000000002ac70000)]
  0x000000001d9a7800 JavaThread "jar transforms Thread 73" [_thread_blocked, id=17368, stack(0x000000002aa70000,0x000000002ab70000)]
  0x000000001d9ac000 JavaThread "jar transforms Thread 72" [_thread_blocked, id=15232, stack(0x000000002a970000,0x000000002aa70000)]
  0x000000001d9ab800 JavaThread "jar transforms Thread 71" [_thread_blocked, id=1788, stack(0x000000002a870000,0x000000002a970000)]
  0x000000001d9a7000 JavaThread "jar transforms Thread 70" [_thread_blocked, id=9908, stack(0x000000002a770000,0x000000002a870000)]
  0x000000001d9a3000 JavaThread "jar transforms Thread 69" [_thread_blocked, id=15284, stack(0x000000002a670000,0x000000002a770000)]
  0x000000001d9a2000 JavaThread "jar transforms Thread 68" [_thread_blocked, id=1204, stack(0x000000002a570000,0x000000002a670000)]
  0x000000001d9a1800 JavaThread "jar transforms Thread 67" [_thread_blocked, id=11028, stack(0x000000002a470000,0x000000002a570000)]
  0x000000001d9a4800 JavaThread "jar transforms Thread 66" [_thread_blocked, id=15400, stack(0x000000002a370000,0x000000002a470000)]
  0x000000001d9a0800 JavaThread "jar transforms Thread 65" [_thread_blocked, id=2276, stack(0x000000002a270000,0x000000002a370000)]
  0x000000001d9a3800 JavaThread "jar transforms Thread 64" [_thread_blocked, id=3444, stack(0x000000002a170000,0x000000002a270000)]
  0x000000001d999000 JavaThread "jar transforms Thread 63" [_thread_blocked, id=7960, stack(0x000000002a070000,0x000000002a170000)]
  0x000000001d9a0000 JavaThread "jar transforms Thread 62" [_thread_blocked, id=8872, stack(0x0000000029f70000,0x000000002a070000)]
  0x000000001d99f000 JavaThread "jar transforms Thread 61" [_thread_blocked, id=12708, stack(0x0000000029e70000,0x0000000029f70000)]
  0x000000001d99e800 JavaThread "jar transforms Thread 60" [_thread_blocked, id=16696, stack(0x0000000029d70000,0x0000000029e70000)]
  0x000000001d99d800 JavaThread "jar transforms Thread 59" [_thread_blocked, id=2440, stack(0x0000000029c70000,0x0000000029d70000)]
  0x000000001d996000 JavaThread "jar transforms Thread 58" [_thread_blocked, id=1796, stack(0x0000000029b70000,0x0000000029c70000)]
  0x000000001d99a800 JavaThread "jar transforms Thread 57" [_thread_blocked, id=1752, stack(0x0000000029a70000,0x0000000029b70000)]
  0x000000001d99d000 JavaThread "jar transforms Thread 56" [_thread_blocked, id=10508, stack(0x0000000029970000,0x0000000029a70000)]
  0x000000001d995800 JavaThread "jar transforms Thread 55" [_thread_blocked, id=14396, stack(0x0000000029870000,0x0000000029970000)]
  0x000000001d997000 JavaThread "jar transforms Thread 54" [_thread_blocked, id=14572, stack(0x0000000029770000,0x0000000029870000)]
  0x000000001d997800 JavaThread "jar transforms Thread 53" [_thread_blocked, id=14872, stack(0x0000000029670000,0x0000000029770000)]
  0x000000001d99b800 JavaThread "jar transforms Thread 52" [_thread_blocked, id=9192, stack(0x0000000029570000,0x0000000029670000)]
  0x000000001d998800 JavaThread "jar transforms Thread 51" [_thread_blocked, id=6476, stack(0x0000000029470000,0x0000000029570000)]
  0x000000001d99c000 JavaThread "jar transforms Thread 50" [_thread_blocked, id=1748, stack(0x0000000029370000,0x0000000029470000)]
  0x000000001d99a000 JavaThread "jar transforms Thread 49" [_thread_blocked, id=6272, stack(0x0000000029270000,0x0000000029370000)]
  0x000000001fe55000 JavaThread "jar transforms Thread 48" [_thread_blocked, id=17300, stack(0x0000000029170000,0x0000000029270000)]
  0x000000001fe54800 JavaThread "jar transforms Thread 47" [_thread_blocked, id=15316, stack(0x0000000029070000,0x0000000029170000)]
  0x000000001fe53800 JavaThread "jar transforms Thread 46" [_thread_blocked, id=16476, stack(0x0000000028c10000,0x0000000028d10000)]
  0x000000001fe53000 JavaThread "jar transforms Thread 45" [_thread_blocked, id=1556, stack(0x0000000028b10000,0x0000000028c10000)]
  0x000000001fe52000 JavaThread "jar transforms Thread 44" [_thread_blocked, id=11872, stack(0x0000000028a10000,0x0000000028b10000)]
  0x000000001fe4a800 JavaThread "jar transforms Thread 43" [_thread_blocked, id=14480, stack(0x0000000028910000,0x0000000028a10000)]
  0x000000001fe50800 JavaThread "jar transforms Thread 42" [_thread_blocked, id=864, stack(0x0000000028810000,0x0000000028910000)]
  0x000000001fe50000 JavaThread "jar transforms Thread 41" [_thread_blocked, id=3756, stack(0x0000000028710000,0x0000000028810000)]
  0x000000001fe4f000 JavaThread "jar transforms Thread 40" [_thread_blocked, id=5240, stack(0x0000000028610000,0x0000000028710000)]
  0x000000001fe51800 JavaThread "jar transforms Thread 39" [_thread_blocked, id=2856, stack(0x0000000028510000,0x0000000028610000)]
  0x000000001fe47800 JavaThread "jar transforms Thread 38" [_thread_blocked, id=5672, stack(0x0000000028410000,0x0000000028510000)]
  0x000000001fe4a000 JavaThread "jar transforms Thread 37" [_thread_blocked, id=12256, stack(0x0000000028310000,0x0000000028410000)]
  0x000000001fe49000 JavaThread "jar transforms Thread 36" [_thread_blocked, id=3992, stack(0x0000000028210000,0x0000000028310000)]
  0x000000001fe4e800 JavaThread "jar transforms Thread 35" [_thread_blocked, id=13724, stack(0x0000000028110000,0x0000000028210000)]
  0x000000001fe47000 JavaThread "jar transforms Thread 34" [_thread_blocked, id=15700, stack(0x0000000028010000,0x0000000028110000)]
  0x000000001fe4d800 JavaThread "jar transforms Thread 33" [_thread_blocked, id=2620, stack(0x0000000027f10000,0x0000000028010000)]
  0x000000001fe4c000 JavaThread "jar transforms Thread 32" [_thread_blocked, id=9660, stack(0x0000000027e10000,0x0000000027f10000)]
  0x000000001fe46000 JavaThread "jar transforms Thread 31" [_thread_blocked, id=15256, stack(0x0000000027d10000,0x0000000027e10000)]
  0x000000001fe48800 JavaThread "jar transforms Thread 30" [_thread_blocked, id=13956, stack(0x0000000027c10000,0x0000000027d10000)]
  0x000000001fe4b800 JavaThread "jar transforms Thread 29" [_thread_blocked, id=11280, stack(0x0000000027b10000,0x0000000027c10000)]
  0x000000001fe4d000 JavaThread "jar transforms Thread 28" [_thread_blocked, id=1864, stack(0x0000000027a10000,0x0000000027b10000)]
  0x000000001dd9b800 JavaThread "jar transforms Thread 27" [_thread_blocked, id=9040, stack(0x0000000027910000,0x0000000027a10000)]
  0x000000001dd9b000 JavaThread "jar transforms Thread 26" [_thread_blocked, id=14532, stack(0x0000000027810000,0x0000000027910000)]
  0x000000001dd9a000 JavaThread "jar transforms Thread 25" [_thread_blocked, id=15076, stack(0x0000000027710000,0x0000000027810000)]
  0x000000001dd99800 JavaThread "jar transforms Thread 24" [_thread_blocked, id=12148, stack(0x0000000027610000,0x0000000027710000)]
  0x000000001dd9c800 JavaThread "jar transforms Thread 23" [_thread_blocked, id=16416, stack(0x0000000027510000,0x0000000027610000)]
  0x000000001dd98800 JavaThread "jar transforms Thread 22" [_thread_blocked, id=7540, stack(0x0000000027410000,0x0000000027510000)]
  0x000000001dd91000 JavaThread "jar transforms Thread 21" [_thread_blocked, id=6036, stack(0x0000000027310000,0x0000000027410000)]
  0x000000001dd98000 JavaThread "jar transforms Thread 20" [_thread_blocked, id=10800, stack(0x0000000027210000,0x0000000027310000)]
  0x000000001dd97000 JavaThread "jar transforms Thread 19" [_thread_blocked, id=8440, stack(0x0000000027110000,0x0000000027210000)]
  0x000000001dd96800 JavaThread "jar transforms Thread 18" [_thread_blocked, id=14732, stack(0x0000000027010000,0x0000000027110000)]
  0x000000001dd95800 JavaThread "jar transforms Thread 17" [_thread_blocked, id=8448, stack(0x0000000026f10000,0x0000000027010000)]
  0x000000001dd8e000 JavaThread "jar transforms Thread 16" [_thread_blocked, id=7716, stack(0x0000000026e10000,0x0000000026f10000)]
  0x000000001dd94000 JavaThread "jar transforms Thread 15" [_thread_blocked, id=16820, stack(0x0000000026d10000,0x0000000026e10000)]
  0x000000001dd95000 JavaThread "jar transforms Thread 14" [_thread_blocked, id=12216, stack(0x0000000026c10000,0x0000000026d10000)]
  0x000000001dd90800 JavaThread "jar transforms Thread 13" [_thread_blocked, id=11952, stack(0x0000000026b10000,0x0000000026c10000)]
  0x000000001dd92800 JavaThread "jar transforms Thread 12" [_thread_blocked, id=7336, stack(0x0000000026a10000,0x0000000026b10000)]
  0x000000001dd93800 JavaThread "jar transforms Thread 11" [_thread_blocked, id=2032, stack(0x0000000026910000,0x0000000026a10000)]
  0x000000001dd92000 JavaThread "jar transforms Thread 10" [_thread_blocked, id=17152, stack(0x0000000026810000,0x0000000026910000)]
  0x000000001dd8f000 JavaThread "jar transforms Thread 9" [_thread_blocked, id=7204, stack(0x0000000026710000,0x0000000026810000)]
  0x000000001dd8f800 JavaThread "jar transforms Thread 8" [_thread_blocked, id=9668, stack(0x0000000026610000,0x0000000026710000)]
  0x000000001dd8d800 JavaThread "jar transforms Thread 7" [_thread_blocked, id=15664, stack(0x0000000026510000,0x0000000026610000)]
  0x000000001d65e000 JavaThread "jar transforms Thread 6" [_thread_blocked, id=2908, stack(0x0000000026410000,0x0000000026510000)]
  0x000000001d65d800 JavaThread "jar transforms Thread 5" [_thread_blocked, id=17388, stack(0x0000000026310000,0x0000000026410000)]
  0x000000001d65c800 JavaThread "jar transforms Thread 4" [_thread_blocked, id=8616, stack(0x0000000026210000,0x0000000026310000)]
  0x000000001d655000 JavaThread "jar transforms Thread 3" [_thread_blocked, id=2320, stack(0x0000000026110000,0x0000000026210000)]
  0x000000001d65c000 JavaThread "jar transforms Thread 2" [_thread_blocked, id=16540, stack(0x0000000026010000,0x0000000026110000)]
  0x000000001d65b000 JavaThread "Build operations Thread 12" [_thread_blocked, id=16884, stack(0x0000000025f10000,0x0000000026010000)]
  0x000000001d656800 JavaThread "Build operations Thread 11" [_thread_blocked, id=17056, stack(0x0000000025e10000,0x0000000025f10000)]
  0x000000001d65a800 JavaThread "Build operations Thread 10" [_thread_blocked, id=5048, stack(0x0000000025d10000,0x0000000025e10000)]
  0x000000001d659800 JavaThread "Build operations Thread 9" [_thread_blocked, id=15972, stack(0x0000000025c10000,0x0000000025d10000)]
  0x000000001d659000 JavaThread "Build operations Thread 8" [_thread_blocked, id=15820, stack(0x0000000025b10000,0x0000000025c10000)]
  0x000000001d651800 JavaThread "Build operations Thread 7" [_thread_blocked, id=15804, stack(0x0000000025a10000,0x0000000025b10000)]
  0x000000001d657800 JavaThread "Build operations Thread 6" [_thread_blocked, id=15784, stack(0x0000000025810000,0x0000000025910000)]
  0x000000001d658000 JavaThread "Build operations Thread 5" [_thread_blocked, id=5632, stack(0x0000000025710000,0x0000000025810000)]
  0x000000001d654800 JavaThread "Build operations Thread 4" [_thread_blocked, id=5568, stack(0x0000000025610000,0x0000000025710000)]
  0x000000001d653800 JavaThread "Build operations Thread 3" [_thread_blocked, id=12244, stack(0x0000000025510000,0x0000000025610000)]
  0x000000001d656000 JavaThread "Build operations Thread 2" [_thread_blocked, id=9996, stack(0x0000000025410000,0x0000000025510000)]
  0x000000001d64f000 JavaThread "Build operations" [_thread_blocked, id=11000, stack(0x0000000025310000,0x0000000025410000)]
  0x000000001d81a000 JavaThread "Cache worker for file content cache (C:\Users\Alex\.gradle\caches\6.5\fileContent)" [_thread_blocked, id=2792, stack(0x0000000024c10000,0x0000000024d10000)]
  0x000000001d816800 JavaThread "jar transforms" [_thread_blocked, id=14000, stack(0x0000000024b10000,0x0000000024c10000)]
  0x000000001d813800 JavaThread "Cache worker for execution history cache (C:\Users\Alex\.gradle\caches\6.5\executionHistory)" [_thread_blocked, id=1780, stack(0x00000000232b0000,0x00000000233b0000)]
  0x000000001d818800 JavaThread "Cache worker for cache directory md-rule (C:\Users\Alex\.gradle\caches\6.5\md-rule)" [_thread_blocked, id=7656, stack(0x00000000231b0000,0x00000000232b0000)]
  0x000000001d815000 JavaThread "Cache worker for cache directory md-supplier (C:\Users\Alex\.gradle\caches\6.5\md-supplier)" [_thread_blocked, id=3180, stack(0x0000000021e60000,0x0000000021f60000)]
  0x000000001d819800 JavaThread "Cache worker for checksums cache (D:\AndroidProjects\KursachGameShop2\.gradle\checksums)" [_thread_blocked, id=7328, stack(0x0000000021b60000,0x0000000021c60000)]
  0x000000001d814000 JavaThread "Cache worker for file hash cache (D:\AndroidProjects\KursachGameShop2\.gradle\6.5\fileHashes)" [_thread_blocked, id=8420, stack(0x00000000235b0000,0x00000000236b0000)]
  0x000000001d815800 JavaThread "Cache worker for file hash cache (C:\Users\Alex\.gradle\caches\6.5\fileHashes)" [_thread_blocked, id=3704, stack(0x000000001f8c0000,0x000000001f9c0000)]
  0x000000001d818000 JavaThread "File lock request listener" [_thread_in_native, id=14328, stack(0x000000001f7c0000,0x000000001f8c0000)]
  0x000000001b9f1000 JavaThread "Cache worker for journal cache (C:\Users\Alex\.gradle\caches\journal-1)" [_thread_blocked, id=4112, stack(0x000000001f6c0000,0x000000001f7c0000)]
  0x000000001d5af800 JavaThread "Thread-9" [_thread_blocked, id=7908, stack(0x000000001f3c0000,0x000000001f4c0000)]
  0x000000001d605800 JavaThread "Stdin handler" [_thread_blocked, id=15288, stack(0x000000001f2c0000,0x000000001f3c0000)]
  0x000000001d605000 JavaThread "Asynchronous log dispatcher for DefaultDaemonConnection: socket connection from /127.0.0.1:57187 to /127.0.0.1:57188" [_thread_blocked, id=10996, stack(0x000000001f1c0000,0x000000001f2c0000)]
  0x000000001d531800 JavaThread "Daemon worker" [_thread_blocked, id=7616, stack(0x000000001f0c0000,0x000000001f1c0000)]
  0x000000001d52c800 JavaThread "Cancel handler" [_thread_blocked, id=4676, stack(0x000000001efc0000,0x000000001f0c0000)]
  0x000000001d52a000 JavaThread "Handler for socket connection from /127.0.0.1:57187 to /127.0.0.1:57188" [_thread_in_native, id=16740, stack(0x000000001ecc0000,0x000000001edc0000)]
  0x000000001d524800 JavaThread "Daemon" [_thread_blocked, id=5276, stack(0x000000001ebc0000,0x000000001ecc0000)]
  0x000000001d57f000 JavaThread "Daemon periodic checks" [_thread_blocked, id=11724, stack(0x000000001eac0000,0x000000001ebc0000)]
  0x000000001d4f8800 JavaThread "Incoming local TCP Connector on port 57187" [_thread_in_native, id=14504, stack(0x000000001e870000,0x000000001e970000)]
  0x000000001d13b800 JavaThread "Daemon health stats" [_thread_blocked, id=2416, stack(0x000000001e230000,0x000000001e330000)]
  0x0000000019ccc800 JavaThread "Service Thread" daemon [_thread_blocked, id=10344, stack(0x000000001b690000,0x000000001b790000)]
  0x0000000019c43800 JavaThread "C1 CompilerThread3" daemon [_thread_blocked, id=7608, stack(0x000000001b590000,0x000000001b690000)]
  0x0000000019c43000 JavaThread "C2 CompilerThread2" daemon [_thread_in_native, id=15308, stack(0x000000001b490000,0x000000001b590000)]
  0x0000000019c3e000 JavaThread "C2 CompilerThread1" daemon [_thread_in_native, id=6528, stack(0x000000001b390000,0x000000001b490000)]
  0x0000000019c33000 JavaThread "C2 CompilerThread0" daemon [_thread_blocked, id=15608, stack(0x000000001b290000,0x000000001b390000)]
  0x0000000019c31000 JavaThread "Attach Listener" daemon [_thread_blocked, id=14820, stack(0x000000001b190000,0x000000001b290000)]
  0x0000000019c30000 JavaThread "Signal Dispatcher" daemon [_thread_blocked, id=1964, stack(0x000000001b090000,0x000000001b190000)]
  0x0000000018542000 JavaThread "Finalizer" daemon [_thread_blocked, id=8632, stack(0x000000001ae80000,0x000000001af80000)]
  0x0000000019c23000 JavaThread "Reference Handler" daemon [_thread_blocked, id=13680, stack(0x000000001ad80000,0x000000001ae80000)]
  0x000000000184d800 JavaThread "main" [_thread_blocked, id=16728, stack(0x00000000030d0000,0x00000000031d0000)]

Other Threads:
  0x0000000019c02800 VMThread [stack: 0x000000001ac80000,0x000000001ad80000] [id=13748]
  0x0000000019ccd000 WatcherThread [stack: 0x000000001b790000,0x000000001b890000] [id=16580]

=>0x00000000031ec000 (exited) GCTaskThread [stack: 0x0000000013050000,0x0000000013150000] [id=12180]

VM state:at safepoint (normal execution)

VM Mutex/Monitor currently owned by a thread:  ([mutex/lock_event])
[0x000000000184d090] Threads_lock - owner thread: 0x0000000019c02800
[0x00000000031d0250] Heap_lock - owner thread: 0x00000000213f3800

heap address: 0x0000000080000000, size: 2048 MB, Compressed Oops mode: 32-bit
Narrow klass base: 0x0000000000000000, Narrow klass shift: 3
Compressed class space size: 1073741824 Address: 0x0000000100000000

Heap:
 PSYoungGen      total 355840K, used 355838K [0x00000000d5580000, 0x00000000f1d80000, 0x0000000100000000)
  eden space 332288K, 100% used [0x00000000d5580000,0x00000000e9a00000,0x00000000e9a00000)
  from space 23552K, 99% used [0x00000000e9a00000,0x00000000eb0ffa80,0x00000000eb100000)
  to   space 33280K, 99% used [0x00000000efd00000,0x00000000f1d7b120,0x00000000f1d80000)
 ParOldGen       total 204800K, used 69489K [0x0000000080000000, 0x000000008c800000, 0x00000000d5580000)
  object space 204800K, 33% used [0x0000000080000000,0x00000000843e4788,0x000000008c800000)
 Metaspace       used 71673K, capacity 76262K, committed 76440K, reserved 1114112K
  class space    used 10048K, capacity 10856K, committed 10928K, reserved 1048576K

Card table byte_map: [0x0000000012690000,0x0000000012aa0000] byte_map_base: 0x0000000012290000

Marking Bits: (ParMarkBitMap*) 0x000000005ba2f030
 Begin Bits: [0x0000000013750000, 0x0000000015750000)
 End Bits:   [0x0000000015750000, 0x0000000017750000)

Polling page: 0x00000000017e0000

CodeCache: size=245760Kb used=27927Kb max_used=27927Kb free=217832Kb
 bounds [0x00000000032d0000, 0x0000000004e40000, 0x00000000122d0000]
 total_blobs=9738 nmethods=8940 adapters=710
 compilation: enabled

Compilation events (10 events):
Event: 7.983 Thread 0x0000000019c43800 10357 %     3       com.android.tools.r8.graph.Z0::d @ 17 (52 bytes)
Event: 7.983 Thread 0x0000000019c43800 nmethod 10357% 0x0000000004e30890 code [0x0000000004e30a60, 0x0000000004e31228]
Event: 7.984 Thread 0x0000000019c33000 nmethod 10344 0x0000000004e3abd0 code [0x0000000004e3ad60, 0x0000000004e3b398]
Event: 7.984 Thread 0x0000000019c33000 10348       4       com.android.tools.r8.utils.n0::hasNext (13 bytes)
Event: 7.984 Thread 0x0000000019c33000 nmethod 10348 0x0000000004ccb0d0 code [0x0000000004ccb200, 0x0000000004ccb278]
Event: 7.984 Thread 0x0000000019c33000 10347       4       com.android.tools.r8.utils.n0::next (27 bytes)
Event: 7.985 Thread 0x0000000019c43800 10358       3       com.android.tools.r8.dex.r::a (233 bytes)
Event: 7.986 Thread 0x0000000019c43800 nmethod 10358 0x0000000004e37f50 code [0x0000000004e38280, 0x0000000004e39c48]
Event: 7.987 Thread 0x0000000019c43800 10359 %     3       java.util.Arrays$ArrayList::forEach @ 16 (43 bytes)
Event: 7.987 Thread 0x0000000019c43800 nmethod 10359% 0x0000000004e3b890 code [0x0000000004e3ba40, 0x0000000004e3bf18]

GC Heap History (10 events):
Event: 2.768 GC heap after
Heap after GC invocations=8 (full 2):
 PSYoungGen      total 235008K, used 0K [0x00000000d5580000, 0x00000000e4d80000, 0x0000000100000000)
  eden space 219136K, 0% used [0x00000000d5580000,0x00000000d5580000,0x00000000e2b80000)
  from space 15872K, 0% used [0x00000000e3a80000,0x00000000e3a80000,0x00000000e4a00000)
  to   space 15360K, 0% used [0x00000000e2b80000,0x00000000e2b80000,0x00000000e3a80000)
 ParOldGen       total 136192K, used 14680K [0x0000000080000000, 0x0000000088500000, 0x00000000d5580000)
  object space 136192K, 10% used [0x0000000080000000,0x0000000080e561e0,0x0000000088500000)
 Metaspace       used 34348K, capacity 35432K, committed 35496K, reserved 1079296K
  class space    used 4731K, capacity 5007K, committed 5040K, reserved 1048576K
}
Event: 3.734 GC heap before
{Heap before GC invocations=9 (full 2):
 PSYoungGen      total 235008K, used 219136K [0x00000000d5580000, 0x00000000e4d80000, 0x0000000100000000)
  eden space 219136K, 100% used [0x00000000d5580000,0x00000000e2b80000,0x00000000e2b80000)
  from space 15872K, 0% used [0x00000000e3a80000,0x00000000e3a80000,0x00000000e4a00000)
  to   space 15360K, 0% used [0x00000000e2b80000,0x00000000e2b80000,0x00000000e3a80000)
 ParOldGen       total 136192K, used 14680K [0x0000000080000000, 0x0000000088500000, 0x00000000d5580000)
  object space 136192K, 10% used [0x0000000080000000,0x0000000080e561e0,0x0000000088500000)
 Metaspace       used 46110K, capacity 48012K, committed 48168K, reserved 1091584K
  class space    used 6255K, capacity 6612K, committed 6704K, reserved 1048576K
Event: 3.744 GC heap after
Heap after GC invocations=9 (full 2):
 PSYoungGen      total 234496K, used 15344K [0x00000000d5580000, 0x00000000ec300000, 0x0000000100000000)
  eden space 219136K, 0% used [0x00000000d5580000,0x00000000d5580000,0x00000000e2b80000)
  from space 15360K, 99% used [0x00000000e2b80000,0x00000000e3a7c178,0x00000000e3a80000)
  to   space 18432K, 0% used [0x00000000eb100000,0x00000000eb100000,0x00000000ec300000)
 ParOldGen       total 136192K, used 16649K [0x0000000080000000, 0x0000000088500000, 0x00000000d5580000)
  object space 136192K, 12% used [0x0000000080000000,0x00000000810426f0,0x0000000088500000)
 Metaspace       used 46110K, capacity 48012K, committed 48168K, reserved 1091584K
  class space    used 6255K, capacity 6612K, committed 6704K, reserved 1048576K
}
Event: 4.602 GC heap before
{Heap before GC invocations=10 (full 2):
 PSYoungGen      total 234496K, used 146199K [0x00000000d5580000, 0x00000000ec300000, 0x0000000100000000)
  eden space 219136K, 59% used [0x00000000d5580000,0x00000000dd549c28,0x00000000e2b80000)
  from space 15360K, 99% used [0x00000000e2b80000,0x00000000e3a7c178,0x00000000e3a80000)
  to   space 18432K, 0% used [0x00000000eb100000,0x00000000eb100000,0x00000000ec300000)
 ParOldGen       total 136192K, used 16649K [0x0000000080000000, 0x0000000088500000, 0x00000000d5580000)
  object space 136192K, 12% used [0x0000000080000000,0x00000000810426f0,0x0000000088500000)
 Metaspace       used 56792K, capacity 59152K, committed 59160K, reserved 1099776K
  class space    used 7784K, capacity 8237K, committed 8240K, reserved 1048576K
Event: 4.615 GC heap after
Heap after GC invocations=10 (full 2):
 PSYoungGen      total 350720K, used 18427K [0x00000000d5580000, 0x00000000ec800000, 0x0000000100000000)
  eden space 332288K, 0% used [0x00000000d5580000,0x00000000d5580000,0x00000000e9a00000)
  from space 18432K, 99% used [0x00000000eb100000,0x00000000ec2fef28,0x00000000ec300000)
  to   space 23552K, 0% used [0x00000000e9a00000,0x00000000e9a00000,0x00000000eb100000)
 ParOldGen       total 136192K, used 22538K [0x0000000080000000, 0x0000000088500000, 0x00000000d5580000)
  object space 136192K, 16% used [0x0000000080000000,0x0000000081602868,0x0000000088500000)
 Metaspace       used 56792K, capacity 59152K, committed 59160K, reserved 1099776K
  class space    used 7784K, capacity 8237K, committed 8240K, reserved 1048576K
}
Event: 4.615 GC heap before
{Heap before GC invocations=11 (full 3):
 PSYoungGen      total 350720K, used 18427K [0x00000000d5580000, 0x00000000ec800000, 0x0000000100000000)
  eden space 332288K, 0% used [0x00000000d5580000,0x00000000d5580000,0x00000000e9a00000)
  from space 18432K, 99% used [0x00000000eb100000,0x00000000ec2fef28,0x00000000ec300000)
  to   space 23552K, 0% used [0x00000000e9a00000,0x00000000e9a00000,0x00000000eb100000)
 ParOldGen       total 136192K, used 22538K [0x0000000080000000, 0x0000000088500000, 0x00000000d5580000)
  object space 136192K, 16% used [0x0000000080000000,0x0000000081602868,0x0000000088500000)
 Metaspace       used 56792K, capacity 59152K, committed 59160K, reserved 1099776K
  class space    used 7784K, capacity 8237K, committed 8240K, reserved 1048576K
Event: 4.753 GC heap after
Heap after GC invocations=11 (full 3):
 PSYoungGen      total 350720K, used 0K [0x00000000d5580000, 0x00000000ec800000, 0x0000000100000000)
  eden space 332288K, 0% used [0x00000000d5580000,0x00000000d5580000,0x00000000e9a00000)
  from space 18432K, 0% used [0x00000000eb100000,0x00000000eb100000,0x00000000ec300000)
  to   space 23552K, 0% used [0x00000000e9a00000,0x00000000e9a00000,0x00000000eb100000)
 ParOldGen       total 204800K, used 36055K [0x0000000080000000, 0x000000008c800000, 0x00000000d5580000)
  object space 204800K, 17% used [0x0000000080000000,0x0000000082335ca0,0x000000008c800000)
 Metaspace       used 56723K, capacity 58918K, committed 59160K, reserved 1099776K
  class space    used 7763K, capacity 8198K, committed 8240K, reserved 1048576K
}
Event: 6.291 GC heap before
{Heap before GC invocations=12 (full 3):
 PSYoungGen      total 350720K, used 327940K [0x00000000d5580000, 0x00000000ec800000, 0x0000000100000000)
  eden space 332288K, 98% used [0x00000000d5580000,0x00000000e95c1000,0x00000000e9a00000)
  from space 18432K, 0% used [0x00000000eb100000,0x00000000eb100000,0x00000000ec300000)
  to   space 23552K, 0% used [0x00000000e9a00000,0x00000000e9a00000,0x00000000eb100000)
 ParOldGen       total 204800K, used 36055K [0x0000000080000000, 0x000000008c800000, 0x00000000d5580000)
  object space 204800K, 17% used [0x0000000080000000,0x0000000082335ca0,0x000000008c800000)
 Metaspace       used 66721K, capacity 70350K, committed 70680K, reserved 1110016K
  class space    used 9254K, capacity 9916K, committed 10032K, reserved 1048576K
Event: 6.311 GC heap after
Heap after GC invocations=12 (full 3):
 PSYoungGen      total 355840K, used 23550K [0x00000000d5580000, 0x00000000f1d80000, 0x0000000100000000)
  eden space 332288K, 0% used [0x00000000d5580000,0x00000000d5580000,0x00000000e9a00000)
  from space 23552K, 99% used [0x00000000e9a00000,0x00000000eb0ffa80,0x00000000eb100000)
  to   space 33280K, 0% used [0x00000000efd00000,0x00000000efd00000,0x00000000f1d80000)
 ParOldGen       total 204800K, used 51852K [0x0000000080000000, 0x000000008c800000, 0x00000000d5580000)
  object space 204800K, 25% used [0x0000000080000000,0x00000000832a3380,0x000000008c800000)
 Metaspace       used 66721K, capacity 70350K, committed 70680K, reserved 1110016K
  class space    used 9254K, capacity 9916K, committed 10032K, reserved 1048576K
}
Event: 7.991 GC heap before
{Heap before GC invocations=13 (full 3):
 PSYoungGen      total 355840K, used 355838K [0x00000000d5580000, 0x00000000f1d80000, 0x0000000100000000)
  eden space 332288K, 100% used [0x00000000d5580000,0x00000000e9a00000,0x00000000e9a00000)
  from space 23552K, 99% used [0x00000000e9a00000,0x00000000eb0ffa80,0x00000000eb100000)
  to   space 33280K, 0% used [0x00000000efd00000,0x00000000efd00000,0x00000000f1d80000)
 ParOldGen       total 204800K, used 51852K [0x0000000080000000, 0x000000008c800000, 0x00000000d5580000)
  object space 204800K, 25% used [0x0000000080000000,0x00000000832a3380,0x000000008c800000)
 Metaspace       used 71673K, capacity 76262K, committed 76440K, reserved 1114112K
  class space    used 10048K, capacity 10856K, committed 10928K, reserved 1048576K

Deoptimization events (10 events):
Event: 7.665 Thread 0x00000000213f3800 Uncommon trap: reason=unstable_if action=reinterpret pc=0x0000000003d46f18 method=com.android.tools.r8.utils.q1.a()Z @ 4
Event: 7.665 Thread 0x00000000213f3800 Uncommon trap: reason=unstable_if action=reinterpret pc=0x0000000004c7c83c method=com.android.tools.r8.q.a.a.b.O0.hasNext()Z @ 52
Event: 7.692 Thread 0x00000000213f3800 Uncommon trap: reason=unstable_if action=reinterpret pc=0x0000000004ca8820 method=com.android.tools.r8.utils.T.a(Ljava/lang/String;Lcom/android/tools/r8/naming/b;)Ljava/lang/String; @ 9
Event: 7.742 Thread 0x00000000213f3800 Uncommon trap: reason=unstable_if action=reinterpret pc=0x0000000004334d1c method=java.util.TimSort.gallopRight(Ljava/lang/Object;[Ljava/lang/Object;IIILjava/util/Comparator;)I @ 202
Event: 7.742 Thread 0x00000000213f3800 Uncommon trap: reason=unstable_if action=reinterpret pc=0x0000000004333fa4 method=java.util.TimSort.gallopLeft(Ljava/lang/Object;[Ljava/lang/Object;IIILjava/util/Comparator;)I @ 198
Event: 7.742 Thread 0x00000000213f3800 Uncommon trap: reason=unstable_if action=reinterpret pc=0x0000000003dfa22c method=java.util.TimSort.mergeLo(IIII)V @ 87
Event: 7.742 Thread 0x00000000213f3800 Uncommon trap: reason=unstable_if action=reinterpret pc=0x00000000043752bc method=java.util.TimSort.mergeAt(I)V @ 268
Event: 7.742 Thread 0x00000000213f3800 Uncommon trap: reason=unstable_if action=reinterpret pc=0x00000000034053d4 method=java.util.TimSort.mergeHi(IIII)V @ 131
Event: 7.804 Thread 0x00000000213f3800 Uncommon trap: reason=unstable_if action=reinterpret pc=0x00000000048040ec method=com.android.tools.r8.graph.G.b()Lcom/android/tools/r8/graph/N; @ 4
Event: 7.859 Thread 0x00000000213f3800 Uncommon trap: reason=unstable_if action=reinterpret pc=0x00000000049c69f8 method=com.android.tools.r8.t.a.a.a.h.V0.a(Ljava/lang/Object;I)I @ 98

Classes redefined (0 events):
No events

Internal exceptions (10 events):
Event: 6.533 Thread 0x00000000213e9800 Implicit null exception at 0x0000000003bed86f to 0x0000000003bed961
Event: 6.533 Thread 0x00000000213ee000 Implicit null exception at 0x0000000003bed86f to 0x0000000003bed961
Event: 6.533 Thread 0x00000000213ea800 Implicit null exception at 0x0000000003bed86f to 0x0000000003bed961
Event: 6.533 Thread 0x00000000213ed800 Implicit null exception at 0x0000000003bed86f to 0x0000000003bed961
Event: 6.533 Thread 0x00000000213ef800 Implicit null exception at 0x0000000003bed86f to 0x0000000003bed961
Event: 6.533 Thread 0x00000000213eb000 Implicit null exception at 0x0000000003bed86f to 0x0000000003bed961
Event: 6.876 Thread 0x000000001daa5800 Exception <a 'java/lang/IncompatibleClassChangeError': Found class java.lang.Object, but interface was expected> (0x00000000dd8515d0) thrown at [C:\src\AOSP-openjdk-git\hotspot\src\share\vm\interpreter\linkResolver.cpp, line 653]
Event: 7.557 Thread 0x00000000213f3800 Implicit null exception at 0x0000000004a115cf to 0x0000000004a11731
Event: 7.565 Thread 0x00000000213f3800 Implicit null exception at 0x00000000049fd48b to 0x00000000049fd721
Event: 7.665 Thread 0x00000000213f3800 Implicit null exception at 0x0000000004c7c1b9 to 0x0000000004c7c831

Events (10 events):
Event: 7.961 loading class com/android/tools/r8/graph/W done
Event: 7.961 loading class com/android/tools/r8/graph/W
Event: 7.961 loading class com/android/tools/r8/graph/W done
Event: 7.961 loading class com/android/tools/r8/dex/r
Event: 7.961 loading class com/android/tools/r8/dex/r done
Event: 7.963 loading class com/android/tools/r8/graph/Z0
Event: 7.963 loading class com/android/tools/r8/graph/Z0 done
Event: 7.963 loading class com/android/tools/r8/graph/Z0
Event: 7.963 loading class com/android/tools/r8/graph/Z0 done
Event: 7.990 Executing VM operation: ParallelGCFailedAllocation


Dynamic libraries:
0x00007ff79bb90000 - 0x00007ff79bbc1000 	D:\Android\jre\bin\java.exe
0x00007ffed0f50000 - 0x00007ffed1146000 	C:\WINDOWS\SYSTEM32\ntdll.dll
0x00007ffed0310000 - 0x00007ffed03cd000 	C:\WINDOWS\System32\KERNEL32.DLL
0x00007ffeceb10000 - 0x00007ffecedd9000 	C:\WINDOWS\System32\KERNELBASE.dll
0x00007ffecf150000 - 0x00007ffecf1fc000 	C:\WINDOWS\System32\ADVAPI32.dll
0x00007ffecf430000 - 0x00007ffecf4ce000 	C:\WINDOWS\System32\msvcrt.dll
0x00007ffed0e70000 - 0x00007ffed0f0c000 	C:\WINDOWS\System32\sechost.dll
0x00007ffed01e0000 - 0x00007ffed030b000 	C:\WINDOWS\System32\RPCRT4.dll
0x00007ffecf200000 - 0x00007ffecf3a0000 	C:\WINDOWS\System32\USER32.dll
0x00007ffece690000 - 0x00007ffece6b2000 	C:\WINDOWS\System32\win32u.dll
0x00007ffed0e40000 - 0x00007ffed0e6a000 	C:\WINDOWS\System32\GDI32.dll
0x00007ffecea00000 - 0x00007ffeceb0b000 	C:\WINDOWS\System32\gdi32full.dll
0x00007ffecede0000 - 0x00007ffecee7d000 	C:\WINDOWS\System32\msvcp_win.dll
0x00007ffecee80000 - 0x00007ffecef80000 	C:\WINDOWS\System32\ucrtbase.dll
0x00007ffecdaa0000 - 0x00007ffecdd3b000 	C:\WINDOWS\WinSxS\amd64_microsoft.windows.common-controls_6595b64144ccf1df_6.0.19041.746_none_ca02b4b61b8320a4\COMCTL32.dll
0x00007ffecefb0000 - 0x00007ffecefe0000 	C:\WINDOWS\System32\IMM32.DLL
0x000000005d010000 - 0x000000005d0e2000 	D:\Android\jre\jre\bin\msvcr100.dll
0x000000005b260000 - 0x000000005baab000 	D:\Android\jre\jre\bin\server\jvm.dll
0x00007ffecf420000 - 0x00007ffecf428000 	C:\WINDOWS\System32\PSAPI.DLL
0x00007ffec9260000 - 0x00007ffec9269000 	C:\WINDOWS\SYSTEM32\WSOCK32.dll
0x00007ffec6740000 - 0x00007ffec674a000 	C:\WINDOWS\SYSTEM32\VERSION.dll
0x00007ffeb14d0000 - 0x00007ffeb14f7000 	C:\WINDOWS\SYSTEM32\WINMM.dll
0x00007ffed0b40000 - 0x00007ffed0bab000 	C:\WINDOWS\System32\WS2_32.dll
0x00007ffec9250000 - 0x00007ffec925f000 	D:\Android\jre\jre\bin\verify.dll
0x00007ffec9220000 - 0x00007ffec9249000 	D:\Android\jre\jre\bin\java.dll
0x00007ffec9170000 - 0x00007ffec9186000 	D:\Android\jre\jre\bin\zip.dll
0x00007ffecf730000 - 0x00007ffecfe72000 	C:\WINDOWS\System32\SHELL32.dll
0x00007ffecb940000 - 0x00007ffecc0d0000 	C:\WINDOWS\SYSTEM32\windows.storage.dll
0x00007ffecfe80000 - 0x00007ffed01d6000 	C:\WINDOWS\System32\combase.dll
0x00007ffecda00000 - 0x00007ffecda2c000 	C:\WINDOWS\SYSTEM32\Wldp.dll
0x00007ffed0d90000 - 0x00007ffed0e3e000 	C:\WINDOWS\System32\SHCORE.dll
0x00007ffecefe0000 - 0x00007ffecf035000 	C:\WINDOWS\System32\shlwapi.dll
0x00007ffece5c0000 - 0x00007ffece5e6000 	C:\WINDOWS\SYSTEM32\profapi.dll
0x00007ffec8590000 - 0x00007ffec85aa000 	D:\Android\jre\jre\bin\net.dll
0x00007ffecd770000 - 0x00007ffecd7da000 	C:\WINDOWS\system32\mswsock.dll
0x00007ffec81a0000 - 0x00007ffec81b3000 	D:\Android\jre\jre\bin\nio.dll
0x00007ffea7dc0000 - 0x00007ffea7de7000 	C:\Users\Alex\.gradle\native\f6784746aeab05261644944871eae4fe03e0ef1612fff0a4a95f87b438bc6780\windows-amd64\native-platform.dll
0x00007ffec9210000 - 0x00007ffec921d000 	D:\Android\jre\jre\bin\management.dll
0x00007ffece410000 - 0x00007ffece428000 	C:\WINDOWS\SYSTEM32\CRYPTSP.dll
0x00007ffecd140000 - 0x00007ffecd174000 	C:\WINDOWS\system32\rsaenh.dll
0x00007ffecef80000 - 0x00007ffecefa7000 	C:\WINDOWS\System32\bcrypt.dll
0x00007ffece580000 - 0x00007ffece5ae000 	C:\WINDOWS\SYSTEM32\USERENV.dll
0x00007ffece820000 - 0x00007ffece8a0000 	C:\WINDOWS\System32\bcryptprimitives.dll
0x00007ffecd9f0000 - 0x00007ffecd9fc000 	C:\WINDOWS\SYSTEM32\CRYPTBASE.dll
0x00007ffecd470000 - 0x00007ffecd4ab000 	C:\WINDOWS\SYSTEM32\IPHLPAPI.DLL
0x00007ffed0cf0000 - 0x00007ffed0cf8000 	C:\WINDOWS\System32\NSI.dll
0x00007ffecb280000 - 0x00007ffecb297000 	C:\WINDOWS\SYSTEM32\dhcpcsvc6.DLL
0x00007ffecb260000 - 0x00007ffecb27d000 	C:\WINDOWS\SYSTEM32\dhcpcsvc.DLL
0x00007ffecd4b0000 - 0x00007ffecd57b000 	C:\WINDOWS\SYSTEM32\DNSAPI.dll
0x00007ffec6430000 - 0x00007ffec643b000 	C:\WINDOWS\SYSTEM32\WINNSI.DLL
0x00007ffece0b0000 - 0x00007ffece294000 	C:\WINDOWS\SYSTEM32\dbghelp.dll

VM Arguments:
jvm_args: -Xmx2048m -Dfile.encoding=UTF-8 -Duser.country=RU -Duser.language=ru -Duser.variant 
java_command: org.gradle.launcher.daemon.bootstrap.GradleDaemon 6.5
java_class_path (initial): C:\Users\Alex\.gradle\wrapper\dists\gradle-6.5-all\2oz4ud9k3tuxjg84bbf55q0tn\gradle-6.5\lib\gradle-launcher-6.5.jar
Launcher Type: SUN_STANDARD

Environment Variables:
PATH=C:\Windows\system32;C:\Windows;C:\Windows\System32\Wbem;C:\Windows\System32\WindowsPowerShell\v1.0\;C:\Windows\System32\OpenSSH\;C:\Program Files (x86)\NVIDIA Corporation\PhysX\Common;C:\Program Files\dotnet\;C:\Program Files\Microsoft SQL Server\130\Tools\Binn\;C:\Program Files\Microsoft SQL Server\Client SDK\ODBC\170\Tools\Binn\;C:\Program Files\NVIDIA Corporation\NVIDIA NvDLISR;C:\WINDOWS\system32;C:\WINDOWS;C:\WINDOWS\System32\Wbem;C:\WINDOWS\System32\WindowsPowerShell\v1.0\;C:\WINDOWS\System32\OpenSSH\;C:\Program Files\Git\cmd;C:\Program Files\Git\mingw64\bin;C:\Program Files\Git\usr\bin;C:\Python39\Scripts\;C:\Python39\;C:\Users\Alex\AppData\Local\Microsoft\WindowsApps;;C:\Program Files\JetBrains\IntelliJ IDEA Community Edition 2020.3.1\bin;;C:\Users\Alex\.dotnet\tools
USERNAME=Alex
OS=Windows_NT
PROCESSOR_IDENTIFIER=Intel64 Family 6 Model 158 Stepping 10, GenuineIntel



---------------  S Y S T E M  ---------------

OS: Windows 10.0 , 64 bit Build 19041 (10.0.19041.804)

CPU:total 12 (initial active 12) (6 cores per cpu, 2 threads per core) family 6 model 158 stepping 10, cmov, cx8, fxsr, mmx, sse, sse2, sse3, ssse3, sse4.1, sse4.2, popcnt, avx, avx2, aes, clmul, erms, 3dnowpref, lzcnt, ht, tsc, tscinvbit, bmi1, bmi2, adx

Memory: 4k page, physical 16622900k(7745364k free), swap 19113268k(6868880k free)

vm_info: OpenJDK 64-Bit Server VM (25.242-b01) for windows-amd64 JRE (1.8.0_242-release-1644-b01), built by "builder" with MS VC++ 10.0 (VS2010)

time: Mon Mar 08 02:19:07 2021
timezone: RTZ 2 (зима)
elapsed time: 8 seconds (0d 0h 0m 8s)

