#
# A fatal error has been detected by the Java Runtime Environment:
#
#  EXCEPTION_ACCESS_VIOLATION (0xc0000005) at pc=0x000000005edb5000, pid=16644, tid=0x0000000000001204
#
# JRE version: OpenJDK Runtime Environment (8.0_242-b01) (build 1.8.0_242-release-1644-b01)
# Java VM: OpenJDK 64-Bit Server VM (25.242-b01 mixed mode windows-amd64 compressed oops)
# Problematic frame:
# V  [jvm.dll+0x105000]
#
# Failed to write core dump. Minidumps are not enabled by default on client versions of Windows
#
# If you would like to submit a bug report, please visit:
#   
#

---------------  T H R E A D  ---------------

Current thread (0x000000001cd75000):  JavaThread "Daemon worker" [_thread_in_vm, id=4612, stack(0x000000001e8c0000,0x000000001e9c0000)]

siginfo: ExceptionCode=0xc0000005, reading address 0x0000000000000008

Registers:
RAX=0x000000001e9b8030, RBX=0x0000000000000000, RCX=0x0000000000000000, RDX=0x00000000ffffffff
RSP=0x000000001e9b7f58, RBP=0x000000001e9b8060, RSI=0x000000001e9b8030, RDI=0x0000000000000000
R8 =0x000000001e9b8df0, R9 =0x000000001e9b86c8, R10=0x0000000003146370, R11=0x000000001cd75000
R12=0x0000000000000000, R13=0x000000001cd75000, R14=0x00000000ffffffff, R15=0x000000001cd75000
RIP=0x000000005edb5000, EFLAGS=0x0000000000010206

Top of Stack: (sp=0x000000001e9b7f58)
0x000000001e9b7f58:   000000005eeb9cdb 0000000020db85e0
0x000000001e9b7f68:   0000000020db85e0 000000001e9b8060
0x000000001e9b7f78:   00000000173b03a8 00000000000000b6
0x000000001e9b7f88:   000000001cd75000 000000001e9b87a0
0x000000001e9b7f98:   00000000173bb5b0 000000001cd75000
0x000000001e9b7fa8:   000000000000001a 00000000173b1de5
0x000000001e9b7fb8:   00000001000000b6 00000000173b1e98
0x000000001e9b7fc8:   000000001cd75000 0000000000000000
0x000000001e9b7fd8:   0000000000000000 000000001e9b86c8
0x000000001e9b7fe8:   00000000173b03a8 000000001cd75000
0x000000001e9b7ff8:   000000001e9b8750 000000001e9b9510
0x000000001e9b8008:   0000000002b25f5e 0000000002b25e90
0x000000001e9b8018:   0000000000000000 0000000000000000
0x000000001e9b8028:   000000001e9b9510 0000000000000000
0x000000001e9b8038:   0000000000000000 000000001e9b97d0
0x000000001e9b8048:   0000000003145c04 0000000003144610 

Instructions: (pc=0x000000005edb5000)
0x000000005edb4fe0:   48 3b c2 77 f3 41 0f b7 40 20 4a 8d 4c 00 30 48
0x000000005edb4ff0:   3b d1 73 e4 41 2b d0 8d 42 d0 c3 33 c0 c3 cc cc
0x000000005edb5000:   48 8b 41 08 48 63 d2 48 8d 44 10 30 c3 cc cc cc
0x000000005edb5010:   48 8b 41 08 48 8b 48 08 48 8b 41 18 48 8b 40 10 


Register to memory mapping:

RAX=0x000000001e9b8030 is pointing into the stack for thread: 0x000000001cd75000
RBX=0x0000000000000000 is an unknown value
RCX=0x0000000000000000 is an unknown value
RDX=0x00000000ffffffff is an unallocated location in the heap
RSP=0x000000001e9b7f58 is pointing into the stack for thread: 0x000000001cd75000
RBP=0x000000001e9b8060 is pointing into the stack for thread: 0x000000001cd75000
RSI=0x000000001e9b8030 is pointing into the stack for thread: 0x000000001cd75000
RDI=0x0000000000000000 is an unknown value
R8 =0x000000001e9b8df0 is pointing into the stack for thread: 0x000000001cd75000
R9 =0x000000001e9b86c8 is pointing into the stack for thread: 0x000000001cd75000
R10=0x0000000003146370 is at entry_point+6672 in (nmethod*)0x0000000003144610
R11=0x000000001cd75000 is a thread
R12=0x0000000000000000 is an unknown value
R13=0x000000001cd75000 is a thread
R14=0x00000000ffffffff is an unallocated location in the heap
R15=0x000000001cd75000 is a thread


Stack: [0x000000001e8c0000,0x000000001e9c0000],  sp=0x000000001e9b7f58,  free space=991k
Native frames: (J=compiled Java code, j=interpreted, Vv=VM code, C=native code)
V  [jvm.dll+0x105000]

Java frames: (J=compiled Java code, j=interpreted, Vv=VM code)
v  ~RuntimeStub::resolve_static_call
J 1828 C1 java.lang.invoke.DirectMethodHandle.make(BLjava/lang/Class;Ljava/lang/invoke/MemberName;)Ljava/lang/invoke/DirectMethodHandle; (242 bytes) @ 0x0000000003145c2c [0x0000000003144960+0x12cc]
j  java.lang.invoke.MethodHandles$Lookup.getDirectMethodCommon(BLjava/lang/Class;Ljava/lang/invoke/MemberName;ZZLjava/lang/Class;)Ljava/lang/invoke/MethodHandle;+201
j  java.lang.invoke.MethodHandles$Lookup.getDirectMethodNoSecurityManager(BLjava/lang/Class;Ljava/lang/invoke/MemberName;Ljava/lang/Class;)Ljava/lang/invoke/MethodHandle;+8
j  java.lang.invoke.MethodHandles$Lookup.getDirectMethodForConstant(BLjava/lang/Class;Ljava/lang/invoke/MemberName;)Ljava/lang/invoke/MethodHandle;+30
j  java.lang.invoke.MethodHandles$Lookup.linkMethodHandleConstant(BLjava/lang/Class;Ljava/lang/String;Ljava/lang/Object;)Ljava/lang/invoke/MethodHandle;+115
j  java.lang.invoke.MethodHandleNatives.linkMethodHandleConstant(Ljava/lang/Class;ILjava/lang/Class;Ljava/lang/String;Ljava/lang/Object;)Ljava/lang/invoke/MethodHandle;+38
v  ~StubRoutines::call_stub
j  org.gradle.internal.resource.local.ivy.LocallyAvailableResourceFinderFactory.buildRootCachesDirectories(Lorg/gradle/api/internal/artifacts/ivyservice/ArtifactCachesProvider;)Ljava/util/List;+14
j  org.gradle.internal.resource.local.ivy.LocallyAvailableResourceFinderFactory.<init>(Lorg/gradle/api/internal/artifacts/ivyservice/ArtifactCachesProvider;Lorg/gradle/api/internal/artifacts/mvnsettings/LocalMavenRepositoryLocator;Lorg/gradle/internal/resource/local/FileStoreSearcher;Lorg/gradle/internal/hash/ChecksumService;)V+7
j  org.gradle.api.internal.artifacts.DependencyManagementBuildScopeServices.createArtifactRevisionIdLocallyAvailableResourceFinder(Lorg/gradle/api/internal/artifacts/ivyservice/ArtifactCachesProvider;Lorg/gradle/api/internal/artifacts/mvnsettings/LocalMavenRepositoryLocator;Lorg/gradle/api/internal/artifacts/ivyservice/modulecache/FileStoreAndIndexProvider;Lorg/gradle/internal/hash/ChecksumService;)Lorg/gradle/internal/resource/local/LocallyAvailableResourceFinder;+12
v  ~StubRoutines::call_stub
J 1724  sun.reflect.NativeMethodAccessorImpl.invoke0(Ljava/lang/reflect/Method;Ljava/lang/Object;[Ljava/lang/Object;)Ljava/lang/Object; (0 bytes) @ 0x00000000030ad6bf [0x00000000030ad640+0x7f]
J 1723 C1 sun.reflect.NativeMethodAccessorImpl.invoke(Ljava/lang/Object;[Ljava/lang/Object;)Ljava/lang/Object; (104 bytes) @ 0x00000000030aece4 [0x00000000030adb40+0x11a4]
J 1210 C1 sun.reflect.DelegatingMethodAccessorImpl.invoke(Ljava/lang/Object;[Ljava/lang/Object;)Ljava/lang/Object; (10 bytes) @ 0x0000000002f3f784 [0x0000000002f3f680+0x104]
J 1209 C1 java.lang.reflect.Method.invoke(Ljava/lang/Object;[Ljava/lang/Object;)Ljava/lang/Object; (62 bytes) @ 0x0000000002f3ff2c [0x0000000002f3fb40+0x3ec]
J 1777 C1 org.gradle.internal.reflect.JavaMethod.invoke(Ljava/lang/Object;[Ljava/lang/Object;)Ljava/lang/Object; (74 bytes) @ 0x00000000030fadbc [0x00000000030faca0+0x11c]
j  org.gradle.internal.service.ReflectionBasedServiceMethod.invoke(Ljava/lang/Object;[Ljava/lang/Object;)Ljava/lang/Object;+6
J 1792 C1 org.gradle.internal.service.DefaultServiceRegistry$FactoryMethodService.invokeMethod([Ljava/lang/Object;)Ljava/lang/Object; (151 bytes) @ 0x00000000031046fc [0x00000000031045e0+0x11c]
J 1775 C1 org.gradle.internal.service.DefaultServiceRegistry$FactoryService.create()Ljava/lang/Object; (18 bytes) @ 0x00000000030fa7b4 [0x00000000030fa680+0x134]
J 1412 C1 org.gradle.internal.service.DefaultServiceRegistry$ManagedObjectServiceProvider.getInstance()Ljava/lang/Object; (81 bytes) @ 0x0000000002fb2acc [0x0000000002fb2880+0x24c]
J 1411 C1 org.gradle.internal.service.DefaultServiceRegistry$SingletonService.get()Ljava/lang/Object; (5 bytes) @ 0x0000000002fb04f4 [0x0000000002fb0400+0xf4]
J 1776 C1 org.gradle.internal.service.DefaultServiceRegistry$FactoryService.assembleParameters()[Ljava/lang/Object; (58 bytes) @ 0x00000000030f7e34 [0x00000000030f7c00+0x234]
J 1775 C1 org.gradle.internal.service.DefaultServiceRegistry$FactoryService.create()Ljava/lang/Object; (18 bytes) @ 0x00000000030fa704 [0x00000000030fa680+0x84]
J 1412 C1 org.gradle.internal.service.DefaultServiceRegistry$ManagedObjectServiceProvider.getInstance()Ljava/lang/Object; (81 bytes) @ 0x0000000002fb2acc [0x0000000002fb2880+0x24c]
J 1411 C1 org.gradle.internal.service.DefaultServiceRegistry$SingletonService.get()Ljava/lang/Object; (5 bytes) @ 0x0000000002fb04f4 [0x0000000002fb0400+0xf4]
J 1776 C1 org.gradle.internal.service.DefaultServiceRegistry$FactoryService.assembleParameters()[Ljava/lang/Object; (58 bytes) @ 0x00000000030f7e34 [0x00000000030f7c00+0x234]
J 1775 C1 org.gradle.internal.service.DefaultServiceRegistry$FactoryService.create()Ljava/lang/Object; (18 bytes) @ 0x00000000030fa704 [0x00000000030fa680+0x84]
J 1412 C1 org.gradle.internal.service.DefaultServiceRegistry$ManagedObjectServiceProvider.getInstance()Ljava/lang/Object; (81 bytes) @ 0x0000000002fb2acc [0x0000000002fb2880+0x24c]
J 1411 C1 org.gradle.internal.service.DefaultServiceRegistry$SingletonService.get()Ljava/lang/Object; (5 bytes) @ 0x0000000002fb04f4 [0x0000000002fb0400+0xf4]
J 1776 C1 org.gradle.internal.service.DefaultServiceRegistry$FactoryService.assembleParameters()[Ljava/lang/Object; (58 bytes) @ 0x00000000030f7e34 [0x00000000030f7c00+0x234]
J 1775 C1 org.gradle.internal.service.DefaultServiceRegistry$FactoryService.create()Ljava/lang/Object; (18 bytes) @ 0x00000000030fa704 [0x00000000030fa680+0x84]
J 1412 C1 org.gradle.internal.service.DefaultServiceRegistry$ManagedObjectServiceProvider.getInstance()Ljava/lang/Object; (81 bytes) @ 0x0000000002fb2acc [0x0000000002fb2880+0x24c]
J 1411 C1 org.gradle.internal.service.DefaultServiceRegistry$SingletonService.get()Ljava/lang/Object; (5 bytes) @ 0x0000000002fb04f4 [0x0000000002fb0400+0xf4]
J 1776 C1 org.gradle.internal.service.DefaultServiceRegistry$FactoryService.assembleParameters()[Ljava/lang/Object; (58 bytes) @ 0x00000000030f7e34 [0x00000000030f7c00+0x234]
J 1775 C1 org.gradle.internal.service.DefaultServiceRegistry$FactoryService.create()Ljava/lang/Object; (18 bytes) @ 0x00000000030fa704 [0x00000000030fa680+0x84]
J 1412 C1 org.gradle.internal.service.DefaultServiceRegistry$ManagedObjectServiceProvider.getInstance()Ljava/lang/Object; (81 bytes) @ 0x0000000002fb2acc [0x0000000002fb2880+0x24c]
J 1411 C1 org.gradle.internal.service.DefaultServiceRegistry$SingletonService.get()Ljava/lang/Object; (5 bytes) @ 0x0000000002fb04f4 [0x0000000002fb0400+0xf4]
J 1776 C1 org.gradle.internal.service.DefaultServiceRegistry$FactoryService.assembleParameters()[Ljava/lang/Object; (58 bytes) @ 0x00000000030f7e34 [0x00000000030f7c00+0x234]
J 1775 C1 org.gradle.internal.service.DefaultServiceRegistry$FactoryService.create()Ljava/lang/Object; (18 bytes) @ 0x00000000030fa704 [0x00000000030fa680+0x84]
J 1412 C1 org.gradle.internal.service.DefaultServiceRegistry$ManagedObjectServiceProvider.getInstance()Ljava/lang/Object; (81 bytes) @ 0x0000000002fb2acc [0x0000000002fb2880+0x24c]
J 1411 C1 org.gradle.internal.service.DefaultServiceRegistry$SingletonService.get()Ljava/lang/Object; (5 bytes) @ 0x0000000002fb04f4 [0x0000000002fb0400+0xf4]
j  org.gradle.internal.service.DefaultServiceRegistry.find(Ljava/lang/reflect/Type;)Ljava/lang/Object;+22
j  org.gradle.internal.service.DefaultServiceRegistry.get(Ljava/lang/reflect/Type;)Ljava/lang/Object;+2
j  org.gradle.internal.service.DefaultServiceRegistry.get(Ljava/lang/Class;)Ljava/lang/Object;+3
j  org.gradle.api.internal.artifacts.DefaultDependencyManagementServices$DefaultDependencyResolutionServices.getDependencyLockingHandler()Lorg/gradle/api/artifacts/dsl/DependencyLockingHandler;+6
j  org.gradle.api.internal.initialization.DefaultScriptHandler.<init>(Lorg/gradle/groovy/scripts/ScriptSource;Lorg/gradle/api/internal/artifacts/DependencyResolutionServices;Lorg/gradle/api/internal/initialization/ClassLoaderScope;Lorg/gradle/api/internal/initialization/ScriptClassPathResolver;Lorg/gradle/api/internal/model/NamedObjectInstantiator;)V+43
j  org.gradle.api.internal.initialization.DefaultScriptHandlerFactory.create(Lorg/gradle/groovy/scripts/ScriptSource;Lorg/gradle/api/internal/initialization/ClassLoaderScope;Lorg/gradle/api/internal/DomainObjectContext;)Lorg/gradle/api/internal/initialization/ScriptHandlerInternal;+44
j  org.gradle.api.internal.initialization.DefaultScriptHandlerFactory.create(Lorg/gradle/groovy/scripts/ScriptSource;Lorg/gradle/api/internal/initialization/ClassLoaderScope;)Lorg/gradle/api/internal/initialization/ScriptHandlerInternal;+6
j  org.gradle.initialization.SettingsFactory.createSettings(Lorg/gradle/api/internal/GradleInternal;Ljava/io/File;Lorg/gradle/groovy/scripts/ScriptSource;Ljava/util/Map;Lorg/gradle/StartParameter;Lorg/gradle/api/internal/initialization/ClassLoaderScope;)Lorg/gradle/api/internal/SettingsInternal;+18
j  org.gradle.initialization.ScriptEvaluatingSettingsProcessor.process(Lorg/gradle/api/internal/GradleInternal;Lorg/gradle/initialization/SettingsLocation;Lorg/gradle/api/internal/initialization/ClassLoaderScope;Lorg/gradle/StartParameter;)Lorg/gradle/api/internal/SettingsInternal;+59
j  org.gradle.initialization.SettingsEvaluatedCallbackFiringSettingsProcessor.process(Lorg/gradle/api/internal/GradleInternal;Lorg/gradle/initialization/SettingsLocation;Lorg/gradle/api/internal/initialization/ClassLoaderScope;Lorg/gradle/StartParameter;)Lorg/gradle/api/internal/SettingsInternal;+9
j  org.gradle.initialization.RootBuildCacheControllerSettingsProcessor.process(Lorg/gradle/api/internal/GradleInternal;Lorg/gradle/initialization/SettingsLocation;Lorg/gradle/api/internal/initialization/ClassLoaderScope;Lorg/gradle/StartParameter;)Lorg/gradle/api/internal/SettingsInternal;+9
j  org.gradle.initialization.BuildOperationSettingsProcessor$2.call(Lorg/gradle/internal/operations/BuildOperationContext;)Lorg/gradle/api/internal/SettingsInternal;+23
j  org.gradle.initialization.BuildOperationSettingsProcessor$2.call(Lorg/gradle/internal/operations/BuildOperationContext;)Ljava/lang/Object;+2
j  org.gradle.internal.operations.DefaultBuildOperationExecutor$CallableBuildOperationWorker.execute(Lorg/gradle/internal/operations/CallableBuildOperation;Lorg/gradle/internal/operations/BuildOperationContext;)V+3
j  org.gradle.internal.operations.DefaultBuildOperationExecutor$CallableBuildOperationWorker.execute(Lorg/gradle/internal/operations/BuildOperation;Lorg/gradle/internal/operations/BuildOperationContext;)V+6
j  org.gradle.internal.operations.DefaultBuildOperationExecutor$1.execute(Lorg/gradle/internal/operations/BuildOperationDescriptor;Lorg/gradle/internal/operations/DefaultBuildOperationExecutor$DefaultBuildOperationContext;Lorg/gradle/internal/operations/DefaultBuildOperationExecutor$BuildOperationExecutionListener;)Lorg/gradle/internal/operations/BuildOperation;+18
j  org.gradle.internal.operations.DefaultBuildOperationExecutor.execute(Lorg/gradle/internal/operations/BuildOperationDescriptor$Builder;Lorg/gradle/internal/operations/DefaultBuildOperationExecutor$BuildOperationState;Lorg/gradle/internal/operations/DefaultBuildOperationExecutor$BuildOperationExecution;)Lorg/gradle/internal/operations/BuildOperation;+105
j  org.gradle.internal.operations.DefaultBuildOperationExecutor.execute(Lorg/gradle/internal/operations/BuildOperation;Lorg/gradle/internal/operations/BuildOperationWorker;Lorg/gradle/internal/operations/DefaultBuildOperationExecutor$BuildOperationState;)V+22
j  org.gradle.internal.operations.DefaultBuildOperationExecutor.call(Lorg/gradle/internal/operations/CallableBuildOperation;)Ljava/lang/Object;+16
j  org.gradle.internal.operations.DelegatingBuildOperationExecutor.call(Lorg/gradle/internal/operations/CallableBuildOperation;)Ljava/lang/Object;+5
j  org.gradle.initialization.BuildOperationSettingsProcessor.process(Lorg/gradle/api/internal/GradleInternal;Lorg/gradle/initialization/SettingsLocation;Lorg/gradle/api/internal/initialization/ClassLoaderScope;Lorg/gradle/StartParameter;)Lorg/gradle/api/internal/SettingsInternal;+17
j  org.gradle.initialization.DefaultSettingsLoader.findSettingsAndLoadIfAppropriate(Lorg/gradle/api/internal/GradleInternal;Lorg/gradle/StartParameter;Lorg/gradle/initialization/SettingsLocation;Lorg/gradle/api/internal/initialization/ClassLoaderScope;)Lorg/gradle/api/internal/SettingsInternal;+9
j  org.gradle.initialization.DefaultSettingsLoader.findAndLoadSettings(Lorg/gradle/api/internal/GradleInternal;)Lorg/gradle/api/internal/SettingsInternal;+38
j  org.gradle.initialization.SettingsAttachingSettingsLoader.findAndLoadSettings(Lorg/gradle/api/internal/GradleInternal;)Lorg/gradle/api/internal/SettingsInternal;+5
j  org.gradle.internal.composite.CommandLineIncludedBuildSettingsLoader.findAndLoadSettings(Lorg/gradle/api/internal/GradleInternal;)Lorg/gradle/api/internal/SettingsInternal;+5
j  org.gradle.internal.composite.ChildBuildRegisteringSettingsLoader.findAndLoadSettings(Lorg/gradle/api/internal/GradleInternal;)Lorg/gradle/api/internal/SettingsInternal;+5
j  org.gradle.internal.composite.CompositeBuildSettingsLoader.findAndLoadSettings(Lorg/gradle/api/internal/GradleInternal;)Lorg/gradle/api/internal/SettingsInternal;+5
j  org.gradle.initialization.DefaultSettingsPreparer.prepareSettings(Lorg/gradle/api/internal/GradleInternal;)V+41
j  org.gradle.initialization.BuildOperatingFiringSettingsPreparer$LoadBuild.doLoadBuild()V+11
j  org.gradle.initialization.BuildOperatingFiringSettingsPreparer$LoadBuild.run(Lorg/gradle/internal/operations/BuildOperationContext;)V+1
j  org.gradle.internal.operations.DefaultBuildOperationExecutor$RunnableBuildOperationWorker.execute(Lorg/gradle/internal/operations/RunnableBuildOperation;Lorg/gradle/internal/operations/BuildOperationContext;)V+2
j  org.gradle.internal.operations.DefaultBuildOperationExecutor$RunnableBuildOperationWorker.execute(Lorg/gradle/internal/operations/BuildOperation;Lorg/gradle/internal/operations/BuildOperationContext;)V+6
j  org.gradle.internal.operations.DefaultBuildOperationExecutor$1.execute(Lorg/gradle/internal/operations/BuildOperationDescriptor;Lorg/gradle/internal/operations/DefaultBuildOperationExecutor$DefaultBuildOperationContext;Lorg/gradle/internal/operations/DefaultBuildOperationExecutor$BuildOperationExecutionListener;)Lorg/gradle/internal/operations/BuildOperation;+18
j  org.gradle.internal.operations.DefaultBuildOperationExecutor.execute(Lorg/gradle/internal/operations/BuildOperationDescriptor$Builder;Lorg/gradle/internal/operations/DefaultBuildOperationExecutor$BuildOperationState;Lorg/gradle/internal/operations/DefaultBuildOperationExecutor$BuildOperationExecution;)Lorg/gradle/internal/operations/BuildOperation;+105
j  org.gradle.internal.operations.DefaultBuildOperationExecutor.execute(Lorg/gradle/internal/operations/BuildOperation;Lorg/gradle/internal/operations/BuildOperationWorker;Lorg/gradle/internal/operations/DefaultBuildOperationExecutor$BuildOperationState;)V+22
j  org.gradle.internal.operations.DefaultBuildOperationExecutor.run(Lorg/gradle/internal/operations/RunnableBuildOperation;)V+10
j  org.gradle.internal.operations.DelegatingBuildOperationExecutor.run(Lorg/gradle/internal/operations/RunnableBuildOperation;)V+5
j  org.gradle.initialization.BuildOperatingFiringSettingsPreparer.prepareSettings(Lorg/gradle/api/internal/GradleInternal;)V+13
j  org.gradle.initialization.DefaultGradleLauncher.prepareSettings()V+28
j  org.gradle.initialization.DefaultGradleLauncher.doClassicBuildStages(Lorg/gradle/initialization/DefaultGradleLauncher$Stage;)V+17
j  org.gradle.initialization.DefaultGradleLauncher.doBuildStages(Lorg/gradle/initialization/DefaultGradleLauncher$Stage;)V+45
j  org.gradle.initialization.DefaultGradleLauncher.executeTasks()Lorg/gradle/api/internal/GradleInternal;+4
j  org.gradle.internal.invocation.GradleBuildController$$Lambda$54.execute(Ljava/lang/Object;)V+4
j  org.gradle.internal.invocation.GradleBuildController$1.create()Lorg/gradle/api/internal/GradleInternal;+31
j  org.gradle.internal.invocation.GradleBuildController$1.create()Ljava/lang/Object;+1
j  org.gradle.internal.work.DefaultWorkerLeaseService.withLocks(Ljava/lang/Iterable;Lorg/gradle/internal/Factory;)Ljava/lang/Object;+26
j  org.gradle.internal.work.StopShieldingWorkerLeaseService.withLocks(Ljava/lang/Iterable;Lorg/gradle/internal/Factory;)Ljava/lang/Object;+6
j  org.gradle.internal.invocation.GradleBuildController.doBuild(Lorg/gradle/api/internal/GradleInternal$BuildType;Lorg/gradle/api/Action;)Lorg/gradle/api/internal/GradleInternal;+26
j  org.gradle.internal.invocation.GradleBuildController.run()Lorg/gradle/api/internal/GradleInternal;+9
j  org.gradle.tooling.internal.provider.runner.BuildModelActionRunner.run(Lorg/gradle/internal/invocation/BuildAction;Lorg/gradle/internal/invocation/BuildController;)Lorg/gradle/internal/invocation/BuildActionRunner$Result;+78
j  org.gradle.launcher.exec.ChainingBuildActionRunner.run(Lorg/gradle/internal/invocation/BuildAction;Lorg/gradle/internal/invocation/BuildController;)Lorg/gradle/internal/invocation/BuildActionRunner$Result;+34
j  org.gradle.launcher.exec.ChainingBuildActionRunner.run(Lorg/gradle/internal/invocation/BuildAction;Lorg/gradle/internal/invocation/BuildController;)Lorg/gradle/internal/invocation/BuildActionRunner$Result;+34
j  org.gradle.launcher.exec.BuildOutcomeReportingBuildActionRunner.run(Lorg/gradle/internal/invocation/BuildAction;Lorg/gradle/internal/invocation/BuildController;)Lorg/gradle/internal/invocation/BuildActionRunner$Result;+143
j  org.gradle.tooling.internal.provider.ValidatingBuildActionRunner.run(Lorg/gradle/internal/invocation/BuildAction;Lorg/gradle/internal/invocation/BuildController;)Lorg/gradle/internal/invocation/BuildActionRunner$Result;+6
j  org.gradle.launcher.exec.BuildCompletionNotifyingBuildActionRunner.run(Lorg/gradle/internal/invocation/BuildAction;Lorg/gradle/internal/invocation/BuildController;)Lorg/gradle/internal/invocation/BuildActionRunner$Result;+28
j  org.gradle.launcher.exec.RunAsBuildOperationBuildActionRunner$3.call(Lorg/gradle/internal/operations/BuildOperationContext;)Lorg/gradle/internal/invocation/BuildActionRunner$Result;+95
j  org.gradle.launcher.exec.RunAsBuildOperationBuildActionRunner$3.call(Lorg/gradle/internal/operations/BuildOperationContext;)Ljava/lang/Object;+2
j  org.gradle.internal.operations.DefaultBuildOperationExecutor$CallableBuildOperationWorker.execute(Lorg/gradle/internal/operations/CallableBuildOperation;Lorg/gradle/internal/operations/BuildOperationContext;)V+3
j  org.gradle.internal.operations.DefaultBuildOperationExecutor$CallableBuildOperationWorker.execute(Lorg/gradle/internal/operations/BuildOperation;Lorg/gradle/internal/operations/BuildOperationContext;)V+6
j  org.gradle.internal.operations.DefaultBuildOperationExecutor$1.execute(Lorg/gradle/internal/operations/BuildOperationDescriptor;Lorg/gradle/internal/operations/DefaultBuildOperationExecutor$DefaultBuildOperationContext;Lorg/gradle/internal/operations/DefaultBuildOperationExecutor$BuildOperationExecutionListener;)Lorg/gradle/internal/operations/BuildOperation;+18
j  org.gradle.internal.operations.DefaultBuildOperationExecutor.execute(Lorg/gradle/internal/operations/BuildOperationDescriptor$Builder;Lorg/gradle/internal/operations/DefaultBuildOperationExecutor$BuildOperationState;Lorg/gradle/internal/operations/DefaultBuildOperationExecutor$BuildOperationExecution;)Lorg/gradle/internal/operations/BuildOperation;+105
j  org.gradle.internal.operations.DefaultBuildOperationExecutor.execute(Lorg/gradle/internal/operations/BuildOperation;Lorg/gradle/internal/operations/BuildOperationWorker;Lorg/gradle/internal/operations/DefaultBuildOperationExecutor$BuildOperationState;)V+22
j  org.gradle.internal.operations.DefaultBuildOperationExecutor.call(Lorg/gradle/internal/operations/CallableBuildOperation;)Ljava/lang/Object;+16
j  org.gradle.internal.operations.DelegatingBuildOperationExecutor.call(Lorg/gradle/internal/operations/CallableBuildOperation;)Ljava/lang/Object;+5
j  org.gradle.launcher.exec.RunAsBuildOperationBuildActionRunner.run(Lorg/gradle/internal/invocation/BuildAction;Lorg/gradle/internal/invocation/BuildController;)Lorg/gradle/internal/invocation/BuildActionRunner$Result;+33
j  org.gradle.launcher.exec.InProcessBuildActionExecuter$1.transform(Lorg/gradle/internal/invocation/BuildController;)Lorg/gradle/launcher/exec/BuildActionResult;+12
j  org.gradle.launcher.exec.InProcessBuildActionExecuter$1.transform(Ljava/lang/Object;)Ljava/lang/Object;+5
j  org.gradle.composite.internal.DefaultRootBuildState.run(Lorg/gradle/api/Transformer;)Ljava/lang/Object;+43
j  org.gradle.launcher.exec.InProcessBuildActionExecuter.execute(Lorg/gradle/internal/invocation/BuildAction;Lorg/gradle/initialization/BuildRequestContext;Lorg/gradle/launcher/exec/BuildActionParameters;Lorg/gradle/internal/service/ServiceRegistry;)Lorg/gradle/launcher/exec/BuildActionResult;+82
j  org.gradle.launcher.exec.InProcessBuildActionExecuter.execute(Lorg/gradle/internal/invocation/BuildAction;Lorg/gradle/initialization/BuildRequestContext;Ljava/lang/Object;Lorg/gradle/internal/service/ServiceRegistry;)Lorg/gradle/launcher/exec/BuildActionResult;+9
j  org.gradle.launcher.exec.BuildTreeScopeBuildActionExecuter.execute(Lorg/gradle/internal/invocation/BuildAction;Lorg/gradle/initialization/BuildRequestContext;Lorg/gradle/launcher/exec/BuildActionParameters;Lorg/gradle/internal/service/ServiceRegistry;)Lorg/gradle/launcher/exec/BuildActionResult;+38
j  org.gradle.launcher.exec.BuildTreeScopeBuildActionExecuter.execute(Lorg/gradle/internal/invocation/BuildAction;Lorg/gradle/initialization/BuildRequestContext;Ljava/lang/Object;Lorg/gradle/internal/service/ServiceRegistry;)Lorg/gradle/launcher/exec/BuildActionResult;+9
j  org.gradle.tooling.internal.provider.ContinuousBuildActionExecuter.execute(Lorg/gradle/internal/invocation/BuildAction;Lorg/gradle/initialization/BuildRequestContext;Lorg/gradle/launcher/exec/BuildActionParameters;Lorg/gradle/internal/service/ServiceRegistry;)Lorg/gradle/launcher/exec/BuildActionResult;+58
j  org.gradle.tooling.internal.provider.ContinuousBuildActionExecuter.execute(Lorg/gradle/internal/invocation/BuildAction;Lorg/gradle/initialization/BuildRequestContext;Ljava/lang/Object;Lorg/gradle/internal/service/ServiceRegistry;)Lorg/gradle/launcher/exec/BuildActionResult;+9
j  org.gradle.tooling.internal.provider.SubscribableBuildActionExecuter.execute(Lorg/gradle/internal/invocation/BuildAction;Lorg/gradle/initialization/BuildRequestContext;Lorg/gradle/launcher/exec/BuildActionParameters;Lorg/gradle/internal/service/ServiceRegistry;)Lorg/gradle/launcher/exec/BuildActionResult;+41
j  org.gradle.tooling.internal.provider.SubscribableBuildActionExecuter.execute(Lorg/gradle/internal/invocation/BuildAction;Lorg/gradle/initialization/BuildRequestContext;Ljava/lang/Object;Lorg/gradle/internal/service/ServiceRegistry;)Lorg/gradle/launcher/exec/BuildActionResult;+9
j  org.gradle.tooling.internal.provider.SessionScopeBuildActionExecuter.execute(Lorg/gradle/internal/invocation/BuildAction;Lorg/gradle/initialization/BuildRequestContext;Lorg/gradle/launcher/exec/BuildActionParameters;Lorg/gradle/internal/service/ServiceRegistry;)Lorg/gradle/launcher/exec/BuildActionResult;+117
j  org.gradle.tooling.internal.provider.SessionScopeBuildActionExecuter.execute(Lorg/gradle/internal/invocation/BuildAction;Lorg/gradle/initialization/BuildRequestContext;Ljava/lang/Object;Lorg/gradle/internal/service/ServiceRegistry;)Lorg/gradle/launcher/exec/BuildActionResult;+9
j  org.gradle.tooling.internal.provider.GradleThreadBuildActionExecuter.execute(Lorg/gradle/internal/invocation/BuildAction;Lorg/gradle/initialization/BuildRequestContext;Lorg/gradle/launcher/exec/BuildActionParameters;Lorg/gradle/internal/service/ServiceRegistry;)Lorg/gradle/launcher/exec/BuildActionResult;+12
j  org.gradle.tooling.internal.provider.GradleThreadBuildActionExecuter.execute(Lorg/gradle/internal/invocation/BuildAction;Lorg/gradle/initialization/BuildRequestContext;Ljava/lang/Object;Lorg/gradle/internal/service/ServiceRegistry;)Lorg/gradle/launcher/exec/BuildActionResult;+9
j  org.gradle.tooling.internal.provider.StartParamsValidatingActionExecuter.execute(Lorg/gradle/internal/invocation/BuildAction;Lorg/gradle/initialization/BuildRequestContext;Lorg/gradle/launcher/exec/BuildActionParameters;Lorg/gradle/internal/service/ServiceRegistry;)Lorg/gradle/launcher/exec/BuildActionResult;+177
j  org.gradle.tooling.internal.provider.StartParamsValidatingActionExecuter.execute(Lorg/gradle/internal/invocation/BuildAction;Lorg/gradle/initialization/BuildRequestContext;Ljava/lang/Object;Lorg/gradle/internal/service/ServiceRegistry;)Lorg/gradle/launcher/exec/BuildActionResult;+9
j  org.gradle.tooling.internal.provider.SessionFailureReportingActionExecuter.execute(Lorg/gradle/internal/invocation/BuildAction;Lorg/gradle/initialization/BuildRequestContext;Lorg/gradle/launcher/exec/BuildActionParameters;Lorg/gradle/internal/service/ServiceRegistry;)Lorg/gradle/launcher/exec/BuildActionResult;+9
j  org.gradle.tooling.internal.provider.SessionFailureReportingActionExecuter.execute(Lorg/gradle/internal/invocation/BuildAction;Lorg/gradle/initialization/BuildRequestContext;Ljava/lang/Object;Lorg/gradle/internal/service/ServiceRegistry;)Lorg/gradle/launcher/exec/BuildActionResult;+9
j  org.gradle.tooling.internal.provider.SetupLoggingActionExecuter.execute(Lorg/gradle/internal/invocation/BuildAction;Lorg/gradle/initialization/BuildRequestContext;Lorg/gradle/launcher/exec/BuildActionParameters;Lorg/gradle/internal/service/ServiceRegistry;)Lorg/gradle/launcher/exec/BuildActionResult;+52
j  org.gradle.tooling.internal.provider.SetupLoggingActionExecuter.execute(Lorg/gradle/internal/invocation/BuildAction;Lorg/gradle/initialization/BuildRequestContext;Ljava/lang/Object;Lorg/gradle/internal/service/ServiceRegistry;)Lorg/gradle/launcher/exec/BuildActionResult;+9
j  org.gradle.launcher.daemon.server.exec.ExecuteBuild.doBuild(Lorg/gradle/launcher/daemon/server/api/DaemonCommandExecution;Lorg/gradle/launcher/daemon/protocol/Build;)V+118
j  org.gradle.launcher.daemon.server.exec.BuildCommandOnly.execute(Lorg/gradle/launcher/daemon/server/api/DaemonCommandExecution;)V+49
j  org.gradle.launcher.daemon.server.api.DaemonCommandExecution.proceed()Z+23
j  org.gradle.launcher.daemon.server.exec.WatchForDisconnection.execute(Lorg/gradle/launcher/daemon/server/api/DaemonCommandExecution;)V+19
j  org.gradle.launcher.daemon.server.api.DaemonCommandExecution.proceed()Z+23
j  org.gradle.launcher.daemon.server.exec.ResetDeprecationLogger.execute(Lorg/gradle/launcher/daemon/server/api/DaemonCommandExecution;)V+7
j  org.gradle.launcher.daemon.server.api.DaemonCommandExecution.proceed()Z+23
j  org.gradle.launcher.daemon.server.exec.RequestStopIfSingleUsedDaemon.execute(Lorg/gradle/launcher/daemon/server/api/DaemonCommandExecution;)V+33
j  org.gradle.launcher.daemon.server.api.DaemonCommandExecution.proceed()Z+23
j  org.gradle.launcher.daemon.server.exec.ForwardClientInput$2.create()Ljava/lang/Void;+4
j  org.gradle.launcher.daemon.server.exec.ForwardClientInput$2.create()Ljava/lang/Object;+1
j  org.gradle.util.Swapper.swap(Ljava/lang/Object;Lorg/gradle/internal/Factory;)Ljava/lang/Object;+21
j  org.gradle.launcher.daemon.server.exec.ForwardClientInput.execute(Lorg/gradle/launcher/daemon/server/api/DaemonCommandExecution;)V+63
j  org.gradle.launcher.daemon.server.api.DaemonCommandExecution.proceed()Z+23
j  org.gradle.launcher.daemon.server.exec.LogAndCheckHealth.execute(Lorg/gradle/launcher/daemon/server/api/DaemonCommandExecution;)V+28
j  org.gradle.launcher.daemon.server.api.DaemonCommandExecution.proceed()Z+23
j  org.gradle.launcher.daemon.server.exec.LogToClient.doBuild(Lorg/gradle/launcher/daemon/server/api/DaemonCommandExecution;Lorg/gradle/launcher/daemon/protocol/Build;)V+87
j  org.gradle.launcher.daemon.server.exec.BuildCommandOnly.execute(Lorg/gradle/launcher/daemon/server/api/DaemonCommandExecution;)V+49
j  org.gradle.launcher.daemon.server.api.DaemonCommandExecution.proceed()Z+23
j  org.gradle.launcher.daemon.server.exec.EstablishBuildEnvironment.doBuild(Lorg/gradle/launcher/daemon/server/api/DaemonCommandExecution;Lorg/gradle/launcher/daemon/protocol/Build;)V+351
j  org.gradle.launcher.daemon.server.exec.BuildCommandOnly.execute(Lorg/gradle/launcher/daemon/server/api/DaemonCommandExecution;)V+49
j  org.gradle.launcher.daemon.server.api.DaemonCommandExecution.proceed()Z+23
j  org.gradle.launcher.daemon.server.exec.StartBuildOrRespondWithBusy$1.run()V+44
j  org.gradle.launcher.daemon.server.DaemonStateCoordinator$1.run()V+4
j  org.gradle.internal.concurrent.ExecutorPolicy$CatchAndRecordFailures.onExecute(Ljava/lang/Runnable;)V+1
j  org.gradle.internal.concurrent.ManagedExecutorImpl$1.run()V+25
j  java.util.concurrent.ThreadPoolExecutor.runWorker(Ljava/util/concurrent/ThreadPoolExecutor$Worker;)V+95
j  java.util.concurrent.ThreadPoolExecutor$Worker.run()V+5
j  org.gradle.internal.concurrent.ThreadFactoryImpl$ManagedThreadRunnable.run()V+7
j  java.lang.Thread.run()V+11
v  ~StubRoutines::call_stub

---------------  P R O C E S S  ---------------

Java Threads: ( => current thread )
  0x000000001cd44000 JavaThread "Cache worker for cache directory md-supplier (C:\Users\Alex\.gradle\caches\6.5\md-supplier)" [_thread_blocked, id=1456, stack(0x00000000229c0000,0x0000000022ac0000)]
  0x000000001cd42800 JavaThread "Cache worker for checksums cache (D:\AndroidProjects\KursachGameShop2\.gradle\checksums)" [_thread_blocked, id=1284, stack(0x0000000021460000,0x0000000021560000)]
  0x000000001cd43000 JavaThread "Cache worker for file hash cache (D:\AndroidProjects\KursachGameShop2\.gradle\6.5\fileHashes)" [_thread_blocked, id=2944, stack(0x0000000021360000,0x0000000021460000)]
  0x000000001cd47000 JavaThread "Cache worker for file hash cache (C:\Users\Alex\.gradle\caches\6.5\fileHashes)" [_thread_blocked, id=13192, stack(0x000000001f0c0000,0x000000001f1c0000)]
  0x000000001cd41800 JavaThread "File lock request listener" [_thread_in_native, id=6304, stack(0x000000001efc0000,0x000000001f0c0000)]
  0x000000001cfa8000 JavaThread "Cache worker for journal cache (C:\Users\Alex\.gradle\caches\journal-1)" [_thread_blocked, id=16796, stack(0x000000001eec0000,0x000000001efc0000)]
  0x000000001cd8a000 JavaThread "Thread-9" [_thread_blocked, id=9372, stack(0x000000001ebc0000,0x000000001ecc0000)]
  0x000000001cd89000 JavaThread "Stdin handler" [_thread_blocked, id=16952, stack(0x000000001eac0000,0x000000001ebc0000)]
  0x000000001cd88800 JavaThread "Asynchronous log dispatcher for DefaultDaemonConnection: socket connection from /127.0.0.1:50775 to /127.0.0.1:50776" [_thread_blocked, id=12004, stack(0x000000001e9c0000,0x000000001eac0000)]
=>0x000000001cd75000 JavaThread "Daemon worker" [_thread_in_vm, id=4612, stack(0x000000001e8c0000,0x000000001e9c0000)]
  0x000000001cd00800 JavaThread "Cancel handler" [_thread_blocked, id=17292, stack(0x000000001e7c0000,0x000000001e8c0000)]
  0x000000001cc87000 JavaThread "Handler for socket connection from /127.0.0.1:50775 to /127.0.0.1:50776" [_thread_in_native, id=7152, stack(0x000000001e6c0000,0x000000001e7c0000)]
  0x000000001cc86800 JavaThread "Daemon" [_thread_blocked, id=6340, stack(0x000000001e3c0000,0x000000001e4c0000)]
  0x000000001cc48800 JavaThread "Daemon periodic checks" [_thread_blocked, id=16620, stack(0x000000001e2c0000,0x000000001e3c0000)]
  0x000000001cc52000 JavaThread "Incoming local TCP Connector on port 50775" [_thread_in_native, id=3396, stack(0x000000001e070000,0x000000001e170000)]
  0x000000001c78c800 JavaThread "Daemon health stats" [_thread_blocked, id=12080, stack(0x000000001da30000,0x000000001db30000)]
  0x00000000194c1800 JavaThread "Service Thread" daemon [_thread_blocked, id=16988, stack(0x000000001ae90000,0x000000001af90000)]
  0x0000000019446800 JavaThread "C1 CompilerThread3" daemon [_thread_blocked, id=12708, stack(0x000000001ad90000,0x000000001ae90000)]
  0x0000000019442800 JavaThread "C2 CompilerThread2" daemon [_thread_blocked, id=15208, stack(0x000000001ac90000,0x000000001ad90000)]
  0x0000000017d5c000 JavaThread "C2 CompilerThread1" daemon [_thread_blocked, id=16288, stack(0x000000001ab90000,0x000000001ac90000)]
  0x000000001943d000 JavaThread "C2 CompilerThread0" daemon [_thread_blocked, id=9800, stack(0x000000001aa90000,0x000000001ab90000)]
  0x000000001943b000 JavaThread "Attach Listener" daemon [_thread_blocked, id=5460, stack(0x000000001a990000,0x000000001aa90000)]
  0x000000001943a000 JavaThread "Signal Dispatcher" daemon [_thread_blocked, id=13308, stack(0x000000001a890000,0x000000001a990000)]
  0x0000000017d55000 JavaThread "Finalizer" daemon [_thread_blocked, id=16656, stack(0x000000001a680000,0x000000001a780000)]
  0x0000000019423000 JavaThread "Reference Handler" daemon [_thread_blocked, id=2284, stack(0x000000001a580000,0x000000001a680000)]
  0x000000000286d800 JavaThread "main" [_thread_blocked, id=15452, stack(0x00000000028e0000,0x00000000029e0000)]

Other Threads:
  0x0000000019402800 VMThread [stack: 0x000000001a480000,0x000000001a580000] [id=16236]
  0x00000000194c2800 WatcherThread [stack: 0x000000001af90000,0x000000001b090000] [id=16616]

VM state:not at safepoint (normal execution)

VM Mutex/Monitor currently owned by a thread: None

heap address: 0x0000000080000000, size: 2048 MB, Compressed Oops mode: 32-bit
Narrow klass base: 0x0000000000000000, Narrow klass shift: 3
Compressed class space size: 1073741824 Address: 0x0000000100000000

Heap:
 PSYoungGen      total 140800K, used 16405K [0x00000000d5580000, 0x00000000de980000, 0x0000000100000000)
  eden space 130048K, 12% used [0x00000000d5580000,0x00000000d6585420,0x00000000dd480000)
  from space 10752K, 0% used [0x00000000ddf00000,0x00000000ddf00000,0x00000000de980000)
  to   space 10752K, 0% used [0x00000000dd480000,0x00000000dd480000,0x00000000ddf00000)
 ParOldGen       total 91648K, used 7223K [0x0000000080000000, 0x0000000085980000, 0x00000000d5580000)
  object space 91648K, 7% used [0x0000000080000000,0x000000008070df68,0x0000000085980000)
 Metaspace       used 21420K, capacity 22154K, committed 22448K, reserved 1069056K
  class space    used 3022K, capacity 3205K, committed 3248K, reserved 1048576K

Card table byte_map: [0x0000000011ea0000,0x00000000122b0000] byte_map_base: 0x0000000011aa0000

Marking Bits: (ParMarkBitMap*) 0x000000005f47f030
 Begin Bits: [0x0000000012f60000, 0x0000000014f60000)
 End Bits:   [0x0000000014f60000, 0x0000000016f60000)

Polling page: 0x0000000000980000

CodeCache: size=245760Kb used=6558Kb max_used=6565Kb free=239201Kb
 bounds [0x0000000002ae0000, 0x0000000003150000, 0x0000000011ae0000]
 total_blobs=2256 nmethods=1830 adapters=339
 compilation: enabled

Compilation events (10 events):
Event: 1.976 Thread 0x0000000019446800 1829       3       java.lang.invoke.TypeConvertingMethodAdapter::descriptorToName (36 bytes)
Event: 1.976 Thread 0x0000000019446800 nmethod 1829 0x0000000003146f90 code [0x0000000003147140, 0x0000000003147868]
Event: 1.976 Thread 0x000000001943d000 1830       4       java.lang.String::<init> (100 bytes)
Event: 1.978 Thread 0x0000000019446800 1831       3       java.lang.invoke.InvokerBytecodeGenerator::emitReferenceCast (184 bytes)
Event: 1.979 Thread 0x0000000019446800 nmethod 1831 0x0000000003147b10 code [0x0000000003147da0, 0x0000000003148d88]
Event: 1.979 Thread 0x0000000019446800 1832       3       jdk.internal.org.objectweb.asm.MethodWriter::visitCode (1 bytes)
Event: 1.979 Thread 0x0000000019446800 nmethod 1832 0x000000000313b350 code [0x000000000313b4a0, 0x000000000313b5f0]
Event: 1.979 Thread 0x000000001943d000 nmethod 1830 0x000000000314c290 code [0x000000000314c3e0, 0x000000000314c6f8]
Event: 2.000 Thread 0x0000000019446800 1833       3       java.lang.invoke.MethodHandles$Lookup::checkSymbolicClass (42 bytes)
Event: 2.000 Thread 0x0000000019446800 nmethod 1833 0x000000000314b090 code [0x000000000314b2c0, 0x000000000314bd98]

GC Heap History (10 events):
Event: 0.722 GC heap before
{Heap before GC invocations=1 (full 0):
 PSYoungGen      total 75776K, used 65024K [0x00000000d5580000, 0x00000000daa00000, 0x0000000100000000)
  eden space 65024K, 100% used [0x00000000d5580000,0x00000000d9500000,0x00000000d9500000)
  from space 10752K, 0% used [0x00000000d9f80000,0x00000000d9f80000,0x00000000daa00000)
  to   space 10752K, 0% used [0x00000000d9500000,0x00000000d9500000,0x00000000d9f80000)
 ParOldGen       total 173568K, used 0K [0x0000000080000000, 0x000000008a980000, 0x00000000d5580000)
  object space 173568K, 0% used [0x0000000080000000,0x0000000080000000,0x000000008a980000)
 Metaspace       used 7739K, capacity 7976K, committed 8320K, reserved 1056768K
  class space    used 943K, capacity 1039K, committed 1152K, reserved 1048576K
Event: 0.727 GC heap after
Heap after GC invocations=1 (full 0):
 PSYoungGen      total 75776K, used 5742K [0x00000000d5580000, 0x00000000daa00000, 0x0000000100000000)
  eden space 65024K, 0% used [0x00000000d5580000,0x00000000d5580000,0x00000000d9500000)
  from space 10752K, 53% used [0x00000000d9500000,0x00000000d9a9b948,0x00000000d9f80000)
  to   space 10752K, 0% used [0x00000000d9f80000,0x00000000d9f80000,0x00000000daa00000)
 ParOldGen       total 173568K, used 16K [0x0000000080000000, 0x000000008a980000, 0x00000000d5580000)
  object space 173568K, 0% used [0x0000000080000000,0x0000000080004000,0x000000008a980000)
 Metaspace       used 7739K, capacity 7976K, committed 8320K, reserved 1056768K
  class space    used 943K, capacity 1039K, committed 1152K, reserved 1048576K
}
Event: 1.436 GC heap before
{Heap before GC invocations=2 (full 0):
 PSYoungGen      total 75776K, used 70766K [0x00000000d5580000, 0x00000000daa00000, 0x0000000100000000)
  eden space 65024K, 100% used [0x00000000d5580000,0x00000000d9500000,0x00000000d9500000)
  from space 10752K, 53% used [0x00000000d9500000,0x00000000d9a9b948,0x00000000d9f80000)
  to   space 10752K, 0% used [0x00000000d9f80000,0x00000000d9f80000,0x00000000daa00000)
 ParOldGen       total 173568K, used 16K [0x0000000080000000, 0x000000008a980000, 0x00000000d5580000)
  object space 173568K, 0% used [0x0000000080000000,0x0000000080004000,0x000000008a980000)
 Metaspace       used 14204K, capacity 14582K, committed 14720K, reserved 1062912K
  class space    used 1956K, capacity 2091K, committed 2176K, reserved 1048576K
Event: 1.442 GC heap after
Heap after GC invocations=2 (full 0):
 PSYoungGen      total 75776K, used 9035K [0x00000000d5580000, 0x00000000daa00000, 0x0000000100000000)
  eden space 65024K, 0% used [0x00000000d5580000,0x00000000d5580000,0x00000000d9500000)
  from space 10752K, 84% used [0x00000000d9f80000,0x00000000da852e68,0x00000000daa00000)
  to   space 10752K, 0% used [0x00000000d9500000,0x00000000d9500000,0x00000000d9f80000)
 ParOldGen       total 173568K, used 24K [0x0000000080000000, 0x000000008a980000, 0x00000000d5580000)
  object space 173568K, 0% used [0x0000000080000000,0x0000000080006000,0x000000008a980000)
 Metaspace       used 14204K, capacity 14582K, committed 14720K, reserved 1062912K
  class space    used 1956K, capacity 2091K, committed 2176K, reserved 1048576K
}
Event: 1.846 GC heap before
{Heap before GC invocations=3 (full 0):
 PSYoungGen      total 75776K, used 74059K [0x00000000d5580000, 0x00000000daa00000, 0x0000000100000000)
  eden space 65024K, 100% used [0x00000000d5580000,0x00000000d9500000,0x00000000d9500000)
  from space 10752K, 84% used [0x00000000d9f80000,0x00000000da852e68,0x00000000daa00000)
  to   space 10752K, 0% used [0x00000000d9500000,0x00000000d9500000,0x00000000d9f80000)
 ParOldGen       total 173568K, used 24K [0x0000000080000000, 0x000000008a980000, 0x00000000d5580000)
  object space 173568K, 0% used [0x0000000080000000,0x0000000080006000,0x000000008a980000)
 Metaspace       used 19996K, capacity 20686K, committed 20992K, reserved 1067008K
  class space    used 2784K, capacity 2983K, committed 3072K, reserved 1048576K
Event: 1.853 GC heap after
Heap after GC invocations=3 (full 0):
 PSYoungGen      total 75776K, used 10727K [0x00000000d5580000, 0x00000000de980000, 0x0000000100000000)
  eden space 65024K, 0% used [0x00000000d5580000,0x00000000d5580000,0x00000000d9500000)
  from space 10752K, 99% used [0x00000000d9500000,0x00000000d9f79f60,0x00000000d9f80000)
  to   space 10752K, 0% used [0x00000000ddf00000,0x00000000ddf00000,0x00000000de980000)
 ParOldGen       total 173568K, used 854K [0x0000000080000000, 0x000000008a980000, 0x00000000d5580000)
  object space 173568K, 0% used [0x0000000080000000,0x00000000800d5a18,0x000000008a980000)
 Metaspace       used 19996K, capacity 20686K, committed 20992K, reserved 1067008K
  class space    used 2784K, capacity 2983K, committed 3072K, reserved 1048576K
}
Event: 1.899 GC heap before
{Heap before GC invocations=4 (full 0):
 PSYoungGen      total 75776K, used 21550K [0x00000000d5580000, 0x00000000de980000, 0x0000000100000000)
  eden space 65024K, 16% used [0x00000000d5580000,0x00000000d6011c98,0x00000000d9500000)
  from space 10752K, 99% used [0x00000000d9500000,0x00000000d9f79f60,0x00000000d9f80000)
  to   space 10752K, 0% used [0x00000000ddf00000,0x00000000ddf00000,0x00000000de980000)
 ParOldGen       total 173568K, used 854K [0x0000000080000000, 0x000000008a980000, 0x00000000d5580000)
  object space 173568K, 0% used [0x0000000080000000,0x00000000800d5a18,0x000000008a980000)
 Metaspace       used 20588K, capacity 21236K, committed 21296K, reserved 1067008K
  class space    used 2878K, capacity 3080K, committed 3120K, reserved 1048576K
Event: 1.902 GC heap after
Heap after GC invocations=4 (full 0):
 PSYoungGen      total 140800K, used 7453K [0x00000000d5580000, 0x00000000de980000, 0x0000000100000000)
  eden space 130048K, 0% used [0x00000000d5580000,0x00000000d5580000,0x00000000dd480000)
  from space 10752K, 69% used [0x00000000ddf00000,0x00000000de647490,0x00000000de980000)
  to   space 10752K, 0% used [0x00000000dd480000,0x00000000dd480000,0x00000000ddf00000)
 ParOldGen       total 173568K, used 862K [0x0000000080000000, 0x000000008a980000, 0x00000000d5580000)
  object space 173568K, 0% used [0x0000000080000000,0x00000000800d7a18,0x000000008a980000)
 Metaspace       used 20588K, capacity 21236K, committed 21296K, reserved 1067008K
  class space    used 2878K, capacity 3080K, committed 3120K, reserved 1048576K
}
Event: 1.902 GC heap before
{Heap before GC invocations=5 (full 1):
 PSYoungGen      total 140800K, used 7453K [0x00000000d5580000, 0x00000000de980000, 0x0000000100000000)
  eden space 130048K, 0% used [0x00000000d5580000,0x00000000d5580000,0x00000000dd480000)
  from space 10752K, 69% used [0x00000000ddf00000,0x00000000de647490,0x00000000de980000)
  to   space 10752K, 0% used [0x00000000dd480000,0x00000000dd480000,0x00000000ddf00000)
 ParOldGen       total 173568K, used 862K [0x0000000080000000, 0x000000008a980000, 0x00000000d5580000)
  object space 173568K, 0% used [0x0000000080000000,0x00000000800d7a18,0x000000008a980000)
 Metaspace       used 20588K, capacity 21236K, committed 21296K, reserved 1067008K
  class space    used 2878K, capacity 3080K, committed 3120K, reserved 1048576K
Event: 1.923 GC heap after
Heap after GC invocations=5 (full 1):
 PSYoungGen      total 140800K, used 0K [0x00000000d5580000, 0x00000000de980000, 0x0000000100000000)
  eden space 130048K, 0% used [0x00000000d5580000,0x00000000d5580000,0x00000000dd480000)
  from space 10752K, 0% used [0x00000000ddf00000,0x00000000ddf00000,0x00000000de980000)
  to   space 10752K, 0% used [0x00000000dd480000,0x00000000dd480000,0x00000000ddf00000)
 ParOldGen       total 91648K, used 7223K [0x0000000080000000, 0x0000000085980000, 0x00000000d5580000)
  object space 91648K, 7% used [0x0000000080000000,0x000000008070df68,0x0000000085980000)
 Metaspace       used 20588K, capacity 21236K, committed 21296K, reserved 1067008K
  class space    used 2878K, capacity 3080K, committed 3120K, reserved 1048576K
}

Deoptimization events (10 events):
Event: 1.600 Thread 0x000000001cd75000 Uncommon trap: reason=unstable_if action=reinterpret pc=0x0000000002d48944 method=java.util.HashMap.getNode(ILjava/lang/Object;)Ljava/util/HashMap$Node; @ 129
Event: 1.600 Thread 0x000000001cd75000 Uncommon trap: reason=bimorphic action=maybe_recompile pc=0x0000000002f92118 method=java.util.HashMap.putVal(ILjava/lang/Object;Ljava/lang/Object;ZZ)Ljava/lang/Object; @ 203
Event: 1.601 Thread 0x000000001cd75000 Uncommon trap: reason=unstable_if action=reinterpret pc=0x0000000002d45008 method=java.util.HashMap.getNode(ILjava/lang/Object;)Ljava/util/HashMap$Node; @ 129
Event: 1.601 Thread 0x000000001cd75000 Uncommon trap: reason=bimorphic action=maybe_recompile pc=0x0000000002f92118 method=java.util.HashMap.putVal(ILjava/lang/Object;Ljava/lang/Object;ZZ)Ljava/lang/Object; @ 203
Event: 1.672 Thread 0x000000001cd75000 Uncommon trap: reason=unstable_if action=reinterpret pc=0x000000000300208c method=java.util.jar.Attributes$Name.isDigit(C)Z @ 3
Event: 1.923 Thread 0x0000000017d55000 Uncommon trap: reason=unstable_if action=reinterpret pc=0x00000000030e2f7c method=java.lang.ref.Finalizer.remove()V @ 10
Event: 1.923 Thread 0x0000000017d55000 Uncommon trap: reason=unstable_if action=reinterpret pc=0x00000000030ea2a4 method=java.lang.ref.Finalizer.remove()V @ 10
Event: 1.923 Thread 0x0000000017d55000 Uncommon trap: reason=unstable_if action=reinterpret pc=0x00000000030e5928 method=java.lang.ref.Finalizer.remove()V @ 10
Event: 1.930 Thread 0x000000001cd75000 Uncommon trap: reason=unstable_if action=reinterpret pc=0x00000000030914a0 method=java.util.HashMap.hash(Ljava/lang/Object;)I @ 1
Event: 1.946 Thread 0x000000001cd75000 Uncommon trap: reason=unstable_if action=reinterpret pc=0x00000000030d833c method=jdk.internal.org.objectweb.asm.Type.getArgumentsAndReturnSizes(Ljava/lang/String;)I @ 88

Classes redefined (0 events):
No events

Internal exceptions (10 events):
Event: 1.294 Thread 0x000000001cc87000 Exception <a 'java/lang/NoSuchMethodError': <clinit>> (0x00000000d79945c8) thrown at [C:\src\AOSP-openjdk-git\hotspot\src\share\vm\prims\jni.cpp, line 1615]
Event: 1.523 Thread 0x000000001cd75000 Exception <a 'java/lang/NoSuchMethodError': java.lang.Object.lambda$and$0(Ljava/util/function/Predicate;Ljava/lang/Object;)Z> (0x00000000d5eec120) thrown at [C:\src\AOSP-openjdk-git\hotspot\src\share\vm\interpreter\linkResolver.cpp, line 620]
Event: 1.525 Thread 0x000000001cd75000 Exception <a 'java/lang/IncompatibleClassChangeError': Found class java.lang.Object, but interface was expected> (0x00000000d5efc418) thrown at [C:\src\AOSP-openjdk-git\hotspot\src\share\vm\interpreter\linkResolver.cpp, line 653]
Event: 1.526 Thread 0x000000001cd75000 Exception <a 'java/lang/NoSuchMethodError': java.lang.Object.lambda$or$2(Ljava/util/function/Predicate;Ljava/lang/Object;)Z> (0x00000000d5f00f68) thrown at [C:\src\AOSP-openjdk-git\hotspot\src\share\vm\interpreter\linkResolver.cpp, line 620]
Event: 1.622 Thread 0x000000001cd75000 Exception <a 'java/lang/NoSuchMethodError': java.lang.Object.lambda$static$0(Lorg/gradle/internal/state/ModelObject;)Ljava/lang/String;> (0x00000000d7675b60) thrown at [C:\src\AOSP-openjdk-git\hotspot\src\share\vm\interpreter\linkResolver.cpp, line 620]
Event: 1.802 Thread 0x000000001cd75000 Exception <a 'java/lang/NoSuchMethodError': java.lang.Object.lambda$static$1(Lorg/gradle/internal/snapshot/SnapshotHierarchy$DiffCapturingUpdateFunction;)Lorg/gradle/internal/snapshot/AtomicSnapshotHierarchyReference$UpdateFunction;> (0x00000000d8d57b70) 
Event: 1.930 Thread 0x000000001cd75000 Implicit null exception at 0x0000000003091295 to 0x0000000003091491
Event: 1.945 Thread 0x000000001cd75000 Exception <a 'java/lang/NoSuchMethodError': java.lang.Object.lambda$comparing$77a9974f$1(Ljava/util/function/Function;Ljava/lang/Object;Ljava/lang/Object;)I> (0x00000000d59786c0) thrown at [C:\src\AOSP-openjdk-git\hotspot\src\share\vm\interpreter\linkReso
Event: 1.960 Thread 0x000000001cd75000 Exception <a 'java/lang/NoSuchMethodError': java.lang.Object.lambda$withReadOnlyCache$0(Ljava/util/function/BiFunction;Lorg/gradle/api/internal/artifacts/ivyservice/ArtifactCacheMetadata;)Ljava/lang/Object;> (0x00000000d5b79c78) thrown at [C:\src\AOSP-ope
Event: 1.978 Thread 0x000000001cd75000 Exception <a 'java/lang/NoSuchMethodError': java.lang.Object.lambda$static$0(Lorg/gradle/api/internal/artifacts/ivyservice/ivyresolve/ModuleComponentRepository;Ljava/lang/String;Lorg/gradle/api/internal/artifacts/configurations/ResolutionStrategyInternal;

Events (10 events):
Event: 1.999 loading class org/gradle/api/internal/artifacts/ivyservice/ArtifactCacheMetadata
Event: 1.999 loading class org/gradle/api/internal/artifacts/ivyservice/ArtifactCacheMetadata done
Event: 2.000 loading class org/gradle/api/internal/artifacts/ivyservice/resolutionstrategy/ExternalResourceCachePolicy
Event: 2.000 loading class org/gradle/api/internal/artifacts/ivyservice/resolutionstrategy/ExternalResourceCachePolicy done
Event: 2.000 loading class org/gradle/api/internal/artifacts/repositories/transport/RepositoryTransport
Event: 2.000 loading class org/gradle/api/internal/artifacts/repositories/transport/RepositoryTransport done
Event: 2.000 loading class org/gradle/internal/resource/local/ivy/LocallyAvailableResourceFinderFactory
Event: 2.000 loading class org/gradle/internal/resource/local/ivy/LocallyAvailableResourceFinderFactory done
Event: 2.000 loading class org/gradle/api/internal/artifacts/repositories/resolver/ResourcePattern
Event: 2.000 loading class org/gradle/api/internal/artifacts/repositories/resolver/ResourcePattern done


Dynamic libraries:
0x00007ff712870000 - 0x00007ff7128a1000 	D:\Android\jre\bin\java.exe
0x00007fffd3b50000 - 0x00007fffd3d46000 	C:\WINDOWS\SYSTEM32\ntdll.dll
0x00007fffd1c10000 - 0x00007fffd1ccd000 	C:\WINDOWS\System32\KERNEL32.DLL
0x00007fffd1780000 - 0x00007fffd1a49000 	C:\WINDOWS\System32\KERNELBASE.dll
0x00007fffd26b0000 - 0x00007fffd275c000 	C:\WINDOWS\System32\ADVAPI32.dll
0x00007fffd2420000 - 0x00007fffd24be000 	C:\WINDOWS\System32\msvcrt.dll
0x00007fffd2fd0000 - 0x00007fffd306c000 	C:\WINDOWS\System32\sechost.dll
0x00007fffd30a0000 - 0x00007fffd31cb000 	C:\WINDOWS\System32\RPCRT4.dll
0x00007fffd2a50000 - 0x00007fffd2bf0000 	C:\WINDOWS\System32\USER32.dll
0x00007fffd1750000 - 0x00007fffd1772000 	C:\WINDOWS\System32\win32u.dll
0x00007fffd2760000 - 0x00007fffd278a000 	C:\WINDOWS\System32\GDI32.dll
0x00007fffd1640000 - 0x00007fffd174b000 	C:\WINDOWS\System32\gdi32full.dll
0x00007fffd1360000 - 0x00007fffd13fd000 	C:\WINDOWS\System32\msvcp_win.dll
0x00007fffd1a50000 - 0x00007fffd1b50000 	C:\WINDOWS\System32\ucrtbase.dll
0x00007fffb62d0000 - 0x00007fffb656b000 	C:\WINDOWS\WinSxS\amd64_microsoft.windows.common-controls_6595b64144ccf1df_6.0.19041.746_none_ca02b4b61b8320a4\COMCTL32.dll
0x00007fffd24c0000 - 0x00007fffd24f0000 	C:\WINDOWS\System32\IMM32.DLL
0x000000005fbd0000 - 0x000000005fca2000 	D:\Android\jre\jre\bin\msvcr100.dll
0x000000005ecb0000 - 0x000000005f4fb000 	D:\Android\jre\jre\bin\server\jvm.dll
0x00007fffd2bf0000 - 0x00007fffd2bf8000 	C:\WINDOWS\System32\PSAPI.DLL
0x00007fffbc3c0000 - 0x00007fffbc3e7000 	C:\WINDOWS\SYSTEM32\WINMM.dll
0x00007fffb0720000 - 0x00007fffb0729000 	C:\WINDOWS\SYSTEM32\WSOCK32.dll
0x00007fffc9b00000 - 0x00007fffc9b0a000 	C:\WINDOWS\SYSTEM32\VERSION.dll
0x00007fffd2c00000 - 0x00007fffd2c6b000 	C:\WINDOWS\System32\WS2_32.dll
0x00007fffa0940000 - 0x00007fffa094f000 	D:\Android\jre\jre\bin\verify.dll
0x00007fff8f910000 - 0x00007fff8f939000 	D:\Android\jre\jre\bin\java.dll
0x00007fff9b420000 - 0x00007fff9b436000 	D:\Android\jre\jre\bin\zip.dll
0x00007fffd1cd0000 - 0x00007fffd2412000 	C:\WINDOWS\System32\SHELL32.dll
0x00007fffcf3c0000 - 0x00007fffcfb50000 	C:\WINDOWS\SYSTEM32\windows.storage.dll
0x00007fffd2c70000 - 0x00007fffd2fc6000 	C:\WINDOWS\System32\combase.dll
0x00007fffd0cf0000 - 0x00007fffd0d1c000 	C:\WINDOWS\SYSTEM32\Wldp.dll
0x00007fffd2790000 - 0x00007fffd283e000 	C:\WINDOWS\System32\SHCORE.dll
0x00007fffd29f0000 - 0x00007fffd2a45000 	C:\WINDOWS\System32\shlwapi.dll
0x00007fffd11c0000 - 0x00007fffd11e6000 	C:\WINDOWS\SYSTEM32\profapi.dll
0x00007fff9b390000 - 0x00007fff9b3aa000 	D:\Android\jre\jre\bin\net.dll
0x00007fffd0a70000 - 0x00007fffd0ada000 	C:\WINDOWS\system32\mswsock.dll
0x00007fff997e0000 - 0x00007fff997f3000 	D:\Android\jre\jre\bin\nio.dll
0x00007fff674b0000 - 0x00007fff674d7000 	C:\Users\Alex\.gradle\native\f6784746aeab05261644944871eae4fe03e0ef1612fff0a4a95f87b438bc6780\windows-amd64\native-platform.dll
0x00007fff9b760000 - 0x00007fff9b76d000 	D:\Android\jre\jre\bin\management.dll
0x00007fffd0c40000 - 0x00007fffd0c58000 	C:\WINDOWS\SYSTEM32\CRYPTSP.dll
0x00007fffd03a0000 - 0x00007fffd03d4000 	C:\WINDOWS\system32\rsaenh.dll
0x00007fffd14b0000 - 0x00007fffd14d7000 	C:\WINDOWS\System32\bcrypt.dll
0x00007fffd1180000 - 0x00007fffd11ae000 	C:\WINDOWS\SYSTEM32\USERENV.dll
0x00007fffd12e0000 - 0x00007fffd1360000 	C:\WINDOWS\System32\bcryptprimitives.dll
0x00007fffd0c60000 - 0x00007fffd0c6c000 	C:\WINDOWS\SYSTEM32\CRYPTBASE.dll
0x00007fffd0710000 - 0x00007fffd074b000 	C:\WINDOWS\SYSTEM32\IPHLPAPI.DLL
0x00007fffd24f0000 - 0x00007fffd24f8000 	C:\WINDOWS\System32\NSI.dll
0x00007fffccae0000 - 0x00007fffccaf7000 	C:\WINDOWS\SYSTEM32\dhcpcsvc6.DLL
0x00007fffccac0000 - 0x00007fffccadd000 	C:\WINDOWS\SYSTEM32\dhcpcsvc.DLL
0x00007fffd0750000 - 0x00007fffd081b000 	C:\WINDOWS\SYSTEM32\DNSAPI.dll
0x00007fffc9a00000 - 0x00007fffc9a0b000 	C:\WINDOWS\SYSTEM32\WINNSI.DLL
0x00007fffcf0e0000 - 0x00007fffcf2c4000 	C:\WINDOWS\SYSTEM32\dbghelp.dll

VM Arguments:
jvm_args: -Xmx2048m -Dfile.encoding=UTF-8 -Duser.country=RU -Duser.language=ru -Duser.variant 
java_command: org.gradle.launcher.daemon.bootstrap.GradleDaemon 6.5
java_class_path (initial): C:\Users\Alex\.gradle\wrapper\dists\gradle-6.5-all\2oz4ud9k3tuxjg84bbf55q0tn\gradle-6.5\lib\gradle-launcher-6.5.jar
Launcher Type: SUN_STANDARD

Environment Variables:
PATH=C:\Windows\system32;C:\Windows;C:\Windows\System32\Wbem;C:\Windows\System32\WindowsPowerShell\v1.0\;C:\Windows\System32\OpenSSH\;C:\Program Files (x86)\NVIDIA Corporation\PhysX\Common;C:\Program Files\dotnet\;C:\Program Files\Microsoft SQL Server\130\Tools\Binn\;C:\Program Files\Microsoft SQL Server\Client SDK\ODBC\170\Tools\Binn\;C:\Program Files\NVIDIA Corporation\NVIDIA NvDLISR;C:\WINDOWS\system32;C:\WINDOWS;C:\WINDOWS\System32\Wbem;C:\WINDOWS\System32\WindowsPowerShell\v1.0\;C:\WINDOWS\System32\OpenSSH\;C:\Program Files\Git\cmd;C:\Program Files\Git\mingw64\bin;C:\Program Files\Git\usr\bin;C:\Python39\Scripts\;C:\Python39\;C:\Users\Alex\AppData\Local\Microsoft\WindowsApps;;C:\Program Files\JetBrains\IntelliJ IDEA Community Edition 2020.3.1\bin;;C:\Users\Alex\.dotnet\tools
USERNAME=Alex
OS=Windows_NT
PROCESSOR_IDENTIFIER=Intel64 Family 6 Model 158 Stepping 10, GenuineIntel



---------------  S Y S T E M  ---------------

OS: Windows 10.0 , 64 bit Build 19041 (10.0.19041.804)

CPU:total 12 (initial active 12) (6 cores per cpu, 2 threads per core) family 6 model 158 stepping 10, cmov, cx8, fxsr, mmx, sse, sse2, sse3, ssse3, sse4.1, sse4.2, popcnt, avx, avx2, aes, clmul, erms, 3dnowpref, lzcnt, ht, tsc, tscinvbit, bmi1, bmi2, adx

Memory: 4k page, physical 16622900k(9508624k free), swap 19113268k(9785360k free)

vm_info: OpenJDK 64-Bit Server VM (25.242-b01) for windows-amd64 JRE (1.8.0_242-release-1644-b01), built by "builder" with MS VC++ 10.0 (VS2010)

time: Tue Mar 02 04:19:04 2021
timezone: RTZ 2 ()
elapsed time: 2 seconds (0d 0h 0m 2s)

