#
# A fatal error has been detected by the Java Runtime Environment:
#
#  EXCEPTION_ACCESS_VIOLATION (0xc0000005) at pc=0x000000005cf8eb57, pid=9496, tid=0x00000000000017b8
#
# JRE version: OpenJDK Runtime Environment (8.0_242-b01) (build 1.8.0_242-release-1644-b01)
# Java VM: OpenJDK 64-Bit Server VM (25.242-b01 mixed mode windows-amd64 compressed oops)
# Problematic frame:
# V  [jvm.dll+0x46eb57]
#
# Failed to write core dump. Minidumps are not enabled by default on client versions of Windows
#
# If you would like to submit a bug report, please visit:
#   
#

---------------  T H R E A D  ---------------

Current thread (0x000000001920c000):  JavaThread "C2 CompilerThread1" daemon [_thread_in_native, id=6072, stack(0x000000001a970000,0x000000001aa70000)]

siginfo: ExceptionCode=0xc0000005, reading address 0xffffffffffffffff

Registers:
RAX=0x0000a0001f252108, RBX=0x000000000000130c, RCX=0x0000000000000013, RDX=0x00000000327de050
RSP=0x000000001aa6c5a0, RBP=0x00000000000861f0, RSI=0x0000000000001329, RDI=0x00000000326fb9f0
R8 =0x00000000ffffffff, R9 =0x0000000000085540, R10=0x000000001aa6c910, R11=0x000000000000003f
R12=0x00000000327de050, R13=0x000000001aa6cc00, R14=0x000000005cb20000, R15=0x000000005d2ef750
RIP=0x000000005cf8eb57, EFLAGS=0x0000000000010202

Top of Stack: (sp=0x000000001aa6c5a0)
0x000000001aa6c5a0:   000000001aa6c780 000000000000001b
0x000000001aa6c5b0:   00000000000861f0 0000000000001329
0x000000001aa6c5c0:   0000130f0001ffff 0000000000000001
0x000000001aa6c5d0:   000000001fbd53c0 0000000000000014
0x000000001aa6c5e0:   000000002f3b2860 0000000000000027
0x000000001aa6c5f0:   000000001aa6c780 000000005cfcafe4
0x000000001aa6c600:   0000000000000002 00000000220a6300
0x000000001aa6c610:   0000000021ef7e20 000000001aa6cc00
0x000000001aa6c620:   000000001aa6cc00 000000005cf90038
0x000000001aa6c630:   00000000000861f0 0000000000002083
0x000000001aa6c640:   000000001aa6c730 00000000328ba508
0x000000001aa6c650:   0000003500000000 0000000000000040
0x000000001aa6c660:   00000000220a6300 0000132900000000
0x000000001aa6c670:   000000060000003f 0000000000000034
0x000000001aa6c680:   0000000005055455 0000000000000000
0x000000001aa6c690:   0000000000000000 0000000000000000 

Instructions: (pc=0x000000005cf8eb57)
0x000000005cf8eb37:   8b de 48 8d 3c 80 48 c1 e7 05 49 03 7a 10 85 db
0x000000005cf8eb47:   0f 84 f3 fe ff ff 48 8b 47 08 8b cb 48 c1 e9 08
0x000000005cf8eb57:   4c 8b 0c c8 4d 3b cf 75 0d 8b d3 48 8b cf e8 26
0x000000005cf8eb67:   44 00 00 4c 8b c8 8b d3 83 e3 1f 41 b8 01 00 00 


Register to memory mapping:

RAX=0x0000a0001f252108 is an unknown value
RBX=0x000000000000130c is an unknown value
RCX=0x0000000000000013 is an unknown value
RDX=0x00000000327de050 is an unknown value
RSP=0x000000001aa6c5a0 is pointing into the stack for thread: 0x000000001920c000
RBP=0x00000000000861f0 is an unknown value
RSI=0x0000000000001329 is an unknown value
RDI=0x00000000326fb9f0 is an unknown value
R8 =0x00000000ffffffff is an unallocated location in the heap
R9 =0x0000000000085540 is an unknown value
R10=0x000000001aa6c910 is pointing into the stack for thread: 0x000000001920c000
R11=0x000000000000003f is an unknown value
R12=0x00000000327de050 is an unknown value
R13=0x000000001aa6cc00 is pointing into the stack for thread: 0x000000001920c000
R14=0x000000005cb20000 is an unknown value
R15=0x000000005d2ef750 is an unknown value


Stack: [0x000000001a970000,0x000000001aa70000],  sp=0x000000001aa6c5a0,  free space=1009k
Native frames: (J=compiled Java code, j=interpreted, Vv=VM code, C=native code)
V  [jvm.dll+0x46eb57]
V  [jvm.dll+0x470038]
V  [jvm.dll+0x43ac08]
V  [jvm.dll+0x4456ab]
V  [jvm.dll+0x447fa8]
V  [jvm.dll+0x42b072]
V  [jvm.dll+0x8230f]
V  [jvm.dll+0x82c7f]
V  [jvm.dll+0x220b7f]
V  [jvm.dll+0x27276a]
C  [msvcr100.dll+0x21d9f]
C  [msvcr100.dll+0x21e3b]
C  [KERNEL32.DLL+0x17034]
C  [ntdll.dll+0x4d241]


Current CompileTask:
C2:  24930 12497       4       com.android.tools.r8.dex.r::a (561 bytes)


---------------  P R O C E S S  ---------------

Java Threads: ( => current thread )
  0x000000002f1b8000 JavaThread "WorkerExecutor Queue" [_thread_blocked, id=9356, stack(0x000000002eac0000,0x000000002ebc0000)]
  0x000000001ba80000 JavaThread "Cache worker for Java compile cache (D:\AndroidProjects\KursachGameShop2\.gradle\6.5\javaCompile)" [_thread_blocked, id=2236, stack(0x000000002dfc0000,0x000000002e0c0000)]
  0x000000001ba86000 JavaThread "Cache worker for Java compile cache (C:\Users\Alex\.gradle\caches\6.5\javaCompile)" [_thread_blocked, id=14420, stack(0x000000002dec0000,0x000000002dfc0000)]
  0x000000001ba84800 JavaThread "Cache worker for execution history cache (D:\AndroidProjects\KursachGameShop2\.gradle\6.5\executionHistory)" [_thread_blocked, id=15852, stack(0x000000002d9c0000,0x000000002dac0000)]
  0x000000001ba81800 JavaThread "Execution worker for ':' Thread 11" [_thread_blocked, id=15848, stack(0x000000002d8c0000,0x000000002d9c0000)]
  0x000000001ba82800 JavaThread "Execution worker for ':' Thread 10" [_thread_blocked, id=15844, stack(0x000000002d7c0000,0x000000002d8c0000)]
  0x000000001ba81000 JavaThread "Execution worker for ':' Thread 9" [_thread_blocked, id=15840, stack(0x000000002d6c0000,0x000000002d7c0000)]
  0x000000001ba84000 JavaThread "Execution worker for ':' Thread 8" [_thread_blocked, id=15836, stack(0x000000002d5c0000,0x000000002d6c0000)]
  0x000000001ba78800 JavaThread "Execution worker for ':' Thread 7" [_thread_blocked, id=15832, stack(0x000000002d4c0000,0x000000002d5c0000)]
  0x000000001ba7f800 JavaThread "Execution worker for ':' Thread 6" [_thread_blocked, id=15828, stack(0x000000002d3c0000,0x000000002d4c0000)]
  0x000000001ba7e000 JavaThread "Execution worker for ':' Thread 5" [_thread_blocked, id=15824, stack(0x000000002d2c0000,0x000000002d3c0000)]
  0x000000001ba7d000 JavaThread "Execution worker for ':' Thread 4" [_thread_in_native, id=15820, stack(0x000000002d1c0000,0x000000002d2c0000)]
  0x000000001ba7a000 JavaThread "Execution worker for ':' Thread 3" [_thread_blocked, id=15816, stack(0x000000002d0c0000,0x000000002d1c0000)]
  0x000000001ba7b800 JavaThread "Execution worker for ':' Thread 2" [_thread_blocked, id=15812, stack(0x000000002cec0000,0x000000002cfc0000)]
  0x000000001ba78000 JavaThread "Execution worker for ':'" [_thread_blocked, id=15808, stack(0x000000002c8f0000,0x000000002c9f0000)]
  0x000000001ba7e800 JavaThread "Cache worker for file content cache (D:\AndroidProjects\KursachGameShop2\.gradle\6.5\fileContent)" [_thread_blocked, id=15772, stack(0x000000002b590000,0x000000002b690000)]
  0x000000001ba7c800 JavaThread "Memory manager" [_thread_blocked, id=15768, stack(0x000000002a630000,0x000000002a730000)]
  0x000000001ba7b000 JavaThread "pool-1-thread-1" [_thread_blocked, id=5256, stack(0x000000002a3e0000,0x000000002a4e0000)]
  0x000000001ba79800 JavaThread "Cache worker for Build Output Cleanup Cache (D:\AndroidProjects\KursachGameShop2\.gradle\buildOutputCleanup)" [_thread_blocked, id=13764, stack(0x000000002a530000,0x000000002a630000)]
  0x0000000020657800 JavaThread "jar transforms Thread 92" [_thread_blocked, id=12740, stack(0x000000002a0e0000,0x000000002a1e0000)]
  0x0000000020656800 JavaThread "jar transforms Thread 91" [_thread_blocked, id=9636, stack(0x0000000029fe0000,0x000000002a0e0000)]
  0x000000002065a800 JavaThread "jar transforms Thread 90" [_thread_blocked, id=14132, stack(0x0000000029ee0000,0x0000000029fe0000)]
  0x0000000020659800 JavaThread "jar transforms Thread 89" [_thread_blocked, id=13204, stack(0x0000000029de0000,0x0000000029ee0000)]
  0x0000000020659000 JavaThread "jar transforms Thread 88" [_thread_blocked, id=7324, stack(0x0000000029ce0000,0x0000000029de0000)]
  0x0000000020658000 JavaThread "jar transforms Thread 87" [_thread_blocked, id=12760, stack(0x0000000029be0000,0x0000000029ce0000)]
  0x000000002064f000 JavaThread "jar transforms Thread 86" [_thread_blocked, id=2272, stack(0x0000000029ae0000,0x0000000029be0000)]
  0x0000000020656000 JavaThread "jar transforms Thread 85" [_thread_blocked, id=12660, stack(0x00000000299e0000,0x0000000029ae0000)]
  0x0000000020655000 JavaThread "jar transforms Thread 84" [_thread_blocked, id=13264, stack(0x00000000298e0000,0x00000000299e0000)]
  0x000000002064d800 JavaThread "jar transforms Thread 83" [_thread_blocked, id=9756, stack(0x00000000297e0000,0x00000000298e0000)]
  0x0000000020654800 JavaThread "jar transforms Thread 82" [_thread_blocked, id=15060, stack(0x00000000296e0000,0x00000000297e0000)]
  0x0000000020653800 JavaThread "jar transforms Thread 81" [_thread_blocked, id=2720, stack(0x00000000295e0000,0x00000000296e0000)]
  0x0000000020653000 JavaThread "jar transforms Thread 80" [_thread_blocked, id=2028, stack(0x00000000294e0000,0x00000000295e0000)]
  0x000000002064e800 JavaThread "jar transforms Thread 79" [_thread_blocked, id=12384, stack(0x00000000293e0000,0x00000000294e0000)]
  0x000000002064b800 JavaThread "jar transforms Thread 78" [_thread_blocked, id=12392, stack(0x00000000292e0000,0x00000000293e0000)]
  0x000000002064d000 JavaThread "jar transforms Thread 77" [_thread_blocked, id=13484, stack(0x00000000291e0000,0x00000000292e0000)]
  0x0000000020651800 JavaThread "jar transforms Thread 76" [_thread_blocked, id=804, stack(0x00000000290e0000,0x00000000291e0000)]
  0x0000000020652000 JavaThread "jar transforms Thread 75" [_thread_blocked, id=5388, stack(0x0000000028fe0000,0x00000000290e0000)]
  0x0000000020650000 JavaThread "jar transforms Thread 74" [_thread_blocked, id=5448, stack(0x0000000028ee0000,0x0000000028fe0000)]
  0x000000002064c000 JavaThread "jar transforms Thread 73" [_thread_blocked, id=5844, stack(0x0000000028de0000,0x0000000028ee0000)]
  0x0000000020650800 JavaThread "jar transforms Thread 72" [_thread_blocked, id=10120, stack(0x0000000028ce0000,0x0000000028de0000)]
  0x000000001f524000 JavaThread "jar transforms Thread 71" [_thread_blocked, id=10280, stack(0x0000000028be0000,0x0000000028ce0000)]
  0x000000001f523800 JavaThread "jar transforms Thread 70" [_thread_blocked, id=12720, stack(0x0000000028ae0000,0x0000000028be0000)]
  0x000000001f522800 JavaThread "jar transforms Thread 69" [_thread_blocked, id=14440, stack(0x00000000289e0000,0x0000000028ae0000)]
  0x000000001f522000 JavaThread "jar transforms Thread 68" [_thread_blocked, id=1524, stack(0x00000000288e0000,0x00000000289e0000)]
  0x000000001f51b000 JavaThread "jar transforms Thread 67" [_thread_blocked, id=12744, stack(0x00000000287e0000,0x00000000288e0000)]
  0x000000001f521000 JavaThread "jar transforms Thread 66" [_thread_blocked, id=12736, stack(0x00000000286e0000,0x00000000287e0000)]
  0x000000001f51d000 JavaThread "jar transforms Thread 65" [_thread_blocked, id=12756, stack(0x00000000285e0000,0x00000000286e0000)]
  0x000000001f520000 JavaThread "jar transforms Thread 64" [_thread_blocked, id=12732, stack(0x00000000284e0000,0x00000000285e0000)]
  0x000000001f51c800 JavaThread "jar transforms Thread 63" [_thread_blocked, id=5476, stack(0x00000000283e0000,0x00000000284e0000)]
  0x000000001f51f800 JavaThread "jar transforms Thread 62" [_thread_blocked, id=5076, stack(0x00000000282e0000,0x00000000283e0000)]
  0x000000001f51e000 JavaThread "jar transforms Thread 61" [_thread_blocked, id=6160, stack(0x00000000281e0000,0x00000000282e0000)]
  0x000000001f518800 JavaThread "jar transforms Thread 60" [_thread_blocked, id=2168, stack(0x00000000280e0000,0x00000000281e0000)]
  0x000000001f51e800 JavaThread "jar transforms Thread 59" [_thread_blocked, id=15260, stack(0x0000000027fe0000,0x00000000280e0000)]
  0x000000001f515000 JavaThread "jar transforms Thread 58" [_thread_blocked, id=14108, stack(0x0000000027ee0000,0x0000000027fe0000)]
  0x000000001f519800 JavaThread "jar transforms Thread 57" [_thread_blocked, id=10296, stack(0x0000000027de0000,0x0000000027ee0000)]
  0x000000001f518000 JavaThread "jar transforms Thread 56" [_thread_blocked, id=11064, stack(0x0000000027ce0000,0x0000000027de0000)]
  0x000000001f51b800 JavaThread "jar transforms Thread 55" [_thread_blocked, id=11396, stack(0x0000000027be0000,0x0000000027ce0000)]
  0x000000001f51a000 JavaThread "jar transforms Thread 54" [_thread_blocked, id=12076, stack(0x0000000027ae0000,0x0000000027be0000)]
  0x000000001f517000 JavaThread "jar transforms Thread 53" [_thread_blocked, id=8692, stack(0x00000000279e0000,0x0000000027ae0000)]
  0x000000001f515800 JavaThread "jar transforms Thread 52" [_thread_blocked, id=10756, stack(0x00000000278e0000,0x00000000279e0000)]
  0x000000001f516800 JavaThread "jar transforms Thread 51" [_thread_blocked, id=8724, stack(0x00000000277e0000,0x00000000278e0000)]
  0x000000001d20b000 JavaThread "jar transforms Thread 50" [_thread_blocked, id=15320, stack(0x00000000276e0000,0x00000000277e0000)]
  0x000000001d209800 JavaThread "jar transforms Thread 49" [_thread_blocked, id=14220, stack(0x00000000275e0000,0x00000000276e0000)]
  0x000000001d208800 JavaThread "jar transforms Thread 48" [_thread_blocked, id=7220, stack(0x00000000274e0000,0x00000000275e0000)]
  0x000000001d208000 JavaThread "jar transforms Thread 47" [_thread_blocked, id=15216, stack(0x00000000273e0000,0x00000000274e0000)]
  0x000000001d207000 JavaThread "jar transforms Thread 46" [_thread_blocked, id=5456, stack(0x00000000272e0000,0x00000000273e0000)]
  0x000000001d205800 JavaThread "jar transforms Thread 45" [_thread_blocked, id=5336, stack(0x00000000271e0000,0x00000000272e0000)]
  0x000000001d206800 JavaThread "jar transforms Thread 44" [_thread_blocked, id=11992, stack(0x00000000270e0000,0x00000000271e0000)]
  0x000000001d205000 JavaThread "jar transforms Thread 43" [_thread_blocked, id=5180, stack(0x0000000026fe0000,0x00000000270e0000)]
  0x000000001d20b800 JavaThread "jar transforms Thread 42" [_thread_blocked, id=12348, stack(0x0000000026ee0000,0x0000000026fe0000)]
  0x000000001d20a000 JavaThread "jar transforms Thread 41" [_thread_blocked, id=12152, stack(0x0000000026de0000,0x0000000026ee0000)]
  0x000000001d1fd800 JavaThread "jar transforms Thread 40" [_thread_blocked, id=7156, stack(0x0000000026ce0000,0x0000000026de0000)]
  0x000000001d204000 JavaThread "jar transforms Thread 39" [_thread_blocked, id=5220, stack(0x0000000026be0000,0x0000000026ce0000)]
  0x000000001d203800 JavaThread "jar transforms Thread 38" [_thread_blocked, id=5408, stack(0x0000000026ae0000,0x0000000026be0000)]
  0x000000001d1ff800 JavaThread "jar transforms Thread 37" [_thread_blocked, id=14612, stack(0x00000000269e0000,0x0000000026ae0000)]
  0x000000001d202800 JavaThread "jar transforms Thread 36" [_thread_blocked, id=9008, stack(0x00000000268e0000,0x00000000269e0000)]
  0x000000001d1fc800 JavaThread "jar transforms Thread 35" [_thread_blocked, id=9452, stack(0x00000000267e0000,0x00000000268e0000)]
  0x000000001d1ff000 JavaThread "jar transforms Thread 34" [_thread_blocked, id=4672, stack(0x00000000266e0000,0x00000000267e0000)]
  0x000000001d202000 JavaThread "jar transforms Thread 33" [_thread_blocked, id=4892, stack(0x00000000265e0000,0x00000000266e0000)]
  0x000000001d200800 JavaThread "jar transforms Thread 32" [_thread_blocked, id=5088, stack(0x00000000264e0000,0x00000000265e0000)]
  0x000000001d1fe000 JavaThread "jar transforms Thread 31" [_thread_blocked, id=7964, stack(0x00000000263e0000,0x00000000264e0000)]
  0x000000001d201000 JavaThread "jar transforms Thread 30" [_thread_blocked, id=5328, stack(0x00000000262e0000,0x00000000263e0000)]
  0x000000001cd03800 JavaThread "jar transforms Thread 29" [_thread_blocked, id=14256, stack(0x00000000261e0000,0x00000000262e0000)]
  0x000000001cd03000 JavaThread "jar transforms Thread 28" [_thread_blocked, id=14264, stack(0x00000000260e0000,0x00000000261e0000)]
  0x000000001cd04800 JavaThread "jar transforms Thread 27" [_thread_blocked, id=10180, stack(0x0000000025fe0000,0x00000000260e0000)]
  0x000000001cd02000 JavaThread "jar transforms Thread 26" [_thread_blocked, id=268, stack(0x0000000025ee0000,0x0000000025fe0000)]
  0x000000001cd01800 JavaThread "jar transforms Thread 25" [_thread_blocked, id=11540, stack(0x0000000025de0000,0x0000000025ee0000)]
  0x000000001cd00800 JavaThread "jar transforms Thread 24" [_thread_blocked, id=15276, stack(0x0000000025ce0000,0x0000000025de0000)]
  0x000000001cd00000 JavaThread "jar transforms Thread 23" [_thread_blocked, id=5288, stack(0x0000000025be0000,0x0000000025ce0000)]
  0x000000001ccf8000 JavaThread "jar transforms Thread 22" [_thread_blocked, id=13612, stack(0x0000000025ae0000,0x0000000025be0000)]
  0x000000001ccff000 JavaThread "jar transforms Thread 21" [_thread_blocked, id=676, stack(0x00000000259e0000,0x0000000025ae0000)]
  0x000000001ccf9000 JavaThread "jar transforms Thread 20" [_thread_blocked, id=9248, stack(0x00000000258e0000,0x00000000259e0000)]
  0x000000001ccf7800 JavaThread "jar transforms Thread 19" [_thread_blocked, id=6148, stack(0x00000000257e0000,0x00000000258e0000)]
  0x000000001ccfe800 JavaThread "jar transforms Thread 18" [_thread_blocked, id=8824, stack(0x00000000256e0000,0x00000000257e0000)]
  0x000000001ccf6800 JavaThread "jar transforms Thread 17" [_thread_blocked, id=5216, stack(0x00000000255e0000,0x00000000256e0000)]
  0x000000001ccfd800 JavaThread "jar transforms Thread 16" [_thread_blocked, id=15064, stack(0x00000000254e0000,0x00000000255e0000)]
  0x000000001ccf6000 JavaThread "jar transforms Thread 15" [_thread_blocked, id=8360, stack(0x00000000253e0000,0x00000000254e0000)]
  0x000000001ccfa800 JavaThread "jar transforms Thread 14" [_thread_blocked, id=15100, stack(0x00000000252e0000,0x00000000253e0000)]
  0x000000001ccfb800 JavaThread "jar transforms Thread 13" [_thread_blocked, id=15336, stack(0x00000000251e0000,0x00000000252e0000)]
  0x000000001ccfd000 JavaThread "jar transforms Thread 12" [_thread_blocked, id=7800, stack(0x00000000250e0000,0x00000000251e0000)]
  0x000000001ccf5000 JavaThread "jar transforms Thread 11" [_thread_blocked, id=4644, stack(0x0000000024fe0000,0x00000000250e0000)]
  0x000000001ccfa000 JavaThread "jar transforms Thread 10" [_thread_blocked, id=9704, stack(0x0000000024ee0000,0x0000000024fe0000)]
  0x000000001ccfc000 JavaThread "jar transforms Thread 9" [_thread_blocked, id=4956, stack(0x0000000024de0000,0x0000000024ee0000)]
  0x000000001d08c800 JavaThread "jar transforms Thread 8" [_thread_blocked, id=6000, stack(0x0000000024ce0000,0x0000000024de0000)]
  0x000000001d08c000 JavaThread "jar transforms Thread 7" [_thread_blocked, id=9864, stack(0x0000000024be0000,0x0000000024ce0000)]
  0x000000001d08b000 JavaThread "jar transforms Thread 6" [_thread_blocked, id=5264, stack(0x0000000024ae0000,0x0000000024be0000)]
  0x000000001d08a800 JavaThread "jar transforms Thread 5" [_thread_blocked, id=1744, stack(0x00000000249e0000,0x0000000024ae0000)]
  0x000000001d089800 JavaThread "jar transforms Thread 4" [_thread_blocked, id=12356, stack(0x00000000248e0000,0x00000000249e0000)]
  0x000000001d08d800 JavaThread "jar transforms Thread 3" [_thread_blocked, id=13328, stack(0x00000000247e0000,0x00000000248e0000)]
  0x000000001d082000 JavaThread "jar transforms Thread 2" [_thread_blocked, id=14812, stack(0x00000000246e0000,0x00000000247e0000)]
  0x000000001d089000 JavaThread "Build operations Thread 12" [_thread_blocked, id=3704, stack(0x00000000245e0000,0x00000000246e0000)]
  0x000000001d083800 JavaThread "Build operations Thread 11" [_thread_blocked, id=1472, stack(0x00000000244e0000,0x00000000245e0000)]
  0x000000001d088000 JavaThread "Build operations Thread 10" [_thread_blocked, id=7900, stack(0x00000000243e0000,0x00000000244e0000)]
  0x000000001d086800 JavaThread "Build operations Thread 9" [_thread_blocked, id=14956, stack(0x00000000242e0000,0x00000000243e0000)]
  0x000000001d080800 JavaThread "Build operations Thread 8" [_thread_blocked, id=12932, stack(0x00000000241e0000,0x00000000242e0000)]
  0x000000001d087800 JavaThread "Build operations Thread 7" [_thread_blocked, id=12936, stack(0x00000000240e0000,0x00000000241e0000)]
  0x000000001d086000 JavaThread "Build operations Thread 6" [_thread_blocked, id=2020, stack(0x0000000023ee0000,0x0000000023fe0000)]
  0x000000001d085000 JavaThread "Build operations Thread 5" [_thread_blocked, id=2000, stack(0x0000000023de0000,0x0000000023ee0000)]
  0x000000001d080000 JavaThread "Build operations Thread 4" [_thread_blocked, id=13544, stack(0x0000000023ce0000,0x0000000023de0000)]
  0x000000001d081800 JavaThread "Build operations Thread 3" [_thread_blocked, id=12940, stack(0x0000000023be0000,0x0000000023ce0000)]
  0x000000001d084800 JavaThread "Build operations Thread 2" [_thread_blocked, id=13380, stack(0x0000000023ae0000,0x0000000023be0000)]
  0x000000001d07f000 JavaThread "Build operations" [_thread_blocked, id=13504, stack(0x00000000239e0000,0x0000000023ae0000)]
  0x000000001cc06000 JavaThread "Cache worker for file content cache (C:\Users\Alex\.gradle\caches\6.5\fileContent)" [_thread_blocked, id=3788, stack(0x00000000232e0000,0x00000000233e0000)]
  0x000000001cc05800 JavaThread "jar transforms" [_thread_blocked, id=4796, stack(0x00000000231e0000,0x00000000232e0000)]
  0x000000001cc03000 JavaThread "Cache worker for execution history cache (C:\Users\Alex\.gradle\caches\6.5\executionHistory)" [_thread_blocked, id=13320, stack(0x0000000022ae0000,0x0000000022be0000)]
  0x000000001cc04800 JavaThread "Cache worker for cache directory md-rule (C:\Users\Alex\.gradle\caches\6.5\md-rule)" [_thread_blocked, id=2188, stack(0x00000000229e0000,0x0000000022ae0000)]
  0x000000001cc0a000 JavaThread "Cache worker for cache directory md-supplier (C:\Users\Alex\.gradle\caches\6.5\md-supplier)" [_thread_blocked, id=1232, stack(0x00000000228e0000,0x00000000229e0000)]
  0x000000001cc04000 JavaThread "Cache worker for checksums cache (D:\AndroidProjects\KursachGameShop2\.gradle\checksums)" [_thread_blocked, id=13020, stack(0x0000000021520000,0x0000000021620000)]
  0x000000001cc09000 JavaThread "Cache worker for file hash cache (D:\AndroidProjects\KursachGameShop2\.gradle\6.5\fileHashes)" [_thread_blocked, id=9976, stack(0x0000000020190000,0x0000000020290000)]
  0x000000001cc08800 JavaThread "Cache worker for file hash cache (C:\Users\Alex\.gradle\caches\6.5\fileHashes)" [_thread_blocked, id=13652, stack(0x000000001eec0000,0x000000001efc0000)]
  0x000000001caad000 JavaThread "File lock request listener" [_thread_in_native, id=1224, stack(0x000000001edc0000,0x000000001eec0000)]
  0x000000001af74800 JavaThread "Cache worker for journal cache (C:\Users\Alex\.gradle\caches\journal-1)" [_thread_blocked, id=13840, stack(0x000000001ecc0000,0x000000001edc0000)]
  0x000000001cb72000 JavaThread "Thread-9" [_thread_blocked, id=13420, stack(0x000000001e9c0000,0x000000001eac0000)]
  0x000000001cb71000 JavaThread "Stdin handler" [_thread_blocked, id=4652, stack(0x000000001e8c0000,0x000000001e9c0000)]
  0x000000001cb6d000 JavaThread "Asynchronous log dispatcher for DefaultDaemonConnection: socket connection from /127.0.0.1:49842 to /127.0.0.1:49843" [_thread_blocked, id=13844, stack(0x000000001e7c0000,0x000000001e8c0000)]
  0x000000001cb6a000 JavaThread "Daemon worker" [_thread_blocked, id=4544, stack(0x000000001e6c0000,0x000000001e7c0000)]
  0x000000001cb8d000 JavaThread "Cancel handler" [_thread_blocked, id=13412, stack(0x000000001e5c0000,0x000000001e6c0000)]
  0x000000001ca04000 JavaThread "Handler for socket connection from /127.0.0.1:49842 to /127.0.0.1:49843" [_thread_in_native, id=13460, stack(0x000000001e4c0000,0x000000001e5c0000)]
  0x000000001ca03000 JavaThread "Daemon" [_thread_blocked, id=11076, stack(0x000000001e1c0000,0x000000001e2c0000)]
  0x000000001c9e5000 JavaThread "Daemon periodic checks" [_thread_blocked, id=12536, stack(0x000000001e0c0000,0x000000001e1c0000)]
  0x000000001c96d800 JavaThread "Incoming local TCP Connector on port 49842" [_thread_in_native, id=12908, stack(0x000000001de70000,0x000000001df70000)]
  0x000000001c92b800 JavaThread "Daemon health stats" [_thread_blocked, id=2148, stack(0x000000001d810000,0x000000001d910000)]
  0x000000001929b800 JavaThread "Service Thread" daemon [_thread_blocked, id=4040, stack(0x000000001ac70000,0x000000001ad70000)]
  0x0000000019216000 JavaThread "C1 CompilerThread3" daemon [_thread_in_native, id=7180, stack(0x000000001ab70000,0x000000001ac70000)]
  0x0000000019211000 JavaThread "C2 CompilerThread2" daemon [_thread_in_native, id=6736, stack(0x000000001aa70000,0x000000001ab70000)]
=>0x000000001920c000 JavaThread "C2 CompilerThread1" daemon [_thread_in_native, id=6072, stack(0x000000001a970000,0x000000001aa70000)]
  0x0000000019205000 JavaThread "C2 CompilerThread0" daemon [_thread_in_native, id=5084, stack(0x000000001a870000,0x000000001a970000)]
  0x0000000019201000 JavaThread "Attach Listener" daemon [_thread_blocked, id=9056, stack(0x000000001a770000,0x000000001a870000)]
  0x0000000019200000 JavaThread "Signal Dispatcher" daemon [_thread_blocked, id=6764, stack(0x000000001a670000,0x000000001a770000)]
  0x0000000017b22000 JavaThread "Finalizer" daemon [_thread_blocked, id=14888, stack(0x000000001a450000,0x000000001a550000)]
  0x00000000191f3000 JavaThread "Reference Handler" daemon [_thread_blocked, id=14776, stack(0x000000001a350000,0x000000001a450000)]
  0x000000000267d800 JavaThread "main" [_thread_blocked, id=7196, stack(0x0000000002680000,0x0000000002780000)]

Other Threads:
  0x00000000191d2800 VMThread [stack: 0x000000001a250000,0x000000001a350000] [id=5656]
  0x000000001929c000 WatcherThread [stack: 0x000000001ad70000,0x000000001ae70000] [id=4440]

VM state:not at safepoint (normal execution)

VM Mutex/Monitor currently owned by a thread:  ([mutex/lock_event])
[0x0000000002780750] CompiledIC_lock - owner thread: 0x0000000019211000

heap address: 0x0000000080000000, size: 2048 MB, Compressed Oops mode: 32-bit
Narrow klass base: 0x0000000000000000, Narrow klass shift: 3
Compressed class space size: 1073741824 Address: 0x0000000100000000

Heap:
 PSYoungGen      total 458752K, used 167848K [0x00000000d5580000, 0x00000000fd980000, 0x0000000100000000)
  eden space 424960K, 31% used [0x00000000d5580000,0x00000000dd86b840,0x00000000ef480000)
  from space 33792K, 99% used [0x00000000ef480000,0x00000000f157e8f8,0x00000000f1580000)
  to   space 67584K, 0% used [0x00000000f9780000,0x00000000f9780000,0x00000000fd980000)
 ParOldGen       total 240128K, used 113496K [0x0000000080000000, 0x000000008ea80000, 0x00000000d5580000)
  object space 240128K, 47% used [0x0000000080000000,0x0000000086ed6240,0x000000008ea80000)
 Metaspace       used 85718K, capacity 90262K, committed 90520K, reserved 1128448K
  class space    used 11583K, capacity 12447K, committed 12464K, reserved 1048576K

Card table byte_map: [0x0000000011c40000,0x0000000012050000] byte_map_base: 0x0000000011840000

Marking Bits: (ParMarkBitMap*) 0x000000005d2ef030
 Begin Bits: [0x0000000012d00000, 0x0000000014d00000)
 End Bits:   [0x0000000014d00000, 0x0000000016d00000)

Polling page: 0x0000000000800000

CodeCache: size=245760Kb used=35986Kb max_used=36011Kb free=209773Kb
 bounds [0x0000000002880000, 0x0000000004be0000, 0x0000000011880000]
 total_blobs=11792 nmethods=10957 adapters=747
 compilation: enabled

Compilation events (10 events):
Event: 24.888 Thread 0x0000000019211000 12278       4       com.android.tools.r8.dex.m::b (8 bytes)
Event: 24.889 Thread 0x0000000019211000 nmethod 12278 0x00000000033ee710 code [0x00000000033ee840, 0x00000000033ee8b8]
Event: 24.889 Thread 0x0000000019211000 12560       4       com.android.tools.r8.dex.m::a (15 bytes)
Event: 24.893 Thread 0x0000000019211000 nmethod 12560 0x0000000004bcfb50 code [0x0000000004bcfce0, 0x0000000004bd01c8]
Event: 24.893 Thread 0x0000000019211000 12561       4       com.android.tools.r8.dex.j::b (10 bytes)
Event: 24.895 Thread 0x0000000019211000 nmethod 12561 0x0000000004bbfa50 code [0x0000000004bbfba0, 0x0000000004bbfd78]
Event: 24.895 Thread 0x0000000019211000 12562       4       java.nio.ByteBuffer::put (9 bytes)
Event: 24.896 Thread 0x0000000019211000 nmethod 12562 0x0000000004bcdd50 code [0x0000000004bcdea0, 0x0000000004bce058]
Event: 24.898 Thread 0x0000000019216000 12734       3       java.io.FileInputStream::read (9 bytes)
Event: 24.898 Thread 0x0000000019216000 nmethod 12734 0x0000000004bbf650 code [0x0000000004bbf7c0, 0x0000000004bbf948]

GC Heap History (10 events):
Event: 9.927 GC heap before
{Heap before GC invocations=8 (full 2):
 PSYoungGen      total 270848K, used 260096K [0x00000000d5580000, 0x00000000eac00000, 0x0000000100000000)
  eden space 260096K, 100% used [0x00000000d5580000,0x00000000e5380000,0x00000000e5380000)
  from space 10752K, 0% used [0x00000000e5380000,0x00000000e5380000,0x00000000e5e00000)
  to   space 16384K, 0% used [0x00000000e9c00000,0x00000000e9c00000,0x00000000eac00000)
 ParOldGen       total 167936K, used 16308K [0x0000000080000000, 0x000000008a400000, 0x00000000d5580000)
  object space 167936K, 9% used [0x0000000080000000,0x0000000080fed010,0x000000008a400000)
 Metaspace       used 50732K, capacity 52712K, committed 53032K, reserved 1095680K
  class space    used 6789K, capacity 7188K, committed 7216K, reserved 1048576K
Event: 9.946 GC heap after
Heap after GC invocations=8 (full 2):
 PSYoungGen      total 328192K, used 16365K [0x00000000d5580000, 0x00000000ee600000, 0x0000000100000000)
  eden space 311808K, 0% used [0x00000000d5580000,0x00000000d5580000,0x00000000e8600000)
  from space 16384K, 99% used [0x00000000e9c00000,0x00000000eabfb578,0x00000000eac00000)
  to   space 22528K, 0% used [0x00000000e8600000,0x00000000e8600000,0x00000000e9c00000)
 ParOldGen       total 167936K, used 22505K [0x0000000080000000, 0x000000008a400000, 0x00000000d5580000)
  object space 167936K, 13% used [0x0000000080000000,0x00000000815fa460,0x000000008a400000)
 Metaspace       used 50732K, capacity 52712K, committed 53032K, reserved 1095680K
  class space    used 6789K, capacity 7188K, committed 7216K, reserved 1048576K
}
Event: 11.087 GC heap before
{Heap before GC invocations=9 (full 2):
 PSYoungGen      total 328192K, used 109428K [0x00000000d5580000, 0x00000000ee600000, 0x0000000100000000)
  eden space 311808K, 29% used [0x00000000d5580000,0x00000000db061df0,0x00000000e8600000)
  from space 16384K, 99% used [0x00000000e9c00000,0x00000000eabfb578,0x00000000eac00000)
  to   space 22528K, 0% used [0x00000000e8600000,0x00000000e8600000,0x00000000e9c00000)
 ParOldGen       total 167936K, used 22505K [0x0000000080000000, 0x000000008a400000, 0x00000000d5580000)
  object space 167936K, 13% used [0x0000000080000000,0x00000000815fa460,0x000000008a400000)
 Metaspace       used 56587K, capacity 59002K, committed 59160K, reserved 1099776K
  class space    used 7749K, capacity 8220K, committed 8240K, reserved 1048576K
Event: 11.103 GC heap after
Heap after GC invocations=9 (full 2):
 PSYoungGen      total 334336K, used 21085K [0x00000000d5580000, 0x00000000f3680000, 0x0000000100000000)
  eden space 311808K, 0% used [0x00000000d5580000,0x00000000d5580000,0x00000000e8600000)
  from space 22528K, 93% used [0x00000000e8600000,0x00000000e9a975d0,0x00000000e9c00000)
  to   space 25600K, 0% used [0x00000000f1d80000,0x00000000f1d80000,0x00000000f3680000)
 ParOldGen       total 167936K, used 22513K [0x0000000080000000, 0x000000008a400000, 0x00000000d5580000)
  object space 167936K, 13% used [0x0000000080000000,0x00000000815fc460,0x000000008a400000)
 Metaspace       used 56587K, capacity 59002K, committed 59160K, reserved 1099776K
  class space    used 7749K, capacity 8220K, committed 8240K, reserved 1048576K
}
Event: 11.103 GC heap before
{Heap before GC invocations=10 (full 3):
 PSYoungGen      total 334336K, used 21085K [0x00000000d5580000, 0x00000000f3680000, 0x0000000100000000)
  eden space 311808K, 0% used [0x00000000d5580000,0x00000000d5580000,0x00000000e8600000)
  from space 22528K, 93% used [0x00000000e8600000,0x00000000e9a975d0,0x00000000e9c00000)
  to   space 25600K, 0% used [0x00000000f1d80000,0x00000000f1d80000,0x00000000f3680000)
 ParOldGen       total 167936K, used 22513K [0x0000000080000000, 0x000000008a400000, 0x00000000d5580000)
  object space 167936K, 13% used [0x0000000080000000,0x00000000815fc460,0x000000008a400000)
 Metaspace       used 56587K, capacity 59002K, committed 59160K, reserved 1099776K
  class space    used 7749K, capacity 8220K, committed 8240K, reserved 1048576K
Event: 11.241 GC heap after
Heap after GC invocations=10 (full 3):
 PSYoungGen      total 334336K, used 0K [0x00000000d5580000, 0x00000000f3680000, 0x0000000100000000)
  eden space 311808K, 0% used [0x00000000d5580000,0x00000000d5580000,0x00000000e8600000)
  from space 22528K, 0% used [0x00000000e8600000,0x00000000e8600000,0x00000000e9c00000)
  to   space 25600K, 0% used [0x00000000f1d80000,0x00000000f1d80000,0x00000000f3680000)
 ParOldGen       total 240128K, used 33099K [0x0000000080000000, 0x000000008ea80000, 0x00000000d5580000)
  object space 240128K, 13% used [0x0000000080000000,0x0000000082052c18,0x000000008ea80000)
 Metaspace       used 56542K, capacity 58852K, committed 59160K, reserved 1099776K
  class space    used 7735K, capacity 8195K, committed 8240K, reserved 1048576K
}
Event: 19.333 GC heap before
{Heap before GC invocations=11 (full 3):
 PSYoungGen      total 334336K, used 311808K [0x00000000d5580000, 0x00000000f3680000, 0x0000000100000000)
  eden space 311808K, 100% used [0x00000000d5580000,0x00000000e8600000,0x00000000e8600000)
  from space 22528K, 0% used [0x00000000e8600000,0x00000000e8600000,0x00000000e9c00000)
  to   space 25600K, 0% used [0x00000000f1d80000,0x00000000f1d80000,0x00000000f3680000)
 ParOldGen       total 240128K, used 33099K [0x0000000080000000, 0x000000008ea80000, 0x00000000d5580000)
  object space 240128K, 13% used [0x0000000080000000,0x0000000082052c18,0x000000008ea80000)
 Metaspace       used 75393K, capacity 78706K, committed 78872K, reserved 1118208K
  class space    used 10136K, capacity 10775K, committed 10800K, reserved 1048576K
Event: 19.360 GC heap after
Heap after GC invocations=11 (full 3):
 PSYoungGen      total 450560K, used 25572K [0x00000000d5580000, 0x00000000f3680000, 0x0000000100000000)
  eden space 424960K, 0% used [0x00000000d5580000,0x00000000d5580000,0x00000000ef480000)
  from space 25600K, 99% used [0x00000000f1d80000,0x00000000f3679018,0x00000000f3680000)
  to   space 33792K, 0% used [0x00000000ef480000,0x00000000ef480000,0x00000000f1580000)
 ParOldGen       total 240128K, used 42891K [0x0000000080000000, 0x000000008ea80000, 0x00000000d5580000)
  object space 240128K, 17% used [0x0000000080000000,0x00000000829e2f30,0x000000008ea80000)
 Metaspace       used 75393K, capacity 78706K, committed 78872K, reserved 1118208K
  class space    used 10136K, capacity 10775K, committed 10800K, reserved 1048576K
}
Event: 24.146 GC heap before
{Heap before GC invocations=12 (full 3):
 PSYoungGen      total 450560K, used 450134K [0x00000000d5580000, 0x00000000f3680000, 0x0000000100000000)
  eden space 424960K, 99% used [0x00000000d5580000,0x00000000ef41caa0,0x00000000ef480000)
  from space 25600K, 99% used [0x00000000f1d80000,0x00000000f3679018,0x00000000f3680000)
  to   space 33792K, 0% used [0x00000000ef480000,0x00000000ef480000,0x00000000f1580000)
 ParOldGen       total 240128K, used 42891K [0x0000000080000000, 0x000000008ea80000, 0x00000000d5580000)
  object space 240128K, 17% used [0x0000000080000000,0x00000000829e2f30,0x000000008ea80000)
 Metaspace       used 85119K, capacity 89470K, committed 89752K, reserved 1126400K
  class space    used 11523K, capacity 12361K, committed 12464K, reserved 1048576K
Event: 24.218 GC heap after
Heap after GC invocations=12 (full 3):
 PSYoungGen      total 458752K, used 33786K [0x00000000d5580000, 0x00000000fd980000, 0x0000000100000000)
  eden space 424960K, 0% used [0x00000000d5580000,0x00000000d5580000,0x00000000ef480000)
  from space 33792K, 99% used [0x00000000ef480000,0x00000000f157e8f8,0x00000000f1580000)
  to   space 67584K, 0% used [0x00000000f9780000,0x00000000f9780000,0x00000000fd980000)
 ParOldGen       total 240128K, used 113496K [0x0000000080000000, 0x000000008ea80000, 0x00000000d5580000)
  object space 240128K, 47% used [0x0000000080000000,0x0000000086ed6240,0x000000008ea80000)
 Metaspace       used 85119K, capacity 89470K, committed 89752K, reserved 1126400K
  class space    used 11523K, capacity 12361K, committed 12464K, reserved 1048576K
}

Deoptimization events (10 events):
Event: 24.763 Thread 0x000000002f1c0000 Uncommon trap: reason=class_check action=maybe_recompile pc=0x0000000004b3bef4 method=com.android.tools.r8.t.a.a.a.h.N.a(Ljava/lang/Object;)I @ 35
Event: 24.763 Thread 0x000000002f1c0000 Uncommon trap: reason=class_check action=maybe_recompile pc=0x0000000004b3bef4 method=com.android.tools.r8.t.a.a.a.h.N.a(Ljava/lang/Object;)I @ 35
Event: 24.763 Thread 0x000000002f1c0000 Uncommon trap: reason=class_check action=maybe_recompile pc=0x0000000004b3bef4 method=com.android.tools.r8.t.a.a.a.h.N.a(Ljava/lang/Object;)I @ 35
Event: 24.782 Thread 0x000000002f1c0000 Uncommon trap: reason=predicate action=maybe_recompile pc=0x0000000004ac5918 method=java.util.TimSort.gallopLeft(Ljava/lang/Object;[Ljava/lang/Object;IIILjava/util/Comparator;)I @ 65
Event: 24.830 Thread 0x000000002f1c0000 Uncommon trap: reason=bimorphic action=maybe_recompile pc=0x0000000004bb3808 method=com.android.tools.r8.t.a.a.a.h.N.a(Ljava/lang/Object;)I @ 35
Event: 24.830 Thread 0x000000002f1c0000 Uncommon trap: reason=bimorphic action=maybe_recompile pc=0x0000000004bb3808 method=com.android.tools.r8.t.a.a.a.h.N.a(Ljava/lang/Object;)I @ 35
Event: 24.830 Thread 0x000000002f1c0000 Uncommon trap: reason=bimorphic action=maybe_recompile pc=0x0000000004bb3808 method=com.android.tools.r8.t.a.a.a.h.N.a(Ljava/lang/Object;)I @ 35
Event: 24.830 Thread 0x000000002f1c0000 Uncommon trap: reason=bimorphic action=maybe_recompile pc=0x0000000004bb3808 method=com.android.tools.r8.t.a.a.a.h.N.a(Ljava/lang/Object;)I @ 35
Event: 24.885 Thread 0x000000002f1b8000 Uncommon trap: reason=predicate action=maybe_recompile pc=0x0000000002b76fd4 method=java.util.TimSort.reverseRange([Ljava/lang/Object;II)V @ 8
Event: 24.886 Thread 0x000000002f1b8000 Uncommon trap: reason=unstable_if action=reinterpret pc=0x0000000004babdf4 method=java.util.stream.MatchOps$BooleanTerminalSink.<init>(Ljava/util/stream/MatchOps$MatchKind;)V @ 9

Classes redefined (0 events):
No events

Internal exceptions (10 events):
Event: 21.299 Thread 0x000000001d087800 Implicit null exception at 0x00000000045f7f63 to 0x00000000045f840d
Event: 21.621 Thread 0x000000001ba7d000 Exception <a 'java/lang/NoSuchMethodError': <clinit>> (0x00000000e0639298) thrown at [C:\src\AOSP-openjdk-git\hotspot\src\share\vm\prims\jni.cpp, line 1615]
Event: 21.622 Thread 0x000000001ba7d000 Exception <a 'java/lang/NoSuchMethodError': <clinit>> (0x00000000e064c938) thrown at [C:\src\AOSP-openjdk-git\hotspot\src\share\vm\prims\jni.cpp, line 1615]
Event: 22.340 Thread 0x000000002f1b8000 Exception <a 'sun/nio/fs/WindowsException'> (0x00000000e2092b38) thrown at [C:\src\AOSP-openjdk-git\hotspot\src\share\vm\prims\jni.cpp, line 710]
Event: 22.695 Thread 0x000000002f1b8800 Implicit null exception at 0x00000000031a672f to 0x00000000031a6821
Event: 22.695 Thread 0x000000002f1bd000 Implicit null exception at 0x00000000031a672f to 0x00000000031a6821
Event: 23.059 Thread 0x000000002f1b8000 Exception <a 'java/lang/IncompatibleClassChangeError': Found class java.lang.Object, but interface was expected> (0x00000000ea7094a8) thrown at [C:\src\AOSP-openjdk-git\hotspot\src\share\vm\interpreter\linkResolver.cpp, line 653]
Event: 24.262 Thread 0x000000002f1c0000 Implicit null exception at 0x00000000049b53d4 to 0x00000000049b5636
Event: 24.405 Thread 0x000000002f1c0000 Implicit null exception at 0x0000000004910a7c to 0x0000000004911025
Event: 24.878 Thread 0x000000002f1c0000 Exception <a 'sun/nio/fs/WindowsException'> (0x00000000dcf5d6d8) thrown at [C:\src\AOSP-openjdk-git\hotspot\src\share\vm\prims\jni.cpp, line 710]

Events (10 events):
Event: 24.885 Thread 0x000000002f1c0000 Thread exited: 0x000000002f1c0000
Event: 24.885 Thread 0x000000002f1bd000 Thread exited: 0x000000002f1bd000
Event: 24.885 Thread 0x000000002f1b7000 Thread exited: 0x000000002f1b7000
Event: 24.886 loading class com/android/build/gradle/internal/profile/TaskProfilingRecord$allWorkersFinished$1
Event: 24.886 loading class com/android/build/gradle/internal/profile/TaskProfilingRecord$allWorkersFinished$1 done
Event: 24.886 loading class com/android/build/gradle/internal/profile/TaskProfilingRecord$sam$java_util_function_Predicate$0
Event: 24.886 loading class com/android/build/gradle/internal/profile/TaskProfilingRecord$sam$java_util_function_Predicate$0 done
Event: 24.886 Thread 0x000000002f1b8000 Uncommon trap: trap_request=0xffffff65 fr.pc=0x0000000004babdf4
Event: 24.886 Thread 0x000000002f1b8000 DEOPT PACKING pc=0x0000000004babdf4 sp=0x000000002ebbc8d0
Event: 24.886 Thread 0x000000002f1b8000 DEOPT UNPACKING pc=0x00000000028c557b sp=0x000000002ebbc690 mode 2


Dynamic libraries:
0x00007ff693360000 - 0x00007ff693391000 	D:\Android\jre\bin\java.exe
0x00007ff9bb9d0000 - 0x00007ff9bbbc6000 	C:\WINDOWS\SYSTEM32\ntdll.dll
0x00007ff9ba640000 - 0x00007ff9ba6fd000 	C:\WINDOWS\System32\KERNEL32.DLL
0x00007ff9b9110000 - 0x00007ff9b93d9000 	C:\WINDOWS\System32\KERNELBASE.dll
0x00007ff9bae90000 - 0x00007ff9baf3c000 	C:\WINDOWS\System32\ADVAPI32.dll
0x00007ff9baca0000 - 0x00007ff9bad3e000 	C:\WINDOWS\System32\msvcrt.dll
0x00007ff9bb250000 - 0x00007ff9bb2ec000 	C:\WINDOWS\System32\sechost.dll
0x00007ff9bab70000 - 0x00007ff9bac9b000 	C:\WINDOWS\System32\RPCRT4.dll
0x00007ff9bafd0000 - 0x00007ff9bb170000 	C:\WINDOWS\System32\USER32.dll
0x00007ff9b9a00000 - 0x00007ff9b9a22000 	C:\WINDOWS\System32\win32u.dll
0x00007ff9badd0000 - 0x00007ff9badfa000 	C:\WINDOWS\System32\GDI32.dll
0x00007ff9b94e0000 - 0x00007ff9b95eb000 	C:\WINDOWS\System32\gdi32full.dll
0x00007ff9b98e0000 - 0x00007ff9b997d000 	C:\WINDOWS\System32\msvcp_win.dll
0x00007ff9b93e0000 - 0x00007ff9b94e0000 	C:\WINDOWS\System32\ucrtbase.dll
0x00007ff9b8520000 - 0x00007ff9b87bb000 	C:\WINDOWS\WinSxS\amd64_microsoft.windows.common-controls_6595b64144ccf1df_6.0.19041.746_none_ca02b4b61b8320a4\COMCTL32.dll
0x00007ff9bae00000 - 0x00007ff9bae30000 	C:\WINDOWS\System32\IMM32.DLL
0x000000005c960000 - 0x000000005ca32000 	D:\Android\jre\jre\bin\msvcr100.dll
0x000000005cb20000 - 0x000000005d36b000 	D:\Android\jre\jre\bin\server\jvm.dll
0x00007ff9badb0000 - 0x00007ff9badb8000 	C:\WINDOWS\System32\PSAPI.DLL
0x00007ff99bf80000 - 0x00007ff99bfa7000 	C:\WINDOWS\SYSTEM32\WINMM.dll
0x00007ff9b1190000 - 0x00007ff9b119a000 	C:\WINDOWS\SYSTEM32\VERSION.dll
0x00007ff989560000 - 0x00007ff989569000 	C:\WINDOWS\SYSTEM32\WSOCK32.dll
0x00007ff9bad40000 - 0x00007ff9badab000 	C:\WINDOWS\System32\WS2_32.dll
0x00007ff981a20000 - 0x00007ff981a2f000 	D:\Android\jre\jre\bin\verify.dll
0x00007ff968f20000 - 0x00007ff968f49000 	D:\Android\jre\jre\bin\java.dll
0x00007ff97a360000 - 0x00007ff97a376000 	D:\Android\jre\jre\bin\zip.dll
0x00007ff9b9ef0000 - 0x00007ff9ba632000 	C:\WINDOWS\System32\SHELL32.dll
0x00007ff9b6570000 - 0x00007ff9b6d00000 	C:\WINDOWS\SYSTEM32\windows.storage.dll
0x00007ff9b9ac0000 - 0x00007ff9b9e16000 	C:\WINDOWS\System32\combase.dll
0x00007ff9b8480000 - 0x00007ff9b84ac000 	C:\WINDOWS\SYSTEM32\Wldp.dll
0x00007ff9bb7c0000 - 0x00007ff9bb86e000 	C:\WINDOWS\System32\SHCORE.dll
0x00007ff9baf70000 - 0x00007ff9bafc5000 	C:\WINDOWS\System32\shlwapi.dll
0x00007ff9b9040000 - 0x00007ff9b9066000 	C:\WINDOWS\SYSTEM32\profapi.dll
0x00007ff943d20000 - 0x00007ff943d3a000 	D:\Android\jre\jre\bin\net.dll
0x00007ff9b8360000 - 0x00007ff9b83ca000 	C:\WINDOWS\system32\mswsock.dll
0x00007ff943ba0000 - 0x00007ff943bb3000 	D:\Android\jre\jre\bin\nio.dll
0x00007ff952890000 - 0x00007ff9528b7000 	C:\Users\Alex\.gradle\native\f6784746aeab05261644944871eae4fe03e0ef1612fff0a4a95f87b438bc6780\windows-amd64\native-platform.dll
0x00007ff9b2f30000 - 0x00007ff9b2f3d000 	D:\Android\jre\jre\bin\management.dll
0x00007ff9b8e90000 - 0x00007ff9b8ea8000 	C:\WINDOWS\SYSTEM32\CRYPTSP.dll
0x00007ff9b7bc0000 - 0x00007ff9b7bf4000 	C:\WINDOWS\system32\rsaenh.dll
0x00007ff9b95f0000 - 0x00007ff9b9617000 	C:\WINDOWS\System32\bcrypt.dll
0x00007ff9b9000000 - 0x00007ff9b902e000 	C:\WINDOWS\SYSTEM32\USERENV.dll
0x00007ff9b9980000 - 0x00007ff9b9a00000 	C:\WINDOWS\System32\bcryptprimitives.dll
0x00007ff9b8440000 - 0x00007ff9b844c000 	C:\WINDOWS\SYSTEM32\CRYPTBASE.dll
0x00007ff9b7ef0000 - 0x00007ff9b7f2b000 	C:\WINDOWS\SYSTEM32\IPHLPAPI.DLL
0x00007ff9badc0000 - 0x00007ff9badc8000 	C:\WINDOWS\System32\NSI.dll
0x00007ff9b3b80000 - 0x00007ff9b3b97000 	C:\WINDOWS\SYSTEM32\dhcpcsvc6.DLL
0x00007ff9b3b30000 - 0x00007ff9b3b4d000 	C:\WINDOWS\SYSTEM32\dhcpcsvc.DLL
0x00007ff9b7f30000 - 0x00007ff9b7ffb000 	C:\WINDOWS\SYSTEM32\DNSAPI.dll
0x00007ff9b0e00000 - 0x00007ff9b0e0b000 	C:\WINDOWS\SYSTEM32\WINNSI.DLL
0x0000000066e00000 - 0x0000000066f03000 	C:\Users\Alex\AppData\Local\Temp\sqlite-3.25.2-8da76960-fe6f-43ce-9d30-3408214c8063-sqlitejdbc.dll
0x00007ff9b8b30000 - 0x00007ff9b8d14000 	C:\WINDOWS\SYSTEM32\dbghelp.dll

VM Arguments:
jvm_args: -Xmx2048m -Dfile.encoding=UTF-8 -Duser.country=RU -Duser.language=ru -Duser.variant 
java_command: org.gradle.launcher.daemon.bootstrap.GradleDaemon 6.5
java_class_path (initial): C:\Users\Alex\.gradle\wrapper\dists\gradle-6.5-all\2oz4ud9k3tuxjg84bbf55q0tn\gradle-6.5\lib\gradle-launcher-6.5.jar
Launcher Type: SUN_STANDARD

Environment Variables:
PATH=C:\Windows\system32;C:\Windows;C:\Windows\System32\Wbem;C:\Windows\System32\WindowsPowerShell\v1.0\;C:\Windows\System32\OpenSSH\;C:\Program Files (x86)\NVIDIA Corporation\PhysX\Common;C:\Program Files\dotnet\;C:\Program Files\Microsoft SQL Server\130\Tools\Binn\;C:\Program Files\Microsoft SQL Server\Client SDK\ODBC\170\Tools\Binn\;C:\Program Files\NVIDIA Corporation\NVIDIA NvDLISR;C:\WINDOWS\system32;C:\WINDOWS;C:\WINDOWS\System32\Wbem;C:\WINDOWS\System32\WindowsPowerShell\v1.0\;C:\WINDOWS\System32\OpenSSH\;C:\Program Files\Git\cmd;C:\Program Files\Git\mingw64\bin;C:\Program Files\Git\usr\bin;C:\Python39\Scripts\;C:\Python39\;C:\Users\Alex\AppData\Local\Microsoft\WindowsApps;;C:\Program Files\JetBrains\IntelliJ IDEA Community Edition 2020.3.1\bin;;C:\Users\Alex\.dotnet\tools
USERNAME=Alex
OS=Windows_NT
PROCESSOR_IDENTIFIER=Intel64 Family 6 Model 158 Stepping 10, GenuineIntel



---------------  S Y S T E M  ---------------

OS: Windows 10.0 , 64 bit Build 19041 (10.0.19041.804)

CPU:total 12 (initial active 12) (6 cores per cpu, 2 threads per core) family 6 model 158 stepping 10, cmov, cx8, fxsr, mmx, sse, sse2, sse3, ssse3, sse4.1, sse4.2, popcnt, avx, avx2, aes, clmul, erms, 3dnowpref, lzcnt, ht, tsc, tscinvbit, bmi1, bmi2, adx

Memory: 4k page, physical 16622900k(7652108k free), swap 19113268k(7621800k free)

vm_info: OpenJDK 64-Bit Server VM (25.242-b01) for windows-amd64 JRE (1.8.0_242-release-1644-b01), built by "builder" with MS VC++ 10.0 (VS2010)

time: Mon Mar 08 02:32:46 2021
timezone: RTZ 2 (зима)
elapsed time: 24 seconds (0d 0h 0m 24s)

