#
# A fatal error has been detected by the Java Runtime Environment:
#
#  EXCEPTION_ACCESS_VIOLATION (0xc0000005) at pc=0x000000005df726ea, pid=9028, tid=0x0000000000003f20
#
# JRE version: OpenJDK Runtime Environment (8.0_242-b01) (build 1.8.0_242-release-1644-b01)
# Java VM: OpenJDK 64-Bit Server VM (25.242-b01 mixed mode windows-amd64 compressed oops)
# Problematic frame:
# V  [jvm.dll+0x4226ea]
#
# Failed to write core dump. Minidumps are not enabled by default on client versions of Windows
#
# If you would like to submit a bug report, please visit:
#   
#

---------------  T H R E A D  ---------------

Current thread (0x0000000019d5d800):  JavaThread "C2 CompilerThread2" daemon [_thread_in_native, id=16160, stack(0x000000001b5a0000,0x000000001b6a0000)]

siginfo: ExceptionCode=0xc0000005, reading address 0x0000010020c2beb8

Registers:
RAX=0x0000000000000001, RBX=0x000000001b69eaa0, RCX=0x0000010020c2beb0, RDX=0x0000000000000001
RSP=0x000000001b69c4c0, RBP=0x000000001b69c538, RSI=0xfffffffffffffff8, RDI=0x000000001c1d8080
R8 =0x000000001c1d8080, R9 =0x0000000066366d9f, R10=0x0000000020c2bf78, R11=0x0000000000000000
R12=0x000000001dfe0b90, R13=0x00000000231d3d30, R14=0x0000000000000001, R15=0x000000001b69c820
RIP=0x000000005df726ea, EFLAGS=0x0000000000010206

Top of Stack: (sp=0x000000001b69c4c0)
0x000000001b69c4c0:   000000001e053b18 000000001b69c538
0x000000001b69c4d0:   fffffffffffffff8 0000000000000000
0x000000001b69c4e0:   000000001c1d8080 000000005e0097a7
0x000000001b69c4f0:   000000001b69eaa0 000000001dfe0bf8
0x000000001b69c500:   000000001e053b18 0000000000000000
0x000000001b69c510:   0000000020bc3a70 0000000020c175b0
0x000000001b69c520:   0000000020bbb270 0000000019d45930
0x000000001b69c530:   0000000000000001 000000001b69ec68
0x000000001b69c540:   000000000000000c 000000000000170d
0x000000001b69c550:   000000001b69c5b0 000000005e009e7d
0x000000001b69c560:   000000001b69eaa0 000000001b69c820
0x000000001b69c570:   000000001b69c820 0000000000000000
0x000000001b69c580:   0000000000000000 0000000000000000
0x000000001b69c590:   4000000000000000 0000000000000000
0x000000001b69c5a0:   0000000000000000 000000005e00415c
0x000000001b69c5b0:   000000005e1002f8 000000001b69eaa0 

Instructions: (pc=0x000000005df726ea)
0x000000005df726ca:   e7 0d 00 48 8b 5c 24 30 85 c0 0f 94 c0 48 83 c4
0x000000005df726da:   20 5f c3 cc cc cc 48 89 5c 24 08 57 48 83 ec 20
0x000000005df726ea:   4c 8b 51 08 44 8b ca 49 8b d8 4f 8b 04 ca 48 8b
0x000000005df726fa:   f9 4d 85 c0 74 27 49 8b 48 10 48 85 c9 74 1e 41 


Register to memory mapping:

RAX=0x0000000000000001 is an unknown value
RBX=0x000000001b69eaa0 is pointing into the stack for thread: 0x0000000019d5d800
RCX=0x0000010020c2beb0 is an unknown value
RDX=0x0000000000000001 is an unknown value
RSP=0x000000001b69c4c0 is pointing into the stack for thread: 0x0000000019d5d800
RBP=0x000000001b69c538 is pointing into the stack for thread: 0x0000000019d5d800
RSI=0xfffffffffffffff8 is an unknown value
RDI=0x000000001c1d8080 is an unknown value
R8 =0x000000001c1d8080 is an unknown value
R9 =0x0000000066366d9f is an unknown value
R10=0x0000000020c2bf78 is an unknown value
R11=0x0000000000000000 is an unknown value
R12=0x000000001dfe0b90 is an unknown value
R13=0x00000000231d3d30 is an unknown value
R14=0x0000000000000001 is an unknown value
R15=0x000000001b69c820 is pointing into the stack for thread: 0x0000000019d5d800


Stack: [0x000000001b5a0000,0x000000001b6a0000],  sp=0x000000001b69c4c0,  free space=1009k
Native frames: (J=compiled Java code, j=interpreted, Vv=VM code, C=native code)
V  [jvm.dll+0x4226ea]
V  [jvm.dll+0x4b97a7]
V  [jvm.dll+0x4b9e7d]
V  [jvm.dll+0x4454c1]
V  [jvm.dll+0x447fa8]
V  [jvm.dll+0x42b072]
V  [jvm.dll+0x8230f]
V  [jvm.dll+0x82c7f]
V  [jvm.dll+0x220b7f]
V  [jvm.dll+0x27276a]
C  [msvcr100.dll+0x21d9f]
C  [msvcr100.dll+0x21e3b]
C  [KERNEL32.DLL+0x17034]
C  [ntdll.dll+0x4d241]


Current CompileTask:
C2:   7201 3996   !   4       java.util.jar.Attributes::read (380 bytes)


---------------  P R O C E S S  ---------------

Java Threads: ( => current thread )
  0x000000001c799800 JavaThread "pool-1-thread-1" [_thread_blocked, id=12556, stack(0x000000002c690000,0x000000002c790000)]
  0x000000001c797800 JavaThread "Cache worker for Build Output Cleanup Cache (D:\AndroidProjects\KursachGameShop2\.gradle\buildOutputCleanup)" [_thread_blocked, id=9308, stack(0x000000002c060000,0x000000002c160000)]
  0x000000001c796800 JavaThread "jar transforms Thread 92" [_thread_blocked, id=1808, stack(0x000000002bd60000,0x000000002be60000)]
  0x000000001c798000 JavaThread "jar transforms Thread 91" [_thread_blocked, id=16136, stack(0x000000002bc60000,0x000000002bd60000)]
  0x000000001c79c000 JavaThread "jar transforms Thread 90" [_thread_blocked, id=7460, stack(0x000000002bb60000,0x000000002bc60000)]
  0x000000001c794800 JavaThread "jar transforms Thread 89" [_thread_blocked, id=14740, stack(0x000000002ba60000,0x000000002bb60000)]
  0x0000000021655800 JavaThread "jar transforms Thread 88" [_thread_blocked, id=14228, stack(0x000000002b960000,0x000000002ba60000)]
  0x0000000021654000 JavaThread "jar transforms Thread 87" [_thread_blocked, id=10776, stack(0x000000002b860000,0x000000002b960000)]
  0x0000000021653800 JavaThread "jar transforms Thread 86" [_thread_blocked, id=17368, stack(0x000000002b760000,0x000000002b860000)]
  0x0000000021655000 JavaThread "jar transforms Thread 85" [_thread_blocked, id=3936, stack(0x000000002b660000,0x000000002b760000)]
  0x000000002164c000 JavaThread "jar transforms Thread 84" [_thread_blocked, id=12140, stack(0x000000002b560000,0x000000002b660000)]
  0x0000000021652800 JavaThread "jar transforms Thread 83" [_thread_blocked, id=2748, stack(0x000000002b460000,0x000000002b560000)]
  0x0000000021651000 JavaThread "jar transforms Thread 82" [_thread_blocked, id=6320, stack(0x000000002b360000,0x000000002b460000)]
  0x0000000021652000 JavaThread "jar transforms Thread 81" [_thread_blocked, id=6768, stack(0x000000002b260000,0x000000002b360000)]
  0x000000002164a800 JavaThread "jar transforms Thread 80" [_thread_blocked, id=1524, stack(0x000000002b160000,0x000000002b260000)]
  0x0000000021649800 JavaThread "jar transforms Thread 79" [_thread_blocked, id=3004, stack(0x000000002b060000,0x000000002b160000)]
  0x0000000021650800 JavaThread "jar transforms Thread 78" [_thread_blocked, id=16400, stack(0x000000002af60000,0x000000002b060000)]
  0x0000000021649000 JavaThread "jar transforms Thread 77" [_thread_blocked, id=15732, stack(0x000000002ae60000,0x000000002af60000)]
  0x000000002164f800 JavaThread "jar transforms Thread 76" [_thread_blocked, id=15040, stack(0x000000002ad60000,0x000000002ae60000)]
  0x000000002164f000 JavaThread "jar transforms Thread 75" [_thread_blocked, id=4736, stack(0x000000002ac60000,0x000000002ad60000)]
  0x000000002164e000 JavaThread "jar transforms Thread 74" [_thread_blocked, id=10568, stack(0x000000002ab60000,0x000000002ac60000)]
  0x0000000021648000 JavaThread "jar transforms Thread 73" [_thread_blocked, id=5384, stack(0x000000002aa60000,0x000000002ab60000)]
  0x000000002164c800 JavaThread "jar transforms Thread 72" [_thread_blocked, id=8884, stack(0x000000002a960000,0x000000002aa60000)]
  0x000000002164b000 JavaThread "jar transforms Thread 71" [_thread_blocked, id=13656, stack(0x000000002a860000,0x000000002a960000)]
  0x000000002164d800 JavaThread "jar transforms Thread 70" [_thread_blocked, id=11352, stack(0x000000002a760000,0x000000002a860000)]
  0x0000000021647800 JavaThread "jar transforms Thread 69" [_thread_blocked, id=14520, stack(0x000000002a660000,0x000000002a760000)]
  0x0000000021646800 JavaThread "jar transforms Thread 68" [_thread_blocked, id=8728, stack(0x0000000026520000,0x0000000026620000)]
  0x00000000200c0000 JavaThread "jar transforms Thread 67" [_thread_blocked, id=10068, stack(0x0000000026040000,0x0000000026140000)]
  0x00000000200bf000 JavaThread "jar transforms Thread 66" [_thread_blocked, id=8164, stack(0x000000002a560000,0x000000002a660000)]
  0x00000000200bd000 JavaThread "jar transforms Thread 65" [_thread_blocked, id=14540, stack(0x000000002a460000,0x000000002a560000)]
  0x00000000200bc000 JavaThread "jar transforms Thread 64" [_thread_blocked, id=8708, stack(0x000000002a360000,0x000000002a460000)]
  0x00000000200c3000 JavaThread "jar transforms Thread 63" [_thread_blocked, id=17004, stack(0x000000002a260000,0x000000002a360000)]
  0x00000000200be800 JavaThread "jar transforms Thread 62" [_thread_blocked, id=18268, stack(0x000000002a160000,0x000000002a260000)]
  0x00000000200bb800 JavaThread "jar transforms Thread 61" [_thread_blocked, id=8464, stack(0x000000002a060000,0x000000002a160000)]
  0x00000000200c2800 JavaThread "jar transforms Thread 60" [_thread_blocked, id=8020, stack(0x0000000029f60000,0x000000002a060000)]
  0x00000000200c1800 JavaThread "jar transforms Thread 59" [_thread_blocked, id=1360, stack(0x0000000029e60000,0x0000000029f60000)]
  0x00000000200bd800 JavaThread "jar transforms Thread 58" [_thread_blocked, id=1724, stack(0x0000000029d60000,0x0000000029e60000)]
  0x00000000200c1000 JavaThread "jar transforms Thread 57" [_thread_blocked, id=8804, stack(0x0000000029c60000,0x0000000029d60000)]
  0x00000000200b4000 JavaThread "jar transforms Thread 56" [_thread_blocked, id=8592, stack(0x0000000029b60000,0x0000000029c60000)]
  0x00000000200b4800 JavaThread "jar transforms Thread 55" [_thread_blocked, id=11884, stack(0x0000000029a60000,0x0000000029b60000)]
  0x00000000200ba000 JavaThread "jar transforms Thread 54" [_thread_blocked, id=13096, stack(0x0000000029960000,0x0000000029a60000)]
  0x00000000200b7800 JavaThread "jar transforms Thread 53" [_thread_blocked, id=16152, stack(0x0000000029860000,0x0000000029960000)]
  0x00000000200b8800 JavaThread "jar transforms Thread 52" [_thread_blocked, id=12352, stack(0x0000000029760000,0x0000000029860000)]
  0x00000000200b7000 JavaThread "jar transforms Thread 51" [_thread_blocked, id=12824, stack(0x0000000029660000,0x0000000029760000)]
  0x00000000200b6000 JavaThread "jar transforms Thread 50" [_thread_blocked, id=168, stack(0x0000000029560000,0x0000000029660000)]
  0x00000000200ba800 JavaThread "jar transforms Thread 49" [_thread_blocked, id=8048, stack(0x0000000029460000,0x0000000029560000)]
  0x00000000200b9000 JavaThread "jar transforms Thread 48" [_thread_blocked, id=528, stack(0x0000000029360000,0x0000000029460000)]
  0x00000000200b5800 JavaThread "jar transforms Thread 47" [_thread_blocked, id=15292, stack(0x0000000029260000,0x0000000029360000)]
  0x000000001c243800 JavaThread "jar transforms Thread 46" [_thread_blocked, id=9776, stack(0x0000000029160000,0x0000000029260000)]
  0x000000001c241800 JavaThread "jar transforms Thread 45" [_thread_blocked, id=8596, stack(0x0000000029060000,0x0000000029160000)]
  0x000000001c240800 JavaThread "jar transforms Thread 44" [_thread_blocked, id=9260, stack(0x0000000028f60000,0x0000000029060000)]
  0x000000001c243000 JavaThread "jar transforms Thread 43" [_thread_blocked, id=4772, stack(0x0000000028e60000,0x0000000028f60000)]
  0x000000001c240000 JavaThread "jar transforms Thread 42" [_thread_blocked, id=104, stack(0x0000000028d60000,0x0000000028e60000)]
  0x000000001c244800 JavaThread "jar transforms Thread 41" [_thread_blocked, id=11940, stack(0x0000000028c60000,0x0000000028d60000)]
  0x000000001c23f000 JavaThread "jar transforms Thread 40" [_thread_blocked, id=5740, stack(0x0000000028b60000,0x0000000028c60000)]
  0x000000001c242000 JavaThread "jar transforms Thread 39" [_thread_blocked, id=10732, stack(0x0000000028a60000,0x0000000028b60000)]
  0x000000001c237800 JavaThread "jar transforms Thread 38" [_thread_blocked, id=15592, stack(0x0000000028960000,0x0000000028a60000)]
  0x000000001c23e800 JavaThread "jar transforms Thread 37" [_thread_blocked, id=13396, stack(0x0000000028860000,0x0000000028960000)]
  0x000000001c237000 JavaThread "jar transforms Thread 36" [_thread_blocked, id=13036, stack(0x0000000028760000,0x0000000028860000)]
  0x000000001c23d800 JavaThread "jar transforms Thread 35" [_thread_blocked, id=10152, stack(0x0000000028660000,0x0000000028760000)]
  0x000000001c23d000 JavaThread "jar transforms Thread 34" [_thread_blocked, id=15716, stack(0x0000000028560000,0x0000000028660000)]
  0x000000001c23b800 JavaThread "jar transforms Thread 33" [_thread_blocked, id=11368, stack(0x0000000028460000,0x0000000028560000)]
  0x000000001c23a000 JavaThread "jar transforms Thread 32" [_thread_blocked, id=14924, stack(0x0000000028360000,0x0000000028460000)]
  0x000000001c235800 JavaThread "jar transforms Thread 31" [_thread_blocked, id=8040, stack(0x0000000028260000,0x0000000028360000)]
  0x000000001c23c000 JavaThread "jar transforms Thread 30" [_thread_blocked, id=6664, stack(0x0000000028160000,0x0000000028260000)]
  0x000000001c23a800 JavaThread "jar transforms Thread 29" [_thread_blocked, id=10848, stack(0x0000000028060000,0x0000000028160000)]
  0x000000001c239000 JavaThread "jar transforms Thread 28" [_thread_blocked, id=7236, stack(0x0000000027f60000,0x0000000028060000)]
  0x000000001c236000 JavaThread "jar transforms Thread 27" [_thread_blocked, id=8324, stack(0x0000000027e60000,0x0000000027f60000)]
  0x000000001c238800 JavaThread "jar transforms Thread 26" [_thread_blocked, id=9956, stack(0x0000000027d60000,0x0000000027e60000)]
  0x000000001baea000 JavaThread "jar transforms Thread 25" [_thread_blocked, id=17844, stack(0x0000000027c60000,0x0000000027d60000)]
  0x000000001baec800 JavaThread "jar transforms Thread 24" [_thread_blocked, id=13752, stack(0x0000000027b60000,0x0000000027c60000)]
  0x000000001bae9800 JavaThread "jar transforms Thread 23" [_thread_blocked, id=15004, stack(0x0000000027a60000,0x0000000027b60000)]
  0x000000001baeb000 JavaThread "jar transforms Thread 22" [_thread_blocked, id=9836, stack(0x0000000027960000,0x0000000027a60000)]
  0x000000001baeb800 JavaThread "jar transforms Thread 21" [_thread_blocked, id=12624, stack(0x0000000027860000,0x0000000027960000)]
  0x000000001bae5000 JavaThread "jar transforms Thread 20" [_thread_blocked, id=18288, stack(0x0000000027760000,0x0000000027860000)]
  0x000000001bae2000 JavaThread "jar transforms Thread 19" [_thread_blocked, id=15812, stack(0x0000000027660000,0x0000000027760000)]
  0x000000001bae4000 JavaThread "jar transforms Thread 18" [_thread_blocked, id=17704, stack(0x0000000027560000,0x0000000027660000)]
  0x000000001bae8800 JavaThread "jar transforms Thread 17" [_thread_blocked, id=5772, stack(0x0000000027460000,0x0000000027560000)]
  0x000000001bae3800 JavaThread "jar transforms Thread 16" [_thread_blocked, id=10748, stack(0x0000000027360000,0x0000000027460000)]
  0x000000001bae1000 JavaThread "jar transforms Thread 15" [_thread_blocked, id=9604, stack(0x0000000027260000,0x0000000027360000)]
  0x000000001bae2800 JavaThread "jar transforms Thread 14" [_thread_blocked, id=8508, stack(0x0000000027160000,0x0000000027260000)]
  0x000000001bae8000 JavaThread "jar transforms Thread 13" [_thread_blocked, id=9312, stack(0x0000000027060000,0x0000000027160000)]
  0x000000001bae6800 JavaThread "jar transforms Thread 12" [_thread_blocked, id=1748, stack(0x0000000026f60000,0x0000000027060000)]
  0x000000001bae0800 JavaThread "jar transforms Thread 11" [_thread_blocked, id=17776, stack(0x0000000026e60000,0x0000000026f60000)]
  0x000000001bae7000 JavaThread "jar transforms Thread 10" [_thread_blocked, id=17604, stack(0x0000000026d60000,0x0000000026e60000)]
  0x000000001bae5800 JavaThread "jar transforms Thread 9" [_thread_blocked, id=16884, stack(0x0000000026c60000,0x0000000026d60000)]
  0x000000001badd800 JavaThread "jar transforms Thread 8" [_thread_blocked, id=1888, stack(0x0000000026b60000,0x0000000026c60000)]
  0x000000001badf000 JavaThread "jar transforms Thread 7" [_thread_blocked, id=3724, stack(0x0000000026a60000,0x0000000026b60000)]
  0x000000001badf800 JavaThread "jar transforms Thread 6" [_thread_blocked, id=11628, stack(0x0000000026960000,0x0000000026a60000)]
  0x000000001bade000 JavaThread "jar transforms Thread 5" [_thread_blocked, id=11852, stack(0x0000000026860000,0x0000000026960000)]
  0x0000000022c83000 JavaThread "jar transforms Thread 4" [_thread_blocked, id=13592, stack(0x0000000026760000,0x0000000026860000)]
  0x0000000022c82000 JavaThread "jar transforms Thread 3" [_thread_blocked, id=14152, stack(0x0000000026660000,0x0000000026760000)]
  0x0000000022c7a800 JavaThread "jar transforms Thread 2" [_thread_blocked, id=15144, stack(0x00000000261f0000,0x00000000262f0000)]
  0x0000000022c7c000 JavaThread "Build operations Thread 12" [_thread_blocked, id=15044, stack(0x0000000026420000,0x0000000026520000)]
  0x0000000022c80000 JavaThread "Build operations Thread 11" [_thread_blocked, id=3556, stack(0x0000000026320000,0x0000000026420000)]
  0x0000000022c7e800 JavaThread "Build operations Thread 10" [_thread_blocked, id=9280, stack(0x0000000025f40000,0x0000000026040000)]
  0x0000000022c7d800 JavaThread "Build operations Thread 9" [_thread_blocked, id=1508, stack(0x0000000025690000,0x0000000025790000)]
  0x0000000022c81800 JavaThread "Build operations Thread 8" [_thread_blocked, id=11048, stack(0x0000000025590000,0x0000000025690000)]
  0x0000000022c80800 JavaThread "Build operations Thread 7" [_thread_blocked, id=14856, stack(0x0000000025e40000,0x0000000025f40000)]
  0x0000000022c7f000 JavaThread "Build operations Thread 6" [_thread_blocked, id=9556, stack(0x0000000025d40000,0x0000000025e40000)]
  0x0000000022c7d000 JavaThread "Build operations Thread 5" [_thread_blocked, id=3064, stack(0x0000000025c40000,0x0000000025d40000)]
  0x0000000022c7b000 JavaThread "Build operations Thread 4" [_thread_blocked, id=1372, stack(0x0000000025b40000,0x0000000025c40000)]
  0x0000000022c73800 JavaThread "Build operations Thread 3" [_thread_blocked, id=11712, stack(0x0000000025a40000,0x0000000025b40000)]
  0x0000000022c78000 JavaThread "Build operations Thread 2" [_thread_blocked, id=12452, stack(0x0000000025940000,0x0000000025a40000)]
  0x0000000022c76000 JavaThread "Build operations" [_thread_blocked, id=9820, stack(0x0000000025840000,0x0000000025940000)]
  0x0000000022c79000 JavaThread "Cache worker for file content cache (C:\Users\Alex\.gradle\caches\6.5\fileContent)" [_thread_blocked, id=17836, stack(0x0000000023ec0000,0x0000000023fc0000)]
  0x0000000019d5a000 JavaThread "jar transforms" [_thread_blocked, id=16380, stack(0x0000000023dc0000,0x0000000023ec0000)]
  0x0000000019d5d000 JavaThread "Cache worker for execution history cache (C:\Users\Alex\.gradle\caches\6.5\executionHistory)" [_thread_blocked, id=2368, stack(0x00000000236c0000,0x00000000237c0000)]
  0x0000000019d59000 JavaThread "Cache worker for cache directory md-rule (C:\Users\Alex\.gradle\caches\6.5\md-rule)" [_thread_blocked, id=17732, stack(0x00000000235c0000,0x00000000236c0000)]
  0x0000000019d5b800 JavaThread "Cache worker for cache directory md-supplier (C:\Users\Alex\.gradle\caches\6.5\md-supplier)" [_thread_blocked, id=10624, stack(0x0000000022400000,0x0000000022500000)]
  0x0000000019d58800 JavaThread "Cache worker for checksums cache (D:\AndroidProjects\KursachGameShop2\.gradle\checksums)" [_thread_blocked, id=14932, stack(0x0000000022070000,0x0000000022170000)]
  0x0000000019d57000 JavaThread "Cache worker for file hash cache (D:\AndroidProjects\KursachGameShop2\.gradle\6.5\fileHashes)" [_thread_blocked, id=9160, stack(0x0000000021d70000,0x0000000021e70000)]
  0x0000000019d57800 JavaThread "Cache worker for file hash cache (C:\Users\Alex\.gradle\caches\6.5\fileHashes)" [_thread_blocked, id=13364, stack(0x000000001fad0000,0x000000001fbd0000)]
  0x0000000019d5a800 JavaThread "File lock request listener" [_thread_in_native, id=10904, stack(0x000000001f9d0000,0x000000001fad0000)]
  0x000000001d728800 JavaThread "Cache worker for journal cache (C:\Users\Alex\.gradle\caches\journal-1)" [_thread_blocked, id=17476, stack(0x000000001f8d0000,0x000000001f9d0000)]
  0x000000001d6d2000 JavaThread "Thread-9" [_thread_blocked, id=5072, stack(0x000000001f5d0000,0x000000001f6d0000)]
  0x000000001d6cf800 JavaThread "Stdin handler" [_thread_blocked, id=13952, stack(0x000000001f4d0000,0x000000001f5d0000)]
  0x000000001d6ee800 JavaThread "Asynchronous log dispatcher for DefaultDaemonConnection: socket connection from /127.0.0.1:59944 to /127.0.0.1:59945" [_thread_blocked, id=3228, stack(0x000000001f3d0000,0x000000001f4d0000)]
  0x000000001d6b5800 JavaThread "Daemon worker" [_thread_in_vm, id=3092, stack(0x000000001f2d0000,0x000000001f3d0000)]
  0x000000001d5b1000 JavaThread "Cancel handler" [_thread_blocked, id=9108, stack(0x000000001f1d0000,0x000000001f2d0000)]
  0x000000001d5a3000 JavaThread "Handler for socket connection from /127.0.0.1:59944 to /127.0.0.1:59945" [_thread_in_native, id=11792, stack(0x000000001f0d0000,0x000000001f1d0000)]
  0x000000001d59b800 JavaThread "Daemon" [_thread_blocked, id=16536, stack(0x000000001ecd0000,0x000000001edd0000)]
  0x000000001d648000 JavaThread "Daemon periodic checks" [_thread_blocked, id=2560, stack(0x000000001ebd0000,0x000000001ecd0000)]
  0x000000001d56e000 JavaThread "Incoming local TCP Connector on port 59944" [_thread_in_native, id=8988, stack(0x000000001e980000,0x000000001ea80000)]
  0x000000001cf3d000 JavaThread "Daemon health stats" [_thread_blocked, id=17984, stack(0x000000001e340000,0x000000001e440000)]
  0x0000000019dd9000 JavaThread "Service Thread" daemon [_thread_blocked, id=16460, stack(0x000000001b7a0000,0x000000001b8a0000)]
  0x0000000019d5c000 JavaThread "C1 CompilerThread3" daemon [_thread_in_native, id=11648, stack(0x000000001b6a0000,0x000000001b7a0000)]
=>0x0000000019d5d800 JavaThread "C2 CompilerThread2" daemon [_thread_in_native, id=16160, stack(0x000000001b5a0000,0x000000001b6a0000)]
  0x0000000019d4f000 JavaThread "C2 CompilerThread1" daemon [_thread_in_native, id=16816, stack(0x000000001b4a0000,0x000000001b5a0000)]
  0x0000000019d43800 JavaThread "C2 CompilerThread0" daemon [_thread_in_native, id=8228, stack(0x000000001b3a0000,0x000000001b4a0000)]
  0x0000000019d42000 JavaThread "Attach Listener" daemon [_thread_blocked, id=5136, stack(0x000000001b2a0000,0x000000001b3a0000)]
  0x0000000019d40800 JavaThread "Signal Dispatcher" daemon [_thread_blocked, id=14248, stack(0x000000001b1a0000,0x000000001b2a0000)]
  0x00000000033da800 JavaThread "Finalizer" daemon [_thread_blocked, id=4712, stack(0x000000001af90000,0x000000001b090000)]
  0x0000000019d33000 JavaThread "Reference Handler" daemon [_thread_blocked, id=7244, stack(0x000000001ae90000,0x000000001af90000)]
  0x000000000327d800 JavaThread "main" [_thread_blocked, id=9544, stack(0x00000000030f0000,0x00000000031f0000)]

Other Threads:
  0x0000000019d12800 VMThread [stack: 0x000000001ad90000,0x000000001ae90000] [id=2184]
  0x0000000019dda000 WatcherThread [stack: 0x000000001b8a0000,0x000000001b9a0000] [id=3596]

VM state:not at safepoint (normal execution)

VM Mutex/Monitor currently owned by a thread: None

heap address: 0x0000000080000000, size: 2048 MB, Compressed Oops mode: 32-bit
Narrow klass base: 0x0000000000000000, Narrow klass shift: 3
Compressed class space size: 1073741824 Address: 0x0000000100000000

Heap:
 PSYoungGen      total 163840K, used 98778K [0x00000000d5580000, 0x00000000e1580000, 0x0000000100000000)
  eden space 156160K, 58% used [0x00000000d5580000,0x00000000daec3c20,0x00000000dee00000)
  from space 7680K, 95% used [0x00000000e0e00000,0x00000000e1532ea0,0x00000000e1580000)
  to   space 11264K, 0% used [0x00000000dff80000,0x00000000dff80000,0x00000000e0a80000)
 ParOldGen       total 142336K, used 14501K [0x0000000080000000, 0x0000000088b00000, 0x00000000d5580000)
  object space 142336K, 10% used [0x0000000080000000,0x0000000080e296d0,0x0000000088b00000)
 Metaspace       used 46607K, capacity 48446K, committed 48680K, reserved 1091584K
  class space    used 6308K, capacity 6673K, committed 6696K, reserved 1048576K

Card table byte_map: [0x00000000127a0000,0x0000000012bb0000] byte_map_base: 0x00000000123a0000

Marking Bits: (ParMarkBitMap*) 0x000000005e31f030
 Begin Bits: [0x0000000013860000, 0x0000000015860000)
 End Bits:   [0x0000000015860000, 0x0000000017860000)

Polling page: 0x0000000000ff0000

CodeCache: size=245760Kb used=14189Kb max_used=14189Kb free=231570Kb
 bounds [0x00000000033e0000, 0x00000000041d0000, 0x00000000123e0000]
 total_blobs=4843 nmethods=4101 adapters=655
 compilation: enabled

Compilation events (10 events):
Event: 7.136 Thread 0x0000000019d5c000 4141       3       org.gradle.api.internal.artifacts.configurations.DefaultConfiguration_Decorated::getName (40 bytes)
Event: 7.136 Thread 0x0000000019d5c000 nmethod 4141 0x000000000419bc10 code [0x000000000419bde0, 0x000000000419c528]
Event: 7.136 Thread 0x0000000019d5c000 4142       3       org.gradle.tooling.internal.provider.runner.ClientForwardingProjectConfigurationOperationListener$$Lambda$144/51184328::apply (14 bytes)
Event: 7.137 Thread 0x0000000019d5c000 nmethod 4142 0x000000000419c7d0 code [0x000000000419c940, 0x000000000419cc48]
Event: 7.137 Thread 0x0000000019d5c000 4144       3       org.gradle.internal.instantiation.generator.AsmBackedClassGenerator::getServicesForNext (13 bytes)
Event: 7.137 Thread 0x0000000019d5c000 nmethod 4144 0x000000000419cd50 code [0x000000000419cec0, 0x000000000419d1a8]
Event: 7.137 Thread 0x0000000019d5c000 4145       1       org.gradle.api.internal.collections.DefaultCollectionEventRegister::getAddActions (5 bytes)
Event: 7.137 Thread 0x0000000019d5c000 nmethod 4145 0x000000000419d290 code [0x000000000419d3e0, 0x000000000419d4f0]
Event: 7.138 Thread 0x0000000019d5c000 4147       3       sun.misc.URLClassPath$JarLoader$2::getCodeSigners (8 bytes)
Event: 7.138 Thread 0x0000000019d5c000 nmethod 4147 0x000000000419d550 code [0x000000000419d6c0, 0x000000000419d8e8]

GC Heap History (10 events):
Event: 4.254 GC heap before
{Heap before GC invocations=6 (full 1):
 PSYoungGen      total 75776K, used 65024K [0x00000000d5580000, 0x00000000de980000, 0x0000000100000000)
  eden space 65024K, 100% used [0x00000000d5580000,0x00000000d9500000,0x00000000d9500000)
  from space 10752K, 0% used [0x00000000d9f80000,0x00000000d9f80000,0x00000000daa00000)
  to   space 10752K, 0% used [0x00000000d9500000,0x00000000d9500000,0x00000000d9f80000)
 ParOldGen       total 95744K, used 7247K [0x0000000080000000, 0x0000000085d80000, 0x00000000d5580000)
  object space 95744K, 7% used [0x0000000080000000,0x0000000080713dc0,0x0000000085d80000)
 Metaspace       used 28845K, capacity 29708K, committed 29872K, reserved 1075200K
  class space    used 3996K, capacity 4231K, committed 4272K, reserved 1048576K
Event: 4.259 GC heap after
Heap after GC invocations=6 (full 1):
 PSYoungGen      total 75776K, used 8629K [0x00000000d5580000, 0x00000000dd300000, 0x0000000100000000)
  eden space 65024K, 0% used [0x00000000d5580000,0x00000000d5580000,0x00000000d9500000)
  from space 10752K, 80% used [0x00000000d9500000,0x00000000d9d6d5c0,0x00000000d9f80000)
  to   space 11776K, 0% used [0x00000000dc780000,0x00000000dc780000,0x00000000dd300000)
 ParOldGen       total 95744K, used 7255K [0x0000000080000000, 0x0000000085d80000, 0x00000000d5580000)
  object space 95744K, 7% used [0x0000000080000000,0x0000000080715dc0,0x0000000085d80000)
 Metaspace       used 28845K, capacity 29708K, committed 29872K, reserved 1075200K
  class space    used 3996K, capacity 4231K, committed 4272K, reserved 1048576K
}
Event: 5.086 GC heap before
{Heap before GC invocations=7 (full 1):
 PSYoungGen      total 75776K, used 73653K [0x00000000d5580000, 0x00000000dd300000, 0x0000000100000000)
  eden space 65024K, 100% used [0x00000000d5580000,0x00000000d9500000,0x00000000d9500000)
  from space 10752K, 80% used [0x00000000d9500000,0x00000000d9d6d5c0,0x00000000d9f80000)
  to   space 11776K, 0% used [0x00000000dc780000,0x00000000dc780000,0x00000000dd300000)
 ParOldGen       total 95744K, used 7255K [0x0000000080000000, 0x0000000085d80000, 0x00000000d5580000)
  object space 95744K, 7% used [0x0000000080000000,0x0000000080715dc0,0x0000000085d80000)
 Metaspace       used 32950K, capacity 34024K, committed 34224K, reserved 1079296K
  class space    used 4497K, capacity 4761K, committed 4784K, reserved 1048576K
Event: 5.098 GC heap after
Heap after GC invocations=7 (full 1):
 PSYoungGen      total 114688K, used 9205K [0x00000000d5580000, 0x00000000dd200000, 0x0000000100000000)
  eden space 103936K, 0% used [0x00000000d5580000,0x00000000d5580000,0x00000000dbb00000)
  from space 10752K, 85% used [0x00000000dc780000,0x00000000dd07d7e0,0x00000000dd200000)
  to   space 11776K, 0% used [0x00000000dbb00000,0x00000000dbb00000,0x00000000dc680000)
 ParOldGen       total 95744K, used 7263K [0x0000000080000000, 0x0000000085d80000, 0x00000000d5580000)
  object space 95744K, 7% used [0x0000000080000000,0x0000000080717dc0,0x0000000085d80000)
 Metaspace       used 32950K, capacity 34024K, committed 34224K, reserved 1079296K
  class space    used 4497K, capacity 4761K, committed 4784K, reserved 1048576K
}
Event: 5.367 GC heap before
{Heap before GC invocations=8 (full 1):
 PSYoungGen      total 114688K, used 38586K [0x00000000d5580000, 0x00000000dd200000, 0x0000000100000000)
  eden space 103936K, 28% used [0x00000000d5580000,0x00000000d7231060,0x00000000dbb00000)
  from space 10752K, 85% used [0x00000000dc780000,0x00000000dd07d7e0,0x00000000dd200000)
  to   space 11776K, 0% used [0x00000000dbb00000,0x00000000dbb00000,0x00000000dc680000)
 ParOldGen       total 95744K, used 7263K [0x0000000080000000, 0x0000000085d80000, 0x00000000d5580000)
  object space 95744K, 7% used [0x0000000080000000,0x0000000080717dc0,0x0000000085d80000)
 Metaspace       used 34348K, capacity 35432K, committed 35496K, reserved 1079296K
  class space    used 4723K, capacity 5007K, committed 5032K, reserved 1048576K
Event: 5.384 GC heap after
Heap after GC invocations=8 (full 1):
 PSYoungGen      total 115712K, used 8068K [0x00000000d5580000, 0x00000000e1980000, 0x0000000100000000)
  eden space 103936K, 0% used [0x00000000d5580000,0x00000000d5580000,0x00000000dbb00000)
  from space 11776K, 68% used [0x00000000dbb00000,0x00000000dc2e1380,0x00000000dc680000)
  to   space 11776K, 0% used [0x00000000e0e00000,0x00000000e0e00000,0x00000000e1980000)
 ParOldGen       total 95744K, used 7271K [0x0000000080000000, 0x0000000085d80000, 0x00000000d5580000)
  object space 95744K, 7% used [0x0000000080000000,0x0000000080719dc0,0x0000000085d80000)
 Metaspace       used 34348K, capacity 35432K, committed 35496K, reserved 1079296K
  class space    used 4723K, capacity 5007K, committed 5032K, reserved 1048576K
}
Event: 5.384 GC heap before
{Heap before GC invocations=9 (full 2):
 PSYoungGen      total 115712K, used 8068K [0x00000000d5580000, 0x00000000e1980000, 0x0000000100000000)
  eden space 103936K, 0% used [0x00000000d5580000,0x00000000d5580000,0x00000000dbb00000)
  from space 11776K, 68% used [0x00000000dbb00000,0x00000000dc2e1380,0x00000000dc680000)
  to   space 11776K, 0% used [0x00000000e0e00000,0x00000000e0e00000,0x00000000e1980000)
 ParOldGen       total 95744K, used 7271K [0x0000000080000000, 0x0000000085d80000, 0x00000000d5580000)
  object space 95744K, 7% used [0x0000000080000000,0x0000000080719dc0,0x0000000085d80000)
 Metaspace       used 34348K, capacity 35432K, committed 35496K, reserved 1079296K
  class space    used 4723K, capacity 5007K, committed 5032K, reserved 1048576K
Event: 5.450 GC heap after
Heap after GC invocations=9 (full 2):
 PSYoungGen      total 115712K, used 0K [0x00000000d5580000, 0x00000000e1980000, 0x0000000100000000)
  eden space 103936K, 0% used [0x00000000d5580000,0x00000000d5580000,0x00000000dbb00000)
  from space 11776K, 0% used [0x00000000dbb00000,0x00000000dbb00000,0x00000000dc680000)
  to   space 11776K, 0% used [0x00000000e0e00000,0x00000000e0e00000,0x00000000e1980000)
 ParOldGen       total 142336K, used 14493K [0x0000000080000000, 0x0000000088b00000, 0x00000000d5580000)
  object space 142336K, 10% used [0x0000000080000000,0x0000000080e276d0,0x0000000088b00000)
 Metaspace       used 34348K, capacity 35432K, committed 35496K, reserved 1079296K
  class space    used 4723K, capacity 5007K, committed 5032K, reserved 1048576K
}
Event: 6.217 GC heap before
{Heap before GC invocations=10 (full 2):
 PSYoungGen      total 115712K, used 103936K [0x00000000d5580000, 0x00000000e1980000, 0x0000000100000000)
  eden space 103936K, 100% used [0x00000000d5580000,0x00000000dbb00000,0x00000000dbb00000)
  from space 11776K, 0% used [0x00000000dbb00000,0x00000000dbb00000,0x00000000dc680000)
  to   space 11776K, 0% used [0x00000000e0e00000,0x00000000e0e00000,0x00000000e1980000)
 ParOldGen       total 142336K, used 14493K [0x0000000080000000, 0x0000000088b00000, 0x00000000d5580000)
  object space 142336K, 10% used [0x0000000080000000,0x0000000080e276d0,0x0000000088b00000)
 Metaspace       used 37399K, capacity 39134K, committed 39336K, reserved 1083392K
  class space    used 5160K, capacity 5527K, committed 5544K, reserved 1048576K
Event: 6.224 GC heap after
Heap after GC invocations=10 (full 2):
 PSYoungGen      total 163840K, used 7371K [0x00000000d5580000, 0x00000000e1580000, 0x0000000100000000)
  eden space 156160K, 0% used [0x00000000d5580000,0x00000000d5580000,0x00000000dee00000)
  from space 7680K, 95% used [0x00000000e0e00000,0x00000000e1532ea0,0x00000000e1580000)
  to   space 11264K, 0% used [0x00000000dff80000,0x00000000dff80000,0x00000000e0a80000)
 ParOldGen       total 142336K, used 14501K [0x0000000080000000, 0x0000000088b00000, 0x00000000d5580000)
  object space 142336K, 10% used [0x0000000080000000,0x0000000080e296d0,0x0000000088b00000)
 Metaspace       used 37399K, capacity 39134K, committed 39336K, reserved 1083392K
  class space    used 5160K, capacity 5527K, committed 5544K, reserved 1048576K
}

Deoptimization events (10 events):
Event: 7.010 Thread 0x000000001d6b5800 Uncommon trap: reason=unstable_if action=reinterpret pc=0x00000000039074f0 method=java.util.jar.JarFile.maybeInstantiateVerifier()V @ 4
Event: 7.010 Thread 0x000000001d6b5800 Uncommon trap: reason=unstable_if action=reinterpret pc=0x0000000003e51cd4 method=java.security.CodeSource.matchCerts(Ljava/security/CodeSource;Z)Z @ 11
Event: 7.010 Thread 0x000000001d6b5800 Uncommon trap: reason=unstable_if action=reinterpret pc=0x00000000040840e8 method=java.security.CodeSource.getCertificates()[Ljava/security/cert/Certificate; @ 4
Event: 7.010 Thread 0x000000001d6b5800 Uncommon trap: reason=unstable_if action=reinterpret pc=0x00000000040840e8 method=java.security.CodeSource.getCertificates()[Ljava/security/cert/Certificate; @ 4
Event: 7.034 Thread 0x000000001d6b5800 Uncommon trap: reason=unstable_if action=reinterpret pc=0x0000000003d0bb34 method=java.util.LinkedHashMap.get(Ljava/lang/Object;)Ljava/lang/Object; @ 20
Event: 7.063 Thread 0x000000001d6b5800 Uncommon trap: reason=unstable_if action=reinterpret pc=0x0000000003e41ebc method=java.security.CodeSource.matchCerts(Ljava/security/CodeSource;Z)Z @ 11
Event: 7.118 Thread 0x000000001d6b5800 Uncommon trap: reason=bimorphic action=maybe_recompile pc=0x0000000003f95538 method=java.util.regex.Pattern$CharProperty.match(Ljava/util/regex/Matcher;ILjava/lang/CharSequence;)Z @ 18
Event: 7.118 Thread 0x000000001d6b5800 Uncommon trap: reason=bimorphic action=maybe_recompile pc=0x0000000003f95538 method=java.util.regex.Pattern$CharProperty.match(Ljava/util/regex/Matcher;ILjava/lang/CharSequence;)Z @ 18
Event: 7.118 Thread 0x000000001d6b5800 Uncommon trap: reason=bimorphic action=maybe_recompile pc=0x0000000003f95538 method=java.util.regex.Pattern$CharProperty.match(Ljava/util/regex/Matcher;ILjava/lang/CharSequence;)Z @ 18
Event: 7.129 Thread 0x000000001d6b5800 Uncommon trap: reason=bimorphic action=maybe_recompile pc=0x0000000003f95538 method=java.util.regex.Pattern$CharProperty.match(Ljava/util/regex/Matcher;ILjava/lang/CharSequence;)Z @ 18

Classes redefined (0 events):
No events

Internal exceptions (10 events):
Event: 6.133 Thread 0x000000001d6d2000 Exception <a 'java/lang/NoSuchMethodError': <clinit>> (0x00000000d7c3e3a8) thrown at [C:\src\AOSP-openjdk-git\hotspot\src\share\vm\prims\jni.cpp, line 1615]
Event: 6.135 Thread 0x000000001d6d2000 Exception <a 'java/lang/NoSuchMethodError': <clinit>> (0x00000000d7c51778) thrown at [C:\src\AOSP-openjdk-git\hotspot\src\share\vm\prims\jni.cpp, line 1615]
Event: 6.144 Thread 0x000000001d6b5800 Exception <a 'java/lang/ClassNotFoundException': build_cv1q9965xubvmk1fc3u6pnniiBeanInfo> (0x00000000db39fb98) thrown at [C:\src\AOSP-openjdk-git\hotspot\src\share\vm\classfile\systemDictionary.cpp, line 210]
Event: 6.144 Thread 0x000000001d6b5800 Exception <a 'java/lang/ClassNotFoundException': build_cv1q9965xubvmk1fc3u6pnniiCustomizer> (0x00000000db3ab810) thrown at [C:\src\AOSP-openjdk-git\hotspot\src\share\vm\classfile\systemDictionary.cpp, line 210]
Event: 6.151 Thread 0x000000001d6b5800 Exception <a 'java/lang/ClassNotFoundException': org/gradle/plugin/use/internal/PluginRequestCollector$PluginDependenciesSpecImplBeanInfo> (0x00000000db44b498) thrown at [C:\src\AOSP-openjdk-git\hotspot\src\share\vm\classfile\systemDictionary.cpp, line 21
Event: 6.151 Thread 0x000000001d6b5800 Exception <a 'java/lang/ClassNotFoundException': org/gradle/plugin/use/internal/PluginRequestCollector$PluginDependenciesSpecImplCustomizer> (0x00000000db48b3d8) thrown at [C:\src\AOSP-openjdk-git\hotspot\src\share\vm\classfile\systemDictionary.cpp, line 
Event: 6.178 Thread 0x000000001d6b5800 Exception <a 'java/lang/ClassNotFoundException': org/gradle/api/internal/plugins/DefaultObjectConfigurationActionBeanInfo> (0x00000000db788cf8) thrown at [C:\src\AOSP-openjdk-git\hotspot\src\share\vm\classfile\systemDictionary.cpp, line 210]
Event: 6.179 Thread 0x000000001d6b5800 Exception <a 'java/lang/ClassNotFoundException': org/gradle/api/internal/plugins/DefaultObjectConfigurationActionCustomizer> (0x00000000db7cd058) thrown at [C:\src\AOSP-openjdk-git\hotspot\src\share\vm\classfile\systemDictionary.cpp, line 210]
Event: 6.475 Thread 0x000000001d6b5800 Exception <a 'sun/nio/fs/WindowsException'> (0x00000000d6bf6b98) thrown at [C:\src\AOSP-openjdk-git\hotspot\src\share\vm\prims\jni.cpp, line 710]
Event: 6.941 Thread 0x000000001d6b5800 Implicit null exception at 0x0000000003f3d9a8 to 0x0000000003f3decd

Events (10 events):
Event: 7.136 loading class com/android/build/gradle/internal/variant/LegacyVariantInputManager$6
Event: 7.136 loading class com/android/build/gradle/internal/variant/LegacyVariantInputManager$6 done
Event: 7.137 loading class com/android/build/gradle/internal/dsl/BaseAppModuleExtension
Event: 7.137 loading class com/android/build/gradle/internal/dsl/BaseAppModuleExtension done
Event: 7.137 loading class com/android/build/gradle/internal/dsl/InternalApplicationExtension
Event: 7.137 loading class com/android/build/gradle/internal/dsl/InternalApplicationExtension done
Event: 7.138 loading class com/android/build/api/dsl/ApplicationExtension
Event: 7.138 loading class com/android/build/api/dsl/ApplicationExtension done
Event: 7.138 loading class com/android/build/api/dsl/CommonExtension
Event: 7.138 loading class com/android/build/api/dsl/CommonExtension done


Dynamic libraries:
0x00007ff6db520000 - 0x00007ff6db551000 	D:\Android\jre\bin\java.exe
0x00007ffc73110000 - 0x00007ffc73306000 	C:\WINDOWS\SYSTEM32\ntdll.dll
0x00007ffc72700000 - 0x00007ffc727bd000 	C:\WINDOWS\System32\KERNEL32.DLL
0x00007ffc70880000 - 0x00007ffc70b49000 	C:\WINDOWS\System32\KERNELBASE.dll
0x00007ffc73020000 - 0x00007ffc730cc000 	C:\WINDOWS\System32\ADVAPI32.dll
0x00007ffc72bc0000 - 0x00007ffc72c5e000 	C:\WINDOWS\System32\msvcrt.dll
0x00007ffc71be0000 - 0x00007ffc71c7c000 	C:\WINDOWS\System32\sechost.dll
0x00007ffc72980000 - 0x00007ffc72aab000 	C:\WINDOWS\System32\RPCRT4.dll
0x00007ffc72520000 - 0x00007ffc726c0000 	C:\WINDOWS\System32\USER32.dll
0x00007ffc70850000 - 0x00007ffc70872000 	C:\WINDOWS\System32\win32u.dll
0x00007ffc716c0000 - 0x00007ffc716ea000 	C:\WINDOWS\System32\GDI32.dll
0x00007ffc70d00000 - 0x00007ffc70e0b000 	C:\WINDOWS\System32\gdi32full.dll
0x00007ffc70e10000 - 0x00007ffc70ead000 	C:\WINDOWS\System32\msvcp_win.dll
0x00007ffc71070000 - 0x00007ffc71170000 	C:\WINDOWS\System32\ucrtbase.dll
0x00007ffc55a80000 - 0x00007ffc55d1b000 	C:\WINDOWS\WinSxS\amd64_microsoft.windows.common-controls_6595b64144ccf1df_6.0.19041.746_none_ca02b4b61b8320a4\COMCTL32.dll
0x00007ffc726c0000 - 0x00007ffc726f0000 	C:\WINDOWS\System32\IMM32.DLL
0x000000005d990000 - 0x000000005da62000 	D:\Android\jre\jre\bin\msvcr100.dll
0x000000005db50000 - 0x000000005e39b000 	D:\Android\jre\jre\bin\server\jvm.dll
0x00007ffc726f0000 - 0x00007ffc726f8000 	C:\WINDOWS\System32\PSAPI.DLL
0x00007ffc57300000 - 0x00007ffc57327000 	C:\WINDOWS\SYSTEM32\WINMM.dll
0x00007ffc6c220000 - 0x00007ffc6c229000 	C:\WINDOWS\SYSTEM32\WSOCK32.dll
0x00007ffc69210000 - 0x00007ffc6921a000 	C:\WINDOWS\SYSTEM32\VERSION.dll
0x00007ffc724b0000 - 0x00007ffc7251b000 	C:\WINDOWS\System32\WS2_32.dll
0x00007ffc6c140000 - 0x00007ffc6c14f000 	D:\Android\jre\jre\bin\verify.dll
0x00007ffc51170000 - 0x00007ffc51199000 	D:\Android\jre\jre\bin\java.dll
0x00007ffc50120000 - 0x00007ffc50136000 	D:\Android\jre\jre\bin\zip.dll
0x00007ffc71c80000 - 0x00007ffc723c2000 	C:\WINDOWS\System32\SHELL32.dll
0x00007ffc6e6a0000 - 0x00007ffc6ee30000 	C:\WINDOWS\SYSTEM32\windows.storage.dll
0x00007ffc72cc0000 - 0x00007ffc73016000 	C:\WINDOWS\System32\combase.dll
0x00007ffc702b0000 - 0x00007ffc702dc000 	C:\WINDOWS\SYSTEM32\Wldp.dll
0x00007ffc71180000 - 0x00007ffc7122e000 	C:\WINDOWS\System32\SHCORE.dll
0x00007ffc72c60000 - 0x00007ffc72cb5000 	C:\WINDOWS\System32\shlwapi.dll
0x00007ffc70780000 - 0x00007ffc707a6000 	C:\WINDOWS\SYSTEM32\profapi.dll
0x00007ffc50100000 - 0x00007ffc5011a000 	D:\Android\jre\jre\bin\net.dll
0x00007ffc70030000 - 0x00007ffc7009a000 	C:\WINDOWS\system32\mswsock.dll
0x00007ffc43a60000 - 0x00007ffc43a73000 	D:\Android\jre\jre\bin\nio.dll
0x00007ffc39600000 - 0x00007ffc39627000 	C:\Users\Alex\.gradle\native\f6784746aeab05261644944871eae4fe03e0ef1612fff0a4a95f87b438bc6780\windows-amd64\native-platform.dll
0x00007ffc6c110000 - 0x00007ffc6c11d000 	D:\Android\jre\jre\bin\management.dll
0x00007ffc70200000 - 0x00007ffc70218000 	C:\WINDOWS\SYSTEM32\CRYPTSP.dll
0x00007ffc6f960000 - 0x00007ffc6f994000 	C:\WINDOWS\system32\rsaenh.dll
0x00007ffc70cd0000 - 0x00007ffc70cf7000 	C:\WINDOWS\System32\bcrypt.dll
0x00007ffc70700000 - 0x00007ffc7072e000 	C:\WINDOWS\SYSTEM32\USERENV.dll
0x00007ffc70c50000 - 0x00007ffc70cd0000 	C:\WINDOWS\System32\bcryptprimitives.dll
0x00007ffc70220000 - 0x00007ffc7022c000 	C:\WINDOWS\SYSTEM32\CRYPTBASE.dll
0x00007ffc6fcd0000 - 0x00007ffc6fd0b000 	C:\WINDOWS\SYSTEM32\IPHLPAPI.DLL
0x00007ffc727e0000 - 0x00007ffc727e8000 	C:\WINDOWS\System32\NSI.dll
0x00007ffc6c060000 - 0x00007ffc6c077000 	C:\WINDOWS\SYSTEM32\dhcpcsvc6.DLL
0x00007ffc6bee0000 - 0x00007ffc6befd000 	C:\WINDOWS\SYSTEM32\dhcpcsvc.DLL
0x00007ffc6fd10000 - 0x00007ffc6fddb000 	C:\WINDOWS\SYSTEM32\DNSAPI.dll
0x00007ffc69080000 - 0x00007ffc6908b000 	C:\WINDOWS\SYSTEM32\WINNSI.DLL
0x00007ffc6ee40000 - 0x00007ffc6f024000 	C:\WINDOWS\SYSTEM32\dbghelp.dll

VM Arguments:
jvm_args: -Xmx2048m -Dfile.encoding=UTF-8 -Duser.country=RU -Duser.language=ru -Duser.variant 
java_command: org.gradle.launcher.daemon.bootstrap.GradleDaemon 6.5
java_class_path (initial): C:\Users\Alex\.gradle\wrapper\dists\gradle-6.5-all\2oz4ud9k3tuxjg84bbf55q0tn\gradle-6.5\lib\gradle-launcher-6.5.jar
Launcher Type: SUN_STANDARD

Environment Variables:
JAVA_HOME=C:\Program Files\BellSoft\LibericaJDK-11\
PATH=C:\Program Files\BellSoft\LibericaJDK-11\bin\;C:\Program Files (x86)\Common Files\Oracle\Java\javapath;C:\Windows\system32;C:\Windows;C:\Windows\System32\Wbem;C:\Windows\System32\WindowsPowerShell\v1.0\;C:\Windows\System32\OpenSSH\;C:\Program Files (x86)\NVIDIA Corporation\PhysX\Common;C:\Program Files\dotnet\;C:\Program Files\Microsoft SQL Server\130\Tools\Binn\;C:\Program Files\Microsoft SQL Server\Client SDK\ODBC\170\Tools\Binn\;C:\Program Files\NVIDIA Corporation\NVIDIA NvDLISR;C:\WINDOWS\system32;C:\WINDOWS;C:\WINDOWS\System32\Wbem;C:\WINDOWS\System32\WindowsPowerShell\v1.0\;C:\WINDOWS\System32\OpenSSH\;C:\Program Files\Git\cmd;C:\Program Files\Git\mingw64\bin;C:\Program Files\Git\usr\bin;C:\Python39\Scripts\;C:\Python39\;C:\Users\Alex\AppData\Local\Microsoft\WindowsApps;;C:\Program Files\JetBrains\IntelliJ IDEA Community Edition 2020.3.1\bin;;C:\Users\Alex\.dotnet\tools
USERNAME=Alex
OS=Windows_NT
PROCESSOR_IDENTIFIER=Intel64 Family 6 Model 158 Stepping 10, GenuineIntel



---------------  S Y S T E M  ---------------

OS: Windows 10.0 , 64 bit Build 19041 (10.0.19041.804)

CPU:total 12 (initial active 12) (6 cores per cpu, 2 threads per core) family 6 model 158 stepping 10, cmov, cx8, fxsr, mmx, sse, sse2, sse3, ssse3, sse4.1, sse4.2, popcnt, avx, avx2, aes, clmul, erms, 3dnowpref, lzcnt, ht, tsc, tscinvbit, bmi1, bmi2, adx

Memory: 4k page, physical 16622900k(6287128k free), swap 19113268k(5466068k free)

vm_info: OpenJDK 64-Bit Server VM (25.242-b01) for windows-amd64 JRE (1.8.0_242-release-1644-b01), built by "builder" with MS VC++ 10.0 (VS2010)

time: Thu Apr 08 17:58:55 2021
timezone: RTZ 2 (зима)
elapsed time: 7 seconds (0d 0h 0m 7s)

