#
# A fatal error has been detected by the Java Runtime Environment:
#
#  EXCEPTION_ACCESS_VIOLATION (0xc0000005) at pc=0x000000005b73fb47, pid=10432, tid=0x0000000000002854
#
# JRE version: OpenJDK Runtime Environment (8.0_242-b01) (build 1.8.0_242-release-1644-b01)
# Java VM: OpenJDK 64-Bit Server VM (25.242-b01 mixed mode windows-amd64 compressed oops)
# Problematic frame:
# V  [jvm.dll+0x4dfb47]
#
# Failed to write core dump. Minidumps are not enabled by default on client versions of Windows
#
# If you would like to submit a bug report, please visit:
#   
#

---------------  T H R E A D  ---------------

Current thread (0x00000000194eb800):  JavaThread "C2 CompilerThread1" daemon [_thread_in_native, id=10324, stack(0x000000001ac40000,0x000000001ad40000)]

siginfo: ExceptionCode=0xc0000005, reading address 0x0000010000000018

Registers:
RAX=0x0000000000000060, RBX=0x000000001ad3d538, RCX=0x000000002225fb98, RDX=0x000000005b8a0de8
RSP=0x000000001ad3b9b0, RBP=0x000000000000016f, RSI=0x0000000000000002, RDI=0x0000010000000000
R8 =0x000000001ad3f860, R9 =0x000000002225fbd0, R10=0x0000000100000001, R11=0x0000000022640b10
R12=0x0000000000000000, R13=0x000000002225fb98, R14=0x000000000000016f, R15=0x0000000000000060
RIP=0x000000005b73fb47, EFLAGS=0x0000000000010202

Top of Stack: (sp=0x000000001ad3b9b0)
0x000000001ad3b9b0:   000000001ad3d538 0000000000000d80
0x000000001ad3b9c0:   000000002225d3e0 000000001ad3c160
0x000000001ad3b9d0:   000000001ad3c160 0000000000000068
0x000000001ad3b9e0:   000000002225fb98 0000000000000010
0x000000001ad3b9f0:   000000002225fbe0 000000005b6f9cf5
0x000000001ad3ba00:   000000001ad3ba81 0000000000000d80
0x000000001ad3ba10:   000000001ad3c180 000000005b701c9e
0x000000001ad3ba20:   000000000000000d 000000001ad3bb20
0x000000001ad3ba30:   000000001ad3c160 000000001ad3c100
0x000000001ad3ba40:   0000000000000000 000000005b701c9e
0x000000001ad3ba50:   0000000030b1ed90 000000001ad3bb50
0x000000001ad3ba60:   0000000000000068 000000001ad3c100
0x000000001ad3ba70:   0000000000000000 000000005b701da0
0x000000001ad3ba80:   0000000030b1eaa0 0000000030b1f138
0x000000001ad3ba90:   000000002c82c088 000000002225d3e0
0x000000001ad3baa0:   000000002225d360 0000000000000068 

Instructions: (pc=0x000000005b73fb47)
0x000000005b73fb27:   89 64 24 30 45 33 e4 48 3b 7b 20 49 8b cd 44 0f
0x000000005b73fb37:   44 e5 4c 89 7c 24 20 ff 10 41 8b 75 18 44 8b f8
0x000000005b73fb47:   39 77 18 75 48 48 8b 17 48 8b cf ff 12 41 3b c7
0x000000005b73fb57:   75 3b 33 d2 85 f6 74 24 49 8b 4d 08 4c 8b 47 08 


Register to memory mapping:

RAX=0x0000000000000060 is an unknown value
RBX=0x000000001ad3d538 is pointing into the stack for thread: 0x00000000194eb800
RCX=0x000000002225fb98 is an unknown value
RDX=0x000000005b8a0de8 is an unknown value
RSP=0x000000001ad3b9b0 is pointing into the stack for thread: 0x00000000194eb800
RBP=0x000000000000016f is an unknown value
RSI=0x0000000000000002 is an unknown value
RDI=0x0000010000000000 is an unknown value
R8 =0x000000001ad3f860 is pointing into the stack for thread: 0x00000000194eb800
R9 =0x000000002225fbd0 is an unknown value
R10=0x0000000100000001 is pointing into metadata
R11=0x0000000022640b10 is an unknown value
R12=0x0000000000000000 is an unknown value
R13=0x000000002225fb98 is an unknown value
R14=0x000000000000016f is an unknown value
R15=0x0000000000000060 is an unknown value


Stack: [0x000000001ac40000,0x000000001ad40000],  sp=0x000000001ad3b9b0,  free space=1006k
Native frames: (J=compiled Java code, j=interpreted, Vv=VM code, C=native code)
V  [jvm.dll+0x4dfb47]
V  [jvm.dll+0x499cf5]
V  [jvm.dll+0x4a7412]
V  [jvm.dll+0x4a9705]
V  [jvm.dll+0x4a980b]
V  [jvm.dll+0x4a9857]
V  [jvm.dll+0x496cf2]
V  [jvm.dll+0x4470f0]
V  [jvm.dll+0x447f14]
V  [jvm.dll+0x42b072]
V  [jvm.dll+0x8230f]
V  [jvm.dll+0x82c7f]
V  [jvm.dll+0x220b7f]
V  [jvm.dll+0x27276a]
C  [msvcr100.dll+0x21d9f]
C  [msvcr100.dll+0x21e3b]
C  [KERNEL32.DLL+0x17034]
C  [ntdll.dll+0x4d241]


Current CompileTask:
C2:   7727 9011   !   4       com.sun.tools.javac.api.ClientCodeWrapper$WrappedJavaFileManager::inferBinaryName (42 bytes)


---------------  P R O C E S S  ---------------

Java Threads: ( => current thread )
  0x000000001d6fc000 JavaThread "Cache worker for Java compile cache (D:\AndroidProjects\KursachGameShop2\.gradle\6.5\javaCompile)" [_thread_blocked, id=8720, stack(0x000000002f110000,0x000000002f210000)]
  0x000000001d6fe000 JavaThread "Cache worker for Java compile cache (C:\Users\Alex\.gradle\caches\6.5\javaCompile)" [_thread_blocked, id=14992, stack(0x000000002f010000,0x000000002f110000)]
  0x000000001d6ff000 JavaThread "Cache worker for execution history cache (D:\AndroidProjects\KursachGameShop2\.gradle\6.5\executionHistory)" [_thread_blocked, id=17064, stack(0x000000002eb10000,0x000000002ec10000)]
  0x000000001d6fd800 JavaThread "Execution worker for ':' Thread 11" [_thread_in_vm, id=2240, stack(0x000000002ea10000,0x000000002eb10000)]
  0x0000000021fc4000 JavaThread "Execution worker for ':' Thread 10" [_thread_blocked, id=1868, stack(0x000000002e910000,0x000000002ea10000)]
  0x0000000021fc2800 JavaThread "Execution worker for ':' Thread 9" [_thread_blocked, id=6664, stack(0x000000002e810000,0x000000002e910000)]
  0x0000000021fc2000 JavaThread "Execution worker for ':' Thread 8" [_thread_blocked, id=4692, stack(0x000000002e710000,0x000000002e810000)]
  0x0000000021fc3800 JavaThread "Execution worker for ':' Thread 7" [_thread_blocked, id=8956, stack(0x000000002e610000,0x000000002e710000)]
  0x0000000021fc5000 JavaThread "Execution worker for ':' Thread 6" [_thread_blocked, id=6392, stack(0x000000002e510000,0x000000002e610000)]
  0x0000000021fba000 JavaThread "Execution worker for ':' Thread 5" [_thread_blocked, id=12104, stack(0x000000002e410000,0x000000002e510000)]
  0x0000000021fc1000 JavaThread "Execution worker for ':' Thread 4" [_thread_blocked, id=14844, stack(0x000000002e310000,0x000000002e410000)]
  0x0000000021fbf800 JavaThread "Execution worker for ':' Thread 3" [_thread_blocked, id=10392, stack(0x000000002e210000,0x000000002e310000)]
  0x0000000021fbf000 JavaThread "Execution worker for ':' Thread 2" [_thread_blocked, id=8136, stack(0x000000002e110000,0x000000002e210000)]
  0x0000000021fc0800 JavaThread "Execution worker for ':'" [_thread_blocked, id=4092, stack(0x000000002e010000,0x000000002e110000)]
  0x0000000021fb8800 JavaThread "Cache worker for file content cache (D:\AndroidProjects\KursachGameShop2\.gradle\6.5\fileContent)" [_thread_blocked, id=9288, stack(0x000000002d720000,0x000000002d820000)]
  0x0000000021fb9800 JavaThread "Memory manager" [_thread_blocked, id=16624, stack(0x000000002c420000,0x000000002c520000)]
  0x0000000021fb6800 JavaThread "pool-1-thread-1" [_thread_blocked, id=12812, stack(0x000000002b420000,0x000000002b520000)]
  0x0000000021fbd000 JavaThread "Cache worker for Build Output Cleanup Cache (D:\AndroidProjects\KursachGameShop2\.gradle\buildOutputCleanup)" [_thread_blocked, id=3120, stack(0x000000002b920000,0x000000002ba20000)]
  0x0000000021fbc800 JavaThread "jar transforms Thread 92" [_thread_blocked, id=2832, stack(0x000000002b320000,0x000000002b420000)]
  0x0000000021fbb000 JavaThread "jar transforms Thread 91" [_thread_blocked, id=3708, stack(0x000000002b220000,0x000000002b320000)]
  0x0000000021fbb800 JavaThread "jar transforms Thread 90" [_thread_blocked, id=6464, stack(0x000000002b120000,0x000000002b220000)]
  0x000000001d522000 JavaThread "jar transforms Thread 89" [_thread_blocked, id=4048, stack(0x000000002b020000,0x000000002b120000)]
  0x000000001d529000 JavaThread "jar transforms Thread 88" [_thread_blocked, id=4388, stack(0x000000002af20000,0x000000002b020000)]
  0x000000001d528000 JavaThread "jar transforms Thread 87" [_thread_blocked, id=12568, stack(0x000000002ae20000,0x000000002af20000)]
  0x000000001d527800 JavaThread "jar transforms Thread 86" [_thread_blocked, id=8200, stack(0x000000002ad20000,0x000000002ae20000)]
  0x000000001d526800 JavaThread "jar transforms Thread 85" [_thread_blocked, id=17112, stack(0x000000002ac20000,0x000000002ad20000)]
  0x000000001d526000 JavaThread "jar transforms Thread 84" [_thread_blocked, id=12056, stack(0x000000002ab20000,0x000000002ac20000)]
  0x000000001d521800 JavaThread "jar transforms Thread 83" [_thread_blocked, id=12756, stack(0x000000002aa20000,0x000000002ab20000)]
  0x000000001d525000 JavaThread "jar transforms Thread 82" [_thread_blocked, id=2944, stack(0x000000002a920000,0x000000002aa20000)]
  0x000000001d523800 JavaThread "jar transforms Thread 81" [_thread_blocked, id=13932, stack(0x000000002a820000,0x000000002a920000)]
  0x000000001d523000 JavaThread "jar transforms Thread 80" [_thread_blocked, id=2256, stack(0x000000002a720000,0x000000002a820000)]
  0x000000001d524800 JavaThread "jar transforms Thread 79" [_thread_blocked, id=13356, stack(0x000000002a620000,0x000000002a720000)]
  0x000000001d51a000 JavaThread "jar transforms Thread 78" [_thread_blocked, id=7312, stack(0x000000002a520000,0x000000002a620000)]
  0x000000001d51d800 JavaThread "jar transforms Thread 77" [_thread_blocked, id=14832, stack(0x000000002a420000,0x000000002a520000)]
  0x000000001d51b800 JavaThread "jar transforms Thread 76" [_thread_blocked, id=16424, stack(0x000000002a320000,0x000000002a420000)]
  0x000000001d51a800 JavaThread "jar transforms Thread 75" [_thread_blocked, id=3748, stack(0x000000002a220000,0x000000002a320000)]
  0x000000001d51f000 JavaThread "jar transforms Thread 74" [_thread_blocked, id=5616, stack(0x000000002a120000,0x000000002a220000)]
  0x000000001d51e800 JavaThread "jar transforms Thread 73" [_thread_blocked, id=4432, stack(0x000000002a020000,0x000000002a120000)]
  0x000000001d51c000 JavaThread "jar transforms Thread 72" [_thread_blocked, id=6132, stack(0x0000000029f20000,0x000000002a020000)]
  0x000000001d520800 JavaThread "jar transforms Thread 71" [_thread_blocked, id=1176, stack(0x0000000029e20000,0x0000000029f20000)]
  0x000000001d51d000 JavaThread "jar transforms Thread 70" [_thread_blocked, id=9540, stack(0x0000000029d20000,0x0000000029e20000)]
  0x000000001d520000 JavaThread "jar transforms Thread 69" [_thread_blocked, id=10720, stack(0x0000000029c20000,0x0000000029d20000)]
  0x000000001d535000 JavaThread "jar transforms Thread 68" [_thread_blocked, id=11788, stack(0x0000000029b20000,0x0000000029c20000)]
  0x000000001d537800 JavaThread "jar transforms Thread 67" [_thread_blocked, id=2744, stack(0x0000000029a20000,0x0000000029b20000)]
  0x000000001d53c000 JavaThread "jar transforms Thread 66" [_thread_blocked, id=6968, stack(0x0000000029920000,0x0000000029a20000)]
  0x000000001d53a800 JavaThread "jar transforms Thread 65" [_thread_blocked, id=3884, stack(0x0000000029820000,0x0000000029920000)]
  0x000000001d536800 JavaThread "jar transforms Thread 64" [_thread_blocked, id=9924, stack(0x0000000029720000,0x0000000029820000)]
  0x000000001d538000 JavaThread "jar transforms Thread 63" [_thread_blocked, id=15420, stack(0x0000000029620000,0x0000000029720000)]
  0x000000001d53b000 JavaThread "jar transforms Thread 62" [_thread_blocked, id=16812, stack(0x0000000029520000,0x0000000029620000)]
  0x000000001d539800 JavaThread "jar transforms Thread 61" [_thread_blocked, id=11884, stack(0x0000000029420000,0x0000000029520000)]
  0x000000001d539000 JavaThread "jar transforms Thread 60" [_thread_blocked, id=11764, stack(0x0000000029320000,0x0000000029420000)]
  0x000000001d536000 JavaThread "jar transforms Thread 59" [_thread_blocked, id=12804, stack(0x0000000029220000,0x0000000029320000)]
  0x000000001d534800 JavaThread "jar transforms Thread 58" [_thread_blocked, id=3836, stack(0x0000000029120000,0x0000000029220000)]
  0x000000001d52e800 JavaThread "jar transforms Thread 57" [_thread_blocked, id=8444, stack(0x0000000029020000,0x0000000029120000)]
  0x000000001d52d000 JavaThread "jar transforms Thread 56" [_thread_blocked, id=13492, stack(0x0000000028f20000,0x0000000029020000)]
  0x000000001d533800 JavaThread "jar transforms Thread 55" [_thread_blocked, id=3352, stack(0x0000000028e20000,0x0000000028f20000)]
  0x000000001d531800 JavaThread "jar transforms Thread 54" [_thread_blocked, id=14904, stack(0x0000000028d20000,0x0000000028e20000)]
  0x000000001d530000 JavaThread "jar transforms Thread 53" [_thread_blocked, id=12808, stack(0x0000000028c20000,0x0000000028d20000)]
  0x000000001d533000 JavaThread "jar transforms Thread 52" [_thread_blocked, id=16736, stack(0x0000000028b20000,0x0000000028c20000)]
  0x000000001d52f000 JavaThread "jar transforms Thread 51" [_thread_blocked, id=6548, stack(0x0000000028a20000,0x0000000028b20000)]
  0x000000001d530800 JavaThread "jar transforms Thread 50" [_thread_blocked, id=10140, stack(0x0000000028920000,0x0000000028a20000)]
  0x000000001d52d800 JavaThread "jar transforms Thread 49" [_thread_blocked, id=14032, stack(0x0000000028820000,0x0000000028920000)]
  0x000000001d532000 JavaThread "jar transforms Thread 48" [_thread_blocked, id=13648, stack(0x0000000028720000,0x0000000028820000)]
  0x0000000021faa000 JavaThread "jar transforms Thread 47" [_thread_blocked, id=8760, stack(0x0000000028620000,0x0000000028720000)]
  0x0000000021fa9000 JavaThread "jar transforms Thread 46" [_thread_blocked, id=1516, stack(0x0000000028520000,0x0000000028620000)]
  0x0000000021fa7800 JavaThread "jar transforms Thread 45" [_thread_blocked, id=7228, stack(0x0000000028420000,0x0000000028520000)]
  0x0000000021fa7000 JavaThread "jar transforms Thread 44" [_thread_blocked, id=13720, stack(0x0000000028320000,0x0000000028420000)]
  0x0000000021fab800 JavaThread "jar transforms Thread 43" [_thread_blocked, id=17208, stack(0x0000000028220000,0x0000000028320000)]
  0x0000000021fa6000 JavaThread "jar transforms Thread 42" [_thread_blocked, id=8548, stack(0x0000000028120000,0x0000000028220000)]
  0x0000000021fad000 JavaThread "jar transforms Thread 41" [_thread_blocked, id=13044, stack(0x0000000028020000,0x0000000028120000)]
  0x0000000021faa800 JavaThread "jar transforms Thread 40" [_thread_blocked, id=12372, stack(0x0000000027f20000,0x0000000028020000)]
  0x0000000021fac000 JavaThread "jar transforms Thread 39" [_thread_blocked, id=17284, stack(0x0000000027e20000,0x0000000027f20000)]
  0x0000000021fa8800 JavaThread "jar transforms Thread 38" [_thread_blocked, id=7720, stack(0x0000000027d20000,0x0000000027e20000)]
  0x0000000021f9e800 JavaThread "jar transforms Thread 37" [_thread_blocked, id=2216, stack(0x0000000027c20000,0x0000000027d20000)]
  0x0000000021fa5800 JavaThread "jar transforms Thread 36" [_thread_blocked, id=15828, stack(0x0000000027b20000,0x0000000027c20000)]
  0x0000000021fa1800 JavaThread "jar transforms Thread 35" [_thread_blocked, id=10244, stack(0x0000000027a20000,0x0000000027b20000)]
  0x0000000021fa4800 JavaThread "jar transforms Thread 34" [_thread_blocked, id=17224, stack(0x0000000027920000,0x0000000027a20000)]
  0x0000000021fa1000 JavaThread "jar transforms Thread 33" [_thread_blocked, id=8272, stack(0x0000000027820000,0x0000000027920000)]
  0x0000000021fa4000 JavaThread "jar transforms Thread 32" [_thread_blocked, id=14824, stack(0x0000000027720000,0x0000000027820000)]
  0x0000000021fa0000 JavaThread "jar transforms Thread 31" [_thread_blocked, id=16032, stack(0x0000000027620000,0x0000000027720000)]
  0x0000000021fa2800 JavaThread "jar transforms Thread 30" [_thread_blocked, id=16508, stack(0x0000000027520000,0x0000000027620000)]
  0x0000000021f9f800 JavaThread "jar transforms Thread 29" [_thread_blocked, id=9904, stack(0x0000000027420000,0x0000000027520000)]
  0x0000000021fa3000 JavaThread "jar transforms Thread 28" [_thread_blocked, id=14076, stack(0x0000000027320000,0x0000000027420000)]
  0x0000000021f9e000 JavaThread "jar transforms Thread 27" [_thread_blocked, id=576, stack(0x0000000027220000,0x0000000027320000)]
  0x000000001d307000 JavaThread "jar transforms Thread 26" [_thread_blocked, id=2128, stack(0x0000000027120000,0x0000000027220000)]
  0x000000001d305800 JavaThread "jar transforms Thread 25" [_thread_blocked, id=14544, stack(0x0000000027020000,0x0000000027120000)]
  0x000000001d305000 JavaThread "jar transforms Thread 24" [_thread_blocked, id=3776, stack(0x0000000026f20000,0x0000000027020000)]
  0x000000001d304000 JavaThread "jar transforms Thread 23" [_thread_blocked, id=4560, stack(0x0000000026e20000,0x0000000026f20000)]
  0x000000001d302800 JavaThread "jar transforms Thread 22" [_thread_blocked, id=10524, stack(0x0000000026d20000,0x0000000026e20000)]
  0x000000001d309800 JavaThread "jar transforms Thread 21" [_thread_blocked, id=15764, stack(0x0000000026c20000,0x0000000026d20000)]
  0x000000001d306800 JavaThread "jar transforms Thread 20" [_thread_blocked, id=4164, stack(0x0000000026b20000,0x0000000026c20000)]
  0x000000001d308800 JavaThread "jar transforms Thread 19" [_thread_blocked, id=14148, stack(0x0000000026a20000,0x0000000026b20000)]
  0x000000001d308000 JavaThread "jar transforms Thread 18" [_thread_blocked, id=17260, stack(0x0000000026920000,0x0000000026a20000)]
  0x000000001d303800 JavaThread "jar transforms Thread 17" [_thread_blocked, id=2072, stack(0x0000000026820000,0x0000000026920000)]
  0x000000001d2fb000 JavaThread "jar transforms Thread 16" [_thread_blocked, id=16496, stack(0x0000000026720000,0x0000000026820000)]
  0x000000001d302000 JavaThread "jar transforms Thread 15" [_thread_blocked, id=7292, stack(0x0000000026620000,0x0000000026720000)]
  0x000000001d2fc000 JavaThread "jar transforms Thread 14" [_thread_blocked, id=13816, stack(0x0000000026520000,0x0000000026620000)]
  0x000000001d2fa800 JavaThread "jar transforms Thread 13" [_thread_blocked, id=13224, stack(0x0000000026420000,0x0000000026520000)]
  0x000000001d301000 JavaThread "jar transforms Thread 12" [_thread_blocked, id=1968, stack(0x0000000026320000,0x0000000026420000)]
  0x000000001d300800 JavaThread "jar transforms Thread 11" [_thread_blocked, id=6420, stack(0x0000000026220000,0x0000000026320000)]
  0x000000001d2ff800 JavaThread "jar transforms Thread 10" [_thread_blocked, id=12716, stack(0x0000000026120000,0x0000000026220000)]
  0x000000001d2ff000 JavaThread "jar transforms Thread 9" [_thread_blocked, id=3296, stack(0x0000000026020000,0x0000000026120000)]
  0x000000001d2fe000 JavaThread "jar transforms Thread 8" [_thread_blocked, id=2116, stack(0x0000000025f20000,0x0000000026020000)]
  0x000000001d2fd800 JavaThread "jar transforms Thread 7" [_thread_blocked, id=12388, stack(0x0000000025e20000,0x0000000025f20000)]
  0x000000001d2fc800 JavaThread "jar transforms Thread 6" [_thread_blocked, id=1484, stack(0x0000000025d20000,0x0000000025e20000)]
  0x0000000021ecf000 JavaThread "jar transforms Thread 5" [_thread_blocked, id=7436, stack(0x0000000025c20000,0x0000000025d20000)]
  0x0000000021ecc000 JavaThread "jar transforms Thread 4" [_thread_blocked, id=7472, stack(0x0000000025b20000,0x0000000025c20000)]
  0x0000000021ed3000 JavaThread "jar transforms Thread 3" [_thread_blocked, id=6256, stack(0x0000000025a20000,0x0000000025b20000)]
  0x0000000021ece000 JavaThread "jar transforms Thread 2" [_thread_blocked, id=7916, stack(0x0000000025920000,0x0000000025a20000)]
  0x0000000021ecb000 JavaThread "Build operations Thread 12" [_thread_blocked, id=12776, stack(0x0000000025820000,0x0000000025920000)]
  0x0000000021ecf800 JavaThread "Build operations Thread 11" [_thread_blocked, id=10380, stack(0x0000000025720000,0x0000000025820000)]
  0x0000000021ecd800 JavaThread "Build operations Thread 10" [_thread_blocked, id=15916, stack(0x0000000025620000,0x0000000025720000)]
  0x0000000021ed1000 JavaThread "Build operations Thread 9" [_thread_blocked, id=16072, stack(0x0000000025520000,0x0000000025620000)]
  0x0000000021ed0800 JavaThread "Build operations Thread 8" [_thread_blocked, id=156, stack(0x0000000025420000,0x0000000025520000)]
  0x0000000021ecc800 JavaThread "Build operations Thread 7" [_thread_blocked, id=14936, stack(0x0000000025320000,0x0000000025420000)]
  0x0000000021ed2000 JavaThread "Build operations Thread 6" [_thread_blocked, id=3928, stack(0x0000000025120000,0x0000000025220000)]
  0x0000000021ec3800 JavaThread "Build operations Thread 5" [_thread_blocked, id=15300, stack(0x0000000025020000,0x0000000025120000)]
  0x0000000021eca800 JavaThread "Build operations Thread 4" [_thread_blocked, id=10568, stack(0x0000000024f20000,0x0000000025020000)]
  0x0000000021ec9000 JavaThread "Build operations Thread 3" [_thread_blocked, id=10092, stack(0x0000000024e20000,0x0000000024f20000)]
  0x0000000021ec8000 JavaThread "Build operations Thread 2" [_thread_blocked, id=14592, stack(0x0000000024d20000,0x0000000024e20000)]
  0x0000000021ec5000 JavaThread "Build operations" [_thread_blocked, id=11356, stack(0x0000000024c20000,0x0000000024d20000)]
  0x00000000194f8800 JavaThread "Cache worker for file content cache (C:\Users\Alex\.gradle\caches\6.5\fileContent)" [_thread_blocked, id=14280, stack(0x0000000023550000,0x0000000023650000)]
  0x00000000194f7800 JavaThread "jar transforms" [_thread_blocked, id=5728, stack(0x0000000022c60000,0x0000000022d60000)]
  0x00000000194f7000 JavaThread "Cache worker for execution history cache (C:\Users\Alex\.gradle\caches\6.5\executionHistory)" [_thread_blocked, id=13048, stack(0x0000000022b60000,0x0000000022c60000)]
  0x00000000194f6000 JavaThread "Cache worker for cache directory md-rule (C:\Users\Alex\.gradle\caches\6.5\md-rule)" [_thread_blocked, id=14492, stack(0x0000000022a60000,0x0000000022b60000)]
  0x00000000194f5800 JavaThread "Cache worker for cache directory md-supplier (C:\Users\Alex\.gradle\caches\6.5\md-supplier)" [_thread_blocked, id=6196, stack(0x0000000021710000,0x0000000021810000)]
  0x00000000194fc000 JavaThread "Cache worker for checksums cache (D:\AndroidProjects\KursachGameShop2\.gradle\checksums)" [_thread_blocked, id=12456, stack(0x0000000021610000,0x0000000021710000)]
  0x00000000194f9000 JavaThread "Cache worker for file hash cache (D:\AndroidProjects\KursachGameShop2\.gradle\6.5\fileHashes)" [_thread_blocked, id=8224, stack(0x0000000022e50000,0x0000000022f50000)]
  0x00000000194fa800 JavaThread "Cache worker for file hash cache (C:\Users\Alex\.gradle\caches\6.5\fileHashes)" [_thread_blocked, id=4084, stack(0x000000001f170000,0x000000001f270000)]
  0x00000000194fa000 JavaThread "File lock request listener" [_thread_in_native, id=4208, stack(0x000000001f070000,0x000000001f170000)]
  0x000000001d0b1800 JavaThread "Cache worker for journal cache (C:\Users\Alex\.gradle\caches\journal-1)" [_thread_blocked, id=4816, stack(0x000000001ef70000,0x000000001f070000)]
  0x000000001ce8a800 JavaThread "Thread-9" [_thread_blocked, id=13664, stack(0x000000001ec70000,0x000000001ed70000)]
  0x000000001ce89000 JavaThread "Stdin handler" [_thread_blocked, id=13500, stack(0x000000001eb70000,0x000000001ec70000)]
  0x000000001ce88000 JavaThread "Asynchronous log dispatcher for DefaultDaemonConnection: socket connection from /127.0.0.1:57246 to /127.0.0.1:57249" [_thread_blocked, id=15200, stack(0x000000001ea70000,0x000000001eb70000)]
  0x000000001ce2d800 JavaThread "Daemon worker" [_thread_blocked, id=4724, stack(0x000000001e970000,0x000000001ea70000)]
  0x000000001ce2b800 JavaThread "Cancel handler" [_thread_blocked, id=1224, stack(0x000000001e870000,0x000000001e970000)]
  0x000000001ce1c000 JavaThread "Handler for socket connection from /127.0.0.1:57246 to /127.0.0.1:57249" [_thread_in_native, id=17124, stack(0x000000001e570000,0x000000001e670000)]
  0x000000001ce1b800 JavaThread "Daemon" [_thread_blocked, id=6796, stack(0x000000001e470000,0x000000001e570000)]
  0x000000001cdf3000 JavaThread "Daemon periodic checks" [_thread_blocked, id=14552, stack(0x000000001e370000,0x000000001e470000)]
  0x000000001ccf4000 JavaThread "Incoming local TCP Connector on port 57246" [_thread_in_native, id=8692, stack(0x000000001e120000,0x000000001e220000)]
  0x000000001ccb5800 JavaThread "Daemon health stats" [_thread_blocked, id=8536, stack(0x000000001dae0000,0x000000001dbe0000)]
  0x0000000019577800 JavaThread "Service Thread" daemon [_thread_blocked, id=14140, stack(0x000000001af40000,0x000000001b040000)]
  0x00000000194fb800 JavaThread "C1 CompilerThread3" daemon [_thread_blocked, id=8456, stack(0x000000001ae40000,0x000000001af40000)]
  0x00000000194f3800 JavaThread "C2 CompilerThread2" daemon [_thread_in_native, id=16920, stack(0x000000001ad40000,0x000000001ae40000)]
=>0x00000000194eb800 JavaThread "C2 CompilerThread1" daemon [_thread_in_native, id=10324, stack(0x000000001ac40000,0x000000001ad40000)]
  0x00000000194e4800 JavaThread "C2 CompilerThread0" daemon [_thread_in_native, id=10796, stack(0x000000001ab40000,0x000000001ac40000)]
  0x00000000194e0800 JavaThread "Attach Listener" daemon [_thread_blocked, id=16600, stack(0x000000001aa40000,0x000000001ab40000)]
  0x0000000017dee800 JavaThread "Signal Dispatcher" daemon [_thread_blocked, id=2428, stack(0x000000001a940000,0x000000001aa40000)]
  0x0000000017de2000 JavaThread "Finalizer" daemon [_thread_blocked, id=11344, stack(0x000000001a730000,0x000000001a830000)]
  0x00000000194d3000 JavaThread "Reference Handler" daemon [_thread_blocked, id=8452, stack(0x000000001a630000,0x000000001a730000)]
  0x000000000296d800 JavaThread "main" [_thread_blocked, id=9780, stack(0x0000000002970000,0x0000000002a70000)]

Other Threads:
  0x00000000194b2800 VMThread [stack: 0x000000001a530000,0x000000001a630000] [id=5028]
  0x0000000019578800 WatcherThread [stack: 0x000000001b040000,0x000000001b140000] [id=4040]

VM state:not at safepoint (normal execution)

VM Mutex/Monitor currently owned by a thread: None

heap address: 0x0000000080000000, size: 2048 MB, Compressed Oops mode: 32-bit
Narrow klass base: 0x0000000000000000, Narrow klass shift: 3
Compressed class space size: 1073741824 Address: 0x0000000100000000

Heap:
 PSYoungGen      total 236032K, used 25581K [0x00000000d5580000, 0x00000000e7380000, 0x0000000100000000)
  eden space 215040K, 2% used [0x00000000d5580000,0x00000000d59fef70,0x00000000e2780000)
  from space 20992K, 99% used [0x00000000e4780000,0x00000000e5bfc528,0x00000000e5c00000)
  to   space 32768K, 0% used [0x00000000e2780000,0x00000000e2780000,0x00000000e4780000)
 ParOldGen       total 221696K, used 57880K [0x0000000080000000, 0x000000008d880000, 0x00000000d5580000)
  object space 221696K, 26% used [0x0000000080000000,0x00000000838862a0,0x000000008d880000)
 Metaspace       used 77528K, capacity 81410K, committed 81560K, reserved 1120256K
  class space    used 10434K, capacity 11181K, committed 11184K, reserved 1048576K

Card table byte_map: [0x0000000011f30000,0x0000000012340000] byte_map_base: 0x0000000011b30000

Marking Bits: (ParMarkBitMap*) 0x000000005ba2f030
 Begin Bits: [0x0000000012ff0000, 0x0000000014ff0000)
 End Bits:   [0x0000000014ff0000, 0x0000000016ff0000)

Polling page: 0x0000000000b50000

CodeCache: size=245760Kb used=24879Kb max_used=25826Kb free=220880Kb
 bounds [0x0000000002b70000, 0x00000000044e0000, 0x0000000011b70000]
 total_blobs=8624 nmethods=7804 adapters=732
 compilation: enabled

Compilation events (10 events):
Event: 7.702 Thread 0x00000000194fb800 9090       3       com.sun.tools.javac.tree.JCTree::getStartPosition (5 bytes)
Event: 7.702 Thread 0x00000000194fb800 nmethod 9090 0x0000000003657690 code [0x0000000003657800, 0x0000000003657988]
Event: 7.702 Thread 0x00000000194fb800 9092       3       com.sun.tools.javac.comp.Lower::make_at (14 bytes)
Event: 7.702 Thread 0x00000000194e4800 nmethod 9086 0x00000000031a8650 code [0x00000000031a87a0, 0x00000000031a88c8]
Event: 7.702 Thread 0x00000000194e4800 9016       4       javax.tools.ForwardingJavaFileManager::inferBinaryName (12 bytes)
Event: 7.702 Thread 0x00000000194fb800 nmethod 9092 0x00000000036a3990 code [0x00000000036a3b00, 0x00000000036a3e28]
Event: 7.702 Thread 0x00000000194fb800 9093       3       com.sun.tools.javac.tree.TreeMaker::at (20 bytes)
Event: 7.702 Thread 0x00000000194fb800 nmethod 9093 0x00000000036a34d0 code [0x00000000036a3640, 0x00000000036a38c8]
Event: 7.704 Thread 0x00000000194fb800 9094       3       com.sun.tools.javac.code.Symbol::erasure (24 bytes)
Event: 7.704 Thread 0x00000000194fb800 nmethod 9094 0x00000000044817d0 code [0x00000000044819a0, 0x0000000004482288]

GC Heap History (10 events):
Event: 4.354 GC heap before
{Heap before GC invocations=11 (full 2):
 PSYoungGen      total 161280K, used 161124K [0x00000000d5580000, 0x00000000e1300000, 0x0000000100000000)
  eden space 154112K, 100% used [0x00000000d5580000,0x00000000dec00000,0x00000000dec00000)
  from space 7168K, 97% used [0x00000000e0c00000,0x00000000e12d9378,0x00000000e1300000)
  to   space 11776K, 0% used [0x00000000dfc00000,0x00000000dfc00000,0x00000000e0780000)
 ParOldGen       total 145920K, used 14506K [0x0000000080000000, 0x0000000088e80000, 0x00000000d5580000)
  object space 145920K, 9% used [0x0000000080000000,0x0000000080e2a880,0x0000000088e80000)
 Metaspace       used 51658K, capacity 53808K, committed 53928K, reserved 1095680K
  class space    used 6921K, capacity 7342K, committed 7344K, reserved 1048576K
Event: 4.366 GC heap after
Heap after GC invocations=11 (full 2):
 PSYoungGen      total 182272K, used 11748K [0x00000000d5580000, 0x00000000e3680000, 0x0000000100000000)
  eden space 170496K, 0% used [0x00000000d5580000,0x00000000d5580000,0x00000000dfc00000)
  from space 11776K, 99% used [0x00000000dfc00000,0x00000000e0779310,0x00000000e0780000)
  to   space 17408K, 0% used [0x00000000e2580000,0x00000000e2580000,0x00000000e3680000)
 ParOldGen       total 145920K, used 26202K [0x0000000080000000, 0x0000000088e80000, 0x00000000d5580000)
  object space 145920K, 17% used [0x0000000080000000,0x0000000081996a30,0x0000000088e80000)
 Metaspace       used 51658K, capacity 53808K, committed 53928K, reserved 1095680K
  class space    used 6921K, capacity 7342K, committed 7344K, reserved 1048576K
}
Event: 4.794 GC heap before
{Heap before GC invocations=12 (full 2):
 PSYoungGen      total 182272K, used 68913K [0x00000000d5580000, 0x00000000e3680000, 0x0000000100000000)
  eden space 170496K, 33% used [0x00000000d5580000,0x00000000d8d53478,0x00000000dfc00000)
  from space 11776K, 99% used [0x00000000dfc00000,0x00000000e0779310,0x00000000e0780000)
  to   space 17408K, 0% used [0x00000000e2580000,0x00000000e2580000,0x00000000e3680000)
 ParOldGen       total 145920K, used 26202K [0x0000000080000000, 0x0000000088e80000, 0x00000000d5580000)
  object space 145920K, 17% used [0x0000000080000000,0x0000000081996a30,0x0000000088e80000)
 Metaspace       used 56772K, capacity 59144K, committed 59160K, reserved 1099776K
  class space    used 7772K, capacity 8233K, committed 8240K, reserved 1048576K
Event: 4.804 GC heap after
Heap after GC invocations=12 (full 2):
 PSYoungGen      total 210432K, used 17399K [0x00000000d5580000, 0x00000000e5180000, 0x0000000100000000)
  eden space 193024K, 0% used [0x00000000d5580000,0x00000000d5580000,0x00000000e1200000)
  from space 17408K, 99% used [0x00000000e2580000,0x00000000e367dfd8,0x00000000e3680000)
  to   space 19968K, 0% used [0x00000000e1200000,0x00000000e1200000,0x00000000e2580000)
 ParOldGen       total 145920K, used 27150K [0x0000000080000000, 0x0000000088e80000, 0x00000000d5580000)
  object space 145920K, 18% used [0x0000000080000000,0x0000000081a838d8,0x0000000088e80000)
 Metaspace       used 56772K, capacity 59144K, committed 59160K, reserved 1099776K
  class space    used 7772K, capacity 8233K, committed 8240K, reserved 1048576K
}
Event: 4.804 GC heap before
{Heap before GC invocations=13 (full 3):
 PSYoungGen      total 210432K, used 17399K [0x00000000d5580000, 0x00000000e5180000, 0x0000000100000000)
  eden space 193024K, 0% used [0x00000000d5580000,0x00000000d5580000,0x00000000e1200000)
  from space 17408K, 99% used [0x00000000e2580000,0x00000000e367dfd8,0x00000000e3680000)
  to   space 19968K, 0% used [0x00000000e1200000,0x00000000e1200000,0x00000000e2580000)
 ParOldGen       total 145920K, used 27150K [0x0000000080000000, 0x0000000088e80000, 0x00000000d5580000)
  object space 145920K, 18% used [0x0000000080000000,0x0000000081a838d8,0x0000000088e80000)
 Metaspace       used 56772K, capacity 59144K, committed 59160K, reserved 1099776K
  class space    used 7772K, capacity 8233K, committed 8240K, reserved 1048576K
Event: 4.958 GC heap after
Heap after GC invocations=13 (full 3):
 PSYoungGen      total 210432K, used 0K [0x00000000d5580000, 0x00000000e5180000, 0x0000000100000000)
  eden space 193024K, 0% used [0x00000000d5580000,0x00000000d5580000,0x00000000e1200000)
  from space 17408K, 0% used [0x00000000e2580000,0x00000000e2580000,0x00000000e3680000)
  to   space 19968K, 0% used [0x00000000e1200000,0x00000000e1200000,0x00000000e2580000)
 ParOldGen       total 221696K, used 32421K [0x0000000080000000, 0x000000008d880000, 0x00000000d5580000)
  object space 221696K, 14% used [0x0000000080000000,0x0000000081fa9450,0x000000008d880000)
 Metaspace       used 56710K, capacity 58934K, committed 59160K, reserved 1099776K
  class space    used 7753K, capacity 8198K, committed 8240K, reserved 1048576K
}
Event: 6.227 GC heap before
{Heap before GC invocations=14 (full 3):
 PSYoungGen      total 210432K, used 193024K [0x00000000d5580000, 0x00000000e5180000, 0x0000000100000000)
  eden space 193024K, 100% used [0x00000000d5580000,0x00000000e1200000,0x00000000e1200000)
  from space 17408K, 0% used [0x00000000e2580000,0x00000000e2580000,0x00000000e3680000)
  to   space 19968K, 0% used [0x00000000e1200000,0x00000000e1200000,0x00000000e2580000)
 ParOldGen       total 221696K, used 32421K [0x0000000080000000, 0x000000008d880000, 0x00000000d5580000)
  object space 221696K, 14% used [0x0000000080000000,0x0000000081fa9450,0x000000008d880000)
 Metaspace       used 63602K, capacity 67020K, committed 67352K, reserved 1107968K
  class space    used 8808K, capacity 9439K, committed 9520K, reserved 1048576K
Event: 6.240 GC heap after
Heap after GC invocations=14 (full 3):
 PSYoungGen      total 212992K, used 16355K [0x00000000d5580000, 0x00000000e5c00000, 0x0000000100000000)
  eden space 193024K, 0% used [0x00000000d5580000,0x00000000d5580000,0x00000000e1200000)
  from space 19968K, 81% used [0x00000000e1200000,0x00000000e21f8e88,0x00000000e2580000)
  to   space 20992K, 0% used [0x00000000e4780000,0x00000000e4780000,0x00000000e5c00000)
 ParOldGen       total 221696K, used 32429K [0x0000000080000000, 0x000000008d880000, 0x00000000d5580000)
  object space 221696K, 14% used [0x0000000080000000,0x0000000081fab450,0x000000008d880000)
 Metaspace       used 63602K, capacity 67020K, committed 67352K, reserved 1107968K
  class space    used 8808K, capacity 9439K, committed 9520K, reserved 1048576K
}
Event: 7.637 GC heap before
{Heap before GC invocations=15 (full 3):
 PSYoungGen      total 212992K, used 209379K [0x00000000d5580000, 0x00000000e5c00000, 0x0000000100000000)
  eden space 193024K, 100% used [0x00000000d5580000,0x00000000e1200000,0x00000000e1200000)
  from space 19968K, 81% used [0x00000000e1200000,0x00000000e21f8e88,0x00000000e2580000)
  to   space 20992K, 0% used [0x00000000e4780000,0x00000000e4780000,0x00000000e5c00000)
 ParOldGen       total 221696K, used 32429K [0x0000000080000000, 0x000000008d880000, 0x00000000d5580000)
  object space 221696K, 14% used [0x0000000080000000,0x0000000081fab450,0x000000008d880000)
 Metaspace       used 76993K, capacity 80812K, committed 80920K, reserved 1120256K
  class space    used 10352K, capacity 11048K, committed 11056K, reserved 1048576K
Event: 7.661 GC heap after
Heap after GC invocations=15 (full 3):
 PSYoungGen      total 236032K, used 20977K [0x00000000d5580000, 0x00000000e7380000, 0x0000000100000000)
  eden space 215040K, 0% used [0x00000000d5580000,0x00000000d5580000,0x00000000e2780000)
  from space 20992K, 99% used [0x00000000e4780000,0x00000000e5bfc528,0x00000000e5c00000)
  to   space 32768K, 0% used [0x00000000e2780000,0x00000000e2780000,0x00000000e4780000)
 ParOldGen       total 221696K, used 57880K [0x0000000080000000, 0x000000008d880000, 0x00000000d5580000)
  object space 221696K, 26% used [0x0000000080000000,0x00000000838862a0,0x000000008d880000)
 Metaspace       used 76993K, capacity 80812K, committed 80920K, reserved 1120256K
  class space    used 10352K, capacity 11048K, committed 11056K, reserved 1048576K
}

Deoptimization events (10 events):
Event: 7.485 Thread 0x000000001d6fd800 Uncommon trap: reason=unstable_if action=reinterpret pc=0x0000000002cd92d8 method=com.sun.tools.javac.util.ArrayUtils.ensureCapacity([CI)[C @ 3
Event: 7.498 Thread 0x000000001d6fd800 Uncommon trap: reason=unstable_if action=reinterpret pc=0x0000000002e7724c method=com.sun.tools.javac.util.ArrayUtils.ensureCapacity([CI)[C @ 3
Event: 7.499 Thread 0x000000001d6fd800 Uncommon trap: reason=unstable_if action=reinterpret pc=0x000000000406f500 method=com.sun.tools.javac.util.ArrayUtils.ensureCapacity([CI)[C @ 3
Event: 7.499 Thread 0x000000001d6fd800 Uncommon trap: reason=unstable_if action=reinterpret pc=0x00000000040d1488 method=com.sun.tools.javac.parser.UnicodeReader.scanChar()V @ 37
Event: 7.501 Thread 0x000000001d6fd800 Uncommon trap: reason=speculate_class_check action=maybe_recompile pc=0x00000000037ee1d4 method=com.sun.tools.javac.code.Scope.enter(Lcom/sun/tools/javac/code/Symbol;Lcom/sun/tools/javac/code/Scope;)V @ 5
Event: 7.501 Thread 0x000000001d6fd800 Uncommon trap: reason=speculate_class_check action=maybe_recompile pc=0x00000000037ee1d4 method=com.sun.tools.javac.code.Scope.enter(Lcom/sun/tools/javac/code/Symbol;Lcom/sun/tools/javac/code/Scope;)V @ 5
Event: 7.501 Thread 0x000000001d6fd800 Uncommon trap: reason=speculate_class_check action=maybe_recompile pc=0x00000000037ee1d4 method=com.sun.tools.javac.code.Scope.enter(Lcom/sun/tools/javac/code/Symbol;Lcom/sun/tools/javac/code/Scope;)V @ 5
Event: 7.501 Thread 0x000000001d6fd800 Uncommon trap: reason=speculate_class_check action=maybe_recompile pc=0x00000000037ee1d4 method=com.sun.tools.javac.code.Scope.enter(Lcom/sun/tools/javac/code/Symbol;Lcom/sun/tools/javac/code/Scope;)V @ 5
Event: 7.661 Thread 0x000000001d6fd800 Uncommon trap: reason=null_check action=make_not_entrant pc=0x0000000004180080 method=com.sun.tools.javac.util.UnsharedNameTable.fromUtf([BII)Lcom/sun/tools/javac/util/Name; @ 50
Event: 7.685 Thread 0x000000001d6fd800 Uncommon trap: reason=unstable_if action=reinterpret pc=0x0000000004237360 method=com.sun.tools.javac.code.Scope.lookup(Lcom/sun/tools/javac/util/Name;Lcom/sun/tools/javac/util/Filter;)Lcom/sun/tools/javac/code/Scope$Entry; @ 54

Classes redefined (0 events):
No events

Internal exceptions (10 events):
Event: 6.368 Thread 0x000000001d6fd800 Exception <a 'sun/nio/fs/WindowsException'> (0x00000000d6ff9768) thrown at [C:\src\AOSP-openjdk-git\hotspot\src\share\vm\prims\jni.cpp, line 710]
Event: 6.368 Thread 0x000000001d6fd800 Exception <a 'sun/nio/fs/WindowsException'> (0x00000000d6ffa9d8) thrown at [C:\src\AOSP-openjdk-git\hotspot\src\share\vm\prims\jni.cpp, line 710]
Event: 6.370 Thread 0x000000001d6fd800 Exception <a 'sun/nio/fs/WindowsException'> (0x00000000d7072b80) thrown at [C:\src\AOSP-openjdk-git\hotspot\src\share\vm\prims\jni.cpp, line 710]
Event: 6.370 Thread 0x000000001d6fd800 Exception <a 'sun/nio/fs/WindowsException'> (0x00000000d70738a0) thrown at [C:\src\AOSP-openjdk-git\hotspot\src\share\vm\prims\jni.cpp, line 710]
Event: 6.370 Thread 0x000000001d6fd800 Exception <a 'sun/nio/fs/WindowsException'> (0x00000000d7075930) thrown at [C:\src\AOSP-openjdk-git\hotspot\src\share\vm\prims\jni.cpp, line 710]
Event: 6.370 Thread 0x000000001d6fd800 Exception <a 'sun/nio/fs/WindowsException'> (0x00000000d7076660) thrown at [C:\src\AOSP-openjdk-git\hotspot\src\share\vm\prims\jni.cpp, line 710]
Event: 6.381 Thread 0x000000001d6fd800 Exception <a 'java/lang/NoSuchMethodError': java.lang.Object.lambda$comparingByKey$bbdbfea9$1(Ljava/util/Map$Entry;Ljava/util/Map$Entry;)I> (0x00000000d7189118) thrown at [C:\src\AOSP-openjdk-git\hotspot\src\share\vm\interpreter\linkResolver.cpp, line 620
Event: 6.824 Thread 0x000000001d6fd800 Implicit null exception at 0x000000000407e072 to 0x000000000407e855
Event: 7.230 Thread 0x000000001d6fd800 Implicit null exception at 0x0000000002e09e16 to 0x0000000002e0a1b1
Event: 7.661 Thread 0x000000001d6fd800 Implicit null exception at 0x000000000417f93e to 0x0000000004180039

Events (10 events):
Event: 7.703 loading class com/sun/tools/javac/jvm/Items$IndexedItem done
Event: 7.703 loading class com/sun/tools/javac/jvm/Items$StackItem
Event: 7.703 loading class com/sun/tools/javac/jvm/Items$StackItem done
Event: 7.704 loading class com/sun/tools/javac/jvm/Code$LocalVar$Range
Event: 7.704 loading class com/sun/tools/javac/jvm/Code$LocalVar$Range done
Event: 7.704 loading class com/sun/tools/javac/jvm/Pool$Method
Event: 7.704 loading class com/sun/tools/javac/jvm/Pool$Method done
Event: 7.704 loading class com/sun/tools/javac/code/Symbol$DelegatedSymbol
Event: 7.704 loading class com/sun/tools/javac/code/Symbol$DelegatedSymbol done
Event: 7.705 Executing VM operation: Deoptimize


Dynamic libraries:
0x00007ff79bb90000 - 0x00007ff79bbc1000 	D:\Android\jre\bin\java.exe
0x00007ffed0f50000 - 0x00007ffed1146000 	C:\WINDOWS\SYSTEM32\ntdll.dll
0x00007ffed0310000 - 0x00007ffed03cd000 	C:\WINDOWS\System32\KERNEL32.DLL
0x00007ffeceb10000 - 0x00007ffecedd9000 	C:\WINDOWS\System32\KERNELBASE.dll
0x00007ffecf150000 - 0x00007ffecf1fc000 	C:\WINDOWS\System32\ADVAPI32.dll
0x00007ffecf430000 - 0x00007ffecf4ce000 	C:\WINDOWS\System32\msvcrt.dll
0x00007ffed0e70000 - 0x00007ffed0f0c000 	C:\WINDOWS\System32\sechost.dll
0x00007ffed01e0000 - 0x00007ffed030b000 	C:\WINDOWS\System32\RPCRT4.dll
0x00007ffecf200000 - 0x00007ffecf3a0000 	C:\WINDOWS\System32\USER32.dll
0x00007ffece690000 - 0x00007ffece6b2000 	C:\WINDOWS\System32\win32u.dll
0x00007ffed0e40000 - 0x00007ffed0e6a000 	C:\WINDOWS\System32\GDI32.dll
0x00007ffecea00000 - 0x00007ffeceb0b000 	C:\WINDOWS\System32\gdi32full.dll
0x00007ffecede0000 - 0x00007ffecee7d000 	C:\WINDOWS\System32\msvcp_win.dll
0x00007ffecee80000 - 0x00007ffecef80000 	C:\WINDOWS\System32\ucrtbase.dll
0x00007ffecdaa0000 - 0x00007ffecdd3b000 	C:\WINDOWS\WinSxS\amd64_microsoft.windows.common-controls_6595b64144ccf1df_6.0.19041.746_none_ca02b4b61b8320a4\COMCTL32.dll
0x00007ffecefb0000 - 0x00007ffecefe0000 	C:\WINDOWS\System32\IMM32.DLL
0x000000005d010000 - 0x000000005d0e2000 	D:\Android\jre\jre\bin\msvcr100.dll
0x000000005b260000 - 0x000000005baab000 	D:\Android\jre\jre\bin\server\jvm.dll
0x00007ffecf420000 - 0x00007ffecf428000 	C:\WINDOWS\System32\PSAPI.DLL
0x00007ffec9260000 - 0x00007ffec9269000 	C:\WINDOWS\SYSTEM32\WSOCK32.dll
0x00007ffec6740000 - 0x00007ffec674a000 	C:\WINDOWS\SYSTEM32\VERSION.dll
0x00007ffeb14d0000 - 0x00007ffeb14f7000 	C:\WINDOWS\SYSTEM32\WINMM.dll
0x00007ffed0b40000 - 0x00007ffed0bab000 	C:\WINDOWS\System32\WS2_32.dll
0x00007ffec9250000 - 0x00007ffec925f000 	D:\Android\jre\jre\bin\verify.dll
0x00007ffec9220000 - 0x00007ffec9249000 	D:\Android\jre\jre\bin\java.dll
0x00007ffec9170000 - 0x00007ffec9186000 	D:\Android\jre\jre\bin\zip.dll
0x00007ffecf730000 - 0x00007ffecfe72000 	C:\WINDOWS\System32\SHELL32.dll
0x00007ffecb940000 - 0x00007ffecc0d0000 	C:\WINDOWS\SYSTEM32\windows.storage.dll
0x00007ffecfe80000 - 0x00007ffed01d6000 	C:\WINDOWS\System32\combase.dll
0x00007ffecda00000 - 0x00007ffecda2c000 	C:\WINDOWS\SYSTEM32\Wldp.dll
0x00007ffed0d90000 - 0x00007ffed0e3e000 	C:\WINDOWS\System32\SHCORE.dll
0x00007ffecefe0000 - 0x00007ffecf035000 	C:\WINDOWS\System32\shlwapi.dll
0x00007ffece5c0000 - 0x00007ffece5e6000 	C:\WINDOWS\SYSTEM32\profapi.dll
0x00007ffec8590000 - 0x00007ffec85aa000 	D:\Android\jre\jre\bin\net.dll
0x00007ffecd770000 - 0x00007ffecd7da000 	C:\WINDOWS\system32\mswsock.dll
0x00007ffec81a0000 - 0x00007ffec81b3000 	D:\Android\jre\jre\bin\nio.dll
0x00007ffea7dc0000 - 0x00007ffea7de7000 	C:\Users\Alex\.gradle\native\f6784746aeab05261644944871eae4fe03e0ef1612fff0a4a95f87b438bc6780\windows-amd64\native-platform.dll
0x00007ffec9210000 - 0x00007ffec921d000 	D:\Android\jre\jre\bin\management.dll
0x00007ffece410000 - 0x00007ffece428000 	C:\WINDOWS\SYSTEM32\CRYPTSP.dll
0x00007ffecd140000 - 0x00007ffecd174000 	C:\WINDOWS\system32\rsaenh.dll
0x00007ffecef80000 - 0x00007ffecefa7000 	C:\WINDOWS\System32\bcrypt.dll
0x00007ffece580000 - 0x00007ffece5ae000 	C:\WINDOWS\SYSTEM32\USERENV.dll
0x00007ffece820000 - 0x00007ffece8a0000 	C:\WINDOWS\System32\bcryptprimitives.dll
0x00007ffecd9f0000 - 0x00007ffecd9fc000 	C:\WINDOWS\SYSTEM32\CRYPTBASE.dll
0x00007ffecd470000 - 0x00007ffecd4ab000 	C:\WINDOWS\SYSTEM32\IPHLPAPI.DLL
0x00007ffed0cf0000 - 0x00007ffed0cf8000 	C:\WINDOWS\System32\NSI.dll
0x00007ffecb280000 - 0x00007ffecb297000 	C:\WINDOWS\SYSTEM32\dhcpcsvc6.DLL
0x00007ffecb260000 - 0x00007ffecb27d000 	C:\WINDOWS\SYSTEM32\dhcpcsvc.DLL
0x00007ffecd4b0000 - 0x00007ffecd57b000 	C:\WINDOWS\SYSTEM32\DNSAPI.dll
0x00007ffec6430000 - 0x00007ffec643b000 	C:\WINDOWS\SYSTEM32\WINNSI.DLL
0x0000000066e00000 - 0x0000000066f03000 	C:\Users\Alex\AppData\Local\Temp\sqlite-3.25.2-0039c146-31e4-4590-8fe4-5435ca7e129b-sqlitejdbc.dll
0x00007ffece0b0000 - 0x00007ffece294000 	C:\WINDOWS\SYSTEM32\dbghelp.dll

VM Arguments:
jvm_args: -Xmx2048m -Dfile.encoding=UTF-8 -Duser.country=RU -Duser.language=ru -Duser.variant 
java_command: org.gradle.launcher.daemon.bootstrap.GradleDaemon 6.5
java_class_path (initial): C:\Users\Alex\.gradle\wrapper\dists\gradle-6.5-all\2oz4ud9k3tuxjg84bbf55q0tn\gradle-6.5\lib\gradle-launcher-6.5.jar
Launcher Type: SUN_STANDARD

Environment Variables:
PATH=C:\Windows\system32;C:\Windows;C:\Windows\System32\Wbem;C:\Windows\System32\WindowsPowerShell\v1.0\;C:\Windows\System32\OpenSSH\;C:\Program Files (x86)\NVIDIA Corporation\PhysX\Common;C:\Program Files\dotnet\;C:\Program Files\Microsoft SQL Server\130\Tools\Binn\;C:\Program Files\Microsoft SQL Server\Client SDK\ODBC\170\Tools\Binn\;C:\Program Files\NVIDIA Corporation\NVIDIA NvDLISR;C:\WINDOWS\system32;C:\WINDOWS;C:\WINDOWS\System32\Wbem;C:\WINDOWS\System32\WindowsPowerShell\v1.0\;C:\WINDOWS\System32\OpenSSH\;C:\Program Files\Git\cmd;C:\Program Files\Git\mingw64\bin;C:\Program Files\Git\usr\bin;C:\Python39\Scripts\;C:\Python39\;C:\Users\Alex\AppData\Local\Microsoft\WindowsApps;;C:\Program Files\JetBrains\IntelliJ IDEA Community Edition 2020.3.1\bin;;C:\Users\Alex\.dotnet\tools
USERNAME=Alex
OS=Windows_NT
PROCESSOR_IDENTIFIER=Intel64 Family 6 Model 158 Stepping 10, GenuineIntel



---------------  S Y S T E M  ---------------

OS: Windows 10.0 , 64 bit Build 19041 (10.0.19041.804)

CPU:total 12 (initial active 12) (6 cores per cpu, 2 threads per core) family 6 model 158 stepping 10, cmov, cx8, fxsr, mmx, sse, sse2, sse3, ssse3, sse4.1, sse4.2, popcnt, avx, avx2, aes, clmul, erms, 3dnowpref, lzcnt, ht, tsc, tscinvbit, bmi1, bmi2, adx

Memory: 4k page, physical 16622900k(9618232k free), swap 19113268k(9122552k free)

vm_info: OpenJDK 64-Bit Server VM (25.242-b01) for windows-amd64 JRE (1.8.0_242-release-1644-b01), built by "builder" with MS VC++ 10.0 (VS2010)

time: Mon Mar 08 02:19:30 2021
timezone: RTZ 2 (зима)
elapsed time: 7 seconds (0d 0h 0m 7s)

