#
# A fatal error has been detected by the Java Runtime Environment:
#
#  EXCEPTION_ACCESS_VIOLATION (0xc0000005) at pc=0x00000000664076f4, pid=13964, tid=0x0000000000001cac
#
# JRE version: OpenJDK Runtime Environment (8.0_242-b01) (build 1.8.0_242-release-1644-b01)
# Java VM: OpenJDK 64-Bit Server VM (25.242-b01 mixed mode windows-amd64 compressed oops)
# Problematic frame:
# V  [jvm.dll+0x4376f4]
#
# Failed to write core dump. Minidumps are not enabled by default on client versions of Windows
#
# If you would like to submit a bug report, please visit:
#   
#

---------------  T H R E A D  ---------------

Current thread (0x0000000019380800):  JavaThread "C2 CompilerThread2" daemon [_thread_in_native, id=7340, stack(0x000000001abd0000,0x000000001acd0000)]

siginfo: ExceptionCode=0xc0000005, writing address 0x0000000022705298

Registers:
RAX=0x000000001accc4f0, RBX=0x0000000022705230, RCX=0x00000000000038c7, RDX=0x000000000000de2f
RSP=0x000000001accc3d0, RBP=0xffffffffffffffff, RSI=0x00000000204990b8, RDI=0x000000001c1d4ba0
R8 =0x0000000000000001, R9 =0x0000000000000001, R10=0x0000000000000002, R11=0x0000000000000000
R12=0x000000001accc7e0, R13=0x0000000000000000, R14=0x0000000065fd0000, R15=0x0000000000000001
RIP=0x00000000664076f4, EFLAGS=0x0000000000010202

Top of Stack: (sp=0x000000001accc3d0)
0x000000001accc3d0:   000000001c1d4ba0 000000001accc7e0
0x000000001accc3e0:   00000000221a91c0 000000006676d858
0x000000001accc3f0:   00000004000004d2 000000001c1d4ba0
0x000000001accc400:   0000000000000080 00000000000004d2
0x000000001accc410:   0000000000000000 0000000000000000
0x000000001accc420:   000000001accc4f0 00000000000003d8
0x000000001accc430:   00000000226acf08 00000000226acb30
0x000000001accc440:   000000001accc570 0000000000000000
0x000000001accc450:   000000001accc7e0 00000000226acb20
0x000000001accc460:   000000001accc8f0 000000006640aa19
0x000000001accc470:   000000001accc7e0 000000001accc501
0x000000001accc480:   00000000ffffffff 0000000000000010
0x000000001accc490:   0000000000000006 00000000226acb20
0x000000001accc4a0:   000000001ce05010 000000001ce07690
0x000000001accc4b0:   000000001ce0cff8 00000000003c4280
0x000000001accc4c0:   0000000000000006 00000000226aaba0 

Instructions: (pc=0x00000000664076f4)
0x00000000664076d4:   49 8b 44 24 70 41 83 e0 01 8b da 48 6b db 70 48
0x00000000664076e4:   03 58 20 85 d2 0f 84 a1 02 00 00 45 85 c0 74 32
0x00000000664076f4:   81 4b 68 00 10 00 00 48 8b 46 08 4a 8b 0c c0 49
0x0000000066407704:   8b 84 24 28 01 00 00 48 63 51 28 8b 0c 90 49 8b 


Register to memory mapping:

RAX=0x000000001accc4f0 is pointing into the stack for thread: 0x0000000019380800
RBX=0x0000000022705230 is pointing into the stack for thread: 0x000000001cd40000
RCX=0x00000000000038c7 is an unknown value
RDX=0x000000000000de2f is an unknown value
RSP=0x000000001accc3d0 is pointing into the stack for thread: 0x0000000019380800
RBP=0xffffffffffffffff is an unknown value
RSI=0x00000000204990b8 is an unknown value
RDI=0x000000001c1d4ba0 is an unknown value
R8 =0x0000000000000001 is an unknown value
R9 =0x0000000000000001 is an unknown value
R10=0x0000000000000002 is an unknown value
R11=0x0000000000000000 is an unknown value
R12=0x000000001accc7e0 is pointing into the stack for thread: 0x0000000019380800
R13=0x0000000000000000 is an unknown value
R14=0x0000000065fd0000 is an unknown value
R15=0x0000000000000001 is an unknown value


Stack: [0x000000001abd0000,0x000000001acd0000],  sp=0x000000001accc3d0,  free space=1008k
Native frames: (J=compiled Java code, j=interpreted, Vv=VM code, C=native code)
V  [jvm.dll+0x4376f4]
V  [jvm.dll+0x43aa19]
V  [jvm.dll+0x4456ab]
V  [jvm.dll+0x447fa8]
V  [jvm.dll+0x42b072]
V  [jvm.dll+0x8230f]
V  [jvm.dll+0x82c7f]
V  [jvm.dll+0x220b7f]
V  [jvm.dll+0x27276a]
C  [msvcr100.dll+0x21d9f]
C  [msvcr100.dll+0x21e3b]
C  [KERNEL32.DLL+0x17034]
C  [ntdll.dll+0x4d241]


Current CompileTask:
C2:   8598 5423       4       org.gradle.internal.reflect.ClassInspector::inspectClass (179 bytes)


---------------  P R O C E S S  ---------------

Java Threads: ( => current thread )
  0x000000001ff12000 JavaThread "Cache worker for execution history cache (D:\AndroidProjects\KursachGameShop2\.gradle\6.5\executionHistory)" [_thread_blocked, id=16128, stack(0x000000002db80000,0x000000002dc80000)]
  0x000000001ff15000 JavaThread "Execution worker for ':' Thread 11" [_thread_blocked, id=16124, stack(0x000000002da80000,0x000000002db80000)]
  0x0000000020601800 JavaThread "Execution worker for ':' Thread 10" [_thread_blocked, id=16120, stack(0x000000002d980000,0x000000002da80000)]
  0x0000000020601000 JavaThread "Execution worker for ':' Thread 9" [_thread_blocked, id=16116, stack(0x000000002d880000,0x000000002d980000)]
  0x0000000020600000 JavaThread "Execution worker for ':' Thread 8" [_thread_blocked, id=16112, stack(0x000000002d680000,0x000000002d780000)]
  0x00000000205ff800 JavaThread "Execution worker for ':' Thread 7" [_thread_blocked, id=16108, stack(0x000000002d580000,0x000000002d680000)]
  0x00000000205fe800 JavaThread "Execution worker for ':' Thread 6" [_thread_blocked, id=16104, stack(0x000000002d480000,0x000000002d580000)]
  0x00000000205fd000 JavaThread "Execution worker for ':' Thread 5" [_thread_blocked, id=16100, stack(0x000000002d380000,0x000000002d480000)]
  0x00000000205fe000 JavaThread "Execution worker for ':' Thread 4" [_thread_blocked, id=16096, stack(0x000000002d280000,0x000000002d380000)]
  0x00000000205f5800 JavaThread "Execution worker for ':' Thread 3" [_thread_in_vm, id=16092, stack(0x000000002d180000,0x000000002d280000)]
  0x00000000205fb800 JavaThread "Execution worker for ':' Thread 2" [_thread_blocked, id=16088, stack(0x000000002d080000,0x000000002d180000)]
  0x00000000205fc800 JavaThread "Execution worker for ':'" [_thread_blocked, id=16084, stack(0x000000002cf80000,0x000000002d080000)]
  0x00000000205f8000 JavaThread "Cache worker for file content cache (D:\AndroidProjects\KursachGameShop2\.gradle\6.5\fileContent)" [_thread_blocked, id=16076, stack(0x000000002c450000,0x000000002c550000)]
  0x00000000205f7000 JavaThread "Memory manager" [_thread_blocked, id=16072, stack(0x000000002b9b0000,0x000000002bab0000)]
  0x00000000205fa000 JavaThread "pool-1-thread-1" [_thread_blocked, id=16004, stack(0x000000002bb50000,0x000000002bc50000)]
  0x00000000205f9800 JavaThread "Cache worker for Build Output Cleanup Cache (D:\AndroidProjects\KursachGameShop2\.gradle\buildOutputCleanup)" [_thread_blocked, id=16000, stack(0x000000002b4b0000,0x000000002b5b0000)]
  0x00000000205f2800 JavaThread "jar transforms Thread 92" [_thread_blocked, id=15992, stack(0x000000002b1b0000,0x000000002b2b0000)]
  0x00000000205f8800 JavaThread "jar transforms Thread 91" [_thread_blocked, id=15988, stack(0x000000002b0b0000,0x000000002b1b0000)]
  0x00000000226aa000 JavaThread "jar transforms Thread 90" [_thread_blocked, id=15984, stack(0x000000002afb0000,0x000000002b0b0000)]
  0x00000000226a9800 JavaThread "jar transforms Thread 89" [_thread_blocked, id=15980, stack(0x000000002aeb0000,0x000000002afb0000)]
  0x00000000226a8800 JavaThread "jar transforms Thread 88" [_thread_blocked, id=15976, stack(0x000000002adb0000,0x000000002aeb0000)]
  0x00000000226a8000 JavaThread "jar transforms Thread 87" [_thread_blocked, id=15968, stack(0x000000002acb0000,0x000000002adb0000)]
  0x00000000226a3800 JavaThread "jar transforms Thread 86" [_thread_blocked, id=15892, stack(0x000000002abb0000,0x000000002acb0000)]
  0x00000000226a6800 JavaThread "jar transforms Thread 85" [_thread_blocked, id=15888, stack(0x000000002aab0000,0x000000002abb0000)]
  0x00000000226a5000 JavaThread "jar transforms Thread 84" [_thread_blocked, id=15884, stack(0x000000002a9b0000,0x000000002aab0000)]
  0x00000000226a7000 JavaThread "jar transforms Thread 83" [_thread_blocked, id=15880, stack(0x000000002a8b0000,0x000000002a9b0000)]
  0x00000000226a4000 JavaThread "jar transforms Thread 82" [_thread_blocked, id=15876, stack(0x000000002a7b0000,0x000000002a8b0000)]
  0x00000000226a5800 JavaThread "jar transforms Thread 81" [_thread_blocked, id=15872, stack(0x000000002a6b0000,0x000000002a7b0000)]
  0x000000002269d000 JavaThread "jar transforms Thread 80" [_thread_blocked, id=15868, stack(0x000000002a5b0000,0x000000002a6b0000)]
  0x000000002269b800 JavaThread "jar transforms Thread 79" [_thread_blocked, id=15864, stack(0x000000002a4b0000,0x000000002a5b0000)]
  0x000000002269f800 JavaThread "jar transforms Thread 78" [_thread_blocked, id=15860, stack(0x000000002a3b0000,0x000000002a4b0000)]
  0x00000000226a2800 JavaThread "jar transforms Thread 77" [_thread_blocked, id=15856, stack(0x000000002a2b0000,0x000000002a3b0000)]
  0x00000000226a0000 JavaThread "jar transforms Thread 76" [_thread_blocked, id=15852, stack(0x000000002a1b0000,0x000000002a2b0000)]
  0x000000002269c800 JavaThread "jar transforms Thread 75" [_thread_blocked, id=15848, stack(0x000000002a0b0000,0x000000002a1b0000)]
  0x00000000226a2000 JavaThread "jar transforms Thread 74" [_thread_blocked, id=15844, stack(0x0000000029fb0000,0x000000002a0b0000)]
  0x00000000226a1000 JavaThread "jar transforms Thread 73" [_thread_blocked, id=15840, stack(0x0000000029eb0000,0x0000000029fb0000)]
  0x000000002269b000 JavaThread "jar transforms Thread 72" [_thread_blocked, id=15836, stack(0x0000000029db0000,0x0000000029eb0000)]
  0x000000002269e000 JavaThread "jar transforms Thread 71" [_thread_blocked, id=15832, stack(0x0000000029cb0000,0x0000000029db0000)]
  0x000000002269e800 JavaThread "jar transforms Thread 70" [_thread_blocked, id=15828, stack(0x0000000029bb0000,0x0000000029cb0000)]
  0x000000002205f000 JavaThread "jar transforms Thread 69" [_thread_blocked, id=15824, stack(0x0000000029ab0000,0x0000000029bb0000)]
  0x000000002205e000 JavaThread "jar transforms Thread 68" [_thread_blocked, id=15820, stack(0x00000000299b0000,0x0000000029ab0000)]
  0x0000000022065000 JavaThread "jar transforms Thread 67" [_thread_blocked, id=15816, stack(0x00000000298b0000,0x00000000299b0000)]
  0x000000002205d800 JavaThread "jar transforms Thread 66" [_thread_blocked, id=15812, stack(0x00000000297b0000,0x00000000298b0000)]
  0x0000000022064000 JavaThread "jar transforms Thread 65" [_thread_blocked, id=15808, stack(0x00000000296b0000,0x00000000297b0000)]
  0x0000000022062000 JavaThread "jar transforms Thread 64" [_thread_blocked, id=15804, stack(0x00000000295b0000,0x00000000296b0000)]
  0x0000000022063800 JavaThread "jar transforms Thread 63" [_thread_blocked, id=15796, stack(0x00000000294b0000,0x00000000295b0000)]
  0x0000000022062800 JavaThread "jar transforms Thread 62" [_thread_blocked, id=15788, stack(0x00000000293b0000,0x00000000294b0000)]
  0x0000000022061000 JavaThread "jar transforms Thread 61" [_thread_blocked, id=15780, stack(0x00000000292b0000,0x00000000293b0000)]
  0x000000002205f800 JavaThread "jar transforms Thread 60" [_thread_blocked, id=15776, stack(0x00000000291b0000,0x00000000292b0000)]
  0x0000000022060800 JavaThread "jar transforms Thread 59" [_thread_blocked, id=15752, stack(0x00000000290b0000,0x00000000291b0000)]
  0x0000000022056000 JavaThread "jar transforms Thread 58" [_thread_blocked, id=15656, stack(0x0000000028fb0000,0x00000000290b0000)]
  0x0000000022057800 JavaThread "jar transforms Thread 57" [_thread_blocked, id=15636, stack(0x0000000028eb0000,0x0000000028fb0000)]
  0x000000002205c000 JavaThread "jar transforms Thread 56" [_thread_blocked, id=15620, stack(0x0000000028db0000,0x0000000028eb0000)]
  0x000000002205b000 JavaThread "jar transforms Thread 55" [_thread_blocked, id=15600, stack(0x0000000028cb0000,0x0000000028db0000)]
  0x0000000022059800 JavaThread "jar transforms Thread 54" [_thread_blocked, id=15520, stack(0x0000000028bb0000,0x0000000028cb0000)]
  0x000000002205c800 JavaThread "jar transforms Thread 53" [_thread_blocked, id=15516, stack(0x0000000028ab0000,0x0000000028bb0000)]
  0x0000000022059000 JavaThread "jar transforms Thread 52" [_thread_blocked, id=15512, stack(0x00000000289b0000,0x0000000028ab0000)]
  0x0000000022056800 JavaThread "jar transforms Thread 51" [_thread_blocked, id=15508, stack(0x00000000288b0000,0x00000000289b0000)]
  0x0000000022058000 JavaThread "jar transforms Thread 50" [_thread_blocked, id=15504, stack(0x00000000287b0000,0x00000000288b0000)]
  0x000000002205a800 JavaThread "jar transforms Thread 49" [_thread_blocked, id=15500, stack(0x00000000286b0000,0x00000000287b0000)]
  0x000000001f4d5800 JavaThread "jar transforms Thread 48" [_thread_blocked, id=15496, stack(0x00000000285b0000,0x00000000286b0000)]
  0x000000001f4d6800 JavaThread "jar transforms Thread 47" [_thread_blocked, id=15492, stack(0x00000000284b0000,0x00000000285b0000)]
  0x000000001f4d5000 JavaThread "jar transforms Thread 46" [_thread_blocked, id=15488, stack(0x00000000283b0000,0x00000000284b0000)]
  0x000000001f4d4000 JavaThread "jar transforms Thread 45" [_thread_blocked, id=15484, stack(0x00000000282b0000,0x00000000283b0000)]
  0x000000001f4d7000 JavaThread "jar transforms Thread 44" [_thread_blocked, id=15480, stack(0x00000000281b0000,0x00000000282b0000)]
  0x000000001f4d3800 JavaThread "jar transforms Thread 43" [_thread_blocked, id=15476, stack(0x00000000280b0000,0x00000000281b0000)]
  0x000000001f4cc000 JavaThread "jar transforms Thread 42" [_thread_blocked, id=15472, stack(0x0000000027fb0000,0x00000000280b0000)]
  0x000000001f4d2800 JavaThread "jar transforms Thread 41" [_thread_blocked, id=15468, stack(0x0000000027eb0000,0x0000000027fb0000)]
  0x000000001f4d2000 JavaThread "jar transforms Thread 40" [_thread_blocked, id=15464, stack(0x0000000027db0000,0x0000000027eb0000)]
  0x000000001f4d1000 JavaThread "jar transforms Thread 39" [_thread_blocked, id=15460, stack(0x0000000027cb0000,0x0000000027db0000)]
  0x000000001f4cc800 JavaThread "jar transforms Thread 38" [_thread_blocked, id=15456, stack(0x0000000027bb0000,0x0000000027cb0000)]
  0x000000001f4c9800 JavaThread "jar transforms Thread 37" [_thread_blocked, id=15452, stack(0x0000000027ab0000,0x0000000027bb0000)]
  0x000000001f4d0800 JavaThread "jar transforms Thread 36" [_thread_blocked, id=15448, stack(0x00000000279b0000,0x0000000027ab0000)]
  0x000000001f4cf800 JavaThread "jar transforms Thread 35" [_thread_blocked, id=15444, stack(0x00000000278b0000,0x00000000279b0000)]
  0x000000001f4cd800 JavaThread "jar transforms Thread 34" [_thread_blocked, id=15440, stack(0x00000000277b0000,0x00000000278b0000)]
  0x000000001f4cb000 JavaThread "jar transforms Thread 33" [_thread_blocked, id=15432, stack(0x00000000276b0000,0x00000000277b0000)]
  0x000000001f4c8000 JavaThread "jar transforms Thread 32" [_thread_blocked, id=15428, stack(0x00000000275b0000,0x00000000276b0000)]
  0x000000001f4ce000 JavaThread "jar transforms Thread 31" [_thread_blocked, id=15424, stack(0x00000000274b0000,0x00000000275b0000)]
  0x000000001f4c9000 JavaThread "jar transforms Thread 30" [_thread_blocked, id=15420, stack(0x00000000273b0000,0x00000000274b0000)]
  0x000000001f4cf000 JavaThread "jar transforms Thread 29" [_thread_blocked, id=15416, stack(0x00000000272b0000,0x00000000273b0000)]
  0x000000001f4ca800 JavaThread "jar transforms Thread 28" [_thread_blocked, id=15412, stack(0x00000000271b0000,0x00000000272b0000)]
  0x0000000020534800 JavaThread "jar transforms Thread 27" [_thread_blocked, id=15408, stack(0x00000000270b0000,0x00000000271b0000)]
  0x0000000020539000 JavaThread "jar transforms Thread 26" [_thread_blocked, id=15404, stack(0x0000000026fb0000,0x00000000270b0000)]
  0x0000000020535000 JavaThread "jar transforms Thread 25" [_thread_blocked, id=15400, stack(0x0000000026eb0000,0x0000000026fb0000)]
  0x0000000020533800 JavaThread "jar transforms Thread 24" [_thread_blocked, id=15396, stack(0x0000000026db0000,0x0000000026eb0000)]
  0x0000000020537800 JavaThread "jar transforms Thread 23" [_thread_blocked, id=15392, stack(0x0000000026cb0000,0x0000000026db0000)]
  0x0000000020537000 JavaThread "jar transforms Thread 22" [_thread_blocked, id=15388, stack(0x0000000026bb0000,0x0000000026cb0000)]
  0x0000000020538800 JavaThread "jar transforms Thread 21" [_thread_blocked, id=15384, stack(0x0000000026ab0000,0x0000000026bb0000)]
  0x0000000020533000 JavaThread "jar transforms Thread 20" [_thread_blocked, id=15380, stack(0x00000000269b0000,0x0000000026ab0000)]
  0x0000000020536000 JavaThread "jar transforms Thread 19" [_thread_blocked, id=15376, stack(0x00000000268b0000,0x00000000269b0000)]
  0x0000000020532000 JavaThread "jar transforms Thread 18" [_thread_blocked, id=15372, stack(0x00000000267b0000,0x00000000268b0000)]
  0x000000002052a800 JavaThread "jar transforms Thread 17" [_thread_blocked, id=15368, stack(0x00000000266b0000,0x00000000267b0000)]
  0x0000000020531800 JavaThread "jar transforms Thread 16" [_thread_blocked, id=15364, stack(0x00000000265b0000,0x00000000266b0000)]
  0x000000002052b800 JavaThread "jar transforms Thread 15" [_thread_blocked, id=15156, stack(0x00000000264b0000,0x00000000265b0000)]
  0x000000002052c000 JavaThread "jar transforms Thread 14" [_thread_blocked, id=1852, stack(0x00000000263b0000,0x00000000264b0000)]
  0x0000000020530800 JavaThread "jar transforms Thread 13" [_thread_blocked, id=15160, stack(0x00000000262b0000,0x00000000263b0000)]
  0x0000000020530000 JavaThread "jar transforms Thread 12" [_thread_blocked, id=8416, stack(0x00000000261b0000,0x00000000262b0000)]
  0x000000002052f000 JavaThread "jar transforms Thread 11" [_thread_blocked, id=2688, stack(0x00000000260b0000,0x00000000261b0000)]
  0x000000002052e800 JavaThread "jar transforms Thread 10" [_thread_blocked, id=13860, stack(0x0000000025fb0000,0x00000000260b0000)]
  0x000000002052d800 JavaThread "jar transforms Thread 9" [_thread_blocked, id=13176, stack(0x0000000025eb0000,0x0000000025fb0000)]
  0x000000002052d000 JavaThread "jar transforms Thread 8" [_thread_blocked, id=12656, stack(0x0000000025db0000,0x0000000025eb0000)]
  0x000000002052a000 JavaThread "jar transforms Thread 7" [_thread_blocked, id=11608, stack(0x0000000025cb0000,0x0000000025db0000)]
  0x000000001be16800 JavaThread "jar transforms Thread 6" [_thread_blocked, id=7628, stack(0x0000000025bb0000,0x0000000025cb0000)]
  0x000000001be15000 JavaThread "jar transforms Thread 5" [_thread_blocked, id=7752, stack(0x0000000025ab0000,0x0000000025bb0000)]
  0x000000001be14000 JavaThread "jar transforms Thread 4" [_thread_blocked, id=12668, stack(0x00000000259b0000,0x0000000025ab0000)]
  0x000000001be12800 JavaThread "jar transforms Thread 3" [_thread_blocked, id=12748, stack(0x00000000258b0000,0x00000000259b0000)]
  0x000000001be13800 JavaThread "jar transforms Thread 2" [_thread_blocked, id=5340, stack(0x00000000257b0000,0x00000000258b0000)]
  0x000000001be15800 JavaThread "Build operations Thread 12" [_thread_blocked, id=14332, stack(0x00000000256b0000,0x00000000257b0000)]
  0x000000001be11000 JavaThread "Build operations Thread 11" [_thread_blocked, id=13020, stack(0x00000000255b0000,0x00000000256b0000)]
  0x000000001be12000 JavaThread "Build operations Thread 10" [_thread_blocked, id=4752, stack(0x00000000254b0000,0x00000000255b0000)]
  0x000000001be09800 JavaThread "Build operations Thread 9" [_thread_blocked, id=14060, stack(0x00000000253b0000,0x00000000254b0000)]
  0x000000001be10800 JavaThread "Build operations Thread 8" [_thread_blocked, id=11436, stack(0x00000000252b0000,0x00000000253b0000)]
  0x000000001be0f800 JavaThread "Build operations Thread 7" [_thread_blocked, id=13692, stack(0x00000000251b0000,0x00000000252b0000)]
  0x000000001be0e000 JavaThread "Build operations Thread 6" [_thread_blocked, id=15252, stack(0x0000000024fb0000,0x00000000250b0000)]
  0x000000001be0f000 JavaThread "Build operations Thread 5" [_thread_blocked, id=5988, stack(0x0000000024eb0000,0x0000000024fb0000)]
  0x000000001be0c800 JavaThread "Build operations Thread 4" [_thread_blocked, id=2200, stack(0x0000000024db0000,0x0000000024eb0000)]
  0x000000001be0c000 JavaThread "Build operations Thread 3" [_thread_blocked, id=6572, stack(0x0000000024cb0000,0x0000000024db0000)]
  0x000000001be07800 JavaThread "Build operations Thread 2" [_thread_blocked, id=1988, stack(0x0000000024bb0000,0x0000000024cb0000)]
  0x000000001be0b000 JavaThread "Build operations" [_thread_blocked, id=12720, stack(0x0000000024ab0000,0x0000000024bb0000)]
  0x000000001cd42800 JavaThread "Cache worker for file content cache (C:\Users\Alex\.gradle\caches\6.5\fileContent)" [_thread_blocked, id=11748, stack(0x00000000233e0000,0x00000000234e0000)]
  0x000000001cd44800 JavaThread "jar transforms" [_thread_blocked, id=3528, stack(0x00000000232e0000,0x00000000233e0000)]
  0x000000001cd44000 JavaThread "Cache worker for execution history cache (C:\Users\Alex\.gradle\caches\6.5\executionHistory)" [_thread_blocked, id=4416, stack(0x0000000022be0000,0x0000000022ce0000)]
  0x000000001cd41800 JavaThread "Cache worker for cache directory md-rule (C:\Users\Alex\.gradle\caches\6.5\md-rule)" [_thread_blocked, id=1160, stack(0x0000000022ae0000,0x0000000022be0000)]
  0x000000001cd40000 JavaThread "Cache worker for cache directory md-supplier (C:\Users\Alex\.gradle\caches\6.5\md-supplier)" [_thread_blocked, id=13848, stack(0x0000000022700000,0x0000000022800000)]
  0x000000001cd3e800 JavaThread "Cache worker for checksums cache (D:\AndroidProjects\KursachGameShop2\.gradle\checksums)" [_thread_blocked, id=8956, stack(0x00000000213c0000,0x00000000214c0000)]
  0x000000001cd3e000 JavaThread "Cache worker for file hash cache (D:\AndroidProjects\KursachGameShop2\.gradle\6.5\fileHashes)" [_thread_blocked, id=13956, stack(0x00000000212c0000,0x00000000213c0000)]
  0x000000001cd41000 JavaThread "Cache worker for file hash cache (C:\Users\Alex\.gradle\caches\6.5\fileHashes)" [_thread_blocked, id=15100, stack(0x000000001f020000,0x000000001f120000)]
  0x000000001cd43000 JavaThread "File lock request listener" [_thread_in_native, id=8800, stack(0x000000001ef20000,0x000000001f020000)]
  0x000000001949b800 JavaThread "Cache worker for journal cache (C:\Users\Alex\.gradle\caches\journal-1)" [_thread_blocked, id=13152, stack(0x000000001ee20000,0x000000001ef20000)]
  0x000000001ca71000 JavaThread "Thread-9" [_thread_blocked, id=14260, stack(0x000000001eb20000,0x000000001ec20000)]
  0x000000001ca6e000 JavaThread "Stdin handler" [_thread_blocked, id=564, stack(0x000000001ea20000,0x000000001eb20000)]
  0x000000001cad9800 JavaThread "Asynchronous log dispatcher for DefaultDaemonConnection: socket connection from /127.0.0.1:49927 to /127.0.0.1:49928" [_thread_blocked, id=14716, stack(0x000000001e920000,0x000000001ea20000)]
  0x000000001cae1000 JavaThread "Daemon worker" [_thread_blocked, id=4976, stack(0x000000001e820000,0x000000001e920000)]
  0x000000001cadf800 JavaThread "Cancel handler" [_thread_blocked, id=924, stack(0x000000001e720000,0x000000001e820000)]
  0x000000001ca5c800 JavaThread "Handler for socket connection from /127.0.0.1:49927 to /127.0.0.1:49928" [_thread_in_native, id=7316, stack(0x000000001e620000,0x000000001e720000)]
  0x000000001ca5b800 JavaThread "Daemon" [_thread_blocked, id=4748, stack(0x000000001e320000,0x000000001e420000)]
  0x000000001cabe800 JavaThread "Daemon periodic checks" [_thread_blocked, id=14348, stack(0x000000001e220000,0x000000001e320000)]
  0x000000001caa7000 JavaThread "Incoming local TCP Connector on port 49927" [_thread_in_native, id=668, stack(0x000000001dfd0000,0x000000001e0d0000)]
  0x000000001ca81000 JavaThread "Daemon health stats" [_thread_blocked, id=7048, stack(0x000000001d970000,0x000000001da70000)]
  0x0000000019407800 JavaThread "Service Thread" daemon [_thread_blocked, id=4904, stack(0x000000001add0000,0x000000001aed0000)]
  0x0000000019381000 JavaThread "C1 CompilerThread3" daemon [_thread_blocked, id=2888, stack(0x000000001acd0000,0x000000001add0000)]
=>0x0000000019380800 JavaThread "C2 CompilerThread2" daemon [_thread_in_native, id=7340, stack(0x000000001abd0000,0x000000001acd0000)]
  0x000000001937b800 JavaThread "C2 CompilerThread1" daemon [_thread_in_native, id=9152, stack(0x000000001aad0000,0x000000001abd0000)]
  0x0000000019372800 JavaThread "C2 CompilerThread0" daemon [_thread_blocked, id=3504, stack(0x000000001a9d0000,0x000000001aad0000)]
  0x0000000019371000 JavaThread "Attach Listener" daemon [_thread_blocked, id=15228, stack(0x000000001a8d0000,0x000000001a9d0000)]
  0x0000000017cae800 JavaThread "Signal Dispatcher" daemon [_thread_blocked, id=12360, stack(0x000000001a7d0000,0x000000001a8d0000)]
  0x0000000017ca2000 JavaThread "Finalizer" daemon [_thread_blocked, id=15196, stack(0x000000001a5c0000,0x000000001a6c0000)]
  0x0000000019363000 JavaThread "Reference Handler" daemon [_thread_blocked, id=10108, stack(0x000000001a4c0000,0x000000001a5c0000)]
  0x000000000292d800 JavaThread "main" [_thread_blocked, id=12640, stack(0x00000000027f0000,0x00000000028f0000)]

Other Threads:
  0x0000000019342800 VMThread [stack: 0x000000001a3c0000,0x000000001a4c0000] [id=1720]
  0x0000000019408800 WatcherThread [stack: 0x000000001aed0000,0x000000001afd0000] [id=14920]

VM state:at safepoint (normal execution)

VM Mutex/Monitor currently owned by a thread:  ([mutex/lock_event])
[0x000000000292c690] Threads_lock - owner thread: 0x0000000000000000

heap address: 0x0000000080000000, size: 2048 MB, Compressed Oops mode: 32-bit
Narrow klass base: 0x0000000000000000, Narrow klass shift: 3
Compressed class space size: 1073741824 Address: 0x0000000100000000

Heap:
 PSYoungGen      total 331776K, used 69177K [0x00000000d5580000, 0x00000000eb580000, 0x0000000100000000)
  eden space 313344K, 22% used [0x00000000d5580000,0x00000000d990e448,0x00000000e8780000)
  from space 18432K, 0% used [0x00000000ea300000,0x00000000ea300000,0x00000000eb500000)
  to   space 23552K, 0% used [0x00000000e8780000,0x00000000e8780000,0x00000000e9e80000)
 ParOldGen       total 208896K, used 36306K [0x0000000080000000, 0x000000008cc00000, 0x00000000d5580000)
  object space 208896K, 17% used [0x0000000080000000,0x0000000082374898,0x000000008cc00000)
 Metaspace       used 61256K, capacity 63912K, committed 64152K, reserved 1103872K
  class space    used 8485K, capacity 9019K, committed 9136K, reserved 1048576K

Card table byte_map: [0x0000000011df0000,0x0000000012200000] byte_map_base: 0x00000000119f0000

Marking Bits: (ParMarkBitMap*) 0x000000006679f030
 Begin Bits: [0x0000000012eb0000, 0x0000000014eb0000)
 End Bits:   [0x0000000014eb0000, 0x0000000016eb0000)

Polling page: 0x00000000026c0000

CodeCache: size=245760Kb used=16891Kb max_used=18034Kb free=228868Kb
 bounds [0x0000000002a30000, 0x0000000003c00000, 0x0000000011a30000]
 total_blobs=5853 nmethods=5073 adapters=692
 compilation: enabled

Compilation events (10 events):
Event: 8.558 Thread 0x0000000019381000 5687       1       java.util.concurrent.ThreadPoolExecutor::getThreadFactory (5 bytes)
Event: 8.558 Thread 0x0000000019381000 nmethod 5687 0x00000000033aa990 code [0x00000000033aaae0, 0x00000000033aabf0]
Event: 8.561 Thread 0x0000000019372800 nmethod 5612 0x000000000339e6d0 code [0x000000000339e840, 0x000000000339edd8]
Event: 8.561 Thread 0x0000000019372800 5673       4       java.util.AbstractMap::<init> (5 bytes)
Event: 8.562 Thread 0x0000000019372800 nmethod 5673 0x0000000002b9de90 code [0x0000000002b9dfc0, 0x0000000002b9e018]
Event: 8.562 Thread 0x0000000019372800 5649       4       java.lang.reflect.Modifier::isFinal (13 bytes)
Event: 8.562 Thread 0x0000000019372800 nmethod 5649 0x0000000002bc2990 code [0x0000000002bc2ac0, 0x0000000002bc2b18]
Event: 8.562 Thread 0x0000000019372800 5542       4       com.google.common.collect.RegularImmutableMap::get (18 bytes)
Event: 8.564 Thread 0x0000000019372800 nmethod 5542 0x0000000002c6f550 code [0x0000000002c6f6a0, 0x0000000002c6f9f8]
Event: 8.564 Thread 0x0000000019372800 5559       4       java.util.HashSet::iterator (13 bytes)

GC Heap History (10 events):
Event: 2.726 GC heap before
{Heap before GC invocations=7 (full 1):
 PSYoungGen      total 140800K, used 42362K [0x00000000d5580000, 0x00000000e4700000, 0x0000000100000000)
  eden space 130048K, 24% used [0x00000000d5580000,0x00000000d7465bf0,0x00000000dd480000)
  from space 10752K, 99% used [0x00000000dd480000,0x00000000ddef8fd0,0x00000000ddf00000)
  to   space 15872K, 0% used [0x00000000e3780000,0x00000000e3780000,0x00000000e4700000)
 ParOldGen       total 93696K, used 10726K [0x0000000080000000, 0x0000000085b80000, 0x00000000d5580000)
  object space 93696K, 11% used [0x0000000080000000,0x0000000080a79b48,0x0000000085b80000)
 Metaspace       used 34349K, capacity 35432K, committed 35496K, reserved 1079296K
  class space    used 4728K, capacity 5007K, committed 5040K, reserved 1048576K
Event: 2.730 GC heap after
Heap after GC invocations=7 (full 1):
 PSYoungGen      total 231936K, used 8442K [0x00000000d5580000, 0x00000000e4880000, 0x0000000100000000)
  eden space 216064K, 0% used [0x00000000d5580000,0x00000000d5580000,0x00000000e2880000)
  from space 15872K, 53% used [0x00000000e3780000,0x00000000e3fbebc8,0x00000000e4700000)
  to   space 15360K, 0% used [0x00000000e2880000,0x00000000e2880000,0x00000000e3780000)
 ParOldGen       total 93696K, used 10734K [0x0000000080000000, 0x0000000085b80000, 0x00000000d5580000)
  object space 93696K, 11% used [0x0000000080000000,0x0000000080a7bb48,0x0000000085b80000)
 Metaspace       used 34349K, capacity 35432K, committed 35496K, reserved 1079296K
  class space    used 4728K, capacity 5007K, committed 5040K, reserved 1048576K
}
Event: 2.730 GC heap before
{Heap before GC invocations=8 (full 2):
 PSYoungGen      total 231936K, used 8442K [0x00000000d5580000, 0x00000000e4880000, 0x0000000100000000)
  eden space 216064K, 0% used [0x00000000d5580000,0x00000000d5580000,0x00000000e2880000)
  from space 15872K, 53% used [0x00000000e3780000,0x00000000e3fbebc8,0x00000000e4700000)
  to   space 15360K, 0% used [0x00000000e2880000,0x00000000e2880000,0x00000000e3780000)
 ParOldGen       total 93696K, used 10734K [0x0000000080000000, 0x0000000085b80000, 0x00000000d5580000)
  object space 93696K, 11% used [0x0000000080000000,0x0000000080a7bb48,0x0000000085b80000)
 Metaspace       used 34349K, capacity 35432K, committed 35496K, reserved 1079296K
  class space    used 4728K, capacity 5007K, committed 5040K, reserved 1048576K
Event: 2.755 GC heap after
Heap after GC invocations=8 (full 2):
 PSYoungGen      total 231936K, used 0K [0x00000000d5580000, 0x00000000e4880000, 0x0000000100000000)
  eden space 216064K, 0% used [0x00000000d5580000,0x00000000d5580000,0x00000000e2880000)
  from space 15872K, 0% used [0x00000000e3780000,0x00000000e3780000,0x00000000e4700000)
  to   space 15360K, 0% used [0x00000000e2880000,0x00000000e2880000,0x00000000e3780000)
 ParOldGen       total 141824K, used 14688K [0x0000000080000000, 0x0000000088a80000, 0x00000000d5580000)
  object space 141824K, 10% used [0x0000000080000000,0x0000000080e582a8,0x0000000088a80000)
 Metaspace       used 34349K, capacity 35432K, committed 35496K, reserved 1079296K
  class space    used 4728K, capacity 5007K, committed 5040K, reserved 1048576K
}
Event: 6.011 GC heap before
{Heap before GC invocations=9 (full 2):
 PSYoungGen      total 231936K, used 216064K [0x00000000d5580000, 0x00000000e4880000, 0x0000000100000000)
  eden space 216064K, 100% used [0x00000000d5580000,0x00000000e2880000,0x00000000e2880000)
  from space 15872K, 0% used [0x00000000e3780000,0x00000000e3780000,0x00000000e4700000)
  to   space 15360K, 0% used [0x00000000e2880000,0x00000000e2880000,0x00000000e3780000)
 ParOldGen       total 141824K, used 14688K [0x0000000080000000, 0x0000000088a80000, 0x00000000d5580000)
  object space 141824K, 10% used [0x0000000080000000,0x0000000080e582a8,0x0000000088a80000)
 Metaspace       used 45743K, capacity 47620K, committed 47784K, reserved 1091584K
  class space    used 6203K, capacity 6574K, committed 6576K, reserved 1048576K
Event: 6.020 GC heap after
Heap after GC invocations=9 (full 2):
 PSYoungGen      total 231424K, used 15344K [0x00000000d5580000, 0x00000000eb500000, 0x0000000100000000)
  eden space 216064K, 0% used [0x00000000d5580000,0x00000000d5580000,0x00000000e2880000)
  from space 15360K, 99% used [0x00000000e2880000,0x00000000e377c338,0x00000000e3780000)
  to   space 18432K, 0% used [0x00000000ea300000,0x00000000ea300000,0x00000000eb500000)
 ParOldGen       total 141824K, used 16217K [0x0000000080000000, 0x0000000088a80000, 0x00000000d5580000)
  object space 141824K, 11% used [0x0000000080000000,0x0000000080fd6788,0x0000000088a80000)
 Metaspace       used 45743K, capacity 47620K, committed 47784K, reserved 1091584K
  class space    used 6203K, capacity 6574K, committed 6576K, reserved 1048576K
}
Event: 7.966 GC heap before
{Heap before GC invocations=10 (full 2):
 PSYoungGen      total 231424K, used 152560K [0x00000000d5580000, 0x00000000eb500000, 0x0000000100000000)
  eden space 216064K, 63% used [0x00000000d5580000,0x00000000ddb7fe20,0x00000000e2880000)
  from space 15360K, 99% used [0x00000000e2880000,0x00000000e377c338,0x00000000e3780000)
  to   space 18432K, 0% used [0x00000000ea300000,0x00000000ea300000,0x00000000eb500000)
 ParOldGen       total 141824K, used 16217K [0x0000000080000000, 0x0000000088a80000, 0x00000000d5580000)
  object space 141824K, 11% used [0x0000000080000000,0x0000000080fd6788,0x0000000088a80000)
 Metaspace       used 56759K, capacity 59142K, committed 59160K, reserved 1099776K
  class space    used 7775K, capacity 8234K, committed 8240K, reserved 1048576K
Event: 7.977 GC heap after
Heap after GC invocations=10 (full 2):
 PSYoungGen      total 331776K, used 18428K [0x00000000d5580000, 0x00000000eb580000, 0x0000000100000000)
  eden space 313344K, 0% used [0x00000000d5580000,0x00000000d5580000,0x00000000e8780000)
  from space 18432K, 99% used [0x00000000ea300000,0x00000000eb4ff280,0x00000000eb500000)
  to   space 23552K, 0% used [0x00000000e8780000,0x00000000e8780000,0x00000000e9e80000)
 ParOldGen       total 141824K, used 22446K [0x0000000080000000, 0x0000000088a80000, 0x00000000d5580000)
  object space 141824K, 15% used [0x0000000080000000,0x00000000815ebbe0,0x0000000088a80000)
 Metaspace       used 56759K, capacity 59142K, committed 59160K, reserved 1099776K
  class space    used 7775K, capacity 8234K, committed 8240K, reserved 1048576K
}
Event: 7.977 GC heap before
{Heap before GC invocations=11 (full 3):
 PSYoungGen      total 331776K, used 18428K [0x00000000d5580000, 0x00000000eb580000, 0x0000000100000000)
  eden space 313344K, 0% used [0x00000000d5580000,0x00000000d5580000,0x00000000e8780000)
  from space 18432K, 99% used [0x00000000ea300000,0x00000000eb4ff280,0x00000000eb500000)
  to   space 23552K, 0% used [0x00000000e8780000,0x00000000e8780000,0x00000000e9e80000)
 ParOldGen       total 141824K, used 22446K [0x0000000080000000, 0x0000000088a80000, 0x00000000d5580000)
  object space 141824K, 15% used [0x0000000080000000,0x00000000815ebbe0,0x0000000088a80000)
 Metaspace       used 56759K, capacity 59142K, committed 59160K, reserved 1099776K
  class space    used 7775K, capacity 8234K, committed 8240K, reserved 1048576K
Event: 8.111 GC heap after
Heap after GC invocations=11 (full 3):
 PSYoungGen      total 331776K, used 0K [0x00000000d5580000, 0x00000000eb580000, 0x0000000100000000)
  eden space 313344K, 0% used [0x00000000d5580000,0x00000000d5580000,0x00000000e8780000)
  from space 18432K, 0% used [0x00000000ea300000,0x00000000ea300000,0x00000000eb500000)
  to   space 23552K, 0% used [0x00000000e8780000,0x00000000e8780000,0x00000000e9e80000)
 ParOldGen       total 208896K, used 36306K [0x0000000080000000, 0x000000008cc00000, 0x00000000d5580000)
  object space 208896K, 17% used [0x0000000080000000,0x0000000082374898,0x000000008cc00000)
 Metaspace       used 56695K, capacity 58926K, committed 59160K, reserved 1099776K
  class space    used 7755K, capacity 8198K, committed 8240K, reserved 1048576K
}

Deoptimization events (10 events):
Event: 8.352 Thread 0x000000001cae1000 Uncommon trap: reason=unstable_if action=reinterpret pc=0x0000000002df7b74 method=java.lang.String.lastIndexOf([CII[CIII)I @ 118
Event: 8.369 Thread 0x000000001cae1000 Uncommon trap: reason=unstable_if action=reinterpret pc=0x00000000033622a8 method=java.util.HashMap.putVal(ILjava/lang/Object;Ljava/lang/Object;ZZ)Ljava/lang/Object; @ 109
Event: 8.369 Thread 0x000000001cae1000 Uncommon trap: reason=unstable_if action=reinterpret pc=0x000000000334dc00 method=java.util.HashMap.putVal(ILjava/lang/Object;Ljava/lang/Object;ZZ)Ljava/lang/Object; @ 109
Event: 8.546 Thread 0x000000001cae1000 Uncommon trap: reason=speculate_class_check action=maybe_recompile pc=0x000000000355a1e8 method=com.google.common.collect.AbstractIndexedListIterator.next()Ljava/lang/Object; @ 27
Event: 8.546 Thread 0x000000001cae1000 Uncommon trap: reason=speculate_class_check action=maybe_recompile pc=0x000000000355a1e8 method=com.google.common.collect.AbstractIndexedListIterator.next()Ljava/lang/Object; @ 27
Event: 8.546 Thread 0x000000001cae1000 Uncommon trap: reason=speculate_class_check action=maybe_recompile pc=0x000000000355a1e8 method=com.google.common.collect.AbstractIndexedListIterator.next()Ljava/lang/Object; @ 27
Event: 8.546 Thread 0x000000001cae1000 Uncommon trap: reason=speculate_class_check action=maybe_recompile pc=0x000000000355a1e8 method=com.google.common.collect.AbstractIndexedListIterator.next()Ljava/lang/Object; @ 27
Event: 8.553 Thread 0x000000001ff15000 Uncommon trap: reason=class_check action=maybe_recompile pc=0x0000000002f96a20 method=java.util.concurrent.ConcurrentHashMap.putVal(Ljava/lang/Object;Ljava/lang/Object;Z)Ljava/lang/Object; @ 192
Event: 8.555 Thread 0x00000000205fe800 Uncommon trap: reason=unstable_if action=reinterpret pc=0x0000000002f969e4 method=java.util.concurrent.ConcurrentHashMap.putVal(Ljava/lang/Object;Ljava/lang/Object;Z)Ljava/lang/Object; @ 98
Event: 8.555 Thread 0x00000000205ff800 Uncommon trap: reason=class_check action=maybe_recompile pc=0x0000000002f96a20 method=java.util.concurrent.ConcurrentHashMap.putVal(Ljava/lang/Object;Ljava/lang/Object;Z)Ljava/lang/Object; @ 192

Classes redefined (0 events):
No events

Internal exceptions (10 events):
Event: 8.152 Thread 0x000000001cae1000 Exception <a 'java/lang/ClassNotFoundException': com/sun/org/glassfish/hk2/osgiresourcelocator/ServiceLoader> (0x00000000d58f9bf0) thrown at [C:\src\AOSP-openjdk-git\hotspot\src\share\vm\classfile\systemDictionary.cpp, line 210]
Event: 8.189 Thread 0x000000001cae1000 Exception <a 'java/lang/NullPointerException'> (0x00000000d5e185f0) thrown at [C:\src\AOSP-openjdk-git\hotspot\src\share\vm\interpreter\linkResolver.cpp, line 1287]
Event: 8.424 Thread 0x000000001cae1000 Exception <a 'java/lang/ClassNotFoundException': org/gradle/api/internal/file/collections/DefaultConfigurableFileTreeBeanInfo> (0x00000000d7f9fe90) thrown at [C:\src\AOSP-openjdk-git\hotspot\src\share\vm\classfile\systemDictionary.cpp, line 210]
Event: 8.424 Thread 0x000000001cae1000 Exception <a 'java/lang/ClassNotFoundException': org/gradle/api/internal/file/CompositeFileTreeBeanInfo> (0x00000000d7fb9380) thrown at [C:\src\AOSP-openjdk-git\hotspot\src\share\vm\classfile\systemDictionary.cpp, line 210]
Event: 8.424 Thread 0x000000001cae1000 Exception <a 'java/lang/ClassNotFoundException': org/gradle/api/internal/file/CompositeFileCollectionBeanInfo> (0x00000000d7fd4630) thrown at [C:\src\AOSP-openjdk-git\hotspot\src\share\vm\classfile\systemDictionary.cpp, line 210]
Event: 8.425 Thread 0x000000001cae1000 Exception <a 'java/lang/ClassNotFoundException': org/gradle/api/internal/file/AbstractFileCollectionBeanInfo> (0x00000000d7fef8e0) thrown at [C:\src\AOSP-openjdk-git\hotspot\src\share\vm\classfile\systemDictionary.cpp, line 210]
Event: 8.425 Thread 0x000000001cae1000 Exception <a 'java/lang/ClassNotFoundException': org/gradle/api/internal/file/AbstractFileCollectionCustomizer> (0x00000000d800b190) thrown at [C:\src\AOSP-openjdk-git\hotspot\src\share\vm\classfile\systemDictionary.cpp, line 210]
Event: 8.425 Thread 0x000000001cae1000 Exception <a 'java/lang/ClassNotFoundException': org/gradle/api/internal/file/CompositeFileCollectionCustomizer> (0x00000000d8038058) thrown at [C:\src\AOSP-openjdk-git\hotspot\src\share\vm\classfile\systemDictionary.cpp, line 210]
Event: 8.426 Thread 0x000000001cae1000 Exception <a 'java/lang/ClassNotFoundException': org/gradle/api/internal/file/CompositeFileTreeCustomizer> (0x00000000d805e3e8) thrown at [C:\src\AOSP-openjdk-git\hotspot\src\share\vm\classfile\systemDictionary.cpp, line 210]
Event: 8.426 Thread 0x000000001cae1000 Exception <a 'java/lang/ClassNotFoundException': org/gradle/api/internal/file/collections/DefaultConfigurableFileTreeCustomizer> (0x00000000d808b0a8) thrown at [C:\src\AOSP-openjdk-git\hotspot\src\share\vm\classfile\systemDictionary.cpp, line 210]

Events (10 events):
Event: 8.559 loading class org/gradle/api/execution/TaskActionListener done
Event: 8.559 loading class org/gradle/api/internal/tasks/execution/DefaultTaskExecutionContext
Event: 8.559 loading class org/gradle/api/internal/tasks/execution/DefaultTaskExecutionContext done
Event: 8.560 loading class org/gradle/internal/service/DefaultServiceRegistry$FactoryService$1
Event: 8.560 loading class org/gradle/internal/service/DefaultServiceRegistry$FactoryService$1 done
Event: 8.560 loading class org/gradle/normalization/internal/DefaultRuntimeClasspathNormalization
Event: 8.560 loading class org/gradle/normalization/internal/DefaultRuntimeClasspathNormalization done
Event: 8.561 loading class org/gradle/normalization/internal/DefaultInputNormalizationHandler
Event: 8.561 loading class org/gradle/normalization/internal/DefaultInputNormalizationHandler done
Event: 8.563 Thread 0x000000001ff12000 Thread added: 0x000000001ff12000


Dynamic libraries:
0x00007ff7ed0a0000 - 0x00007ff7ed0d1000 	D:\Android\jre\bin\java.exe
0x00007ff9d6db0000 - 0x00007ff9d6fa6000 	C:\WINDOWS\SYSTEM32\ntdll.dll
0x00007ff9d5bc0000 - 0x00007ff9d5c7d000 	C:\WINDOWS\System32\KERNEL32.DLL
0x00007ff9d46f0000 - 0x00007ff9d49b9000 	C:\WINDOWS\System32\KERNELBASE.dll
0x00007ff9d5ab0000 - 0x00007ff9d5b5c000 	C:\WINDOWS\System32\ADVAPI32.dll
0x00007ff9d6a80000 - 0x00007ff9d6b1e000 	C:\WINDOWS\System32\msvcrt.dll
0x00007ff9d5240000 - 0x00007ff9d52dc000 	C:\WINDOWS\System32\sechost.dll
0x00007ff9d4e10000 - 0x00007ff9d4f3b000 	C:\WINDOWS\System32\RPCRT4.dll
0x00007ff9d4fd0000 - 0x00007ff9d5170000 	C:\WINDOWS\System32\USER32.dll
0x00007ff9d45f0000 - 0x00007ff9d4612000 	C:\WINDOWS\System32\win32u.dll
0x00007ff9d6d10000 - 0x00007ff9d6d3a000 	C:\WINDOWS\System32\GDI32.dll
0x00007ff9d4b20000 - 0x00007ff9d4c2b000 	C:\WINDOWS\System32\gdi32full.dll
0x00007ff9d4650000 - 0x00007ff9d46ed000 	C:\WINDOWS\System32\msvcp_win.dll
0x00007ff9d44f0000 - 0x00007ff9d45f0000 	C:\WINDOWS\System32\ucrtbase.dll
0x00007ff9b8bd0000 - 0x00007ff9b8e6b000 	C:\WINDOWS\WinSxS\amd64_microsoft.windows.common-controls_6595b64144ccf1df_6.0.19041.746_none_ca02b4b61b8320a4\COMCTL32.dll
0x00007ff9d6d40000 - 0x00007ff9d6d70000 	C:\WINDOWS\System32\IMM32.DLL
0x0000000065e10000 - 0x0000000065ee2000 	D:\Android\jre\jre\bin\msvcr100.dll
0x0000000065fd0000 - 0x000000006681b000 	D:\Android\jre\jre\bin\server\jvm.dll
0x00007ff9d5fe0000 - 0x00007ff9d5fe8000 	C:\WINDOWS\System32\PSAPI.DLL
0x00007ff9b9350000 - 0x00007ff9b9359000 	C:\WINDOWS\SYSTEM32\WSOCK32.dll
0x00007ff9ba9d0000 - 0x00007ff9ba9f7000 	C:\WINDOWS\SYSTEM32\WINMM.dll
0x00007ff9ccb80000 - 0x00007ff9ccb8a000 	C:\WINDOWS\SYSTEM32\VERSION.dll
0x00007ff9d62c0000 - 0x00007ff9d632b000 	C:\WINDOWS\System32\WS2_32.dll
0x00007ff9ab540000 - 0x00007ff9ab54f000 	D:\Android\jre\jre\bin\verify.dll
0x00007ff9ab480000 - 0x00007ff9ab4a9000 	D:\Android\jre\jre\bin\java.dll
0x00007ff9ab460000 - 0x00007ff9ab476000 	D:\Android\jre\jre\bin\zip.dll
0x00007ff9d5360000 - 0x00007ff9d5aa2000 	C:\WINDOWS\System32\SHELL32.dll
0x00007ff9d2620000 - 0x00007ff9d2db0000 	C:\WINDOWS\SYSTEM32\windows.storage.dll
0x00007ff9d5c80000 - 0x00007ff9d5fd6000 	C:\WINDOWS\System32\combase.dll
0x00007ff9d3f50000 - 0x00007ff9d3f7c000 	C:\WINDOWS\SYSTEM32\Wldp.dll
0x00007ff9d6c60000 - 0x00007ff9d6d0e000 	C:\WINDOWS\System32\SHCORE.dll
0x00007ff9d6100000 - 0x00007ff9d6155000 	C:\WINDOWS\System32\shlwapi.dll
0x00007ff9d4420000 - 0x00007ff9d4446000 	C:\WINDOWS\SYSTEM32\profapi.dll
0x00007ff96ec00000 - 0x00007ff96ec1a000 	D:\Android\jre\jre\bin\net.dll
0x00007ff9d3cd0000 - 0x00007ff9d3d3a000 	C:\WINDOWS\system32\mswsock.dll
0x00007ff96ebe0000 - 0x00007ff96ebf3000 	D:\Android\jre\jre\bin\nio.dll
0x00007ff96ea90000 - 0x00007ff96eab7000 	C:\Users\Alex\.gradle\native\f6784746aeab05261644944871eae4fe03e0ef1612fff0a4a95f87b438bc6780\windows-amd64\native-platform.dll
0x00007ff99da40000 - 0x00007ff99da4d000 	D:\Android\jre\jre\bin\management.dll
0x00007ff9d3ea0000 - 0x00007ff9d3eb8000 	C:\WINDOWS\SYSTEM32\CRYPTSP.dll
0x00007ff9d3600000 - 0x00007ff9d3634000 	C:\WINDOWS\system32\rsaenh.dll
0x00007ff9d4620000 - 0x00007ff9d4647000 	C:\WINDOWS\System32\bcrypt.dll
0x00007ff9d43a0000 - 0x00007ff9d43ce000 	C:\WINDOWS\SYSTEM32\USERENV.dll
0x00007ff9d4d90000 - 0x00007ff9d4e10000 	C:\WINDOWS\System32\bcryptprimitives.dll
0x00007ff9d3ec0000 - 0x00007ff9d3ecc000 	C:\WINDOWS\SYSTEM32\CRYPTBASE.dll
0x00007ff9d3970000 - 0x00007ff9d39ab000 	C:\WINDOWS\SYSTEM32\IPHLPAPI.DLL
0x00007ff9d6c50000 - 0x00007ff9d6c58000 	C:\WINDOWS\System32\NSI.dll
0x00007ff9cef60000 - 0x00007ff9cef77000 	C:\WINDOWS\SYSTEM32\dhcpcsvc6.DLL
0x00007ff9cee10000 - 0x00007ff9cee2d000 	C:\WINDOWS\SYSTEM32\dhcpcsvc.DLL
0x00007ff9d39b0000 - 0x00007ff9d3a7b000 	C:\WINDOWS\SYSTEM32\DNSAPI.dll
0x00007ff9ccde0000 - 0x00007ff9ccdeb000 	C:\WINDOWS\SYSTEM32\WINNSI.DLL
0x00007ff9d21f0000 - 0x00007ff9d23d4000 	C:\WINDOWS\SYSTEM32\dbghelp.dll

VM Arguments:
jvm_args: -Xmx2048m -Dfile.encoding=UTF-8 -Duser.country=RU -Duser.language=ru -Duser.variant 
java_command: org.gradle.launcher.daemon.bootstrap.GradleDaemon 6.5
java_class_path (initial): C:\Users\Alex\.gradle\wrapper\dists\gradle-6.5-all\2oz4ud9k3tuxjg84bbf55q0tn\gradle-6.5\lib\gradle-launcher-6.5.jar
Launcher Type: SUN_STANDARD

Environment Variables:
PATH=C:\Windows\system32;C:\Windows;C:\Windows\System32\Wbem;C:\Windows\System32\WindowsPowerShell\v1.0\;C:\Windows\System32\OpenSSH\;C:\Program Files (x86)\NVIDIA Corporation\PhysX\Common;C:\Program Files\dotnet\;C:\Program Files\Microsoft SQL Server\130\Tools\Binn\;C:\Program Files\Microsoft SQL Server\Client SDK\ODBC\170\Tools\Binn\;C:\Program Files\NVIDIA Corporation\NVIDIA NvDLISR;C:\WINDOWS\system32;C:\WINDOWS;C:\WINDOWS\System32\Wbem;C:\WINDOWS\System32\WindowsPowerShell\v1.0\;C:\WINDOWS\System32\OpenSSH\;C:\Program Files\Git\cmd;C:\Program Files\Git\mingw64\bin;C:\Program Files\Git\usr\bin;C:\Python39\Scripts\;C:\Python39\;C:\Users\Alex\AppData\Local\Microsoft\WindowsApps;;C:\Program Files\JetBrains\IntelliJ IDEA Community Edition 2020.3.1\bin;;C:\Users\Alex\.dotnet\tools
USERNAME=Alex
OS=Windows_NT
PROCESSOR_IDENTIFIER=Intel64 Family 6 Model 158 Stepping 10, GenuineIntel



---------------  S Y S T E M  ---------------

OS: Windows 10.0 , 64 bit Build 19041 (10.0.19041.804)

CPU:total 12 (initial active 12) (6 cores per cpu, 2 threads per core) family 6 model 158 stepping 10, cmov, cx8, fxsr, mmx, sse, sse2, sse3, ssse3, sse4.1, sse4.2, popcnt, avx, avx2, aes, clmul, erms, 3dnowpref, lzcnt, ht, tsc, tscinvbit, bmi1, bmi2, adx

Memory: 4k page, physical 16622900k(8458444k free), swap 19113268k(8347272k free)

vm_info: OpenJDK 64-Bit Server VM (25.242-b01) for windows-amd64 JRE (1.8.0_242-release-1644-b01), built by "builder" with MS VC++ 10.0 (VS2010)

time: Sat Mar 06 07:00:46 2021
timezone: RTZ 2 (зима)
elapsed time: 8 seconds (0d 0h 0m 8s)

