#
# A fatal error has been detected by the Java Runtime Environment:
#
#  EXCEPTION_ACCESS_VIOLATION (0xc0000005) at pc=0x00000000759eb7b0, pid=11796, tid=0x00000000000047b8
#
# JRE version: OpenJDK Runtime Environment (8.0_242-b01) (build 1.8.0_242-release-1644-b01)
# Java VM: OpenJDK 64-Bit Server VM (25.242-b01 mixed mode windows-amd64 compressed oops)
# Problematic frame:
# V  [jvm.dll+0x8b7b0]
#
# Failed to write core dump. Minidumps are not enabled by default on client versions of Windows
#
# If you would like to submit a bug report, please visit:
#   
#

---------------  T H R E A D  ---------------

Current thread (0x0000000002473800):  GCTaskThread [stack: 0x00000000126d0000,0x00000000127d0000] [id=18360]

siginfo: ExceptionCode=0xc0000005, reading address 0x00000007122bcfc8

Registers:
RAX=0x0000000000000000, RBX=0x00000000e9722288, RCX=0x00000000e9722288, RDX=0x00000007122bcfc0
RSP=0x00000000127cf318, RBP=0x0000000000000000, RSI=0x0000000018e90e00, RDI=0x00000000301a2640
R8 =0x0000000018e90e00, R9 =0x00000000fa133530, R10=0x0000000000000002, R11=0x00000000127cf430
R12=0x0000000075f7ddd0, R13=0xe24579e8e28c4918, R14=0x0000000000000000, R15=0x0000000002473f80
RIP=0x00000000759eb7b0, EFLAGS=0x0000000000010206

Top of Stack: (sp=0x00000000127cf318)
0x00000000127cf318:   0000000075d327b2 00000000e9aaa4d2
0x00000000127cf328:   00000000e9aaa4d2 0000000018e90e00
0x00000000127cf338:   00007ff9d392a34e 00000000fe1baaf8
0x00000000127cf348:   0000000075d32efb 0000000090e95748
0x00000000127cf358:   0000000000000400 0000000000000000
0x00000000127cf368:   000000000245eb01 0000000075f7ddd0
0x00000000127cf378:   0000000075d32b20 00000000fdcd2634
0x00000000127cf388:   0000000000000000 0000000018e90e00
0x00000000127cf398:   00000000301a2640 00000000fdcd2634
0x00000000127cf3a8:   0000000075d334f5 00000000ea6a0540
0x00000000127cf3b8:   0000000075d35bc3 00000000fdcd263c
0x00000000127cf3c8:   0000000075a4e3a3 00000000fdcd2635
0x00000000127cf3d8:   00000000fdcd2635 0000bf7a0000a9cf
0x00000000127cf3e8:   0000b60b00006119 0000000000000500
0x00000000127cf3f8:   0000000075d32efb 0000bf7a0000a9d0
0x00000000127cf408:   00006c2d0000c555 0000000002473f70 

Instructions: (pc=0x00000000759eb7b0)
0x00000000759eb790:   1c 8f 1d 00 48 8b 9c 24 c0 00 00 00 48 81 c4 b0
0x00000000759eb7a0:   00 00 00 5d c3 cc cc cc cc cc cc cc cc cc cc cc
0x00000000759eb7b0:   44 8b 42 08 4c 8b ca 45 85 c0 7e 0e 41 f6 c0 01
0x00000000759eb7c0:   75 57 41 c1 f8 03 41 8b c0 c3 79 4d 80 3d 7e 97 


Register to memory mapping:

RAX=0x0000000000000000 is an unknown value
RBX=0x00000000e9722288 is an oop

[error occurred during error reporting (printing register info), id 0xc0000005]

Stack: [0x00000000126d0000,0x00000000127d0000],  sp=0x00000000127cf318,  free space=1020k
Native frames: (J=compiled Java code, j=interpreted, Vv=VM code, C=native code)


---------------  P R O C E S S  ---------------

Java Threads: ( => current thread )
  0x00000000204d8000 JavaThread "ForkJoinPool-8-worker-12" daemon [_thread_blocked, id=15640, stack(0x0000000039020000,0x0000000039120000)]
  0x00000000204d6800 JavaThread "ForkJoinPool-8-worker-3" daemon [_thread_blocked, id=16552, stack(0x0000000038f20000,0x0000000039020000)]
  0x00000000204da800 JavaThread "ForkJoinPool-8-worker-8" daemon [_thread_blocked, id=14128, stack(0x0000000038e20000,0x0000000038f20000)]
  0x00000000204dd800 JavaThread "ForkJoinPool-8-worker-1" daemon [_thread_blocked, id=2396, stack(0x0000000038d20000,0x0000000038e20000)]
  0x00000000204dc000 JavaThread "ForkJoinPool-8-worker-10" daemon [_thread_blocked, id=13624, stack(0x0000000038c20000,0x0000000038d20000)]
  0x00000000204ce800 JavaThread "ForkJoinPool-8-worker-15" daemon [_thread_blocked, id=10820, stack(0x0000000038b20000,0x0000000038c20000)]
  0x00000000204d5000 JavaThread "ForkJoinPool-8-worker-6" daemon [_thread_blocked, id=1668, stack(0x0000000038a20000,0x0000000038b20000)]
  0x00000000204d4800 JavaThread "ForkJoinPool-8-worker-13" daemon [_thread_blocked, id=14144, stack(0x0000000038920000,0x0000000038a20000)]
  0x00000000204d3800 JavaThread "ForkJoinPool-8-worker-4" daemon [_thread_blocked, id=7200, stack(0x0000000038820000,0x0000000038920000)]
  0x00000000204d3000 JavaThread "ForkJoinPool-8-worker-11" daemon [_thread_blocked, id=17900, stack(0x0000000038720000,0x0000000038820000)]
  0x00000000204d2000 JavaThread "ForkJoinPool-8-worker-2" daemon [_thread_blocked, id=18404, stack(0x0000000038620000,0x0000000038720000)]
  0x00000000204d0800 JavaThread "ForkJoinPool-8-worker-9" daemon [_thread_blocked, id=10888, stack(0x0000000037bd0000,0x0000000037cd0000)]
  0x00000000228e1800 JavaThread "WorkerExecutor Queue Thread 13" [_thread_blocked, id=17196, stack(0x00000000378e0000,0x00000000379e0000)]
  0x00000000228e6000 JavaThread "WorkerExecutor Queue Thread 12" [_thread_blocked, id=6676, stack(0x00000000377e0000,0x00000000378e0000)]
  0x00000000228e5800 JavaThread "WorkerExecutor Queue Thread 11" [_thread_blocked, id=2172, stack(0x00000000376e0000,0x00000000377e0000)]
  0x00000000228e4800 JavaThread "WorkerExecutor Queue Thread 10" [_thread_blocked, id=1128, stack(0x00000000375e0000,0x00000000376e0000)]
  0x00000000228e3000 JavaThread "WorkerExecutor Queue Thread 9" [_thread_blocked, id=13840, stack(0x00000000374e0000,0x00000000375e0000)]
  0x00000000228e1000 JavaThread "WorkerExecutor Queue Thread 8" [_thread_blocked, id=10140, stack(0x00000000373e0000,0x00000000374e0000)]
  0x00000000228da000 JavaThread "WorkerExecutor Queue Thread 7" [_thread_blocked, id=9284, stack(0x00000000372e0000,0x00000000373e0000)]
  0x00000000228e0000 JavaThread "WorkerExecutor Queue Thread 6" [_thread_blocked, id=9636, stack(0x00000000371e0000,0x00000000372e0000)]
  0x00000000228d7000 JavaThread "WorkerExecutor Queue Thread 5" [_thread_blocked, id=4216, stack(0x0000000036050000,0x0000000036150000)]
  0x00000000228dc800 JavaThread "WorkerExecutor Queue Thread 4" [_thread_blocked, id=17400, stack(0x0000000035f50000,0x0000000036050000)]
  0x00000000228d9800 JavaThread "WorkerExecutor Queue Thread 3" [_thread_blocked, id=3352, stack(0x0000000035a10000,0x0000000035b10000)]
  0x00000000228d8800 JavaThread "ForkJoinPool.commonPool-worker-0" daemon [_thread_blocked, id=9752, stack(0x0000000035e50000,0x0000000035f50000)]
  0x00000000228de000 JavaThread "ForkJoinPool.commonPool-worker-7" daemon [_thread_blocked, id=3604, stack(0x0000000035d50000,0x0000000035e50000)]
  0x00000000228db000 JavaThread "ForkJoinPool.commonPool-worker-14" daemon [_thread_blocked, id=17240, stack(0x0000000035c50000,0x0000000035d50000)]
  0x00000000228dd000 JavaThread "ForkJoinPool.commonPool-worker-5" daemon [_thread_blocked, id=3236, stack(0x0000000035b50000,0x0000000035c50000)]
  0x00000000228d8000 JavaThread "ForkJoinPool.commonPool-worker-12" daemon [_thread_blocked, id=14412, stack(0x0000000034740000,0x0000000034840000)]
  0x000000001f5d8800 JavaThread "Cache worker for Java compile cache (D:\AndroidProjects\KursachGameShop2\.gradle\6.5\javaCompile)" [_thread_blocked, id=2988, stack(0x0000000033160000,0x0000000033260000)]
  0x000000001f5d2800 JavaThread "WorkerExecutor Queue Thread 2" [_thread_blocked, id=13428, stack(0x0000000033060000,0x0000000033160000)]
  0x000000001f5d1000 JavaThread "stdout" [_thread_in_native, id=1708, stack(0x0000000032d40000,0x0000000032e40000)]
  0x000000001f5d8000 JavaThread "stderr" [_thread_in_native, id=16352, stack(0x0000000032c40000,0x0000000032d40000)]
  0x000000001f5d7000 JavaThread "pool-24-thread-1" [_thread_blocked, id=7052, stack(0x000000002e710000,0x000000002e810000)]
  0x000000001f5d6800 JavaThread "WorkerExecutor Queue" [_thread_blocked, id=4212, stack(0x000000002dec0000,0x000000002dfc0000)]
  0x000000001f5d5800 JavaThread "Cache worker for execution history cache (D:\AndroidProjects\KursachGameShop2\.gradle\6.5\executionHistory)" [_thread_blocked, id=18232, stack(0x000000002d5c0000,0x000000002d6c0000)]
  0x000000001f5d2000 JavaThread "Execution worker for ':' Thread 11" [_thread_blocked, id=2824, stack(0x000000002d4c0000,0x000000002d5c0000)]
  0x000000001f5cd800 JavaThread "Execution worker for ':' Thread 10" [_thread_blocked, id=1132, stack(0x000000002d3c0000,0x000000002d4c0000)]
  0x000000001f5d4000 JavaThread "Execution worker for ':' Thread 9" [_thread_blocked, id=15340, stack(0x000000002d2c0000,0x000000002d3c0000)]
  0x000000001f5d0800 JavaThread "Execution worker for ':' Thread 8" [_thread_blocked, id=15204, stack(0x000000002d1c0000,0x000000002d2c0000)]
  0x000000001f5d3800 JavaThread "Execution worker for ':' Thread 7" [_thread_blocked, id=3288, stack(0x000000002d0c0000,0x000000002d1c0000)]
  0x000000001f5ca800 JavaThread "Execution worker for ':' Thread 6" [_thread_blocked, id=5492, stack(0x000000002cfc0000,0x000000002d0c0000)]
  0x000000001f5cc000 JavaThread "Execution worker for ':' Thread 5" [_thread_blocked, id=12272, stack(0x000000002cec0000,0x000000002cfc0000)]
  0x000000001f5cf000 JavaThread "Execution worker for ':' Thread 4" [_thread_blocked, id=6276, stack(0x000000002b800000,0x000000002b900000)]
  0x000000001f5cc800 JavaThread "Execution worker for ':' Thread 3" [_thread_blocked, id=13808, stack(0x000000002b460000,0x000000002b560000)]
  0x000000001f5ce000 JavaThread "Execution worker for ':' Thread 2" [_thread_blocked, id=8592, stack(0x000000002b360000,0x000000002b460000)]
  0x000000001bc79000 JavaThread "Execution worker for ':'" [_thread_blocked, id=15056, stack(0x000000002af80000,0x000000002b080000)]
  0x000000001bc78800 JavaThread "Cache worker for file content cache (D:\AndroidProjects\KursachGameShop2\.gradle\6.5\fileContent)" [_thread_blocked, id=15160, stack(0x000000002a0a0000,0x000000002a1a0000)]
  0x000000001bc76000 JavaThread "pool-23-thread-1" [_thread_blocked, id=1636, stack(0x0000000029fa0000,0x000000002a0a0000)]
  0x000000001bc7b800 JavaThread "Cache worker for Build Output Cleanup Cache (D:\AndroidProjects\KursachGameShop2\.gradle\buildOutputCleanup)" [_thread_blocked, id=10188, stack(0x0000000029ca0000,0x0000000029da0000)]
  0x000000001bc77800 JavaThread "jar transforms Thread 828" [_thread_blocked, id=15012, stack(0x0000000029ba0000,0x0000000029ca0000)]
  0x000000001bc7a000 JavaThread "jar transforms Thread 827" [_thread_blocked, id=7012, stack(0x0000000029aa0000,0x0000000029ba0000)]
  0x000000001bc77000 JavaThread "jar transforms Thread 826" [_thread_blocked, id=10504, stack(0x00000000299a0000,0x0000000029aa0000)]
  0x000000001bc6e800 JavaThread "jar transforms Thread 825" [_thread_blocked, id=5296, stack(0x00000000298a0000,0x00000000299a0000)]
  0x000000001bc75800 JavaThread "jar transforms Thread 824" [_thread_blocked, id=5632, stack(0x00000000297a0000,0x00000000298a0000)]
  0x000000001bc6e000 JavaThread "jar transforms Thread 823" [_thread_blocked, id=18024, stack(0x00000000296a0000,0x00000000297a0000)]
  0x000000001bc74800 JavaThread "jar transforms Thread 822" [_thread_blocked, id=14884, stack(0x00000000295a0000,0x00000000296a0000)]
  0x000000001bc71800 JavaThread "jar transforms Thread 821" [_thread_blocked, id=1192, stack(0x00000000294a0000,0x00000000295a0000)]
  0x000000001bc6d000 JavaThread "jar transforms Thread 820" [_thread_blocked, id=17640, stack(0x00000000293a0000,0x00000000294a0000)]
  0x000000001bc73000 JavaThread "jar transforms Thread 819" [_thread_blocked, id=14612, stack(0x00000000292a0000,0x00000000293a0000)]
  0x000000001bc74000 JavaThread "jar transforms Thread 818" [_thread_blocked, id=7860, stack(0x00000000291a0000,0x00000000292a0000)]
  0x000000001bc70000 JavaThread "jar transforms Thread 817" [_thread_blocked, id=12932, stack(0x00000000290a0000,0x00000000291a0000)]
  0x000000001bc6f800 JavaThread "jar transforms Thread 816" [_thread_blocked, id=17672, stack(0x0000000028fa0000,0x00000000290a0000)]
  0x000000001bc71000 JavaThread "jar transforms Thread 815" [_thread_blocked, id=5568, stack(0x0000000028ea0000,0x0000000028fa0000)]
  0x000000002c85c000 JavaThread "jar transforms Thread 814" [_thread_blocked, id=8756, stack(0x0000000028da0000,0x0000000028ea0000)]
  0x000000002c85b800 JavaThread "jar transforms Thread 813" [_thread_blocked, id=3600, stack(0x0000000028ca0000,0x0000000028da0000)]
  0x000000002c85a800 JavaThread "jar transforms Thread 812" [_thread_blocked, id=9652, stack(0x0000000028ba0000,0x0000000028ca0000)]
  0x000000002c861800 JavaThread "jar transforms Thread 811" [_thread_blocked, id=2236, stack(0x0000000028aa0000,0x0000000028ba0000)]
  0x000000002c85f000 JavaThread "jar transforms Thread 810" [_thread_blocked, id=14404, stack(0x00000000289a0000,0x0000000028aa0000)]
  0x000000002c85e800 JavaThread "jar transforms Thread 809" [_thread_blocked, id=3104, stack(0x00000000288a0000,0x00000000289a0000)]
  0x000000002c85d800 JavaThread "jar transforms Thread 808" [_thread_blocked, id=17052, stack(0x00000000287a0000,0x00000000288a0000)]
  0x000000002c860000 JavaThread "jar transforms Thread 807" [_thread_blocked, id=15416, stack(0x00000000286a0000,0x00000000287a0000)]
  0x000000002c860800 JavaThread "jar transforms Thread 806" [_thread_blocked, id=1564, stack(0x00000000285a0000,0x00000000286a0000)]
  0x000000002c85d000 JavaThread "jar transforms Thread 805" [_thread_blocked, id=14656, stack(0x00000000284a0000,0x00000000285a0000)]
  0x000000002c853000 JavaThread "jar transforms Thread 804" [_thread_blocked, id=11568, stack(0x00000000283a0000,0x00000000284a0000)]
  0x000000002c85a000 JavaThread "jar transforms Thread 803" [_thread_blocked, id=11064, stack(0x00000000282a0000,0x00000000283a0000)]
  0x000000002c859000 JavaThread "jar transforms Thread 802" [_thread_blocked, id=1560, stack(0x00000000281a0000,0x00000000282a0000)]
  0x000000002c856000 JavaThread "jar transforms Thread 801" [_thread_blocked, id=10600, stack(0x00000000280a0000,0x00000000281a0000)]
  0x000000002c858800 JavaThread "jar transforms Thread 800" [_thread_blocked, id=13328, stack(0x0000000027fa0000,0x00000000280a0000)]
  0x000000002c854800 JavaThread "jar transforms Thread 799" [_thread_blocked, id=18216, stack(0x0000000027ea0000,0x0000000027fa0000)]
  0x000000002c854000 JavaThread "jar transforms Thread 798" [_thread_blocked, id=8392, stack(0x0000000027da0000,0x0000000027ea0000)]
  0x000000002c857000 JavaThread "jar transforms Thread 797" [_thread_blocked, id=15052, stack(0x0000000027ca0000,0x0000000027da0000)]
  0x000000002c855800 JavaThread "jar transforms Thread 796" [_thread_blocked, id=5460, stack(0x0000000027ba0000,0x0000000027ca0000)]
  0x000000002c857800 JavaThread "jar transforms Thread 795" [_thread_blocked, id=12376, stack(0x0000000027aa0000,0x0000000027ba0000)]
  0x000000001f31d000 JavaThread "jar transforms Thread 794" [_thread_blocked, id=8472, stack(0x00000000279a0000,0x0000000027aa0000)]
  0x000000001f31c000 JavaThread "jar transforms Thread 793" [_thread_blocked, id=16052, stack(0x00000000278a0000,0x00000000279a0000)]
  0x000000001f319000 JavaThread "jar transforms Thread 792" [_thread_blocked, id=16012, stack(0x00000000277a0000,0x00000000278a0000)]
  0x000000001f31e800 JavaThread "jar transforms Thread 791" [_thread_blocked, id=15060, stack(0x00000000276a0000,0x00000000277a0000)]
  0x000000001f31b800 JavaThread "jar transforms Thread 790" [_thread_blocked, id=17724, stack(0x00000000275a0000,0x00000000276a0000)]
  0x000000001f31a000 JavaThread "jar transforms Thread 789" [_thread_blocked, id=8216, stack(0x00000000274a0000,0x00000000275a0000)]
  0x000000001f31a800 JavaThread "jar transforms Thread 788" [_thread_blocked, id=13272, stack(0x00000000273a0000,0x00000000274a0000)]
  0x000000001f31d800 JavaThread "jar transforms Thread 787" [_thread_blocked, id=11908, stack(0x00000000272a0000,0x00000000273a0000)]
  0x000000001f311800 JavaThread "jar transforms Thread 786" [_thread_blocked, id=17108, stack(0x00000000271a0000,0x00000000272a0000)]
  0x000000001f318800 JavaThread "jar transforms Thread 785" [_thread_blocked, id=13004, stack(0x00000000270a0000,0x00000000271a0000)]
  0x000000001f311000 JavaThread "jar transforms Thread 784" [_thread_blocked, id=5356, stack(0x0000000026fa0000,0x00000000270a0000)]
  0x000000001f317800 JavaThread "jar transforms Thread 783" [_thread_blocked, id=11048, stack(0x0000000026ea0000,0x0000000026fa0000)]
  0x000000001f310000 JavaThread "jar transforms Thread 782" [_thread_blocked, id=10920, stack(0x0000000026da0000,0x0000000026ea0000)]
  0x000000001f313000 JavaThread "jar transforms Thread 781" [_thread_blocked, id=13948, stack(0x0000000026ca0000,0x0000000026da0000)]
  0x000000001f312800 JavaThread "jar transforms Thread 780" [_thread_blocked, id=9548, stack(0x0000000026ba0000,0x0000000026ca0000)]
  0x000000001f314000 JavaThread "jar transforms Thread 779" [_thread_blocked, id=2880, stack(0x0000000026aa0000,0x0000000026ba0000)]
  0x000000001f317000 JavaThread "jar transforms Thread 778" [_thread_blocked, id=16632, stack(0x00000000269a0000,0x0000000026aa0000)]
  0x000000001f30f800 JavaThread "jar transforms Thread 777" [_thread_blocked, id=10748, stack(0x00000000268a0000,0x00000000269a0000)]
  0x000000001f314800 JavaThread "jar transforms Thread 776" [_thread_blocked, id=12512, stack(0x00000000267a0000,0x00000000268a0000)]
  0x000000001f316000 JavaThread "jar transforms Thread 775" [_thread_blocked, id=10308, stack(0x00000000266a0000,0x00000000267a0000)]
  0x0000000020644800 JavaThread "jar transforms Thread 774" [_thread_blocked, id=2244, stack(0x00000000265a0000,0x00000000266a0000)]
  0x0000000020644000 JavaThread "jar transforms Thread 773" [_thread_blocked, id=4828, stack(0x00000000264a0000,0x00000000265a0000)]
  0x0000000020643000 JavaThread "jar transforms Thread 772" [_thread_blocked, id=8412, stack(0x00000000263a0000,0x00000000264a0000)]
  0x000000002063b800 JavaThread "jar transforms Thread 771" [_thread_blocked, id=16956, stack(0x00000000262a0000,0x00000000263a0000)]
  0x0000000020642800 JavaThread "jar transforms Thread 770" [_thread_blocked, id=13136, stack(0x00000000261a0000,0x00000000262a0000)]
  0x000000002063f800 JavaThread "jar transforms Thread 769" [_thread_blocked, id=17920, stack(0x00000000260a0000,0x00000000261a0000)]
  0x0000000020641800 JavaThread "jar transforms Thread 768" [_thread_blocked, id=16048, stack(0x0000000025fa0000,0x00000000260a0000)]
  0x000000002063e800 JavaThread "jar transforms Thread 767" [_thread_blocked, id=4404, stack(0x0000000025ea0000,0x0000000025fa0000)]
  0x000000002063e000 JavaThread "jar transforms Thread 766" [_thread_blocked, id=17620, stack(0x0000000025da0000,0x0000000025ea0000)]
  0x0000000020639800 JavaThread "jar transforms Thread 765" [_thread_blocked, id=14344, stack(0x0000000025ca0000,0x0000000025da0000)]
  0x0000000020640000 JavaThread "jar transforms Thread 764" [_thread_blocked, id=13400, stack(0x0000000025ba0000,0x0000000025ca0000)]
  0x000000002063d000 JavaThread "jar transforms Thread 763" [_thread_blocked, id=9660, stack(0x0000000025aa0000,0x0000000025ba0000)]
  0x000000002063c800 JavaThread "jar transforms Thread 762" [_thread_blocked, id=17092, stack(0x00000000259a0000,0x0000000025aa0000)]
  0x000000002063b000 JavaThread "jar transforms Thread 761" [_thread_blocked, id=15588, stack(0x00000000258a0000,0x00000000259a0000)]
  0x0000000020635800 JavaThread "jar transforms Thread 760" [_thread_blocked, id=3344, stack(0x00000000257a0000,0x00000000258a0000)]
  0x0000000020638800 JavaThread "jar transforms Thread 759" [_thread_blocked, id=9288, stack(0x00000000256a0000,0x00000000257a0000)]
  0x000000002063a000 JavaThread "jar transforms Thread 758" [_thread_blocked, id=7456, stack(0x00000000255a0000,0x00000000256a0000)]
  0x0000000020638000 JavaThread "jar transforms Thread 757" [_thread_blocked, id=9944, stack(0x00000000254a0000,0x00000000255a0000)]
  0x0000000020636800 JavaThread "jar transforms Thread 756" [_thread_blocked, id=17012, stack(0x00000000253a0000,0x00000000254a0000)]
  0x0000000020637000 JavaThread "jar transforms Thread 755" [_thread_blocked, id=660, stack(0x00000000252a0000,0x00000000253a0000)]
  0x000000002ba5b800 JavaThread "jar transforms Thread 754" [_thread_blocked, id=11108, stack(0x00000000251a0000,0x00000000252a0000)]
  0x000000002ba62000 JavaThread "jar transforms Thread 753" [_thread_blocked, id=9596, stack(0x00000000250a0000,0x00000000251a0000)]
  0x000000002ba61800 JavaThread "jar transforms Thread 752" [_thread_blocked, id=2548, stack(0x0000000024fa0000,0x00000000250a0000)]
  0x000000002ba60800 JavaThread "jar transforms Thread 751" [_thread_blocked, id=16380, stack(0x0000000024ea0000,0x0000000024fa0000)]
  0x000000002ba5f000 JavaThread "jar transforms Thread 750" [_thread_blocked, id=9276, stack(0x0000000024da0000,0x0000000024ea0000)]
  0x000000002ba5d800 JavaThread "jar transforms Thread 749" [_thread_blocked, id=2288, stack(0x0000000024ca0000,0x0000000024da0000)]
  0x000000002ba5e800 JavaThread "jar transforms Thread 748" [_thread_blocked, id=16204, stack(0x0000000024ba0000,0x0000000024ca0000)]
  0x000000002ba5c000 JavaThread "jar transforms Thread 747" [_thread_blocked, id=14592, stack(0x0000000024aa0000,0x0000000024ba0000)]
  0x000000002ba59000 JavaThread "jar transforms Thread 746" [_thread_blocked, id=14952, stack(0x00000000249a0000,0x0000000024aa0000)]
  0x000000002ba5a000 JavaThread "jar transforms Thread 745" [_thread_blocked, id=8720, stack(0x00000000248a0000,0x00000000249a0000)]
  0x000000002ba5d000 JavaThread "jar transforms Thread 744" [_thread_blocked, id=6904, stack(0x00000000247a0000,0x00000000248a0000)]
  0x000000002ba60000 JavaThread "jar transforms Thread 743" [_thread_blocked, id=10896, stack(0x00000000246a0000,0x00000000247a0000)]
  0x000000002ba5a800 JavaThread "jar transforms Thread 742" [_thread_blocked, id=12904, stack(0x00000000245a0000,0x00000000246a0000)]
  0x000000002ba51800 JavaThread "jar transforms Thread 741" [_thread_blocked, id=2848, stack(0x00000000244a0000,0x00000000245a0000)]
  0x000000002ba56000 JavaThread "jar transforms Thread 740" [_thread_blocked, id=3048, stack(0x00000000243a0000,0x00000000244a0000)]
  0x000000002ba52800 JavaThread "jar transforms Thread 739" [_thread_blocked, id=15324, stack(0x00000000242a0000,0x00000000243a0000)]
  0x000000002ba57800 JavaThread "jar transforms Thread 738" [_thread_blocked, id=14212, stack(0x00000000241a0000,0x00000000242a0000)]
  0x000000002ba55800 JavaThread "jar transforms Thread 737" [_thread_blocked, id=18040, stack(0x00000000240a0000,0x00000000241a0000)]
  0x000000002ba57000 JavaThread "Build operations Thread 12" [_thread_blocked, id=7436, stack(0x0000000023fa0000,0x00000000240a0000)]
  0x000000002ba58800 JavaThread "Build operations Thread 11" [_thread_blocked, id=2740, stack(0x0000000023ea0000,0x0000000023fa0000)]
  0x000000002ba54800 JavaThread "Build operations Thread 10" [_thread_blocked, id=12268, stack(0x0000000023da0000,0x0000000023ea0000)]
  0x000000002ba54000 JavaThread "Build operations Thread 9" [_thread_blocked, id=15984, stack(0x0000000023ca0000,0x0000000023da0000)]
  0x000000002ba53000 JavaThread "Build operations Thread 8" [_thread_blocked, id=10892, stack(0x0000000023aa0000,0x0000000023ba0000)]
  0x000000002ba4b000 JavaThread "Build operations Thread 7" [_thread_blocked, id=6656, stack(0x00000000239a0000,0x0000000023aa0000)]
  0x000000002ba51000 JavaThread "Build operations Thread 6" [_thread_blocked, id=11120, stack(0x00000000238a0000,0x00000000239a0000)]
  0x000000002ba50000 JavaThread "Build operations Thread 5" [_thread_blocked, id=13280, stack(0x00000000237a0000,0x00000000238a0000)]
  0x000000002ba49800 JavaThread "Build operations Thread 4" [_thread_blocked, id=4760, stack(0x0000000021dd0000,0x0000000021ed0000)]
  0x000000002ba48800 JavaThread "Build operations Thread 3" [_thread_blocked, id=3464, stack(0x00000000211d0000,0x00000000212d0000)]
  0x000000002ba4d000 JavaThread "Build operations Thread 2" [_thread_blocked, id=9148, stack(0x0000000020040000,0x0000000020140000)]
  0x000000002ba4e000 JavaThread "Build operations" [_thread_blocked, id=3160, stack(0x000000001e670000,0x000000001e770000)]
  0x000000002ba4f800 JavaThread "Cache worker for cache directory md-rule (C:\Users\Alex\.gradle\caches\6.5\md-rule)" [_thread_blocked, id=6204, stack(0x000000001e570000,0x000000001e670000)]
  0x000000002ba4c800 JavaThread "Cache worker for cache directory md-supplier (C:\Users\Alex\.gradle\caches\6.5\md-supplier)" [_thread_blocked, id=8272, stack(0x000000001e470000,0x000000001e570000)]
  0x000000002ba4e800 JavaThread "Cache worker for checksums cache (D:\AndroidProjects\KursachGameShop2\.gradle\checksums)" [_thread_blocked, id=9412, stack(0x000000001e370000,0x000000001e470000)]
  0x000000002ba45000 JavaThread "Cache worker for file hash cache (D:\AndroidProjects\KursachGameShop2\.gradle\6.5\fileHashes)" [_thread_blocked, id=5320, stack(0x000000001e270000,0x000000001e370000)]
  0x000000002ba48000 JavaThread "Thread-1198" [_thread_blocked, id=16840, stack(0x000000001df70000,0x000000001e070000)]
  0x000000002ba4b800 JavaThread "Stdin handler" [_thread_blocked, id=13108, stack(0x000000001de70000,0x000000001df70000)]
  0x000000002ba45800 JavaThread "Asynchronous log dispatcher for DefaultDaemonConnection: socket connection from /127.0.0.1:53353 to /127.0.0.1:54407" [_thread_blocked, id=6484, stack(0x000000001da20000,0x000000001db20000)]
  0x000000002ba47000 JavaThread "Daemon worker Thread 9" [_thread_blocked, id=8220, stack(0x000000001d920000,0x000000001da20000)]
  0x000000002ba4a000 JavaThread "Cancel handler" [_thread_blocked, id=13936, stack(0x0000000000990000,0x0000000000a90000)]
  0x000000002ba44000 JavaThread "Handler for socket connection from /127.0.0.1:53353 to /127.0.0.1:54407" [_thread_in_native, id=17440, stack(0x0000000000890000,0x0000000000990000)]
  0x000000002ba46800 JavaThread "Daemon Thread 9" [_thread_blocked, id=10272, stack(0x0000000000790000,0x0000000000890000)]
  0x000000001b208800 JavaThread "Cache worker for Java compile cache (C:\Users\Alex\.gradle\caches\6.5\javaCompile)" [_thread_blocked, id=15784, stack(0x000000002e610000,0x000000002e710000)]
  0x000000001bc6c800 JavaThread "Memory manager" [_thread_blocked, id=15764, stack(0x000000002a1f0000,0x000000002a2f0000)]
  0x000000001c9f8000 JavaThread "Cache worker for file content cache (C:\Users\Alex\.gradle\caches\6.5\fileContent)" [_thread_blocked, id=864, stack(0x0000000021ed0000,0x0000000021fd0000)]
  0x000000001c9fd800 JavaThread "Cache worker for execution history cache (C:\Users\Alex\.gradle\caches\6.5\executionHistory)" [_thread_blocked, id=4136, stack(0x00000000216d0000,0x00000000217d0000)]
  0x000000001c9fb000 JavaThread "Cache worker for file hash cache (C:\Users\Alex\.gradle\caches\6.5\fileHashes)" [_thread_blocked, id=15904, stack(0x000000001eb70000,0x000000001ec70000)]
  0x000000001c9fc000 JavaThread "File lock request listener" [_thread_in_native, id=7960, stack(0x000000001ea70000,0x000000001eb70000)]
  0x000000001c709800 JavaThread "Cache worker for journal cache (C:\Users\Alex\.gradle\caches\journal-1)" [_thread_blocked, id=10400, stack(0x000000001e970000,0x000000001ea70000)]
  0x000000001c60f000 JavaThread "Daemon periodic checks" [_thread_blocked, id=16824, stack(0x000000001dd70000,0x000000001de70000)]
  0x000000001c5a9800 JavaThread "Incoming local TCP Connector on port 53353" [_thread_in_native, id=10928, stack(0x000000001db20000,0x000000001dc20000)]
  0x000000001c2ee800 JavaThread "Daemon health stats" [_thread_blocked, id=3144, stack(0x000000001d4c0000,0x000000001d5c0000)]
  0x0000000018f5a000 JavaThread "Service Thread" daemon [_thread_blocked, id=14408, stack(0x000000001a920000,0x000000001aa20000)]
  0x0000000018ed6800 JavaThread "C1 CompilerThread3" daemon [_thread_blocked, id=11532, stack(0x000000001a820000,0x000000001a920000)]
  0x0000000018ed2800 JavaThread "C2 CompilerThread2" daemon [_thread_blocked, id=2996, stack(0x000000001a720000,0x000000001a820000)]
  0x0000000018ecd000 JavaThread "C2 CompilerThread1" daemon [_thread_blocked, id=7440, stack(0x000000001a620000,0x000000001a720000)]
  0x0000000018ec3800 JavaThread "C2 CompilerThread0" daemon [_thread_blocked, id=13968, stack(0x000000001a520000,0x000000001a620000)]
  0x0000000018ec1800 JavaThread "Attach Listener" daemon [_thread_blocked, id=8712, stack(0x000000001a420000,0x000000001a520000)]
  0x0000000018ec0000 JavaThread "Signal Dispatcher" daemon [_thread_blocked, id=12908, stack(0x000000001a320000,0x000000001a420000)]
  0x00000000177f2000 JavaThread "Finalizer" daemon [_thread_blocked, id=16424, stack(0x000000001a110000,0x000000001a210000)]
  0x0000000018eb3000 JavaThread "Reference Handler" daemon [_thread_blocked, id=4308, stack(0x000000001a010000,0x000000001a110000)]
  0x000000000057d800 JavaThread "main" [_thread_blocked, id=16008, stack(0x0000000002350000,0x0000000002450000)]

Other Threads:
  0x0000000018e92800 VMThread [stack: 0x0000000019f10000,0x000000001a010000] [id=16472]
  0x0000000018ee2800 WatcherThread [stack: 0x000000001aa20000,0x000000001ab20000] [id=16936]

=>0x0000000002473800 (exited) GCTaskThread [stack: 0x00000000126d0000,0x00000000127d0000] [id=18360]

VM state:at safepoint (normal execution)

VM Mutex/Monitor currently owned by a thread:  ([mutex/lock_event])
[0x000000000057d190] Threads_lock - owner thread: 0x0000000018e92800
[0x0000000002451bd0] Heap_lock - owner thread: 0x00000000204d3800

heap address: 0x0000000080000000, size: 2048 MB, Compressed Oops mode: 32-bit
Narrow klass base: 0x0000000000000000, Narrow klass shift: 3
Compressed class space size: 1073741824 Address: 0x0000000100000000

Heap:
 PSYoungGen      total 499200K, used 498832K [0x00000000d5580000, 0x00000000ff000000, 0x0000000100000000)
  eden space 436736K, 100% used [0x00000000d5580000,0x00000000f0000000,0x00000000f0000000)
  from space 62464K, 99% used [0x00000000f0000000,0x00000000f3ca41c0,0x00000000f3d00000)
  to   space 122880K, 94% used [0x00000000f7800000,0x00000000fe9b2b78,0x00000000ff000000)
 ParOldGen       total 348160K, used 282317K [0x0000000080000000, 0x0000000095400000, 0x00000000d5580000)
  object space 348160K, 81% used [0x0000000080000000,0x00000000913b3748,0x0000000095400000)
 Metaspace       used 138750K, capacity 147818K, committed 147992K, reserved 1177600K
  class space    used 17494K, capacity 19191K, committed 19248K, reserved 1048576K

Card table byte_map: [0x0000000011910000,0x0000000011d20000] byte_map_base: 0x0000000011510000

Marking Bits: (ParMarkBitMap*) 0x000000007612f030
 Begin Bits: [0x00000000129d0000, 0x00000000149d0000)
 End Bits:   [0x00000000149d0000, 0x00000000169d0000)

Polling page: 0x00000000005a0000

CodeCache: size=245760Kb used=76245Kb max_used=76645Kb free=169514Kb
 bounds [0x0000000002550000, 0x00000000070b0000, 0x0000000011550000]
 total_blobs=22180 nmethods=21281 adapters=811
 compilation: enabled

Compilation events (10 events):
Event: 2548.346 Thread 0x0000000018ed6800 27795       3       java.util.IdentityHashMap$KeySet::toArray (9 bytes)
Event: 2548.346 Thread 0x0000000018ed6800 nmethod 27795 0x000000000425b090 code [0x000000000425b200, 0x000000000425b428]
Event: 2548.506 Thread 0x0000000018ec3800 27796       4       com.android.tools.r8.dex.r::b (204 bytes)
Event: 2548.527 Thread 0x0000000018ec3800 nmethod 27796 0x0000000006e31990 code [0x0000000006e31ce0, 0x0000000006e33228]
Event: 2548.554 Thread 0x0000000018ed6800 27797       3       com.android.tools.r8.dex.r::a (280 bytes)
Event: 2548.558 Thread 0x0000000018ed6800 nmethod 27797 0x0000000006dee0d0 code [0x0000000006dee680, 0x0000000006df2648]
Event: 2548.561 Thread 0x0000000018ecd000 27798       4       com.android.tools.r8.graph.C::b (12 bytes)
Event: 2548.569 Thread 0x0000000018ed2800 27799       4       com.android.tools.r8.dex.r$$Lambda$2172/194367742::get$Lambda (11 bytes)
Event: 2548.570 Thread 0x0000000018ed2800 nmethod 27799 0x000000000447bb90 code [0x000000000447bce0, 0x000000000447bdb8]
Event: 2548.571 Thread 0x0000000018ecd000 nmethod 27798 0x0000000006dbcad0 code [0x0000000006dbcce0, 0x0000000006dbd7d0]

GC Heap History (10 events):
Event: 2220.234 GC heap after
Heap after GC invocations=29 (full 4):
 PSYoungGen      total 457216K, used 82415K [0x00000000d5580000, 0x00000000fc680000, 0x0000000100000000)
  eden space 374784K, 0% used [0x00000000d5580000,0x00000000d5580000,0x00000000ec380000)
  from space 82432K, 99% used [0x00000000ec380000,0x00000000f13fbf10,0x00000000f1400000)
  to   space 112128K, 0% used [0x00000000f5900000,0x00000000f5900000,0x00000000fc680000)
 ParOldGen       total 348160K, used 213291K [0x0000000080000000, 0x0000000095400000, 0x00000000d5580000)
  object space 348160K, 61% used [0x0000000080000000,0x000000008d04ae78,0x0000000095400000)
 Metaspace       used 123851K, capacity 132588K, committed 132888K, reserved 1165312K
  class space    used 15981K, capacity 17606K, committed 17712K, reserved 1048576K
}
Event: 2259.565 GC heap before
{Heap before GC invocations=30 (full 4):
 PSYoungGen      total 457216K, used 457199K [0x00000000d5580000, 0x00000000fc680000, 0x0000000100000000)
  eden space 374784K, 100% used [0x00000000d5580000,0x00000000ec380000,0x00000000ec380000)
  from space 82432K, 99% used [0x00000000ec380000,0x00000000f13fbf10,0x00000000f1400000)
  to   space 112128K, 0% used [0x00000000f5900000,0x00000000f5900000,0x00000000fc680000)
 ParOldGen       total 348160K, used 213291K [0x0000000080000000, 0x0000000095400000, 0x00000000d5580000)
  object space 348160K, 61% used [0x0000000080000000,0x000000008d04ae78,0x0000000095400000)
 Metaspace       used 124287K, capacity 133262K, committed 133528K, reserved 1165312K
  class space    used 16027K, capacity 17733K, committed 17840K, reserved 1048576K
Event: 2259.624 GC heap after
Heap after GC invocations=30 (full 4):
 PSYoungGen      total 528896K, used 61322K [0x00000000d5580000, 0x00000000fd280000, 0x0000000100000000)
  eden space 416768K, 0% used [0x00000000d5580000,0x00000000d5580000,0x00000000eec80000)
  from space 112128K, 54% used [0x00000000f5900000,0x00000000f94e2b78,0x00000000fc680000)
  to   space 111104K, 0% used [0x00000000eec80000,0x00000000eec80000,0x00000000f5900000)
 ParOldGen       total 348160K, used 230211K [0x0000000080000000, 0x0000000095400000, 0x00000000d5580000)
  object space 348160K, 66% used [0x0000000080000000,0x000000008e0d0c78,0x0000000095400000)
 Metaspace       used 124287K, capacity 133262K, committed 133528K, reserved 1165312K
  class space    used 16027K, capacity 17733K, committed 17840K, reserved 1048576K
}
Event: 2261.058 GC heap before
{Heap before GC invocations=31 (full 4):
 PSYoungGen      total 528896K, used 478090K [0x00000000d5580000, 0x00000000fd280000, 0x0000000100000000)
  eden space 416768K, 100% used [0x00000000d5580000,0x00000000eec80000,0x00000000eec80000)
  from space 112128K, 54% used [0x00000000f5900000,0x00000000f94e2b78,0x00000000fc680000)
  to   space 111104K, 0% used [0x00000000eec80000,0x00000000eec80000,0x00000000f5900000)
 ParOldGen       total 348160K, used 230211K [0x0000000080000000, 0x0000000095400000, 0x00000000d5580000)
  object space 348160K, 66% used [0x0000000080000000,0x000000008e0d0c78,0x0000000095400000)
 Metaspace       used 131303K, capacity 140214K, committed 140312K, reserved 1171456K
  class space    used 16753K, capacity 18441K, committed 18480K, reserved 1048576K
Event: 2261.115 GC heap after
Heap after GC invocations=31 (full 4):
 PSYoungGen      total 527872K, used 111082K [0x00000000d5580000, 0x0000000100000000, 0x0000000100000000)
  eden space 416768K, 0% used [0x00000000d5580000,0x00000000d5580000,0x00000000eec80000)
  from space 111104K, 99% used [0x00000000eec80000,0x00000000f58fa8d8,0x00000000f5900000)
  to   space 134656K, 0% used [0x00000000f7c80000,0x00000000f7c80000,0x0000000100000000)
 ParOldGen       total 348160K, used 247147K [0x0000000080000000, 0x0000000095400000, 0x00000000d5580000)
  object space 348160K, 70% used [0x0000000080000000,0x000000008f15ac00,0x0000000095400000)
 Metaspace       used 131303K, capacity 140214K, committed 140312K, reserved 1171456K
  class space    used 16753K, capacity 18441K, committed 18480K, reserved 1048576K
}
Event: 2544.980 GC heap before
{Heap before GC invocations=32 (full 4):
 PSYoungGen      total 527872K, used 527850K [0x00000000d5580000, 0x0000000100000000, 0x0000000100000000)
  eden space 416768K, 100% used [0x00000000d5580000,0x00000000eec80000,0x00000000eec80000)
  from space 111104K, 99% used [0x00000000eec80000,0x00000000f58fa8d8,0x00000000f5900000)
  to   space 134656K, 0% used [0x00000000f7c80000,0x00000000f7c80000,0x0000000100000000)
 ParOldGen       total 348160K, used 247147K [0x0000000080000000, 0x0000000095400000, 0x00000000d5580000)
  object space 348160K, 70% used [0x0000000080000000,0x000000008f15ac00,0x0000000095400000)
 Metaspace       used 131435K, capacity 140348K, committed 140568K, reserved 1171456K
  class space    used 16754K, capacity 18442K, committed 18480K, reserved 1048576K
Event: 2545.018 GC heap after
Heap after GC invocations=32 (full 4):
 PSYoungGen      total 571392K, used 51827K [0x00000000d5580000, 0x0000000100000000, 0x0000000100000000)
  eden space 436736K, 0% used [0x00000000d5580000,0x00000000d5580000,0x00000000f0000000)
  from space 134656K, 38% used [0x00000000f7c80000,0x00000000faf1cf30,0x0000000100000000)
  to   space 127488K, 0% used [0x00000000f0000000,0x00000000f0000000,0x00000000f7c80000)
 ParOldGen       total 348160K, used 247610K [0x0000000080000000, 0x0000000095400000, 0x00000000d5580000)
  object space 348160K, 71% used [0x0000000080000000,0x000000008f1cea50,0x0000000095400000)
 Metaspace       used 131435K, capacity 140348K, committed 140568K, reserved 1171456K
  class space    used 16754K, capacity 18442K, committed 18480K, reserved 1048576K
}
Event: 2547.581 GC heap before
{Heap before GC invocations=33 (full 4):
 PSYoungGen      total 571392K, used 488563K [0x00000000d5580000, 0x0000000100000000, 0x0000000100000000)
  eden space 436736K, 100% used [0x00000000d5580000,0x00000000f0000000,0x00000000f0000000)
  from space 134656K, 38% used [0x00000000f7c80000,0x00000000faf1cf30,0x0000000100000000)
  to   space 127488K, 0% used [0x00000000f0000000,0x00000000f0000000,0x00000000f7c80000)
 ParOldGen       total 348160K, used 247610K [0x0000000080000000, 0x0000000095400000, 0x00000000d5580000)
  object space 348160K, 71% used [0x0000000080000000,0x000000008f1cea50,0x0000000095400000)
 Metaspace       used 138589K, capacity 147598K, committed 147736K, reserved 1177600K
  class space    used 17494K, capacity 19191K, committed 19248K, reserved 1048576K
Event: 2547.615 GC heap after
Heap after GC invocations=33 (full 4):
 PSYoungGen      total 499200K, used 62096K [0x00000000d5580000, 0x00000000ff000000, 0x0000000100000000)
  eden space 436736K, 0% used [0x00000000d5580000,0x00000000d5580000,0x00000000f0000000)
  from space 62464K, 99% used [0x00000000f0000000,0x00000000f3ca41c0,0x00000000f3d00000)
  to   space 122880K, 0% used [0x00000000f7800000,0x00000000f7800000,0x00000000ff000000)
 ParOldGen       total 348160K, used 249208K [0x0000000080000000, 0x0000000095400000, 0x00000000d5580000)
  object space 348160K, 71% used [0x0000000080000000,0x000000008f35e148,0x0000000095400000)
 Metaspace       used 138589K, capacity 147598K, committed 147736K, reserved 1177600K
  class space    used 17494K, capacity 19191K, committed 19248K, reserved 1048576K
}
Event: 2548.584 GC heap before
{Heap before GC invocations=34 (full 4):
 PSYoungGen      total 499200K, used 498832K [0x00000000d5580000, 0x00000000ff000000, 0x0000000100000000)
  eden space 436736K, 100% used [0x00000000d5580000,0x00000000f0000000,0x00000000f0000000)
  from space 62464K, 99% used [0x00000000f0000000,0x00000000f3ca41c0,0x00000000f3d00000)
  to   space 122880K, 0% used [0x00000000f7800000,0x00000000f7800000,0x00000000ff000000)
 ParOldGen       total 348160K, used 249208K [0x0000000080000000, 0x0000000095400000, 0x00000000d5580000)
  object space 348160K, 71% used [0x0000000080000000,0x000000008f35e148,0x0000000095400000)
 Metaspace       used 138750K, capacity 147818K, committed 147992K, reserved 1177600K
  class space    used 17494K, capacity 19191K, committed 19248K, reserved 1048576K

Deoptimization events (10 events):
Event: 2547.763 Thread 0x00000000228dc800 Uncommon trap: reason=array_check action=maybe_recompile pc=0x0000000006657a3c method=java.util.TimSort.mergeLo(IIII)V @ 81
Event: 2547.763 Thread 0x00000000228dc800 Uncommon trap: reason=array_check action=maybe_recompile pc=0x000000000665c8d8 method=java.util.TimSort.mergeHi(IIII)V @ 101
Event: 2547.763 Thread 0x00000000228dc800 Uncommon trap: reason=array_check action=maybe_recompile pc=0x0000000006657a3c method=java.util.TimSort.mergeLo(IIII)V @ 81
Event: 2547.785 Thread 0x00000000228d7000 Uncommon trap: reason=array_check action=maybe_recompile pc=0x000000000665c8d8 method=java.util.TimSort.mergeHi(IIII)V @ 101
Event: 2547.785 Thread 0x00000000228d7000 Uncommon trap: reason=array_check action=maybe_recompile pc=0x0000000006657a3c method=java.util.TimSort.mergeLo(IIII)V @ 81
Event: 2548.125 Thread 0x00000000228e5800 Uncommon trap: reason=unstable_if action=reinterpret pc=0x0000000006a7f4f0 method=java.util.concurrent.ForkJoinPool.externalPush(Ljava/util/concurrent/ForkJoinTask;)V @ 161
Event: 2548.125 Thread 0x00000000204d8000 Uncommon trap: reason=unstable_if action=reinterpret pc=0x0000000006a4893c method=java.util.concurrent.ForkJoinPool.scan(Ljava/util/concurrent/ForkJoinPool$WorkQueue;I)Ljava/util/concurrent/ForkJoinTask; @ 299
Event: 2548.125 Thread 0x00000000204d4800 Uncommon trap: reason=unstable_if action=reinterpret pc=0x0000000006a4893c method=java.util.concurrent.ForkJoinPool.scan(Ljava/util/concurrent/ForkJoinPool$WorkQueue;I)Ljava/util/concurrent/ForkJoinTask; @ 299
Event: 2548.132 Thread 0x00000000204d0800 Uncommon trap: reason=unstable_if action=reinterpret pc=0x00000000065f9878 method=java.util.concurrent.ForkJoinTask.setCompletion(I)I @ 25
Event: 2548.135 Thread 0x00000000204da800 Uncommon trap: reason=unstable_if action=reinterpret pc=0x0000000006a9f590 method=java.util.concurrent.atomic.AtomicBoolean.getAndSet(Z)Z @ 11

Classes redefined (0 events):
No events

Internal exceptions (10 events):
Event: 2547.788 Thread 0x000000001f5d2800 Exception <a 'sun/nio/fs/WindowsException'> (0x00000000dd45c218) thrown at [C:\src\AOSP-openjdk-git\hotspot\src\share\vm\prims\jni.cpp, line 710]
Event: 2547.790 Thread 0x000000001f5d2800 Exception <a 'sun/nio/fs/WindowsException'> (0x00000000dd53dd58) thrown at [C:\src\AOSP-openjdk-git\hotspot\src\share\vm\prims\jni.cpp, line 710]
Event: 2547.791 Thread 0x000000001f5d2800 Exception <a 'sun/nio/fs/WindowsException'> (0x00000000dd544c00) thrown at [C:\src\AOSP-openjdk-git\hotspot\src\share\vm\prims\jni.cpp, line 710]
Event: 2547.791 Thread 0x000000001f5d2800 Exception <a 'sun/nio/fs/WindowsException'> (0x00000000dd5d9400) thrown at [C:\src\AOSP-openjdk-git\hotspot\src\share\vm\prims\jni.cpp, line 710]
Event: 2547.792 Thread 0x000000001f5d2800 Exception <a 'sun/nio/fs/WindowsException'> (0x00000000dd679de8) thrown at [C:\src\AOSP-openjdk-git\hotspot\src\share\vm\prims\jni.cpp, line 710]
Event: 2547.793 Thread 0x000000001f5d2800 Exception <a 'sun/nio/fs/WindowsException'> (0x00000000dd6813b0) thrown at [C:\src\AOSP-openjdk-git\hotspot\src\share\vm\prims\jni.cpp, line 710]
Event: 2547.794 Thread 0x000000001f5d2800 Exception <a 'sun/nio/fs/WindowsException'> (0x00000000dd7644c0) thrown at [C:\src\AOSP-openjdk-git\hotspot\src\share\vm\prims\jni.cpp, line 710]
Event: 2547.795 Thread 0x000000001f5d2800 Exception <a 'sun/nio/fs/WindowsException'> (0x00000000dd76e240) thrown at [C:\src\AOSP-openjdk-git\hotspot\src\share\vm\prims\jni.cpp, line 710]
Event: 2547.796 Thread 0x000000001f5d2800 Exception <a 'sun/nio/fs/WindowsException'> (0x00000000dd7cf760) thrown at [C:\src\AOSP-openjdk-git\hotspot\src\share\vm\prims\jni.cpp, line 710]
Event: 2547.946 Thread 0x00000000228e5800 Exception <a 'sun/nio/fs/WindowsException'> (0x00000000de970e80) thrown at [C:\src\AOSP-openjdk-git\hotspot\src\share\vm\prims\jni.cpp, line 710]

Events (10 events):
Event: 2548.184 Thread 0x0000000018ec3800 flushing nmethod 0x00000000048a9fd0
Event: 2548.184 Thread 0x0000000018ec3800 flushing nmethod 0x00000000048b2210
Event: 2548.184 Thread 0x0000000018ec3800 flushing nmethod 0x00000000048f0250
Event: 2548.184 Thread 0x0000000018ec3800 flushing nmethod 0x00000000048fdd10
Event: 2548.194 Thread 0x0000000018ed6800 flushing nmethod 0x0000000005053b90
Event: 2548.534 Thread 0x00000000204d3800 DEOPT PACKING pc=0x00000000056e3a71 sp=0x000000003891eb60
Event: 2548.534 Thread 0x00000000204d3800 DEOPT UNPACKING pc=0x00000000025975d0 sp=0x000000003891e9d0 mode 0
Event: 2548.554 Thread 0x00000000204d3800 DEOPT PACKING pc=0x0000000006adb27f sp=0x000000003891e690
Event: 2548.554 Thread 0x00000000204d3800 DEOPT UNPACKING pc=0x00000000025975d0 sp=0x000000003891e970 mode 0
Event: 2548.584 Executing VM operation: ParallelGCFailedAllocation


Dynamic libraries:
0x00007ff6e72e0000 - 0x00007ff6e7311000 	D:\Android\jre\bin\java.exe
0x00007ff9d61d0000 - 0x00007ff9d63c6000 	C:\WINDOWS\SYSTEM32\ntdll.dll
0x00007ff9d48e0000 - 0x00007ff9d499d000 	C:\WINDOWS\System32\KERNEL32.DLL
0x00007ff9d3910000 - 0x00007ff9d3bd9000 	C:\WINDOWS\System32\KERNELBASE.dll
0x00007ff9d6050000 - 0x00007ff9d60fc000 	C:\WINDOWS\System32\ADVAPI32.dll
0x00007ff9d5750000 - 0x00007ff9d57ee000 	C:\WINDOWS\System32\msvcrt.dll
0x00007ff9d5a20000 - 0x00007ff9d5abc000 	C:\WINDOWS\System32\sechost.dll
0x00007ff9d55a0000 - 0x00007ff9d56cb000 	C:\WINDOWS\System32\RPCRT4.dll
0x00007ff9d57f0000 - 0x00007ff9d5990000 	C:\WINDOWS\System32\USER32.dll
0x00007ff9d3c10000 - 0x00007ff9d3c32000 	C:\WINDOWS\System32\win32u.dll
0x00007ff9d4780000 - 0x00007ff9d47aa000 	C:\WINDOWS\System32\GDI32.dll
0x00007ff9d3ca0000 - 0x00007ff9d3dab000 	C:\WINDOWS\System32\gdi32full.dll
0x00007ff9d3db0000 - 0x00007ff9d3e4d000 	C:\WINDOWS\System32\msvcp_win.dll
0x00007ff9d4130000 - 0x00007ff9d4230000 	C:\WINDOWS\System32\ucrtbase.dll
0x00007ff9d2d20000 - 0x00007ff9d2fbb000 	C:\WINDOWS\WinSxS\amd64_microsoft.windows.common-controls_6595b64144ccf1df_6.0.19041.746_none_ca02b4b61b8320a4\COMCTL32.dll
0x00007ff9d5990000 - 0x00007ff9d59c0000 	C:\WINDOWS\System32\IMM32.DLL
0x0000000075880000 - 0x0000000075952000 	D:\Android\jre\jre\bin\msvcr100.dll
0x0000000075960000 - 0x00000000761ab000 	D:\Android\jre\jre\bin\server\jvm.dll
0x00007ff9d6120000 - 0x00007ff9d6128000 	C:\WINDOWS\System32\PSAPI.DLL
0x00007ff9b6c70000 - 0x00007ff9b6c97000 	C:\WINDOWS\SYSTEM32\WINMM.dll
0x00007ff9cbde0000 - 0x00007ff9cbdea000 	C:\WINDOWS\SYSTEM32\VERSION.dll
0x00007ff9ceec0000 - 0x00007ff9ceec9000 	C:\WINDOWS\SYSTEM32\WSOCK32.dll
0x00007ff9d56e0000 - 0x00007ff9d574b000 	C:\WINDOWS\System32\WS2_32.dll
0x00007ff9cee80000 - 0x00007ff9cee8f000 	D:\Android\jre\jre\bin\verify.dll
0x00007ff9b9050000 - 0x00007ff9b9079000 	D:\Android\jre\jre\bin\java.dll
0x00007ff9c6380000 - 0x00007ff9c6396000 	D:\Android\jre\jre\bin\zip.dll
0x00007ff9d4b70000 - 0x00007ff9d52b2000 	C:\WINDOWS\System32\SHELL32.dll
0x00007ff9d1300000 - 0x00007ff9d1a90000 	C:\WINDOWS\SYSTEM32\windows.storage.dll
0x00007ff9d5b40000 - 0x00007ff9d5e96000 	C:\WINDOWS\System32\combase.dll
0x00007ff9d2c80000 - 0x00007ff9d2cac000 	C:\WINDOWS\SYSTEM32\Wldp.dll
0x00007ff9d4ab0000 - 0x00007ff9d4b5e000 	C:\WINDOWS\System32\SHCORE.dll
0x00007ff9d6130000 - 0x00007ff9d6185000 	C:\WINDOWS\System32\shlwapi.dll
0x00007ff9d3840000 - 0x00007ff9d3866000 	C:\WINDOWS\SYSTEM32\profapi.dll
0x00007ff9b7e90000 - 0x00007ff9b7eaa000 	D:\Android\jre\jre\bin\net.dll
0x00007ff9d29f0000 - 0x00007ff9d2a5a000 	C:\WINDOWS\system32\mswsock.dll
0x00007ff9adde0000 - 0x00007ff9addf3000 	D:\Android\jre\jre\bin\nio.dll
0x00007ff984240000 - 0x00007ff984267000 	C:\Users\Alex\.gradle\native\f6784746aeab05261644944871eae4fe03e0ef1612fff0a4a95f87b438bc6780\windows-amd64\native-platform.dll
0x00007ff9cee40000 - 0x00007ff9cee4d000 	D:\Android\jre\jre\bin\management.dll
0x00007ff9d3690000 - 0x00007ff9d36a8000 	C:\WINDOWS\SYSTEM32\CRYPTSP.dll
0x00007ff9d23c0000 - 0x00007ff9d23f4000 	C:\WINDOWS\system32\rsaenh.dll
0x00007ff9d3be0000 - 0x00007ff9d3c07000 	C:\WINDOWS\System32\bcrypt.dll
0x00007ff9d37c0000 - 0x00007ff9d37ee000 	C:\WINDOWS\SYSTEM32\USERENV.dll
0x00007ff9d3fb0000 - 0x00007ff9d4030000 	C:\WINDOWS\System32\bcryptprimitives.dll
0x00007ff9d2c70000 - 0x00007ff9d2c7c000 	C:\WINDOWS\SYSTEM32\CRYPTBASE.dll
0x00007ff9d26f0000 - 0x00007ff9d272b000 	C:\WINDOWS\SYSTEM32\IPHLPAPI.DLL
0x00007ff9d56d0000 - 0x00007ff9d56d8000 	C:\WINDOWS\System32\NSI.dll
0x00007ff9cef60000 - 0x00007ff9cef77000 	C:\WINDOWS\SYSTEM32\dhcpcsvc6.DLL
0x00007ff9cef40000 - 0x00007ff9cef5d000 	C:\WINDOWS\SYSTEM32\dhcpcsvc.DLL
0x00007ff9d2730000 - 0x00007ff9d27fb000 	C:\WINDOWS\SYSTEM32\DNSAPI.dll
0x00007ff9cb8c0000 - 0x00007ff9cb8cb000 	C:\WINDOWS\SYSTEM32\WINNSI.DLL
0x0000000066e00000 - 0x0000000066f03000 	C:\Users\Alex\AppData\Local\Temp\sqlite-3.25.2-8b159cd7-5868-453f-9d80-1e408b681a1a-sqlitejdbc.dll
0x000000002dfc0000 - 0x000000002e0c3000 	C:\Users\Alex\AppData\Local\Temp\sqlite-3.25.2-712bb0b7-d6dc-4bb0-9625-a74b5bd47ba0-sqlitejdbc.dll
0x00007ff9d3650000 - 0x00007ff9d3683000 	C:\WINDOWS\SYSTEM32\ntmarta.dll
0x000000002e0d0000 - 0x000000002e1d3000 	C:\Users\Alex\AppData\Local\Temp\sqlite-3.25.2-c2abb846-8183-49d0-baf9-7e6ee0b26e1c-sqlitejdbc.dll
0x000000002f410000 - 0x000000002f513000 	C:\Users\Alex\AppData\Local\Temp\sqlite-3.25.2-9ca7e3cb-cc41-4046-b884-d8cf8fa74691-sqlitejdbc.dll
0x0000000033d40000 - 0x0000000033e43000 	C:\Users\Alex\AppData\Local\Temp\sqlite-3.25.2-39a22d57-027b-4330-ba7b-ff862dfb4cfd-sqlitejdbc.dll
0x00007ff9d3330000 - 0x00007ff9d3514000 	C:\WINDOWS\SYSTEM32\dbghelp.dll

VM Arguments:
jvm_args: -Xmx2048m -Dfile.encoding=UTF-8 -Duser.country=RU -Duser.language=ru -Duser.variant 
java_command: org.gradle.launcher.daemon.bootstrap.GradleDaemon 6.5
java_class_path (initial): C:\Users\Alex\.gradle\wrapper\dists\gradle-6.5-all\2oz4ud9k3tuxjg84bbf55q0tn\gradle-6.5\lib\gradle-launcher-6.5.jar
Launcher Type: SUN_STANDARD

Environment Variables:
JAVA_HOME=C:\Program Files\BellSoft\LibericaJDK-11\
PATH=C:\Program Files\BellSoft\LibericaJDK-11\bin\;C:\Program Files (x86)\Common Files\Oracle\Java\javapath;C:\Windows\system32;C:\Windows;C:\Windows\System32\Wbem;C:\Windows\System32\WindowsPowerShell\v1.0\;C:\Windows\System32\OpenSSH\;C:\Program Files (x86)\NVIDIA Corporation\PhysX\Common;C:\Program Files\dotnet\;C:\Program Files\Microsoft SQL Server\130\Tools\Binn\;C:\Program Files\Microsoft SQL Server\Client SDK\ODBC\170\Tools\Binn\;C:\Program Files\NVIDIA Corporation\NVIDIA NvDLISR;C:\WINDOWS\system32;C:\WINDOWS;C:\WINDOWS\System32\Wbem;C:\WINDOWS\System32\WindowsPowerShell\v1.0\;C:\WINDOWS\System32\OpenSSH\;C:\Program Files\Git\cmd;C:\Program Files\Git\mingw64\bin;C:\Program Files\Git\usr\bin;C:\Python39\Scripts\;C:\Python39\;C:\Users\Alex\AppData\Local\Microsoft\WindowsApps;;C:\Program Files\JetBrains\IntelliJ IDEA Community Edition 2020.3.1\bin;;C:\Users\Alex\.dotnet\tools
USERNAME=Alex
OS=Windows_NT
PROCESSOR_IDENTIFIER=Intel64 Family 6 Model 158 Stepping 10, GenuineIntel



---------------  S Y S T E M  ---------------

OS: Windows 10.0 , 64 bit Build 19041 (10.0.19041.804)

CPU:total 12 (initial active 12) (6 cores per cpu, 2 threads per core) family 6 model 158 stepping 10, cmov, cx8, fxsr, mmx, sse, sse2, sse3, ssse3, sse4.1, sse4.2, popcnt, avx, avx2, aes, clmul, erms, 3dnowpref, lzcnt, ht, tsc, tscinvbit, bmi1, bmi2, adx

Memory: 4k page, physical 16622900k(4223880k free), swap 19113268k(2224264k free)

vm_info: OpenJDK 64-Bit Server VM (25.242-b01) for windows-amd64 JRE (1.8.0_242-release-1644-b01), built by "builder" with MS VC++ 10.0 (VS2010)

time: Wed Apr 07 21:54:51 2021
timezone: RTZ 2 ()
elapsed time: 2548 seconds (0d 0h 42m 28s)

