#
# A fatal error has been detected by the Java Runtime Environment:
#
#  EXCEPTION_ACCESS_VIOLATION (0xc0000005) at pc=0x0000000066464b64, pid=16192, tid=0x0000000000003e18
#
# JRE version: OpenJDK Runtime Environment (8.0_242-b01) (build 1.8.0_242-release-1644-b01)
# Java VM: OpenJDK 64-Bit Server VM (25.242-b01 mixed mode windows-amd64 compressed oops)
# Problematic frame:
# V  [jvm.dll+0x494b64]
#
# Failed to write core dump. Minidumps are not enabled by default on client versions of Windows
#
# If you would like to submit a bug report, please visit:
#   
#

---------------  T H R E A D  ---------------

Current thread (0x0000000019cbb000):  JavaThread "C2 CompilerThread2" daemon [_thread_in_native, id=15896, stack(0x000000001b500000,0x000000001b600000)]

siginfo: ExceptionCode=0xc0000005, reading address 0x00000200210e6b98

Registers:
RAX=0x00000200210e6b98, RBX=0x00000000210e6b68, RCX=0x0000000000001b3d, RDX=0x00000000210e53c8
RSP=0x000000001b5fbbb0, RBP=0x0000000000000004, RSI=0x000000000000042d, RDI=0x000000001b5fbcc8
R8 =0x0000000024db2540, R9 =0x000000002495d2b0, R10=0x000000001b5fc0b0, R11=0x00000000211a0dc0
R12=0x0000000000000027, R13=0x00000000210007e0, R14=0x000000001b5fbc58, R15=0x000000001b5fbc78
RIP=0x0000000066464b64, EFLAGS=0x0000000000010202

Top of Stack: (sp=0x000000001b5fbbb0)
0x000000001b5fbbb0:   00000000210e5620 000000000000042d
0x000000001b5fbbc0:   0000000000000001 0000000024db24b0
0x000000001b5fbbd0:   000000001b5fca88 00000000664982a0
0x000000001b5fbbe0:   000000001c716740 0000000019caf7f0
0x000000001b5fbbf0:   0000000020b0de40 000000001b5fbd20
0x000000001b5fbc00:   0000000019caf7f0 0000000000000017
0x000000001b5fbc10:   000000001b5fc0b0 0000000066466a23
0x000000001b5fbc20:   000000001b5fc0b0 0000000000000001
0x000000001b5fbc30:   000000000000002c 000000001b5fbcc8
0x000000001b5fbc40:   000000001c716790 000000001c71e728
0x000000001b5fbc50:   0000000000138108 0000000019caf7f0
0x000000001b5fbc60:   0000000000000800 000000002119ca80
0x000000001b5fbc70:   000000000000042e 000000006660f9e8
0x000000001b5fbc80:   0000000019caf7f0 0000000000000100
0x000000001b5fbc90:   000000002497b9e0 0000000000000017
0x000000001b5fbca0:   000000001c716740 0000000019caf7f0 

Instructions: (pc=0x0000000066464b64)
0x0000000066464b44:   ce e8 a6 36 03 00 4c 8b 54 24 70 48 8b 46 10 8b
0x0000000066464b54:   8c 24 80 00 00 00 48 89 1c e8 eb 97 48 8b 43 08
0x0000000066464b64:   48 83 38 00 0f 84 87 00 00 00 48 8b 03 48 8b cb
0x0000000066464b74:   ff 50 10 84 c0 75 0a 0f b6 43 2c 24 0f 3c 0c 75 


Register to memory mapping:

RAX=0x00000200210e6b98 is an unknown value
RBX=0x00000000210e6b68 is an unknown value
RCX=0x0000000000001b3d is an unknown value
RDX=0x00000000210e53c8 is an unknown value
RSP=0x000000001b5fbbb0 is pointing into the stack for thread: 0x0000000019cbb000
RBP=0x0000000000000004 is an unknown value
RSI=0x000000000000042d is an unknown value
RDI=0x000000001b5fbcc8 is pointing into the stack for thread: 0x0000000019cbb000
R8 =0x0000000024db2540 is an unknown value
R9 =0x000000002495d2b0 is an unknown value
R10=0x000000001b5fc0b0 is pointing into the stack for thread: 0x0000000019cbb000
R11=0x00000000211a0dc0 is an unknown value
R12=0x0000000000000027 is an unknown value
R13=0x00000000210007e0 is an unknown value
R14=0x000000001b5fbc58 is pointing into the stack for thread: 0x0000000019cbb000
R15=0x000000001b5fbc78 is pointing into the stack for thread: 0x0000000019cbb000


Stack: [0x000000001b500000,0x000000001b600000],  sp=0x000000001b5fbbb0,  free space=1006k
Native frames: (J=compiled Java code, j=interpreted, Vv=VM code, C=native code)
V  [jvm.dll+0x494b64]
V  [jvm.dll+0x496a23]
V  [jvm.dll+0x4470f0]
V  [jvm.dll+0x447f14]
V  [jvm.dll+0x42b072]
V  [jvm.dll+0x8230f]
V  [jvm.dll+0x82c7f]
V  [jvm.dll+0x220b7f]
V  [jvm.dll+0x27276a]
C  [msvcr100.dll+0x21d9f]
C  [msvcr100.dll+0x21e3b]
C  [KERNEL32.DLL+0x17034]
C  [ntdll.dll+0x4d241]


Current CompileTask:
C2:  17197 7973   !   4       com.android.utils.PositionXmlParser$DomBuilder::startElement (272 bytes)


---------------  P R O C E S S  ---------------

Java Threads: ( => current thread )
  0x000000001da79800 JavaThread "WorkerExecutor Queue Thread 10" [_thread_blocked, id=2352, stack(0x000000002fd90000,0x000000002fe90000)]
  0x000000001da78800 JavaThread "WorkerExecutor Queue Thread 9" [_thread_blocked, id=11968, stack(0x000000002fc90000,0x000000002fd90000)]
  0x000000001da78000 JavaThread "WorkerExecutor Queue Thread 8" [_thread_blocked, id=14348, stack(0x000000002fb90000,0x000000002fc90000)]
  0x000000001da7b000 JavaThread "WorkerExecutor Queue Thread 7" [_thread_blocked, id=2096, stack(0x000000002fa90000,0x000000002fb90000)]
  0x000000001da76800 JavaThread "WorkerExecutor Queue Thread 6" [_thread_blocked, id=15580, stack(0x000000002f990000,0x000000002fa90000)]
  0x000000001da6e000 JavaThread "WorkerExecutor Queue Thread 5" [_thread_blocked, id=14440, stack(0x000000002f890000,0x000000002f990000)]
  0x000000001da75000 JavaThread "WorkerExecutor Queue Thread 4" [_thread_blocked, id=2208, stack(0x000000002f790000,0x000000002f890000)]
  0x000000001da72000 JavaThread "WorkerExecutor Queue Thread 3" [_thread_blocked, id=7740, stack(0x000000002f690000,0x000000002f790000)]
  0x000000001da71000 JavaThread "WorkerExecutor Queue Thread 2" [_thread_blocked, id=1528, stack(0x000000002f590000,0x000000002f690000)]
  0x000000001da74000 JavaThread "WorkerExecutor Queue" [_thread_blocked, id=1836, stack(0x000000002f490000,0x000000002f590000)]
  0x000000001da73800 JavaThread "Cache worker for execution history cache (D:\AndroidProjects\KursachGameShop2\.gradle\6.5\executionHistory)" [_thread_blocked, id=15540, stack(0x000000002f190000,0x000000002f290000)]
  0x000000001da72800 JavaThread "Execution worker for ':' Thread 11" [_thread_blocked, id=1096, stack(0x000000002f090000,0x000000002f190000)]
  0x000000001da70800 JavaThread "Execution worker for ':' Thread 10" [_thread_blocked, id=15724, stack(0x000000002ef90000,0x000000002f090000)]
  0x0000000022a86800 JavaThread "Execution worker for ':' Thread 9" [_thread_blocked, id=2788, stack(0x000000002ee90000,0x000000002ef90000)]
  0x0000000022a84000 JavaThread "Execution worker for ':' Thread 8" [_thread_blocked, id=15528, stack(0x000000002ed90000,0x000000002ee90000)]
  0x0000000022a83800 JavaThread "Execution worker for ':' Thread 7" [_thread_blocked, id=15760, stack(0x000000002ec90000,0x000000002ed90000)]
  0x0000000022a85800 JavaThread "Execution worker for ':' Thread 6" [_thread_blocked, id=15756, stack(0x000000002eb90000,0x000000002ec90000)]
  0x0000000022a8a000 JavaThread "Execution worker for ':' Thread 5" [_thread_blocked, id=15404, stack(0x000000002ea90000,0x000000002eb90000)]
  0x0000000022a89800 JavaThread "Execution worker for ':' Thread 4" [_thread_blocked, id=11940, stack(0x000000002e990000,0x000000002ea90000)]
  0x0000000022a88800 JavaThread "Execution worker for ':' Thread 3" [_thread_blocked, id=16052, stack(0x000000002e790000,0x000000002e890000)]
  0x0000000022a87000 JavaThread "Execution worker for ':' Thread 2" [_thread_blocked, id=7372, stack(0x000000002e690000,0x000000002e790000)]
  0x0000000022a88000 JavaThread "Execution worker for ':'" [_thread_blocked, id=7360, stack(0x000000002e590000,0x000000002e690000)]
  0x0000000022a7e000 JavaThread "Cache worker for file content cache (D:\AndroidProjects\KursachGameShop2\.gradle\6.5\fileContent)" [_thread_blocked, id=1680, stack(0x000000002e090000,0x000000002e190000)]
  0x0000000022a85000 JavaThread "Memory manager" [_thread_blocked, id=5836, stack(0x000000002bcf0000,0x000000002bdf0000)]
  0x0000000022a82800 JavaThread "pool-1-thread-1" [_thread_blocked, id=15660, stack(0x000000002bbf0000,0x000000002bcf0000)]
  0x0000000022a7d800 JavaThread "Cache worker for Build Output Cleanup Cache (D:\AndroidProjects\KursachGameShop2\.gradle\buildOutputCleanup)" [_thread_blocked, id=16112, stack(0x000000002baf0000,0x000000002bbf0000)]
  0x0000000022a7c800 JavaThread "jar transforms Thread 92" [_thread_blocked, id=16108, stack(0x000000002b9f0000,0x000000002baf0000)]
  0x0000000022a80800 JavaThread "jar transforms Thread 91" [_thread_blocked, id=16072, stack(0x000000002b8f0000,0x000000002b9f0000)]
  0x0000000022a82000 JavaThread "jar transforms Thread 90" [_thread_blocked, id=16104, stack(0x000000002b7f0000,0x000000002b8f0000)]
  0x0000000022a7f800 JavaThread "jar transforms Thread 89" [_thread_blocked, id=16124, stack(0x000000002b6f0000,0x000000002b7f0000)]
  0x0000000022a7b000 JavaThread "jar transforms Thread 88" [_thread_blocked, id=16128, stack(0x000000002b5f0000,0x000000002b6f0000)]
  0x0000000020fc9000 JavaThread "jar transforms Thread 87" [_thread_blocked, id=11356, stack(0x000000002b4f0000,0x000000002b5f0000)]
  0x0000000020fc7800 JavaThread "jar transforms Thread 86" [_thread_blocked, id=16088, stack(0x000000002b3f0000,0x000000002b4f0000)]
  0x0000000020fc6800 JavaThread "jar transforms Thread 85" [_thread_blocked, id=16096, stack(0x000000002b2f0000,0x000000002b3f0000)]
  0x0000000020fc8000 JavaThread "jar transforms Thread 84" [_thread_blocked, id=16100, stack(0x000000002b1f0000,0x000000002b2f0000)]
  0x0000000020fca800 JavaThread "jar transforms Thread 83" [_thread_blocked, id=16092, stack(0x000000002b0f0000,0x000000002b1f0000)]
  0x0000000020fc6000 JavaThread "jar transforms Thread 82" [_thread_blocked, id=6468, stack(0x000000002aff0000,0x000000002b0f0000)]
  0x0000000020fc9800 JavaThread "jar transforms Thread 81" [_thread_blocked, id=3512, stack(0x000000002aef0000,0x000000002aff0000)]
  0x0000000020fbe800 JavaThread "jar transforms Thread 80" [_thread_blocked, id=15980, stack(0x000000002adf0000,0x000000002aef0000)]
  0x0000000020fc5000 JavaThread "jar transforms Thread 79" [_thread_blocked, id=3164, stack(0x000000002acf0000,0x000000002adf0000)]
  0x0000000020fbd800 JavaThread "jar transforms Thread 78" [_thread_blocked, id=15876, stack(0x000000002abf0000,0x000000002acf0000)]
  0x0000000020fc4800 JavaThread "jar transforms Thread 77" [_thread_blocked, id=15884, stack(0x000000002aaf0000,0x000000002abf0000)]
  0x0000000020fc3800 JavaThread "jar transforms Thread 76" [_thread_blocked, id=11464, stack(0x000000002a9f0000,0x000000002aaf0000)]
  0x0000000020fc3000 JavaThread "jar transforms Thread 75" [_thread_blocked, id=15400, stack(0x000000002a8f0000,0x000000002a9f0000)]
  0x0000000020fc2000 JavaThread "jar transforms Thread 74" [_thread_blocked, id=1936, stack(0x000000002a7f0000,0x000000002a8f0000)]
  0x0000000020fc1800 JavaThread "jar transforms Thread 73" [_thread_blocked, id=10696, stack(0x000000002a6f0000,0x000000002a7f0000)]
  0x0000000020fbb800 JavaThread "jar transforms Thread 72" [_thread_blocked, id=13956, stack(0x000000002a5f0000,0x000000002a6f0000)]
  0x0000000020fbd000 JavaThread "jar transforms Thread 71" [_thread_blocked, id=14060, stack(0x000000002a4f0000,0x000000002a5f0000)]
  0x0000000020fbf000 JavaThread "jar transforms Thread 70" [_thread_blocked, id=15508, stack(0x000000002a3f0000,0x000000002a4f0000)]
  0x0000000020fbc000 JavaThread "jar transforms Thread 69" [_thread_blocked, id=15392, stack(0x000000002a2f0000,0x000000002a3f0000)]
  0x0000000020fc0000 JavaThread "jar transforms Thread 68" [_thread_blocked, id=15368, stack(0x000000002a1f0000,0x000000002a2f0000)]
  0x0000000020fc0800 JavaThread "jar transforms Thread 67" [_thread_blocked, id=15156, stack(0x000000002a0f0000,0x000000002a1f0000)]
  0x0000000020b22000 JavaThread "jar transforms Thread 66" [_thread_blocked, id=15160, stack(0x0000000029ff0000,0x000000002a0f0000)]
  0x0000000020b20800 JavaThread "jar transforms Thread 65" [_thread_blocked, id=2688, stack(0x0000000029ef0000,0x0000000029ff0000)]
  0x0000000020b20000 JavaThread "jar transforms Thread 64" [_thread_blocked, id=13860, stack(0x0000000029df0000,0x0000000029ef0000)]
  0x0000000020b1f000 JavaThread "jar transforms Thread 63" [_thread_blocked, id=12656, stack(0x0000000029cf0000,0x0000000029df0000)]
  0x0000000020b21800 JavaThread "jar transforms Thread 62" [_thread_blocked, id=14716, stack(0x0000000029bf0000,0x0000000029cf0000)]
  0x0000000020b17800 JavaThread "jar transforms Thread 61" [_thread_blocked, id=7628, stack(0x0000000029af0000,0x0000000029bf0000)]
  0x0000000020b1e800 JavaThread "jar transforms Thread 60" [_thread_blocked, id=12668, stack(0x00000000299f0000,0x0000000029af0000)]
  0x0000000020b17000 JavaThread "jar transforms Thread 59" [_thread_blocked, id=14332, stack(0x00000000298f0000,0x00000000299f0000)]
  0x0000000020b1d800 JavaThread "jar transforms Thread 58" [_thread_blocked, id=13020, stack(0x00000000297f0000,0x00000000298f0000)]
  0x0000000020b16000 JavaThread "jar transforms Thread 57" [_thread_blocked, id=13692, stack(0x00000000296f0000,0x00000000297f0000)]
  0x0000000020b1d000 JavaThread "jar transforms Thread 56" [_thread_blocked, id=5988, stack(0x00000000295f0000,0x00000000296f0000)]
  0x0000000020b19000 JavaThread "jar transforms Thread 55" [_thread_blocked, id=6572, stack(0x00000000294f0000,0x00000000295f0000)]
  0x0000000020b15800 JavaThread "jar transforms Thread 54" [_thread_blocked, id=12720, stack(0x00000000293f0000,0x00000000294f0000)]
  0x0000000020b1c000 JavaThread "jar transforms Thread 53" [_thread_blocked, id=8956, stack(0x00000000292f0000,0x00000000293f0000)]
  0x0000000020b14800 JavaThread "jar transforms Thread 52" [_thread_blocked, id=13848, stack(0x00000000291f0000,0x00000000292f0000)]
  0x0000000020b1b800 JavaThread "jar transforms Thread 51" [_thread_blocked, id=1160, stack(0x00000000290f0000,0x00000000291f0000)]
  0x0000000020b14000 JavaThread "jar transforms Thread 50" [_thread_blocked, id=15512, stack(0x0000000028ff0000,0x00000000290f0000)]
  0x0000000020b18800 JavaThread "jar transforms Thread 49" [_thread_blocked, id=15860, stack(0x0000000028ef0000,0x0000000028ff0000)]
  0x0000000020b1a800 JavaThread "jar transforms Thread 48" [_thread_blocked, id=15840, stack(0x0000000028df0000,0x0000000028ef0000)]
  0x0000000020b13000 JavaThread "jar transforms Thread 47" [_thread_blocked, id=15832, stack(0x0000000028cf0000,0x0000000028df0000)]
  0x0000000020b1a000 JavaThread "jar transforms Thread 46" [_thread_blocked, id=15516, stack(0x0000000028bf0000,0x0000000028cf0000)]
  0x000000001dd60800 JavaThread "jar transforms Thread 45" [_thread_blocked, id=15520, stack(0x0000000028af0000,0x0000000028bf0000)]
  0x000000001dd60000 JavaThread "jar transforms Thread 44" [_thread_blocked, id=15600, stack(0x00000000289f0000,0x0000000028af0000)]
  0x000000001dd5e000 JavaThread "jar transforms Thread 43" [_thread_blocked, id=15872, stack(0x00000000288f0000,0x00000000289f0000)]
  0x000000001dd64800 JavaThread "jar transforms Thread 42" [_thread_blocked, id=15892, stack(0x00000000287f0000,0x00000000288f0000)]
  0x000000001dd63800 JavaThread "jar transforms Thread 41" [_thread_blocked, id=15468, stack(0x00000000286f0000,0x00000000287f0000)]
  0x000000001dd5d800 JavaThread "jar transforms Thread 40" [_thread_blocked, id=15856, stack(0x00000000285f0000,0x00000000286f0000)]
  0x000000001dd5f000 JavaThread "jar transforms Thread 39" [_thread_blocked, id=8800, stack(0x00000000284f0000,0x00000000285f0000)]
  0x000000001dd63000 JavaThread "jar transforms Thread 38" [_thread_blocked, id=4752, stack(0x00000000283f0000,0x00000000284f0000)]
  0x000000001dd62000 JavaThread "jar transforms Thread 37" [_thread_blocked, id=15388, stack(0x00000000282f0000,0x00000000283f0000)]
  0x000000001dd61800 JavaThread "jar transforms Thread 36" [_thread_blocked, id=15376, stack(0x00000000281f0000,0x00000000282f0000)]
  0x000000001dd56000 JavaThread "jar transforms Thread 35" [_thread_blocked, id=15372, stack(0x00000000280f0000,0x00000000281f0000)]
  0x000000001dd5c800 JavaThread "jar transforms Thread 34" [_thread_blocked, id=15364, stack(0x0000000027ff0000,0x00000000280f0000)]
  0x000000001dd59800 JavaThread "jar transforms Thread 33" [_thread_blocked, id=1852, stack(0x0000000027ef0000,0x0000000027ff0000)]
  0x000000001dd59000 JavaThread "jar transforms Thread 32" [_thread_blocked, id=8416, stack(0x0000000027df0000,0x0000000027ef0000)]
  0x000000001dd55000 JavaThread "jar transforms Thread 31" [_thread_blocked, id=13176, stack(0x0000000027cf0000,0x0000000027df0000)]
  0x000000001dd57800 JavaThread "jar transforms Thread 30" [_thread_blocked, id=15100, stack(0x0000000027bf0000,0x0000000027cf0000)]
  0x000000001dd56800 JavaThread "jar transforms Thread 29" [_thread_blocked, id=11608, stack(0x0000000027af0000,0x0000000027bf0000)]
  0x000000001dd5c000 JavaThread "jar transforms Thread 28" [_thread_blocked, id=7752, stack(0x00000000279f0000,0x0000000027af0000)]
  0x000000001dd58000 JavaThread "jar transforms Thread 27" [_thread_blocked, id=12748, stack(0x00000000278f0000,0x00000000279f0000)]
  0x000000001dd5a800 JavaThread "jar transforms Thread 26" [_thread_blocked, id=5340, stack(0x00000000277f0000,0x00000000278f0000)]
  0x000000001dd5b000 JavaThread "jar transforms Thread 25" [_thread_blocked, id=15252, stack(0x00000000276f0000,0x00000000277f0000)]
  0x000000002271e800 JavaThread "jar transforms Thread 24" [_thread_blocked, id=11436, stack(0x00000000275f0000,0x00000000276f0000)]
  0x000000002271e000 JavaThread "jar transforms Thread 23" [_thread_blocked, id=2200, stack(0x00000000274f0000,0x00000000275f0000)]
  0x000000002271c800 JavaThread "jar transforms Thread 22" [_thread_blocked, id=1988, stack(0x00000000273f0000,0x00000000274f0000)]
  0x000000002271b800 JavaThread "jar transforms Thread 21" [_thread_blocked, id=4416, stack(0x00000000272f0000,0x00000000273f0000)]
  0x000000002271d000 JavaThread "jar transforms Thread 20" [_thread_blocked, id=3528, stack(0x00000000271f0000,0x00000000272f0000)]
  0x000000002271a000 JavaThread "jar transforms Thread 19" [_thread_blocked, id=14260, stack(0x00000000270f0000,0x00000000271f0000)]
  0x000000002271b000 JavaThread "jar transforms Thread 18" [_thread_blocked, id=15484, stack(0x0000000026ff0000,0x00000000270f0000)]
  0x0000000022712800 JavaThread "jar transforms Thread 17" [_thread_blocked, id=15488, stack(0x0000000026ef0000,0x0000000026ff0000)]
  0x0000000022719800 JavaThread "jar transforms Thread 16" [_thread_blocked, id=15848, stack(0x0000000026df0000,0x0000000026ef0000)]
  0x0000000022718800 JavaThread "jar transforms Thread 15" [_thread_blocked, id=15828, stack(0x0000000026cf0000,0x0000000026df0000)]
  0x0000000022718000 JavaThread "jar transforms Thread 14" [_thread_blocked, id=15824, stack(0x0000000026bf0000,0x0000000026cf0000)]
  0x0000000022710800 JavaThread "jar transforms Thread 13" [_thread_blocked, id=15492, stack(0x0000000026af0000,0x0000000026bf0000)]
  0x0000000022715000 JavaThread "jar transforms Thread 12" [_thread_blocked, id=15496, stack(0x00000000269f0000,0x0000000026af0000)]
  0x0000000022712000 JavaThread "jar transforms Thread 11" [_thread_blocked, id=15500, stack(0x00000000268f0000,0x00000000269f0000)]
  0x0000000022715800 JavaThread "jar transforms Thread 10" [_thread_blocked, id=15868, stack(0x00000000267f0000,0x00000000268f0000)]
  0x0000000022717000 JavaThread "jar transforms Thread 9" [_thread_blocked, id=15888, stack(0x00000000266f0000,0x00000000267f0000)]
  0x0000000022716800 JavaThread "jar transforms Thread 8" [_thread_blocked, id=15464, stack(0x00000000265f0000,0x00000000266f0000)]
  0x0000000022714000 JavaThread "jar transforms Thread 7" [_thread_blocked, id=15844, stack(0x00000000264f0000,0x00000000265f0000)]
  0x0000000022711000 JavaThread "jar transforms Thread 6" [_thread_blocked, id=15864, stack(0x00000000263f0000,0x00000000264f0000)]
  0x000000002270f800 JavaThread "jar transforms Thread 5" [_thread_blocked, id=15976, stack(0x00000000262f0000,0x00000000263f0000)]
  0x0000000022713800 JavaThread "jar transforms Thread 4" [_thread_blocked, id=15852, stack(0x00000000261f0000,0x00000000262f0000)]
  0x000000001ffd1800 JavaThread "jar transforms Thread 3" [_thread_blocked, id=15968, stack(0x00000000260f0000,0x00000000261f0000)]
  0x000000001ffd1000 JavaThread "jar transforms Thread 2" [_thread_blocked, id=10144, stack(0x0000000025ff0000,0x00000000260f0000)]
  0x000000001ffd0000 JavaThread "Build operations Thread 12" [_thread_blocked, id=13296, stack(0x0000000025ef0000,0x0000000025ff0000)]
  0x000000001ffcf800 JavaThread "Build operations Thread 11" [_thread_blocked, id=5968, stack(0x0000000025df0000,0x0000000025ef0000)]
  0x000000001ffc8000 JavaThread "Build operations Thread 10" [_thread_blocked, id=16160, stack(0x0000000025cf0000,0x0000000025df0000)]
  0x000000001ffce800 JavaThread "Build operations Thread 9" [_thread_blocked, id=9660, stack(0x0000000025bf0000,0x0000000025cf0000)]
  0x000000001ffc7000 JavaThread "Build operations Thread 8" [_thread_blocked, id=15620, stack(0x0000000025af0000,0x0000000025bf0000)]
  0x000000001ffce000 JavaThread "Build operations Thread 7" [_thread_blocked, id=15504, stack(0x00000000259f0000,0x0000000025af0000)]
  0x000000001ffcd000 JavaThread "Build operations Thread 6" [_thread_blocked, id=15416, stack(0x00000000257f0000,0x00000000258f0000)]
  0x000000001ffcc800 JavaThread "Build operations Thread 5" [_thread_blocked, id=15420, stack(0x00000000256f0000,0x00000000257f0000)]
  0x000000001ffcb800 JavaThread "Build operations Thread 4" [_thread_blocked, id=15448, stack(0x00000000255f0000,0x00000000256f0000)]
  0x000000001ffc4000 JavaThread "Build operations Thread 3" [_thread_blocked, id=15452, stack(0x00000000254f0000,0x00000000255f0000)]
  0x000000001ffc5000 JavaThread "Build operations Thread 2" [_thread_blocked, id=15456, stack(0x00000000253f0000,0x00000000254f0000)]
  0x000000001ffc9800 JavaThread "Build operations" [_thread_blocked, id=15424, stack(0x00000000252f0000,0x00000000253f0000)]
  0x000000001ffc3800 JavaThread "Cache worker for file content cache (C:\Users\Alex\.gradle\caches\6.5\fileContent)" [_thread_blocked, id=7376, stack(0x0000000023c20000,0x0000000023d20000)]
  0x0000000019cbe000 JavaThread "jar transforms" [_thread_blocked, id=14872, stack(0x0000000023b20000,0x0000000023c20000)]
  0x0000000019cbd800 JavaThread "Cache worker for execution history cache (C:\Users\Alex\.gradle\caches\6.5\executionHistory)" [_thread_blocked, id=11684, stack(0x0000000023320000,0x0000000023420000)]
  0x0000000019cbc800 JavaThread "Cache worker for cache directory md-rule (C:\Users\Alex\.gradle\caches\6.5\md-rule)" [_thread_blocked, id=9200, stack(0x0000000023220000,0x0000000023320000)]
  0x0000000019cb7800 JavaThread "Cache worker for cache directory md-supplier (C:\Users\Alex\.gradle\caches\6.5\md-supplier)" [_thread_blocked, id=8608, stack(0x0000000021ed0000,0x0000000021fd0000)]
  0x0000000019cba800 JavaThread "Cache worker for checksums cache (D:\AndroidProjects\KursachGameShop2\.gradle\checksums)" [_thread_blocked, id=14740, stack(0x0000000021bd0000,0x0000000021cd0000)]
  0x0000000019cb9000 JavaThread "Cache worker for file hash cache (D:\AndroidProjects\KursachGameShop2\.gradle\6.5\fileHashes)" [_thread_blocked, id=15280, stack(0x0000000023620000,0x0000000023720000)]
  0x0000000019cb8000 JavaThread "Cache worker for file hash cache (C:\Users\Alex\.gradle\caches\6.5\fileHashes)" [_thread_blocked, id=14376, stack(0x000000001f930000,0x000000001fa30000)]
  0x0000000019cbc000 JavaThread "File lock request listener" [_thread_in_native, id=12116, stack(0x000000001f830000,0x000000001f930000)]
  0x000000001d6b7000 JavaThread "Cache worker for journal cache (C:\Users\Alex\.gradle\caches\journal-1)" [_thread_blocked, id=1848, stack(0x000000001f730000,0x000000001f830000)]
  0x000000001d4c4000 JavaThread "Thread-9" [_thread_blocked, id=1700, stack(0x000000001f430000,0x000000001f530000)]
  0x000000001d4c3000 JavaThread "Stdin handler" [_thread_blocked, id=13888, stack(0x000000001f330000,0x000000001f430000)]
  0x000000001d579000 JavaThread "Asynchronous log dispatcher for DefaultDaemonConnection: socket connection from /127.0.0.1:49998 to /127.0.0.1:49999" [_thread_blocked, id=5680, stack(0x000000001f230000,0x000000001f330000)]
  0x000000001d4c2000 JavaThread "Daemon worker" [_thread_in_native, id=13264, stack(0x000000001f130000,0x000000001f230000)]
  0x000000001d57d000 JavaThread "Cancel handler" [_thread_blocked, id=15396, stack(0x000000001f030000,0x000000001f130000)]
  0x000000001d4a6800 JavaThread "Handler for socket connection from /127.0.0.1:49998 to /127.0.0.1:49999" [_thread_in_native, id=12716, stack(0x000000001ef30000,0x000000001f030000)]
  0x000000001d551800 JavaThread "Daemon" [_thread_blocked, id=12152, stack(0x000000001ec30000,0x000000001ed30000)]
  0x000000001d551000 JavaThread "Daemon periodic checks" [_thread_blocked, id=14984, stack(0x000000001eb30000,0x000000001ec30000)]
  0x000000001d502000 JavaThread "Incoming local TCP Connector on port 49998" [_thread_in_native, id=8056, stack(0x000000001e8e0000,0x000000001e9e0000)]
  0x000000001d445000 JavaThread "Daemon health stats" [_thread_blocked, id=9620, stack(0x000000001e2a0000,0x000000001e3a0000)]
  0x0000000019d3d000 JavaThread "Service Thread" daemon [_thread_blocked, id=15908, stack(0x000000001b700000,0x000000001b800000)]
  0x0000000019cb9800 JavaThread "C1 CompilerThread3" daemon [_thread_blocked, id=5444, stack(0x000000001b600000,0x000000001b700000)]
=>0x0000000019cbb000 JavaThread "C2 CompilerThread2" daemon [_thread_in_native, id=15896, stack(0x000000001b500000,0x000000001b600000)]
  0x0000000019cb1800 JavaThread "C2 CompilerThread1" daemon [_thread_in_native, id=15900, stack(0x000000001b400000,0x000000001b500000)]
  0x0000000019cad800 JavaThread "C2 CompilerThread0" daemon [_thread_in_native, id=15964, stack(0x000000001b300000,0x000000001b400000)]
  0x0000000019cab000 JavaThread "Attach Listener" daemon [_thread_blocked, id=15928, stack(0x000000001b200000,0x000000001b300000)]
  0x0000000019caa000 JavaThread "Signal Dispatcher" daemon [_thread_blocked, id=15924, stack(0x000000001b100000,0x000000001b200000)]
  0x00000000185c1800 JavaThread "Finalizer" daemon [_thread_blocked, id=5888, stack(0x000000001aef0000,0x000000001aff0000)]
  0x0000000019c93000 JavaThread "Reference Handler" daemon [_thread_blocked, id=5792, stack(0x000000001adf0000,0x000000001aef0000)]
  0x000000000324d800 JavaThread "main" [_thread_blocked, id=15572, stack(0x0000000003070000,0x0000000003170000)]

Other Threads:
  0x0000000019c72800 VMThread [stack: 0x000000001acf0000,0x000000001adf0000] [id=3936]
  0x0000000019d3e000 WatcherThread [stack: 0x000000001b800000,0x000000001b900000] [id=15932]

VM state:not at safepoint (normal execution)

VM Mutex/Monitor currently owned by a thread: None

heap address: 0x0000000080000000, size: 2048 MB, Compressed Oops mode: 32-bit
Narrow klass base: 0x0000000000000000, Narrow klass shift: 3
Compressed class space size: 1073741824 Address: 0x0000000100000000

Heap:
 PSYoungGen      total 357376K, used 241782K [0x00000000d5580000, 0x00000000ecf80000, 0x0000000100000000)
  eden space 338944K, 71% used [0x00000000d5580000,0x00000000e419d920,0x00000000ea080000)
  from space 18432K, 0% used [0x00000000eb780000,0x00000000eb780000,0x00000000ec980000)
  to   space 23552K, 0% used [0x00000000ea080000,0x00000000ea080000,0x00000000eb780000)
 ParOldGen       total 201728K, used 35972K [0x0000000080000000, 0x000000008c500000, 0x00000000d5580000)
  object space 201728K, 17% used [0x0000000080000000,0x0000000082321368,0x000000008c500000)
 Metaspace       used 64867K, capacity 67840K, committed 68120K, reserved 1107968K
  class space    used 8923K, capacity 9519K, committed 9520K, reserved 1048576K

Card table byte_map: [0x0000000012710000,0x0000000012b20000] byte_map_base: 0x0000000012310000

Marking Bits: (ParMarkBitMap*) 0x000000006679f030
 Begin Bits: [0x00000000137d0000, 0x00000000157d0000)
 End Bits:   [0x00000000157d0000, 0x00000000177d0000)

Polling page: 0x0000000002f90000

CodeCache: size=245760Kb used=22361Kb max_used=22364Kb free=223398Kb
 bounds [0x0000000003350000, 0x0000000004950000, 0x0000000012350000]
 total_blobs=7852 nmethods=7064 adapters=701
 compilation: enabled

Compilation events (10 events):
Event: 17.139 Thread 0x0000000019cb9800 8001       3       com.android.ide.common.resources.ValueResourceParser2::addStyleableItems (180 bytes)
Event: 17.139 Thread 0x0000000019cb9800 nmethod 8001 0x000000000493d610 code [0x000000000493d860, 0x000000000493e648]
Event: 17.141 Thread 0x0000000019cb1800 nmethod 7994 0x0000000004942150 code [0x0000000004942300, 0x0000000004942b50]
Event: 17.141 Thread 0x0000000019cb1800 7995   !   4       com.sun.org.apache.xerces.internal.impl.XMLDocumentFragmentScannerImpl$FragmentContentDriver::next (2346 bytes)
Event: 17.147 Thread 0x0000000019cb9800 8002       3       com.android.ide.common.resources.ResourceSet::isWhiteListed (39 bytes)
Event: 17.147 Thread 0x0000000019cb9800 nmethod 8002 0x0000000004941150 code [0x0000000004941340, 0x0000000004941d98]
Event: 17.174 Thread 0x0000000019cb9800 8004   !   3       com.sun.org.apache.xerces.internal.parsers.AbstractSAXParser::setErrorHandler (59 bytes)
Event: 17.174 Thread 0x0000000019cb9800 nmethod 8004 0x000000000493fd50 code [0x000000000493ff60, 0x0000000004940b08]
Event: 17.174 Thread 0x0000000019cb9800 8005       3       com.sun.org.apache.xerces.internal.parsers.AbstractXMLDocumentParser::setDTDSource (6 bytes)
Event: 17.174 Thread 0x0000000019cb9800 nmethod 8005 0x0000000004929650 code [0x00000000049297a0, 0x0000000004929910]

GC Heap History (10 events):
Event: 3.098 GC heap before
{Heap before GC invocations=7 (full 1):
 PSYoungGen      total 140800K, used 42403K [0x00000000d5580000, 0x00000000e4c80000, 0x0000000100000000)
  eden space 130048K, 24% used [0x00000000d5580000,0x00000000d7469fa0,0x00000000dd480000)
  from space 10752K, 99% used [0x00000000dd480000,0x00000000ddefefd8,0x00000000ddf00000)
  to   space 15872K, 0% used [0x00000000e3d00000,0x00000000e3d00000,0x00000000e4c80000)
 ParOldGen       total 90624K, used 10582K [0x0000000080000000, 0x0000000085880000, 0x00000000d5580000)
  object space 90624K, 11% used [0x0000000080000000,0x0000000080a55978,0x0000000085880000)
 Metaspace       used 34357K, capacity 35432K, committed 35496K, reserved 1079296K
  class space    used 4730K, capacity 5007K, committed 5040K, reserved 1048576K
Event: 3.102 GC heap after
Heap after GC invocations=7 (full 1):
 PSYoungGen      total 237056K, used 8268K [0x00000000d5580000, 0x00000000e4c00000, 0x0000000100000000)
  eden space 221696K, 0% used [0x00000000d5580000,0x00000000d5580000,0x00000000e2e00000)
  from space 15360K, 53% used [0x00000000e3d00000,0x00000000e4513118,0x00000000e4c00000)
  to   space 15360K, 0% used [0x00000000e2e00000,0x00000000e2e00000,0x00000000e3d00000)
 ParOldGen       total 90624K, used 10590K [0x0000000080000000, 0x0000000085880000, 0x00000000d5580000)
  object space 90624K, 11% used [0x0000000080000000,0x0000000080a57978,0x0000000085880000)
 Metaspace       used 34357K, capacity 35432K, committed 35496K, reserved 1079296K
  class space    used 4730K, capacity 5007K, committed 5040K, reserved 1048576K
}
Event: 3.102 GC heap before
{Heap before GC invocations=8 (full 2):
 PSYoungGen      total 237056K, used 8268K [0x00000000d5580000, 0x00000000e4c00000, 0x0000000100000000)
  eden space 221696K, 0% used [0x00000000d5580000,0x00000000d5580000,0x00000000e2e00000)
  from space 15360K, 53% used [0x00000000e3d00000,0x00000000e4513118,0x00000000e4c00000)
  to   space 15360K, 0% used [0x00000000e2e00000,0x00000000e2e00000,0x00000000e3d00000)
 ParOldGen       total 90624K, used 10590K [0x0000000080000000, 0x0000000085880000, 0x00000000d5580000)
  object space 90624K, 11% used [0x0000000080000000,0x0000000080a57978,0x0000000085880000)
 Metaspace       used 34357K, capacity 35432K, committed 35496K, reserved 1079296K
  class space    used 4730K, capacity 5007K, committed 5040K, reserved 1048576K
Event: 3.129 GC heap after
Heap after GC invocations=8 (full 2):
 PSYoungGen      total 237056K, used 0K [0x00000000d5580000, 0x00000000e4c00000, 0x0000000100000000)
  eden space 221696K, 0% used [0x00000000d5580000,0x00000000d5580000,0x00000000e2e00000)
  from space 15360K, 0% used [0x00000000e3d00000,0x00000000e3d00000,0x00000000e4c00000)
  to   space 15360K, 0% used [0x00000000e2e00000,0x00000000e2e00000,0x00000000e3d00000)
 ParOldGen       total 134144K, used 14707K [0x0000000080000000, 0x0000000088300000, 0x00000000d5580000)
  object space 134144K, 10% used [0x0000000080000000,0x0000000080e5cfd0,0x0000000088300000)
 Metaspace       used 34357K, capacity 35432K, committed 35496K, reserved 1079296K
  class space    used 4730K, capacity 5007K, committed 5040K, reserved 1048576K
}
Event: 4.195 GC heap before
{Heap before GC invocations=9 (full 2):
 PSYoungGen      total 237056K, used 221696K [0x00000000d5580000, 0x00000000e4c00000, 0x0000000100000000)
  eden space 221696K, 100% used [0x00000000d5580000,0x00000000e2e00000,0x00000000e2e00000)
  from space 15360K, 0% used [0x00000000e3d00000,0x00000000e3d00000,0x00000000e4c00000)
  to   space 15360K, 0% used [0x00000000e2e00000,0x00000000e2e00000,0x00000000e3d00000)
 ParOldGen       total 134144K, used 14707K [0x0000000080000000, 0x0000000088300000, 0x00000000d5580000)
  object space 134144K, 10% used [0x0000000080000000,0x0000000080e5cfd0,0x0000000088300000)
 Metaspace       used 46060K, capacity 47958K, committed 48168K, reserved 1091584K
  class space    used 6246K, capacity 6613K, committed 6704K, reserved 1048576K
Event: 4.205 GC heap after
Heap after GC invocations=9 (full 2):
 PSYoungGen      total 237056K, used 15337K [0x00000000d5580000, 0x00000000ec980000, 0x0000000100000000)
  eden space 221696K, 0% used [0x00000000d5580000,0x00000000d5580000,0x00000000e2e00000)
  from space 15360K, 99% used [0x00000000e2e00000,0x00000000e3cfa458,0x00000000e3d00000)
  to   space 18432K, 0% used [0x00000000eb780000,0x00000000eb780000,0x00000000ec980000)
 ParOldGen       total 134144K, used 16638K [0x0000000080000000, 0x0000000088300000, 0x00000000d5580000)
  object space 134144K, 12% used [0x0000000080000000,0x000000008103fa98,0x0000000088300000)
 Metaspace       used 46060K, capacity 47958K, committed 48168K, reserved 1091584K
  class space    used 6246K, capacity 6613K, committed 6704K, reserved 1048576K
}
Event: 5.095 GC heap before
{Heap before GC invocations=10 (full 2):
 PSYoungGen      total 237056K, used 143649K [0x00000000d5580000, 0x00000000ec980000, 0x0000000100000000)
  eden space 221696K, 57% used [0x00000000d5580000,0x00000000dd2ce2c0,0x00000000e2e00000)
  from space 15360K, 99% used [0x00000000e2e00000,0x00000000e3cfa458,0x00000000e3d00000)
  to   space 18432K, 0% used [0x00000000eb780000,0x00000000eb780000,0x00000000ec980000)
 ParOldGen       total 134144K, used 16638K [0x0000000080000000, 0x0000000088300000, 0x00000000d5580000)
  object space 134144K, 12% used [0x0000000080000000,0x000000008103fa98,0x0000000088300000)
 Metaspace       used 56666K, capacity 59098K, committed 59160K, reserved 1099776K
  class space    used 7764K, capacity 8238K, committed 8240K, reserved 1048576K
Event: 5.109 GC heap after
Heap after GC invocations=10 (full 2):
 PSYoungGen      total 357376K, used 18421K [0x00000000d5580000, 0x00000000ecf80000, 0x0000000100000000)
  eden space 338944K, 0% used [0x00000000d5580000,0x00000000d5580000,0x00000000ea080000)
  from space 18432K, 99% used [0x00000000eb780000,0x00000000ec97d6e0,0x00000000ec980000)
  to   space 23552K, 0% used [0x00000000ea080000,0x00000000ea080000,0x00000000eb780000)
 ParOldGen       total 134144K, used 22513K [0x0000000080000000, 0x0000000088300000, 0x00000000d5580000)
  object space 134144K, 16% used [0x0000000080000000,0x00000000815fc400,0x0000000088300000)
 Metaspace       used 56666K, capacity 59098K, committed 59160K, reserved 1099776K
  class space    used 7764K, capacity 8238K, committed 8240K, reserved 1048576K
}
Event: 5.109 GC heap before
{Heap before GC invocations=11 (full 3):
 PSYoungGen      total 357376K, used 18421K [0x00000000d5580000, 0x00000000ecf80000, 0x0000000100000000)
  eden space 338944K, 0% used [0x00000000d5580000,0x00000000d5580000,0x00000000ea080000)
  from space 18432K, 99% used [0x00000000eb780000,0x00000000ec97d6e0,0x00000000ec980000)
  to   space 23552K, 0% used [0x00000000ea080000,0x00000000ea080000,0x00000000eb780000)
 ParOldGen       total 134144K, used 22513K [0x0000000080000000, 0x0000000088300000, 0x00000000d5580000)
  object space 134144K, 16% used [0x0000000080000000,0x00000000815fc400,0x0000000088300000)
 Metaspace       used 56666K, capacity 59098K, committed 59160K, reserved 1099776K
  class space    used 7764K, capacity 8238K, committed 8240K, reserved 1048576K
Event: 5.253 GC heap after
Heap after GC invocations=11 (full 3):
 PSYoungGen      total 357376K, used 0K [0x00000000d5580000, 0x00000000ecf80000, 0x0000000100000000)
  eden space 338944K, 0% used [0x00000000d5580000,0x00000000d5580000,0x00000000ea080000)
  from space 18432K, 0% used [0x00000000eb780000,0x00000000eb780000,0x00000000ec980000)
  to   space 23552K, 0% used [0x00000000ea080000,0x00000000ea080000,0x00000000eb780000)
 ParOldGen       total 201728K, used 35972K [0x0000000080000000, 0x000000008c500000, 0x00000000d5580000)
  object space 201728K, 17% used [0x0000000080000000,0x0000000082321368,0x000000008c500000)
 Metaspace       used 56596K, capacity 58858K, committed 59160K, reserved 1099776K
  class space    used 7742K, capacity 8198K, committed 8240K, reserved 1048576K
}

Deoptimization events (10 events):
Event: 16.343 Thread 0x000000001d4c2000 Uncommon trap: reason=class_check action=maybe_recompile pc=0x00000000048637e0 method=com.sun.org.apache.xerces.internal.dom.NamedNodeMapImpl.findNamePoint(Ljava/lang/String;I)I @ 54
Event: 16.343 Thread 0x000000001d4c2000 Uncommon trap: reason=class_check action=maybe_recompile pc=0x00000000048637e0 method=com.sun.org.apache.xerces.internal.dom.NamedNodeMapImpl.findNamePoint(Ljava/lang/String;I)I @ 54
Event: 16.343 Thread 0x000000001d4c2000 Uncommon trap: reason=class_check action=maybe_recompile pc=0x00000000048637e0 method=com.sun.org.apache.xerces.internal.dom.NamedNodeMapImpl.findNamePoint(Ljava/lang/String;I)I @ 54
Event: 17.105 Thread 0x000000001d4c2000 Uncommon trap: reason=unstable_if action=reinterpret pc=0x000000000487ea98 method=com.sun.org.apache.xerces.internal.impl.XMLEntityScanner.arrangeCapacity(IZ)Z @ 59
Event: 17.106 Thread 0x000000001d4c2000 Uncommon trap: reason=unstable_if action=reinterpret pc=0x000000000483596c method=com.sun.org.apache.xerces.internal.impl.XMLEntityScanner.scanLiteral(ILcom/sun/org/apache/xerces/internal/xni/XMLString;Z)I @ 44
Event: 17.109 Thread 0x000000001d4c2000 Uncommon trap: reason=unstable_if action=reinterpret pc=0x00000000048a44a0 method=com.sun.org.apache.xerces.internal.dom.ParentNode.nodeListItem(I)Lorg/w3c/dom/Node; @ 4
Event: 17.124 Thread 0x000000001d4c2000 Uncommon trap: reason=unstable_if action=reinterpret pc=0x000000000481a59c method=com.sun.org.apache.xerces.internal.impl.XMLEntityScanner.scanContent(Lcom/sun/org/apache/xerces/internal/xni/XMLString;)I @ 44
Event: 17.125 Thread 0x000000001d4c2000 Uncommon trap: reason=unstable_if action=reinterpret pc=0x00000000048ad738 method=com.sun.org.apache.xerces.internal.impl.XMLScanner.scanAttributeValue(Lcom/sun/org/apache/xerces/internal/xni/XMLString;Lcom/sun/org/apache/xerces/internal/xni/XMLString;Lja
Event: 17.126 Thread 0x000000001d4c2000 Uncommon trap: reason=unstable_if action=reinterpret pc=0x00000000048b721c method=com.sun.org.apache.xerces.internal.impl.XMLNSDocumentScannerImpl.scanAttribute(Lcom/sun/org/apache/xerces/internal/util/XMLAttributesImpl;)V @ 155
Event: 17.126 Thread 0x000000001d4c2000 Uncommon trap: reason=unstable_if action=reinterpret pc=0x000000000483800c method=com.sun.org.apache.xerces.internal.utils.XMLLimitAnalyzer.addValue(ILjava/lang/String;I)V @ 78

Classes redefined (0 events):
No events

Internal exceptions (10 events):
Event: 14.142 Thread 0x0000000022a87000 Exception <a 'java/lang/NoSuchMethodError': <clinit>> (0x00000000dbb6c508) thrown at [C:\src\AOSP-openjdk-git\hotspot\src\share\vm\prims\jni.cpp, line 1615]
Event: 14.145 Thread 0x0000000022a87000 Exception <a 'java/lang/NoSuchMethodError': <clinit>> (0x00000000dbbadab8) thrown at [C:\src\AOSP-openjdk-git\hotspot\src\share\vm\prims\jni.cpp, line 1615]
Event: 14.820 Thread 0x000000001da74000 Exception <a 'sun/nio/fs/WindowsException'> (0x00000000dbd0b580) thrown at [C:\src\AOSP-openjdk-git\hotspot\src\share\vm\prims\jni.cpp, line 710]
Event: 15.002 Thread 0x000000001ffc4000 Exception <a 'java/lang/NoSuchMethodError': java.lang.Object.lambda$flatMap$1(Ljava/util/function/Function;Lorg/gradle/internal/Try;)Lorg/gradle/api/internal/artifacts/transform/CacheableInvocation;> (0x00000000daea0010) thrown at [C:\src\AOSP-openjdk-git
Event: 15.003 Thread 0x000000001ffc4000 Exception <a 'java/lang/NoSuchMethodError': java.lang.Object.lambda$flatMap$4(Ljava/util/function/Function;)Lorg/gradle/api/internal/artifacts/transform/CacheableInvocation;> (0x00000000daea4440) thrown at [C:\src\AOSP-openjdk-git\hotspot\src\share\vm\int
Event: 15.003 Thread 0x000000001ffc4000 Exception <a 'java/lang/NoSuchMethodError': java.lang.Object.lambda$flatMap$3(Ljava/util/function/Function;)Lorg/gradle/internal/Try;> (0x00000000daeaf0f0) thrown at [C:\src\AOSP-openjdk-git\hotspot\src\share\vm\interpreter\linkResolver.cpp, line 620]
Event: 15.102 Thread 0x000000001ffcb800 Exception <a 'java/lang/NoSuchMethodError': java.lang.Object.lambda$flatMap$2(Ljava/util/function/Function;Ljava/lang/Object;)Lorg/gradle/internal/Try;> (0x00000000db0ceaf0) thrown at [C:\src\AOSP-openjdk-git\hotspot\src\share\vm\interpreter\linkResolver.
Event: 15.102 Thread 0x000000001ffce000 Exception <a 'java/lang/NoSuchMethodError': java.lang.Object.lambda$flatMap$2(Ljava/util/function/Function;Ljava/lang/Object;)Lorg/gradle/internal/Try;> (0x00000000dac69680) thrown at [C:\src\AOSP-openjdk-git\hotspot\src\share\vm\interpreter\linkResolver.
Event: 15.369 Thread 0x0000000022a85800 Exception <a 'java/lang/NoSuchMethodError': java.lang.Object.lambda$flatMap$0(Ljava/lang/Throwable;)Lorg/gradle/api/internal/artifacts/transform/CacheableInvocation;> (0x00000000dc25fa50) thrown at [C:\src\AOSP-openjdk-git\hotspot\src\share\vm\interpreter
Event: 17.109 Thread 0x000000001d4c2000 Implicit null exception at 0x00000000048a4312 to 0x00000000048a4489

Events (10 events):
Event: 17.124 Thread 0x000000001d4c2000 DEOPT UNPACKING pc=0x000000000339557b sp=0x000000001f228638 mode 2
Event: 17.125 Thread 0x000000001d4c2000 Uncommon trap: trap_request=0xffffff65 fr.pc=0x00000000048ad738
Event: 17.125 Thread 0x000000001d4c2000 DEOPT PACKING pc=0x00000000048ad738 sp=0x000000001f228510
Event: 17.125 Thread 0x000000001d4c2000 DEOPT UNPACKING pc=0x000000000339557b sp=0x000000001f228470 mode 2
Event: 17.126 Thread 0x000000001d4c2000 Uncommon trap: trap_request=0xffffff65 fr.pc=0x00000000048b721c
Event: 17.126 Thread 0x000000001d4c2000 DEOPT PACKING pc=0x00000000048b721c sp=0x000000001f228570
Event: 17.126 Thread 0x000000001d4c2000 DEOPT UNPACKING pc=0x000000000339557b sp=0x000000001f228500 mode 2
Event: 17.126 Thread 0x000000001d4c2000 Uncommon trap: trap_request=0xffffff65 fr.pc=0x000000000483800c
Event: 17.126 Thread 0x000000001d4c2000 DEOPT PACKING pc=0x000000000483800c sp=0x000000001f228350
Event: 17.126 Thread 0x000000001d4c2000 DEOPT UNPACKING pc=0x000000000339557b sp=0x000000001f2282d0 mode 2


Dynamic libraries:
0x00007ff7ed0a0000 - 0x00007ff7ed0d1000 	D:\Android\jre\bin\java.exe
0x00007ff9d6db0000 - 0x00007ff9d6fa6000 	C:\WINDOWS\SYSTEM32\ntdll.dll
0x00007ff9d5bc0000 - 0x00007ff9d5c7d000 	C:\WINDOWS\System32\KERNEL32.DLL
0x00007ff9d46f0000 - 0x00007ff9d49b9000 	C:\WINDOWS\System32\KERNELBASE.dll
0x00007ff9d5ab0000 - 0x00007ff9d5b5c000 	C:\WINDOWS\System32\ADVAPI32.dll
0x00007ff9d6a80000 - 0x00007ff9d6b1e000 	C:\WINDOWS\System32\msvcrt.dll
0x00007ff9d5240000 - 0x00007ff9d52dc000 	C:\WINDOWS\System32\sechost.dll
0x00007ff9d4e10000 - 0x00007ff9d4f3b000 	C:\WINDOWS\System32\RPCRT4.dll
0x00007ff9d4fd0000 - 0x00007ff9d5170000 	C:\WINDOWS\System32\USER32.dll
0x00007ff9d45f0000 - 0x00007ff9d4612000 	C:\WINDOWS\System32\win32u.dll
0x00007ff9d6d10000 - 0x00007ff9d6d3a000 	C:\WINDOWS\System32\GDI32.dll
0x00007ff9d4b20000 - 0x00007ff9d4c2b000 	C:\WINDOWS\System32\gdi32full.dll
0x00007ff9d4650000 - 0x00007ff9d46ed000 	C:\WINDOWS\System32\msvcp_win.dll
0x00007ff9d44f0000 - 0x00007ff9d45f0000 	C:\WINDOWS\System32\ucrtbase.dll
0x00007ff9b8bd0000 - 0x00007ff9b8e6b000 	C:\WINDOWS\WinSxS\amd64_microsoft.windows.common-controls_6595b64144ccf1df_6.0.19041.746_none_ca02b4b61b8320a4\COMCTL32.dll
0x00007ff9d6d40000 - 0x00007ff9d6d70000 	C:\WINDOWS\System32\IMM32.DLL
0x0000000065e10000 - 0x0000000065ee2000 	D:\Android\jre\jre\bin\msvcr100.dll
0x0000000065fd0000 - 0x000000006681b000 	D:\Android\jre\jre\bin\server\jvm.dll
0x00007ff9d5fe0000 - 0x00007ff9d5fe8000 	C:\WINDOWS\System32\PSAPI.DLL
0x00007ff9b9350000 - 0x00007ff9b9359000 	C:\WINDOWS\SYSTEM32\WSOCK32.dll
0x00007ff9ba9d0000 - 0x00007ff9ba9f7000 	C:\WINDOWS\SYSTEM32\WINMM.dll
0x00007ff9ccb80000 - 0x00007ff9ccb8a000 	C:\WINDOWS\SYSTEM32\VERSION.dll
0x00007ff9d62c0000 - 0x00007ff9d632b000 	C:\WINDOWS\System32\WS2_32.dll
0x00007ff9ab540000 - 0x00007ff9ab54f000 	D:\Android\jre\jre\bin\verify.dll
0x00007ff9ab480000 - 0x00007ff9ab4a9000 	D:\Android\jre\jre\bin\java.dll
0x00007ff9ab460000 - 0x00007ff9ab476000 	D:\Android\jre\jre\bin\zip.dll
0x00007ff9d5360000 - 0x00007ff9d5aa2000 	C:\WINDOWS\System32\SHELL32.dll
0x00007ff9d2620000 - 0x00007ff9d2db0000 	C:\WINDOWS\SYSTEM32\windows.storage.dll
0x00007ff9d5c80000 - 0x00007ff9d5fd6000 	C:\WINDOWS\System32\combase.dll
0x00007ff9d3f50000 - 0x00007ff9d3f7c000 	C:\WINDOWS\SYSTEM32\Wldp.dll
0x00007ff9d6c60000 - 0x00007ff9d6d0e000 	C:\WINDOWS\System32\SHCORE.dll
0x00007ff9d6100000 - 0x00007ff9d6155000 	C:\WINDOWS\System32\shlwapi.dll
0x00007ff9d4420000 - 0x00007ff9d4446000 	C:\WINDOWS\SYSTEM32\profapi.dll
0x00007ff96ec00000 - 0x00007ff96ec1a000 	D:\Android\jre\jre\bin\net.dll
0x00007ff9d3cd0000 - 0x00007ff9d3d3a000 	C:\WINDOWS\system32\mswsock.dll
0x00007ff96ebe0000 - 0x00007ff96ebf3000 	D:\Android\jre\jre\bin\nio.dll
0x00007ff96ea90000 - 0x00007ff96eab7000 	C:\Users\Alex\.gradle\native\f6784746aeab05261644944871eae4fe03e0ef1612fff0a4a95f87b438bc6780\windows-amd64\native-platform.dll
0x00007ff99da40000 - 0x00007ff99da4d000 	D:\Android\jre\jre\bin\management.dll
0x00007ff9d3ea0000 - 0x00007ff9d3eb8000 	C:\WINDOWS\SYSTEM32\CRYPTSP.dll
0x00007ff9d3600000 - 0x00007ff9d3634000 	C:\WINDOWS\system32\rsaenh.dll
0x00007ff9d4620000 - 0x00007ff9d4647000 	C:\WINDOWS\System32\bcrypt.dll
0x00007ff9d43a0000 - 0x00007ff9d43ce000 	C:\WINDOWS\SYSTEM32\USERENV.dll
0x00007ff9d4d90000 - 0x00007ff9d4e10000 	C:\WINDOWS\System32\bcryptprimitives.dll
0x00007ff9d3ec0000 - 0x00007ff9d3ecc000 	C:\WINDOWS\SYSTEM32\CRYPTBASE.dll
0x00007ff9d3970000 - 0x00007ff9d39ab000 	C:\WINDOWS\SYSTEM32\IPHLPAPI.DLL
0x00007ff9d6c50000 - 0x00007ff9d6c58000 	C:\WINDOWS\System32\NSI.dll
0x00007ff9cef60000 - 0x00007ff9cef77000 	C:\WINDOWS\SYSTEM32\dhcpcsvc6.DLL
0x00007ff9cee10000 - 0x00007ff9cee2d000 	C:\WINDOWS\SYSTEM32\dhcpcsvc.DLL
0x00007ff9d39b0000 - 0x00007ff9d3a7b000 	C:\WINDOWS\SYSTEM32\DNSAPI.dll
0x00007ff9ccde0000 - 0x00007ff9ccdeb000 	C:\WINDOWS\SYSTEM32\WINNSI.DLL
0x00007ff9d21f0000 - 0x00007ff9d23d4000 	C:\WINDOWS\SYSTEM32\dbghelp.dll

VM Arguments:
jvm_args: -Xmx2048m -Dfile.encoding=UTF-8 -Duser.country=RU -Duser.language=ru -Duser.variant 
java_command: org.gradle.launcher.daemon.bootstrap.GradleDaemon 6.5
java_class_path (initial): C:\Users\Alex\.gradle\wrapper\dists\gradle-6.5-all\2oz4ud9k3tuxjg84bbf55q0tn\gradle-6.5\lib\gradle-launcher-6.5.jar
Launcher Type: SUN_STANDARD

Environment Variables:
PATH=C:\Windows\system32;C:\Windows;C:\Windows\System32\Wbem;C:\Windows\System32\WindowsPowerShell\v1.0\;C:\Windows\System32\OpenSSH\;C:\Program Files (x86)\NVIDIA Corporation\PhysX\Common;C:\Program Files\dotnet\;C:\Program Files\Microsoft SQL Server\130\Tools\Binn\;C:\Program Files\Microsoft SQL Server\Client SDK\ODBC\170\Tools\Binn\;C:\Program Files\NVIDIA Corporation\NVIDIA NvDLISR;C:\WINDOWS\system32;C:\WINDOWS;C:\WINDOWS\System32\Wbem;C:\WINDOWS\System32\WindowsPowerShell\v1.0\;C:\WINDOWS\System32\OpenSSH\;C:\Program Files\Git\cmd;C:\Program Files\Git\mingw64\bin;C:\Program Files\Git\usr\bin;C:\Python39\Scripts\;C:\Python39\;C:\Users\Alex\AppData\Local\Microsoft\WindowsApps;;C:\Program Files\JetBrains\IntelliJ IDEA Community Edition 2020.3.1\bin;;C:\Users\Alex\.dotnet\tools
USERNAME=Alex
OS=Windows_NT
PROCESSOR_IDENTIFIER=Intel64 Family 6 Model 158 Stepping 10, GenuineIntel



---------------  S Y S T E M  ---------------

OS: Windows 10.0 , 64 bit Build 19041 (10.0.19041.804)

CPU:total 12 (initial active 12) (6 cores per cpu, 2 threads per core) family 6 model 158 stepping 10, cmov, cx8, fxsr, mmx, sse, sse2, sse3, ssse3, sse4.1, sse4.2, popcnt, avx, avx2, aes, clmul, erms, 3dnowpref, lzcnt, ht, tsc, tscinvbit, bmi1, bmi2, adx

Memory: 4k page, physical 16622900k(8302656k free), swap 19113268k(10658100k free)

vm_info: OpenJDK 64-Bit Server VM (25.242-b01) for windows-amd64 JRE (1.8.0_242-release-1644-b01), built by "builder" with MS VC++ 10.0 (VS2010)

time: Sat Mar 06 07:01:16 2021
timezone: RTZ 2 (зима)
elapsed time: 17 seconds (0d 0h 0m 17s)

