#
# A fatal error has been detected by the Java Runtime Environment:
#
#  EXCEPTION_ACCESS_VIOLATION (0xc0000005) at pc=0x0000000063adf3c2, pid=17960, tid=0x00000000000046b4
#
# JRE version: OpenJDK Runtime Environment (8.0_242-b01) (build 1.8.0_242-release-1644-b01)
# Java VM: OpenJDK 64-Bit Server VM (25.242-b01 mixed mode windows-amd64 compressed oops)
# Problematic frame:
# V  [jvm.dll+0x4df3c2]
#
# Failed to write core dump. Minidumps are not enabled by default on client versions of Windows
#
# If you would like to submit a bug report, please visit:
#   
#

---------------  T H R E A D  ---------------

Current thread (0x0000000019193800):  JavaThread "C2 CompilerThread0" daemon [_thread_in_native, id=18100, stack(0x000000001a800000,0x000000001a900000)]

siginfo: ExceptionCode=0xc0000005, reading address 0xffffffffffffffff

Registers:
RAX=0x0000c40000000000, RBX=0x0000000020b9aaf0, RCX=0x0000000000000018, RDX=0x0000000001000000
RSP=0x000000001a8fdbd8, RBP=0x000000001a8fdce0, RSI=0x000000001a8fddc0, RDI=0x000000001a8fe778
R8 =0x0000000000000025, R9 =0x00000000000016b8, R10=0x000000002269d940, R11=0x0000000000001d29
R12=0x000000001a8fdd90, R13=0x0000000000010388, R14=0x000000001a8fe850, R15=0x0000000063bb02f8
RIP=0x0000000063adf3c2, EFLAGS=0x0000000000010202

Top of Stack: (sp=0x000000001a8fdbd8)
0x000000001a8fdbd8:   0000000063adfca9 000000001a8fdce0
0x000000001a8fdbe8:   0000000017ab5310 000000001a8fddf0
0x000000001a8fdbf8:   00000000200d7270 00000000200df258
0x000000001a8fdc08:   0000000063a47e63 0000000017ab5310
0x000000001a8fdc18:   000000001a8fdd10 00000000200d75d0
0x000000001a8fdc28:   00000000200d7270 0000000000000000
0x000000001a8fdc38:   000000001a8ff060 0000000000000008
0x000000001a8fdc48:   0000000020ca06a0 000000001a8ff1f0
0x000000001a8fdc58:   000000001a8ff208 0000000017acbd40
0x000000001a8fdc68:   0000000000000004 0000000000000000
0x000000001a8fdc78:   0000000000000000 0000000000000002
0x000000001a8fdc88:   000000006368963e 0000000000000000
0x000000001a8fdc98:   0000000000000000 0000000000000000
0x000000001a8fdca8:   00000000637f9600 0000000000000006
0x000000001a8fdcb8:   000000001a8fe850 0000000000000000
0x000000001a8fdcc8:   0000000063c21a18 000000000271f601 

Instructions: (pc=0x0000000063adf3c2)
0x0000000063adf3a2:   c9 44 8b d8 66 66 0f 1f 84 00 00 00 00 00 4c 8b
0x0000000063adf3b2:   57 18 4b 8b 04 0a 48 85 c0 74 2f 48 3b c3 74 2a
0x0000000063adf3c2:   8b 48 28 8b c1 c1 e8 05 3b 46 10 73 19 44 8b c0
0x0000000063adf3d2:   48 8b 46 18 83 e1 1f 42 8b 04 80 ba 01 00 00 00 


Register to memory mapping:

RAX=0x0000c40000000000 is an unknown value
RBX=0x0000000020b9aaf0 is an unknown value
RCX=0x0000000000000018 is an unknown value
RDX=0x0000000001000000 is an unknown value
RSP=0x000000001a8fdbd8 is pointing into the stack for thread: 0x0000000019193800
RBP=0x000000001a8fdce0 is pointing into the stack for thread: 0x0000000019193800
RSI=0x000000001a8fddc0 is pointing into the stack for thread: 0x0000000019193800
RDI=0x000000001a8fe778 is pointing into the stack for thread: 0x0000000019193800
R8 =0x0000000000000025 is an unknown value
R9 =0x00000000000016b8 is an unknown value
R10=0x000000002269d940 is an unknown value
R11=0x0000000000001d29 is an unknown value
R12=0x000000001a8fdd90 is pointing into the stack for thread: 0x0000000019193800
R13=0x0000000000010388 is an unknown value
R14=0x000000001a8fe850 is pointing into the stack for thread: 0x0000000019193800
R15=0x0000000063bb02f8 is an unknown value


Stack: [0x000000001a800000,0x000000001a900000],  sp=0x000000001a8fdbd8,  free space=1014k
Native frames: (J=compiled Java code, j=interpreted, Vv=VM code, C=native code)
V  [jvm.dll+0x4df3c2]
V  [jvm.dll+0x4dfca9]
V  [jvm.dll+0x447e63]
V  [jvm.dll+0x42b072]
V  [jvm.dll+0x8230f]
V  [jvm.dll+0x82c7f]
V  [jvm.dll+0x220b7f]
V  [jvm.dll+0x27276a]
C  [msvcr100.dll+0x21d9f]
C  [msvcr100.dll+0x21e3b]
C  [KERNEL32.DLL+0x17034]
C  [ntdll.dll+0x4d241]


Current CompileTask:
C2:   3541 3571 % !   4       java.util.concurrent.ConcurrentHashMap::transfer @ 99 (832 bytes)


---------------  P R O C E S S  ---------------

Java Threads: ( => current thread )
  0x0000000020d7c800 JavaThread "pool-1-thread-1" [_thread_blocked, id=17068, stack(0x000000002b370000,0x000000002b470000)]
  0x0000000020d7d000 JavaThread "Cache worker for Build Output Cleanup Cache (D:\AndroidProjects\KursachGameShop2\.gradle\buildOutputCleanup)" [_thread_blocked, id=5616, stack(0x000000002b270000,0x000000002b370000)]
  0x0000000020d77800 JavaThread "jar transforms Thread 92" [_thread_blocked, id=3580, stack(0x000000002af70000,0x000000002b070000)]
  0x0000000020d7e000 JavaThread "jar transforms Thread 91" [_thread_blocked, id=7700, stack(0x000000002ae70000,0x000000002af70000)]
  0x0000000020d7b800 JavaThread "jar transforms Thread 90" [_thread_blocked, id=15672, stack(0x000000002ad70000,0x000000002ae70000)]
  0x0000000020d7e800 JavaThread "jar transforms Thread 89" [_thread_blocked, id=12900, stack(0x000000002ac70000,0x000000002ad70000)]
  0x0000000020d7b000 JavaThread "jar transforms Thread 88" [_thread_blocked, id=15828, stack(0x000000002ab70000,0x000000002ac70000)]
  0x000000002233c000 JavaThread "jar transforms Thread 87" [_thread_blocked, id=16584, stack(0x000000002aa70000,0x000000002ab70000)]
  0x000000002233b000 JavaThread "jar transforms Thread 86" [_thread_blocked, id=8960, stack(0x000000002a970000,0x000000002aa70000)]
  0x000000002233d800 JavaThread "jar transforms Thread 85" [_thread_blocked, id=8832, stack(0x000000002a870000,0x000000002a970000)]
  0x000000002233c800 JavaThread "jar transforms Thread 84" [_thread_blocked, id=4968, stack(0x000000002a770000,0x000000002a870000)]
  0x0000000022333800 JavaThread "jar transforms Thread 83" [_thread_blocked, id=1892, stack(0x000000002a670000,0x000000002a770000)]
  0x000000002233a800 JavaThread "jar transforms Thread 82" [_thread_blocked, id=8580, stack(0x000000002a570000,0x000000002a670000)]
  0x0000000022333000 JavaThread "jar transforms Thread 81" [_thread_blocked, id=2644, stack(0x000000002a470000,0x000000002a570000)]
  0x0000000022339800 JavaThread "jar transforms Thread 80" [_thread_blocked, id=2688, stack(0x000000002a370000,0x000000002a470000)]
  0x0000000022339000 JavaThread "jar transforms Thread 79" [_thread_blocked, id=516, stack(0x000000002a270000,0x000000002a370000)]
  0x0000000022337800 JavaThread "jar transforms Thread 78" [_thread_blocked, id=1804, stack(0x000000002a170000,0x000000002a270000)]
  0x0000000022332000 JavaThread "jar transforms Thread 77" [_thread_blocked, id=17100, stack(0x000000002a070000,0x000000002a170000)]
  0x0000000022336800 JavaThread "jar transforms Thread 76" [_thread_blocked, id=15788, stack(0x0000000029f70000,0x000000002a070000)]
  0x0000000022338000 JavaThread "jar transforms Thread 75" [_thread_blocked, id=9964, stack(0x0000000029e70000,0x0000000029f70000)]
  0x0000000022330800 JavaThread "jar transforms Thread 74" [_thread_blocked, id=15620, stack(0x0000000029d70000,0x0000000029e70000)]
  0x000000002232f000 JavaThread "jar transforms Thread 73" [_thread_blocked, id=7740, stack(0x0000000029c70000,0x0000000029d70000)]
  0x0000000022336000 JavaThread "jar transforms Thread 72" [_thread_blocked, id=5524, stack(0x0000000029b70000,0x0000000029c70000)]
  0x0000000022330000 JavaThread "jar transforms Thread 71" [_thread_blocked, id=2608, stack(0x0000000029a70000,0x0000000029b70000)]
  0x0000000022331800 JavaThread "jar transforms Thread 70" [_thread_blocked, id=8152, stack(0x0000000029970000,0x0000000029a70000)]
  0x0000000022334800 JavaThread "jar transforms Thread 69" [_thread_blocked, id=1692, stack(0x0000000029870000,0x0000000029970000)]
  0x0000000022335000 JavaThread "jar transforms Thread 68" [_thread_blocked, id=9672, stack(0x0000000029770000,0x0000000029870000)]
  0x000000002232e800 JavaThread "jar transforms Thread 67" [_thread_blocked, id=10700, stack(0x0000000029670000,0x0000000029770000)]
  0x00000000206aa800 JavaThread "jar transforms Thread 66" [_thread_blocked, id=2060, stack(0x0000000029570000,0x0000000029670000)]
  0x00000000206a9800 JavaThread "jar transforms Thread 65" [_thread_blocked, id=5888, stack(0x0000000029470000,0x0000000029570000)]
  0x00000000206a9000 JavaThread "jar transforms Thread 64" [_thread_blocked, id=14488, stack(0x0000000029370000,0x0000000029470000)]
  0x00000000206a8000 JavaThread "jar transforms Thread 63" [_thread_blocked, id=5648, stack(0x0000000029270000,0x0000000029370000)]
  0x00000000206ac000 JavaThread "jar transforms Thread 62" [_thread_blocked, id=4876, stack(0x0000000029170000,0x0000000029270000)]
  0x00000000206ac800 JavaThread "jar transforms Thread 61" [_thread_blocked, id=15984, stack(0x0000000029070000,0x0000000029170000)]
  0x00000000206ab000 JavaThread "jar transforms Thread 60" [_thread_blocked, id=2036, stack(0x0000000028f70000,0x0000000029070000)]
  0x00000000206a0800 JavaThread "jar transforms Thread 59" [_thread_blocked, id=7272, stack(0x0000000028e70000,0x0000000028f70000)]
  0x00000000206a7800 JavaThread "jar transforms Thread 58" [_thread_blocked, id=3228, stack(0x0000000028d70000,0x0000000028e70000)]
  0x00000000206a0000 JavaThread "jar transforms Thread 57" [_thread_blocked, id=16812, stack(0x0000000028c70000,0x0000000028d70000)]
  0x00000000206a6800 JavaThread "jar transforms Thread 56" [_thread_blocked, id=10656, stack(0x0000000028b70000,0x0000000028c70000)]
  0x000000002069f000 JavaThread "jar transforms Thread 55" [_thread_blocked, id=3092, stack(0x0000000028a70000,0x0000000028b70000)]
  0x00000000206a3800 JavaThread "jar transforms Thread 54" [_thread_blocked, id=5512, stack(0x0000000028970000,0x0000000028a70000)]
  0x00000000206a6000 JavaThread "jar transforms Thread 53" [_thread_blocked, id=4856, stack(0x0000000028870000,0x0000000028970000)]
  0x000000002069e800 JavaThread "jar transforms Thread 52" [_thread_blocked, id=7708, stack(0x0000000028770000,0x0000000028870000)]
  0x00000000206a5000 JavaThread "jar transforms Thread 51" [_thread_blocked, id=10324, stack(0x0000000028670000,0x0000000028770000)]
  0x00000000206a2000 JavaThread "jar transforms Thread 50" [_thread_blocked, id=5832, stack(0x0000000028570000,0x0000000028670000)]
  0x000000002069d800 JavaThread "jar transforms Thread 49" [_thread_blocked, id=10732, stack(0x0000000028470000,0x0000000028570000)]
  0x00000000206a4800 JavaThread "jar transforms Thread 48" [_thread_blocked, id=10748, stack(0x0000000028370000,0x0000000028470000)]
  0x00000000206a3000 JavaThread "jar transforms Thread 47" [_thread_blocked, id=17228, stack(0x0000000028270000,0x0000000028370000)]
  0x00000000206a1800 JavaThread "jar transforms Thread 46" [_thread_blocked, id=6300, stack(0x0000000028170000,0x0000000028270000)]
  0x00000000204c9800 JavaThread "jar transforms Thread 45" [_thread_blocked, id=12128, stack(0x0000000028070000,0x0000000028170000)]
  0x00000000204c6000 JavaThread "jar transforms Thread 44" [_thread_blocked, id=7280, stack(0x0000000027f70000,0x0000000028070000)]
  0x00000000204c9000 JavaThread "jar transforms Thread 43" [_thread_blocked, id=1600, stack(0x0000000027e70000,0x0000000027f70000)]
  0x00000000204c5000 JavaThread "jar transforms Thread 42" [_thread_blocked, id=13992, stack(0x0000000027d70000,0x0000000027e70000)]
  0x00000000204c4800 JavaThread "jar transforms Thread 41" [_thread_blocked, id=14456, stack(0x0000000027c70000,0x0000000027d70000)]
  0x00000000204c6800 JavaThread "jar transforms Thread 40" [_thread_blocked, id=5644, stack(0x0000000027b70000,0x0000000027c70000)]
  0x00000000204c8000 JavaThread "jar transforms Thread 39" [_thread_blocked, id=18428, stack(0x0000000027a70000,0x0000000027b70000)]
  0x00000000204c7800 JavaThread "jar transforms Thread 38" [_thread_blocked, id=18424, stack(0x0000000027970000,0x0000000027a70000)]
  0x00000000204bd000 JavaThread "jar transforms Thread 37" [_thread_blocked, id=18420, stack(0x0000000027870000,0x0000000027970000)]
  0x00000000204c3800 JavaThread "jar transforms Thread 36" [_thread_blocked, id=18416, stack(0x0000000027770000,0x0000000027870000)]
  0x00000000204c3000 JavaThread "jar transforms Thread 35" [_thread_blocked, id=18412, stack(0x0000000027670000,0x0000000027770000)]
  0x00000000204be800 JavaThread "jar transforms Thread 34" [_thread_blocked, id=18408, stack(0x0000000027570000,0x0000000027670000)]
  0x00000000204c2000 JavaThread "jar transforms Thread 33" [_thread_blocked, id=18404, stack(0x0000000027470000,0x0000000027570000)]
  0x00000000204c1800 JavaThread "jar transforms Thread 32" [_thread_blocked, id=18400, stack(0x0000000027370000,0x0000000027470000)]
  0x00000000204bd800 JavaThread "jar transforms Thread 31" [_thread_blocked, id=18396, stack(0x0000000027270000,0x0000000027370000)]
  0x00000000204bc000 JavaThread "jar transforms Thread 30" [_thread_blocked, id=18392, stack(0x0000000027170000,0x0000000027270000)]
  0x00000000204c0000 JavaThread "jar transforms Thread 29" [_thread_blocked, id=18388, stack(0x0000000027070000,0x0000000027170000)]
  0x00000000204bb000 JavaThread "jar transforms Thread 28" [_thread_blocked, id=18384, stack(0x0000000026f70000,0x0000000027070000)]
  0x00000000204bf000 JavaThread "jar transforms Thread 27" [_thread_blocked, id=18380, stack(0x0000000026e70000,0x0000000026f70000)]
  0x00000000204c0800 JavaThread "jar transforms Thread 26" [_thread_blocked, id=18376, stack(0x0000000026d70000,0x0000000026e70000)]
  0x00000000204ba800 JavaThread "jar transforms Thread 25" [_thread_blocked, id=18372, stack(0x0000000026c70000,0x0000000026d70000)]
  0x0000000020c39000 JavaThread "jar transforms Thread 24" [_thread_blocked, id=18368, stack(0x0000000026b70000,0x0000000026c70000)]
  0x0000000020c39800 JavaThread "jar transforms Thread 23" [_thread_blocked, id=18364, stack(0x0000000026a70000,0x0000000026b70000)]
  0x0000000020c38000 JavaThread "jar transforms Thread 22" [_thread_blocked, id=18360, stack(0x0000000026970000,0x0000000026a70000)]
  0x0000000020c36800 JavaThread "jar transforms Thread 21" [_thread_blocked, id=18356, stack(0x0000000026870000,0x0000000026970000)]
  0x0000000020c37800 JavaThread "jar transforms Thread 20" [_thread_blocked, id=18352, stack(0x0000000026770000,0x0000000026870000)]
  0x0000000020c3d800 JavaThread "jar transforms Thread 19" [_thread_blocked, id=18348, stack(0x0000000026670000,0x0000000026770000)]
  0x0000000020c3b000 JavaThread "jar transforms Thread 18" [_thread_blocked, id=18344, stack(0x0000000026570000,0x0000000026670000)]
  0x0000000020c36000 JavaThread "jar transforms Thread 17" [_thread_blocked, id=18340, stack(0x0000000026470000,0x0000000026570000)]
  0x0000000020c3c800 JavaThread "jar transforms Thread 16" [_thread_blocked, id=18336, stack(0x0000000026370000,0x0000000026470000)]
  0x0000000020c3c000 JavaThread "jar transforms Thread 15" [_thread_blocked, id=18332, stack(0x0000000026270000,0x0000000026370000)]
  0x0000000020c3a800 JavaThread "jar transforms Thread 14" [_thread_blocked, id=18328, stack(0x0000000026170000,0x0000000026270000)]
  0x0000000020c2e800 JavaThread "jar transforms Thread 13" [_thread_blocked, id=18324, stack(0x0000000026070000,0x0000000026170000)]
  0x0000000020c33800 JavaThread "jar transforms Thread 12" [_thread_blocked, id=18320, stack(0x0000000025f70000,0x0000000026070000)]
  0x0000000020c33000 JavaThread "jar transforms Thread 11" [_thread_blocked, id=18316, stack(0x0000000025e70000,0x0000000025f70000)]
  0x0000000020c30800 JavaThread "jar transforms Thread 10" [_thread_blocked, id=18312, stack(0x0000000025d70000,0x0000000025e70000)]
  0x0000000020c31800 JavaThread "jar transforms Thread 9" [_thread_blocked, id=18308, stack(0x0000000025c70000,0x0000000025d70000)]
  0x0000000020c32000 JavaThread "jar transforms Thread 8" [_thread_blocked, id=18304, stack(0x0000000025b70000,0x0000000025c70000)]
  0x0000000020c30000 JavaThread "jar transforms Thread 7" [_thread_blocked, id=18300, stack(0x0000000025a70000,0x0000000025b70000)]
  0x0000000020c35000 JavaThread "jar transforms Thread 6" [_thread_blocked, id=18296, stack(0x0000000025970000,0x0000000025a70000)]
  0x0000000020c34800 JavaThread "jar transforms Thread 5" [_thread_blocked, id=18292, stack(0x0000000025870000,0x0000000025970000)]
  0x0000000020c2f000 JavaThread "jar transforms Thread 4" [_thread_blocked, id=18288, stack(0x0000000025770000,0x0000000025870000)]
  0x000000001aedd800 JavaThread "jar transforms Thread 3" [_thread_blocked, id=18284, stack(0x0000000025670000,0x0000000025770000)]
  0x000000001aee3000 JavaThread "jar transforms Thread 2" [_thread_blocked, id=18280, stack(0x0000000025570000,0x0000000025670000)]
  0x000000001aee0800 JavaThread "Build operations Thread 12" [_thread_blocked, id=18276, stack(0x0000000025470000,0x0000000025570000)]
  0x000000001aedf000 JavaThread "Build operations Thread 11" [_thread_blocked, id=18272, stack(0x0000000025370000,0x0000000025470000)]
  0x000000001aedb800 JavaThread "Build operations Thread 10" [_thread_blocked, id=18268, stack(0x0000000025270000,0x0000000025370000)]
  0x000000001aee0000 JavaThread "Build operations Thread 9" [_thread_blocked, id=18264, stack(0x0000000025170000,0x0000000025270000)]
  0x000000001aede800 JavaThread "Build operations Thread 8" [_thread_blocked, id=18260, stack(0x0000000025070000,0x0000000025170000)]
  0x000000001aedc000 JavaThread "Build operations Thread 7" [_thread_blocked, id=18256, stack(0x0000000024e70000,0x0000000024f70000)]
  0x000000001aee2000 JavaThread "Build operations Thread 6" [_thread_blocked, id=18252, stack(0x0000000024d70000,0x0000000024e70000)]
  0x000000001aee1800 JavaThread "Build operations Thread 5" [_thread_blocked, id=18248, stack(0x0000000024c70000,0x0000000024d70000)]
  0x000000001aed7000 JavaThread "Build operations Thread 4" [_thread_blocked, id=18244, stack(0x0000000024b70000,0x0000000024c70000)]
  0x000000001aedd000 JavaThread "Build operations Thread 3" [_thread_blocked, id=18240, stack(0x0000000024a70000,0x0000000024b70000)]
  0x000000001aed6000 JavaThread "Build operations Thread 2" [_thread_blocked, id=18236, stack(0x0000000024970000,0x0000000024a70000)]
  0x000000001aed9000 JavaThread "Build operations" [_thread_blocked, id=18232, stack(0x0000000023650000,0x0000000023750000)]
  0x000000001ccba800 JavaThread "Cache worker for file content cache (C:\Users\Alex\.gradle\caches\6.5\fileContent)" [_thread_blocked, id=18228, stack(0x0000000023150000,0x0000000023250000)]
  0x000000001ccb7800 JavaThread "jar transforms" [_thread_blocked, id=18224, stack(0x0000000023050000,0x0000000023150000)]
  0x000000001ccba000 JavaThread "Cache worker for execution history cache (C:\Users\Alex\.gradle\caches\6.5\executionHistory)" [_thread_blocked, id=18220, stack(0x0000000022950000,0x0000000022a50000)]
  0x000000001ccb9000 JavaThread "Cache worker for cache directory md-rule (C:\Users\Alex\.gradle\caches\6.5\md-rule)" [_thread_blocked, id=18216, stack(0x0000000022850000,0x0000000022950000)]
  0x000000001ccb7000 JavaThread "Cache worker for cache directory md-supplier (C:\Users\Alex\.gradle\caches\6.5\md-supplier)" [_thread_blocked, id=18212, stack(0x0000000021510000,0x0000000021610000)]
  0x000000001ccb4800 JavaThread "Cache worker for checksums cache (D:\AndroidProjects\KursachGameShop2\.gradle\checksums)" [_thread_blocked, id=18208, stack(0x0000000021210000,0x0000000021310000)]
  0x000000001ccb8800 JavaThread "Cache worker for file hash cache (D:\AndroidProjects\KursachGameShop2\.gradle\6.5\fileHashes)" [_thread_blocked, id=18204, stack(0x0000000020120000,0x0000000020220000)]
  0x000000001ccb6000 JavaThread "Cache worker for file hash cache (C:\Users\Alex\.gradle\caches\6.5\fileHashes)" [_thread_blocked, id=18200, stack(0x000000001ee50000,0x000000001ef50000)]
  0x000000001ccb5800 JavaThread "File lock request listener" [_thread_in_native, id=18196, stack(0x000000001ed50000,0x000000001ee50000)]
  0x000000001aeef800 JavaThread "Cache worker for journal cache (C:\Users\Alex\.gradle\caches\journal-1)" [_thread_blocked, id=18192, stack(0x000000001ec50000,0x000000001ed50000)]
  0x000000001cae5000 JavaThread "Thread-9" [_thread_blocked, id=18188, stack(0x000000001e950000,0x000000001ea50000)]
  0x000000001cae4800 JavaThread "Stdin handler" [_thread_blocked, id=18184, stack(0x000000001e850000,0x000000001e950000)]
  0x000000001cb60800 JavaThread "Asynchronous log dispatcher for DefaultDaemonConnection: socket connection from /127.0.0.1:49154 to /127.0.0.1:49155" [_thread_blocked, id=18180, stack(0x000000001e750000,0x000000001e850000)]
  0x000000001cb01000 JavaThread "Daemon worker" [_thread_in_native, id=18168, stack(0x000000001e650000,0x000000001e750000)]
  0x000000001c9c4800 JavaThread "Cancel handler" [_thread_blocked, id=18164, stack(0x000000001e550000,0x000000001e650000)]
  0x000000001c9bb000 JavaThread "Handler for socket connection from /127.0.0.1:49154 to /127.0.0.1:49155" [_thread_in_native, id=18160, stack(0x000000001e250000,0x000000001e350000)]
  0x000000001c9ba800 JavaThread "Daemon" [_thread_blocked, id=18156, stack(0x000000001e150000,0x000000001e250000)]
  0x000000001ca43000 JavaThread "Daemon periodic checks" [_thread_blocked, id=18152, stack(0x000000001e050000,0x000000001e150000)]
  0x000000001c9e5800 JavaThread "Incoming local TCP Connector on port 49154" [_thread_in_native, id=18148, stack(0x000000001de00000,0x000000001df00000)]
  0x000000001c97e000 JavaThread "Daemon health stats" [_thread_blocked, id=18124, stack(0x000000001d7a0000,0x000000001d8a0000)]
  0x0000000019228800 JavaThread "Service Thread" daemon [_thread_blocked, id=18116, stack(0x000000001ac00000,0x000000001ad00000)]
  0x00000000191a2000 JavaThread "C1 CompilerThread3" daemon [_thread_blocked, id=18112, stack(0x000000001ab00000,0x000000001ac00000)]
  0x00000000191a1800 JavaThread "C2 CompilerThread2" daemon [_thread_blocked, id=18108, stack(0x000000001aa00000,0x000000001ab00000)]
  0x000000001919c800 JavaThread "C2 CompilerThread1" daemon [_thread_blocked, id=18104, stack(0x000000001a900000,0x000000001aa00000)]
=>0x0000000019193800 JavaThread "C2 CompilerThread0" daemon [_thread_in_native, id=18100, stack(0x000000001a800000,0x000000001a900000)]
  0x0000000019191800 JavaThread "Attach Listener" daemon [_thread_blocked, id=18096, stack(0x000000001a700000,0x000000001a800000)]
  0x0000000019190000 JavaThread "Signal Dispatcher" daemon [_thread_blocked, id=18092, stack(0x000000001a600000,0x000000001a700000)]
  0x000000000280a800 JavaThread "Finalizer" daemon [_thread_blocked, id=18088, stack(0x000000001a3e0000,0x000000001a4e0000)]
  0x0000000019183000 JavaThread "Reference Handler" daemon [_thread_blocked, id=18084, stack(0x000000001a2e0000,0x000000001a3e0000)]
  0x000000000270d800 JavaThread "main" [_thread_blocked, id=18036, stack(0x00000000025f0000,0x00000000026f0000)]

Other Threads:
  0x0000000019162800 VMThread [stack: 0x000000001a1e0000,0x000000001a2e0000] [id=18080]
  0x0000000019229800 WatcherThread [stack: 0x000000001ad00000,0x000000001ae00000] [id=18120]

VM state:not at safepoint (normal execution)

VM Mutex/Monitor currently owned by a thread: None

heap address: 0x0000000080000000, size: 2048 MB, Compressed Oops mode: 32-bit
Narrow klass base: 0x0000000000000000, Narrow klass shift: 3
Compressed class space size: 1073741824 Address: 0x0000000100000000

Heap:
 PSYoungGen      total 237568K, used 180321K [0x00000000d5580000, 0x00000000e4d80000, 0x0000000100000000)
  eden space 221696K, 81% used [0x00000000d5580000,0x00000000e05986d0,0x00000000e2e00000)
  from space 15872K, 0% used [0x00000000e3d00000,0x00000000e3d00000,0x00000000e4c80000)
  to   space 15360K, 0% used [0x00000000e2e00000,0x00000000e2e00000,0x00000000e3d00000)
 ParOldGen       total 135168K, used 14689K [0x0000000080000000, 0x0000000088400000, 0x00000000d5580000)
  object space 135168K, 10% used [0x0000000080000000,0x0000000080e587f8,0x0000000088400000)
 Metaspace       used 42527K, capacity 44446K, committed 44712K, reserved 1087488K
  class space    used 5824K, capacity 6207K, committed 6320K, reserved 1048576K

Card table byte_map: [0x0000000011be0000,0x0000000011ff0000] byte_map_base: 0x00000000117e0000

Marking Bits: (ParMarkBitMap*) 0x0000000063dcf030
 Begin Bits: [0x0000000012ca0000, 0x0000000014ca0000)
 End Bits:   [0x0000000014ca0000, 0x0000000016ca0000)

Polling page: 0x0000000000db0000

CodeCache: size=245760Kb used=13358Kb max_used=13369Kb free=232401Kb
 bounds [0x0000000002820000, 0x0000000003540000, 0x0000000011820000]
 total_blobs=4579 nmethods=3849 adapters=642
 compilation: enabled

Compilation events (10 events):
Event: 3.516 Thread 0x00000000191a2000 nmethod 3850 0x0000000003526990 code [0x0000000003526b20, 0x0000000003526f30]
Event: 3.516 Thread 0x00000000191a2000 3851       3       javax.management.ImmutableDescriptor::<init> (210 bytes)
Event: 3.517 Thread 0x00000000191a2000 nmethod 3851 0x0000000003527150 code [0x00000000035274e0, 0x00000000035294a8]
Event: 3.517 Thread 0x00000000191a2000 3852       3       java.util.TreeMap$KeySet::size (10 bytes)
Event: 3.517 Thread 0x00000000191a2000 nmethod 3852 0x000000000352a350 code [0x000000000352a4c0, 0x000000000352a6e8]
Event: 3.517 Thread 0x000000001919c800 nmethod 3816 0x000000000352de50 code [0x000000000352dfe0, 0x000000000352ea88]
Event: 3.517 Thread 0x000000001919c800 3849       4       java.lang.String$CaseInsensitiveComparator::compare (13 bytes)
Event: 3.518 Thread 0x00000000191a1800 nmethod 3817 0x000000000352ae10 code [0x000000000352afa0, 0x000000000352bb68]
Event: 3.518 Thread 0x00000000191a1800 3826       4       java.util.AbstractCollection::<init> (5 bytes)
Event: 3.518 Thread 0x00000000191a1800 nmethod 3826 0x000000000352ac10 code [0x000000000352ad40, 0x000000000352ad98]

GC Heap History (10 events):
Event: 1.864 GC heap before
{Heap before GC invocations=4 (full 0):
 PSYoungGen      total 75776K, used 21872K [0x00000000d5580000, 0x00000000de980000, 0x0000000100000000)
  eden space 65024K, 17% used [0x00000000d5580000,0x00000000d6063628,0x00000000d9500000)
  from space 10752K, 99% used [0x00000000d9500000,0x00000000d9f78a30,0x00000000d9f80000)
  to   space 10752K, 0% used [0x00000000ddf00000,0x00000000ddf00000,0x00000000de980000)
 ParOldGen       total 173568K, used 921K [0x0000000080000000, 0x000000008a980000, 0x00000000d5580000)
  object space 173568K, 0% used [0x0000000080000000,0x00000000800e6700,0x000000008a980000)
 Metaspace       used 20590K, capacity 21236K, committed 21296K, reserved 1067008K
  class space    used 2878K, capacity 3080K, committed 3120K, reserved 1048576K
Event: 1.869 GC heap after
Heap after GC invocations=4 (full 0):
 PSYoungGen      total 140800K, used 7404K [0x00000000d5580000, 0x00000000de980000, 0x0000000100000000)
  eden space 130048K, 0% used [0x00000000d5580000,0x00000000d5580000,0x00000000dd480000)
  from space 10752K, 68% used [0x00000000ddf00000,0x00000000de63b060,0x00000000de980000)
  to   space 10752K, 0% used [0x00000000dd480000,0x00000000dd480000,0x00000000ddf00000)
 ParOldGen       total 173568K, used 929K [0x0000000080000000, 0x000000008a980000, 0x00000000d5580000)
  object space 173568K, 0% used [0x0000000080000000,0x00000000800e8700,0x000000008a980000)
 Metaspace       used 20590K, capacity 21236K, committed 21296K, reserved 1067008K
  class space    used 2878K, capacity 3080K, committed 3120K, reserved 1048576K
}
Event: 1.869 GC heap before
{Heap before GC invocations=5 (full 1):
 PSYoungGen      total 140800K, used 7404K [0x00000000d5580000, 0x00000000de980000, 0x0000000100000000)
  eden space 130048K, 0% used [0x00000000d5580000,0x00000000d5580000,0x00000000dd480000)
  from space 10752K, 68% used [0x00000000ddf00000,0x00000000de63b060,0x00000000de980000)
  to   space 10752K, 0% used [0x00000000dd480000,0x00000000dd480000,0x00000000ddf00000)
 ParOldGen       total 173568K, used 929K [0x0000000080000000, 0x000000008a980000, 0x00000000d5580000)
  object space 173568K, 0% used [0x0000000080000000,0x00000000800e8700,0x000000008a980000)
 Metaspace       used 20590K, capacity 21236K, committed 21296K, reserved 1067008K
  class space    used 2878K, capacity 3080K, committed 3120K, reserved 1048576K
Event: 1.890 GC heap after
Heap after GC invocations=5 (full 1):
 PSYoungGen      total 140800K, used 0K [0x00000000d5580000, 0x00000000de980000, 0x0000000100000000)
  eden space 130048K, 0% used [0x00000000d5580000,0x00000000d5580000,0x00000000dd480000)
  from space 10752K, 0% used [0x00000000ddf00000,0x00000000ddf00000,0x00000000de980000)
  to   space 10752K, 0% used [0x00000000dd480000,0x00000000dd480000,0x00000000ddf00000)
 ParOldGen       total 90624K, used 7160K [0x0000000080000000, 0x0000000085880000, 0x00000000d5580000)
  object space 90624K, 7% used [0x0000000080000000,0x00000000806fe150,0x0000000085880000)
 Metaspace       used 20590K, capacity 21236K, committed 21296K, reserved 1067008K
  class space    used 2878K, capacity 3080K, committed 3120K, reserved 1048576K
}
Event: 2.681 GC heap before
{Heap before GC invocations=6 (full 1):
 PSYoungGen      total 140800K, used 130048K [0x00000000d5580000, 0x00000000de980000, 0x0000000100000000)
  eden space 130048K, 100% used [0x00000000d5580000,0x00000000dd480000,0x00000000dd480000)
  from space 10752K, 0% used [0x00000000ddf00000,0x00000000ddf00000,0x00000000de980000)
  to   space 10752K, 0% used [0x00000000dd480000,0x00000000dd480000,0x00000000ddf00000)
 ParOldGen       total 90624K, used 7160K [0x0000000080000000, 0x0000000085880000, 0x00000000d5580000)
  object space 90624K, 7% used [0x0000000080000000,0x00000000806fe150,0x0000000085880000)
 Metaspace       used 32767K, capacity 33776K, committed 33968K, reserved 1079296K
  class space    used 4479K, capacity 4722K, committed 4784K, reserved 1048576K
Event: 2.689 GC heap after
Heap after GC invocations=6 (full 1):
 PSYoungGen      total 140800K, used 10732K [0x00000000d5580000, 0x00000000e4c80000, 0x0000000100000000)
  eden space 130048K, 0% used [0x00000000d5580000,0x00000000d5580000,0x00000000dd480000)
  from space 10752K, 99% used [0x00000000dd480000,0x00000000ddefb060,0x00000000ddf00000)
  to   space 15872K, 0% used [0x00000000e3d00000,0x00000000e3d00000,0x00000000e4c80000)
 ParOldGen       total 90624K, used 10609K [0x0000000080000000, 0x0000000085880000, 0x00000000d5580000)
  object space 90624K, 11% used [0x0000000080000000,0x0000000080a5c778,0x0000000085880000)
 Metaspace       used 32767K, capacity 33776K, committed 33968K, reserved 1079296K
  class space    used 4479K, capacity 4722K, committed 4784K, reserved 1048576K
}
Event: 2.821 GC heap before
{Heap before GC invocations=7 (full 1):
 PSYoungGen      total 140800K, used 42345K [0x00000000d5580000, 0x00000000e4c80000, 0x0000000100000000)
  eden space 130048K, 24% used [0x00000000d5580000,0x00000000d745f498,0x00000000dd480000)
  from space 10752K, 99% used [0x00000000dd480000,0x00000000ddefb060,0x00000000ddf00000)
  to   space 15872K, 0% used [0x00000000e3d00000,0x00000000e3d00000,0x00000000e4c80000)
 ParOldGen       total 90624K, used 10609K [0x0000000080000000, 0x0000000085880000, 0x00000000d5580000)
  object space 90624K, 11% used [0x0000000080000000,0x0000000080a5c778,0x0000000085880000)
 Metaspace       used 34341K, capacity 35432K, committed 35496K, reserved 1079296K
  class space    used 4728K, capacity 5007K, committed 5040K, reserved 1048576K
Event: 2.826 GC heap after
Heap after GC invocations=7 (full 1):
 PSYoungGen      total 237568K, used 8399K [0x00000000d5580000, 0x00000000e4d80000, 0x0000000100000000)
  eden space 221696K, 0% used [0x00000000d5580000,0x00000000d5580000,0x00000000e2e00000)
  from space 15872K, 52% used [0x00000000e3d00000,0x00000000e4533d20,0x00000000e4c80000)
  to   space 15360K, 0% used [0x00000000e2e00000,0x00000000e2e00000,0x00000000e3d00000)
 ParOldGen       total 90624K, used 10617K [0x0000000080000000, 0x0000000085880000, 0x00000000d5580000)
  object space 90624K, 11% used [0x0000000080000000,0x0000000080a5e778,0x0000000085880000)
 Metaspace       used 34341K, capacity 35432K, committed 35496K, reserved 1079296K
  class space    used 4728K, capacity 5007K, committed 5040K, reserved 1048576K
}
Event: 2.826 GC heap before
{Heap before GC invocations=8 (full 2):
 PSYoungGen      total 237568K, used 8399K [0x00000000d5580000, 0x00000000e4d80000, 0x0000000100000000)
  eden space 221696K, 0% used [0x00000000d5580000,0x00000000d5580000,0x00000000e2e00000)
  from space 15872K, 52% used [0x00000000e3d00000,0x00000000e4533d20,0x00000000e4c80000)
  to   space 15360K, 0% used [0x00000000e2e00000,0x00000000e2e00000,0x00000000e3d00000)
 ParOldGen       total 90624K, used 10617K [0x0000000080000000, 0x0000000085880000, 0x00000000d5580000)
  object space 90624K, 11% used [0x0000000080000000,0x0000000080a5e778,0x0000000085880000)
 Metaspace       used 34341K, capacity 35432K, committed 35496K, reserved 1079296K
  class space    used 4728K, capacity 5007K, committed 5040K, reserved 1048576K
Event: 2.853 GC heap after
Heap after GC invocations=8 (full 2):
 PSYoungGen      total 237568K, used 0K [0x00000000d5580000, 0x00000000e4d80000, 0x0000000100000000)
  eden space 221696K, 0% used [0x00000000d5580000,0x00000000d5580000,0x00000000e2e00000)
  from space 15872K, 0% used [0x00000000e3d00000,0x00000000e3d00000,0x00000000e4c80000)
  to   space 15360K, 0% used [0x00000000e2e00000,0x00000000e2e00000,0x00000000e3d00000)
 ParOldGen       total 135168K, used 14689K [0x0000000080000000, 0x0000000088400000, 0x00000000d5580000)
  object space 135168K, 10% used [0x0000000080000000,0x0000000080e587f8,0x0000000088400000)
 Metaspace       used 34341K, capacity 35432K, committed 35496K, reserved 1079296K
  class space    used 4728K, capacity 5007K, committed 5040K, reserved 1048576K
}

Deoptimization events (10 events):
Event: 3.212 Thread 0x000000001cb01000 Uncommon trap: reason=predicate action=maybe_recompile pc=0x0000000002d988c8 method=com.google.common.base.CharMatcher.indexIn(Ljava/lang/CharSequence;I)I @ 22
Event: 3.218 Thread 0x000000001cb01000 Uncommon trap: reason=bimorphic action=maybe_recompile pc=0x0000000002e48ad0 method=java.lang.ClassLoader.getPackage(Ljava/lang/String;)Ljava/lang/Package; @ 47
Event: 3.218 Thread 0x000000001cb01000 Uncommon trap: reason=bimorphic action=maybe_recompile pc=0x0000000002e48ad0 method=java.lang.ClassLoader.getPackage(Ljava/lang/String;)Ljava/lang/Package; @ 47
Event: 3.218 Thread 0x000000001cb01000 Uncommon trap: reason=bimorphic action=maybe_recompile pc=0x0000000002e48ad0 method=java.lang.ClassLoader.getPackage(Ljava/lang/String;)Ljava/lang/Package; @ 47
Event: 3.218 Thread 0x000000001cb01000 Uncommon trap: reason=bimorphic action=maybe_recompile pc=0x0000000002e48ad0 method=java.lang.ClassLoader.getPackage(Ljava/lang/String;)Ljava/lang/Package; @ 47
Event: 3.306 Thread 0x000000001cb01000 Uncommon trap: reason=unstable_if action=reinterpret pc=0x0000000003350f7c method=java.io.BufferedInputStream.read([BII)I @ 56
Event: 3.347 Thread 0x000000001cb01000 Uncommon trap: reason=bimorphic action=maybe_recompile pc=0x0000000003117a78 method=java.util.AbstractCollection.addAll(Ljava/util/Collection;)Z @ 29
Event: 3.352 Thread 0x000000001cb01000 Uncommon trap: reason=bimorphic action=maybe_recompile pc=0x0000000003117a78 method=java.util.AbstractCollection.addAll(Ljava/util/Collection;)Z @ 29
Event: 3.489 Thread 0x000000001cb01000 Uncommon trap: reason=unstable_if action=reinterpret pc=0x0000000003134fc4 method=org.objectweb.asm.ByteVector.putUTF8(Ljava/lang/String;)Lorg/objectweb/asm/ByteVector; @ 93
Event: 3.494 Thread 0x000000001cb01000 Uncommon trap: reason=unstable_if action=reinterpret pc=0x0000000002ecb168 method=org.objectweb.asm.ByteVector.putUTF8(Ljava/lang/String;)Lorg/objectweb/asm/ByteVector; @ 93

Classes redefined (0 events):
No events

Internal exceptions (10 events):
Event: 3.201 Thread 0x000000001cae5000 Exception <a 'java/lang/NoSuchMethodError': <clinit>> (0x00000000d8117180) thrown at [C:\src\AOSP-openjdk-git\hotspot\src\share\vm\prims\jni.cpp, line 1615]
Event: 3.201 Thread 0x000000001cae5000 Exception <a 'java/lang/NoSuchMethodError': <clinit>> (0x00000000d8122270) thrown at [C:\src\AOSP-openjdk-git\hotspot\src\share\vm\prims\jni.cpp, line 1615]
Event: 3.202 Thread 0x000000001cae5000 Exception <a 'java/lang/NoSuchMethodError': <clinit>> (0x00000000d81359d0) thrown at [C:\src\AOSP-openjdk-git\hotspot\src\share\vm\prims\jni.cpp, line 1615]
Event: 3.207 Thread 0x000000001cb01000 Exception <a 'java/lang/ClassNotFoundException': build_cv1q9965xubvmk1fc3u6pnniiBeanInfo> (0x00000000dd57cef8) thrown at [C:\src\AOSP-openjdk-git\hotspot\src\share\vm\classfile\systemDictionary.cpp, line 210]
Event: 3.207 Thread 0x000000001cb01000 Exception <a 'java/lang/ClassNotFoundException': build_cv1q9965xubvmk1fc3u6pnniiCustomizer> (0x00000000dd588b38) thrown at [C:\src\AOSP-openjdk-git\hotspot\src\share\vm\classfile\systemDictionary.cpp, line 210]
Event: 3.211 Thread 0x000000001cb01000 Exception <a 'java/lang/ClassNotFoundException': org/gradle/plugin/use/internal/PluginRequestCollector$PluginDependenciesSpecImplBeanInfo> (0x00000000dd628740) thrown at [C:\src\AOSP-openjdk-git\hotspot\src\share\vm\classfile\systemDictionary.cpp, line 21
Event: 3.211 Thread 0x000000001cb01000 Exception <a 'java/lang/ClassNotFoundException': org/gradle/plugin/use/internal/PluginRequestCollector$PluginDependenciesSpecImplCustomizer> (0x00000000dd668680) thrown at [C:\src\AOSP-openjdk-git\hotspot\src\share\vm\classfile\systemDictionary.cpp, line 
Event: 3.227 Thread 0x000000001cb01000 Exception <a 'java/lang/ClassNotFoundException': org/gradle/api/internal/plugins/DefaultObjectConfigurationActionBeanInfo> (0x00000000dd963b48) thrown at [C:\src\AOSP-openjdk-git\hotspot\src\share\vm\classfile\systemDictionary.cpp, line 210]
Event: 3.227 Thread 0x000000001cb01000 Exception <a 'java/lang/ClassNotFoundException': org/gradle/api/internal/plugins/DefaultObjectConfigurationActionCustomizer> (0x00000000dd9a7ea8) thrown at [C:\src\AOSP-openjdk-git\hotspot\src\share\vm\classfile\systemDictionary.cpp, line 210]
Event: 3.418 Thread 0x000000001cb01000 Exception <a 'sun/nio/fs/WindowsException'> (0x00000000df341ca0) thrown at [C:\src\AOSP-openjdk-git\hotspot\src\share\vm\prims\jni.cpp, line 710]

Events (10 events):
Event: 3.518 loading class kotlin/reflect/jvm/internal/KClassImpl$Data$constructors$2
Event: 3.518 loading class kotlin/reflect/jvm/internal/KClassImpl$Data$constructors$2 done
Event: 3.518 loading class kotlin/reflect/jvm/internal/KClassImpl$Data$nestedClasses$2
Event: 3.518 loading class kotlin/reflect/jvm/internal/KClassImpl$Data$nestedClasses$2 done
Event: 3.519 loading class kotlin/reflect/jvm/internal/KClassImpl$Data$objectInstance$2
Event: 3.519 loading class kotlin/reflect/jvm/internal/KClassImpl$Data$objectInstance$2 done
Event: 3.519 loading class kotlin/reflect/jvm/internal/KClassImpl$Data$typeParameters$2
Event: 3.519 loading class kotlin/reflect/jvm/internal/KClassImpl$Data$typeParameters$2 done
Event: 3.519 loading class kotlin/reflect/jvm/internal/KClassImpl$Data$supertypes$2
Event: 3.519 loading class kotlin/reflect/jvm/internal/KClassImpl$Data$supertypes$2 done


Dynamic libraries:
0x00007ff6efd80000 - 0x00007ff6efdb1000 	D:\Android\jre\bin\java.exe
0x00007ff9e9ed0000 - 0x00007ff9ea0c6000 	C:\WINDOWS\SYSTEM32\ntdll.dll
0x00007ff9e9b20000 - 0x00007ff9e9bdd000 	C:\WINDOWS\System32\KERNEL32.DLL
0x00007ff9e7990000 - 0x00007ff9e7c59000 	C:\WINDOWS\System32\KERNELBASE.dll
0x00007ff9e9cb0000 - 0x00007ff9e9d5c000 	C:\WINDOWS\System32\ADVAPI32.dll
0x00007ff9e8d60000 - 0x00007ff9e8dfe000 	C:\WINDOWS\System32\msvcrt.dll
0x00007ff9e8180000 - 0x00007ff9e821c000 	C:\WINDOWS\System32\sechost.dll
0x00007ff9e9d60000 - 0x00007ff9e9e8b000 	C:\WINDOWS\System32\RPCRT4.dll
0x00007ff9e8e60000 - 0x00007ff9e9000000 	C:\WINDOWS\System32\USER32.dll
0x00007ff9e7610000 - 0x00007ff9e7632000 	C:\WINDOWS\System32\win32u.dll
0x00007ff9e9000000 - 0x00007ff9e902a000 	C:\WINDOWS\System32\GDI32.dll
0x00007ff9e7720000 - 0x00007ff9e782b000 	C:\WINDOWS\System32\gdi32full.dll
0x00007ff9e7c60000 - 0x00007ff9e7cfd000 	C:\WINDOWS\System32\msvcp_win.dll
0x00007ff9e7890000 - 0x00007ff9e7990000 	C:\WINDOWS\System32\ucrtbase.dll
0x00007ff9e6a20000 - 0x00007ff9e6cbb000 	C:\WINDOWS\WinSxS\amd64_microsoft.windows.common-controls_6595b64144ccf1df_6.0.19041.746_none_ca02b4b61b8320a4\COMCTL32.dll
0x00007ff9e7f30000 - 0x00007ff9e7f60000 	C:\WINDOWS\System32\IMM32.DLL
0x00000000653b0000 - 0x0000000065482000 	D:\Android\jre\jre\bin\msvcr100.dll
0x0000000063600000 - 0x0000000063e4b000 	D:\Android\jre\jre\bin\server\jvm.dll
0x00007ff9e9030000 - 0x00007ff9e9038000 	C:\WINDOWS\System32\PSAPI.DLL
0x00007ff9e25f0000 - 0x00007ff9e25f9000 	C:\WINDOWS\SYSTEM32\WSOCK32.dll
0x00007ff9cc7d0000 - 0x00007ff9cc7f7000 	C:\WINDOWS\SYSTEM32\WINMM.dll
0x00007ff9ddce0000 - 0x00007ff9ddcea000 	C:\WINDOWS\SYSTEM32\VERSION.dll
0x00007ff9e8c70000 - 0x00007ff9e8cdb000 	C:\WINDOWS\System32\WS2_32.dll
0x00007ff9e25e0000 - 0x00007ff9e25ef000 	D:\Android\jre\jre\bin\verify.dll
0x00007ff9d8620000 - 0x00007ff9d8649000 	D:\Android\jre\jre\bin\java.dll
0x00007ff9e23a0000 - 0x00007ff9e23b6000 	D:\Android\jre\jre\bin\zip.dll
0x00007ff9e9220000 - 0x00007ff9e9962000 	C:\WINDOWS\System32\SHELL32.dll
0x00007ff9e5110000 - 0x00007ff9e58a0000 	C:\WINDOWS\SYSTEM32\windows.storage.dll
0x00007ff9e8300000 - 0x00007ff9e8656000 	C:\WINDOWS\System32\combase.dll
0x00007ff9e6980000 - 0x00007ff9e69ac000 	C:\WINDOWS\SYSTEM32\Wldp.dll
0x00007ff9e8bc0000 - 0x00007ff9e8c6e000 	C:\WINDOWS\System32\SHCORE.dll
0x00007ff9e8d00000 - 0x00007ff9e8d55000 	C:\WINDOWS\System32\shlwapi.dll
0x00007ff9e7540000 - 0x00007ff9e7566000 	C:\WINDOWS\SYSTEM32\profapi.dll
0x00007ff9cb0e0000 - 0x00007ff9cb0fa000 	D:\Android\jre\jre\bin\net.dll
0x00007ff9e6860000 - 0x00007ff9e68ca000 	C:\WINDOWS\system32\mswsock.dll
0x00007ff9cadd0000 - 0x00007ff9cade3000 	D:\Android\jre\jre\bin\nio.dll
0x00007ff9af540000 - 0x00007ff9af567000 	C:\Users\Alex\.gradle\native\f6784746aeab05261644944871eae4fe03e0ef1612fff0a4a95f87b438bc6780\windows-amd64\native-platform.dll
0x00007ff9e10f0000 - 0x00007ff9e10fd000 	D:\Android\jre\jre\bin\management.dll
0x00007ff9e7390000 - 0x00007ff9e73a8000 	C:\WINDOWS\SYSTEM32\CRYPTSP.dll
0x00007ff9e60c0000 - 0x00007ff9e60f4000 	C:\WINDOWS\system32\rsaenh.dll
0x00007ff9e7640000 - 0x00007ff9e7667000 	C:\WINDOWS\System32\bcrypt.dll
0x00007ff9e7500000 - 0x00007ff9e752e000 	C:\WINDOWS\SYSTEM32\USERENV.dll
0x00007ff9e7e60000 - 0x00007ff9e7ee0000 	C:\WINDOWS\System32\bcryptprimitives.dll
0x00007ff9e6940000 - 0x00007ff9e694c000 	C:\WINDOWS\SYSTEM32\CRYPTBASE.dll
0x00007ff9e63f0000 - 0x00007ff9e642b000 	C:\WINDOWS\SYSTEM32\IPHLPAPI.DLL
0x00007ff9e8170000 - 0x00007ff9e8178000 	C:\WINDOWS\System32\NSI.dll
0x00007ff9e0660000 - 0x00007ff9e0677000 	C:\WINDOWS\SYSTEM32\dhcpcsvc6.DLL
0x00007ff9e0030000 - 0x00007ff9e004d000 	C:\WINDOWS\SYSTEM32\dhcpcsvc.DLL
0x00007ff9e6430000 - 0x00007ff9e64fb000 	C:\WINDOWS\SYSTEM32\DNSAPI.dll
0x00007ff9df160000 - 0x00007ff9df16b000 	C:\WINDOWS\SYSTEM32\WINNSI.DLL
0x00007ff9e7030000 - 0x00007ff9e7214000 	C:\WINDOWS\SYSTEM32\dbghelp.dll

VM Arguments:
jvm_args: -Xmx2048m -Dfile.encoding=UTF-8 -Duser.country=RU -Duser.language=ru -Duser.variant 
java_command: org.gradle.launcher.daemon.bootstrap.GradleDaemon 6.5
java_class_path (initial): C:\Users\Alex\.gradle\wrapper\dists\gradle-6.5-all\2oz4ud9k3tuxjg84bbf55q0tn\gradle-6.5\lib\gradle-launcher-6.5.jar
Launcher Type: SUN_STANDARD

Environment Variables:
PATH=C:\Windows\system32;C:\Windows;C:\Windows\System32\Wbem;C:\Windows\System32\WindowsPowerShell\v1.0\;C:\Windows\System32\OpenSSH\;C:\Program Files (x86)\NVIDIA Corporation\PhysX\Common;C:\Program Files\dotnet\;C:\Program Files\Microsoft SQL Server\130\Tools\Binn\;C:\Program Files\Microsoft SQL Server\Client SDK\ODBC\170\Tools\Binn\;C:\Program Files\NVIDIA Corporation\NVIDIA NvDLISR;C:\WINDOWS\system32;C:\WINDOWS;C:\WINDOWS\System32\Wbem;C:\WINDOWS\System32\WindowsPowerShell\v1.0\;C:\WINDOWS\System32\OpenSSH\;C:\Program Files\Git\cmd;C:\Program Files\Git\mingw64\bin;C:\Program Files\Git\usr\bin;C:\Python39\Scripts\;C:\Python39\;C:\Users\Alex\AppData\Local\Microsoft\WindowsApps;;C:\Program Files\JetBrains\IntelliJ IDEA Community Edition 2020.3.1\bin;;C:\Users\Alex\.dotnet\tools
USERNAME=Alex
OS=Windows_NT
PROCESSOR_IDENTIFIER=Intel64 Family 6 Model 158 Stepping 10, GenuineIntel



---------------  S Y S T E M  ---------------

OS: Windows 10.0 , 64 bit Build 19041 (10.0.19041.804)

CPU:total 12 (initial active 12) (6 cores per cpu, 2 threads per core) family 6 model 158 stepping 10, cmov, cx8, fxsr, mmx, sse, sse2, sse3, ssse3, sse4.1, sse4.2, popcnt, avx, avx2, aes, clmul, erms, 3dnowpref, lzcnt, ht, tsc, tscinvbit, bmi1, bmi2, adx

Memory: 4k page, physical 16622900k(4341692k free), swap 19506484k(3431916k free)

vm_info: OpenJDK 64-Bit Server VM (25.242-b01) for windows-amd64 JRE (1.8.0_242-release-1644-b01), built by "builder" with MS VC++ 10.0 (VS2010)

time: Sat Mar 20 17:50:33 2021
timezone: RTZ 2 (зима)
elapsed time: 3 seconds (0d 0h 0m 3s)

