#
# A fatal error has been detected by the Java Runtime Environment:
#
#  EXCEPTION_ACCESS_VIOLATION (0xc0000005) at pc=0x000000006dcab7b0, pid=4100, tid=0x0000000000000608
#
# JRE version: OpenJDK Runtime Environment (8.0_242-b01) (build 1.8.0_242-release-1644-b01)
# Java VM: OpenJDK 64-Bit Server VM (25.242-b01 mixed mode windows-amd64 compressed oops)
# Problematic frame:
# V  [jvm.dll+0x8b7b0]
#
# Failed to write core dump. Minidumps are not enabled by default on client versions of Windows
#
# If you would like to submit a bug report, please visit:
#   
#

---------------  T H R E A D  ---------------

Current thread (0x0000000002b88800):  GCTaskThread [stack: 0x00000000127f0000,0x00000000128f0000] [id=1544]

siginfo: ExceptionCode=0xc0000005, reading address 0x0000000777da5c88

Registers:
RAX=0x0000000000000000, RBX=0x00000000eefb4a48, RCX=0x00000000eefb4a48, RDX=0x0000000777da5c80
RSP=0x00000000128ef798, RBP=0x0000000012031481, RSI=0x0000000019590380, RDI=0x000000008028d608
R8 =0x0000000019590380, R9 =0x0000000000000007, R10=0x0065007800650064, R11=0x0000000085987c18
R12=0x0000000012031469, R13=0xeefb4af0eefb4a98, R14=0x0000000000000000, R15=0x0000000002b824e0
RIP=0x000000006dcab7b0, EFLAGS=0x0000000000010202

Top of Stack: (sp=0x00000000128ef798)
0x00000000128ef798:   000000006dff27b2 00000000eefbd030
0x00000000128ef7a8:   0000000000000003 0000000019590380
0x00000000128ef7b8:   00000000ea29aed8 00000000ebc80000
0x00000000128ef7c8:   000000006dff2efb 00000000859868c0
0x00000000128ef7d8:   0000000000000400 0000000000000000
0x00000000128ef7e8:   0000000019590300 0000000012031469
0x00000000128ef7f8:   000000006dff2b20 0000000085987d94
0x00000000128ef808:   0000000012031481 0000000019590380
0x00000000128ef818:   000000008028d608 0000000085987d94
0x00000000128ef828:   000000006dff36c5 00000000ef023180
0x00000000128ef838:   0000000012031481 0000000019590380
0x00000000128ef848:   0000000000000004 0000000019590380
0x00000000128ef858:   000000006dce785a 000000008014dd84
0x00000000128ef868:   000000006dd0fcc7 000000008014dd8d
0x00000000128ef878:   000000008014dd8d 000000008014a3f1
0x00000000128ef888:   000000008014a3f1 000000008028d500 

Instructions: (pc=0x000000006dcab7b0)
0x000000006dcab790:   1c 8f 1d 00 48 8b 9c 24 c0 00 00 00 48 81 c4 b0
0x000000006dcab7a0:   00 00 00 5d c3 cc cc cc cc cc cc cc cc cc cc cc
0x000000006dcab7b0:   44 8b 42 08 4c 8b ca 45 85 c0 7e 0e 41 f6 c0 01
0x000000006dcab7c0:   75 57 41 c1 f8 03 41 8b c0 c3 79 4d 80 3d 7e 97 


Register to memory mapping:

RAX=0x0000000000000000 is an unknown value
RBX=0x00000000eefb4a48 is an oop

[error occurred during error reporting (printing register info), id 0xc0000005]

Stack: [0x00000000127f0000,0x00000000128f0000],  sp=0x00000000128ef798,  free space=1021k
Native frames: (J=compiled Java code, j=interpreted, Vv=VM code, C=native code)
V  [jvm.dll+0x8b7b0]


---------------  P R O C E S S  ---------------

Java Threads: ( => current thread )
  0x000000001c2c1000 JavaThread "WorkerExecutor Queue Thread 8" [_thread_blocked, id=15852, stack(0x000000002fa60000,0x000000002fb60000)]
  0x000000001b864800 JavaThread "WorkerExecutor Queue Thread 7" [_thread_blocked, id=13668, stack(0x00000000309f0000,0x0000000030af0000)]
  0x000000001b861800 JavaThread "WorkerExecutor Queue Thread 6" [_thread_blocked, id=16272, stack(0x00000000304f0000,0x00000000305f0000)]
  0x000000001b860800 JavaThread "WorkerExecutor Queue Thread 5" [_thread_blocked, id=16576, stack(0x00000000303f0000,0x00000000304f0000)]
  0x000000001b859000 JavaThread "WorkerExecutor Queue Thread 4" [_thread_blocked, id=16940, stack(0x00000000302f0000,0x00000000303f0000)]
  0x000000001b860000 JavaThread "WorkerExecutor Queue Thread 3" [_thread_blocked, id=9740, stack(0x00000000301f0000,0x00000000302f0000)]
  0x000000001b858000 JavaThread "WorkerExecutor Queue Thread 2" [_thread_blocked, id=14984, stack(0x00000000300f0000,0x00000000301f0000)]
  0x000000001b85e800 JavaThread "WorkerExecutor Queue" [_thread_blocked, id=8616, stack(0x000000002fdf0000,0x000000002fef0000)]
  0x000000001b857800 JavaThread "ForkJoinPool.commonPool-worker-10" daemon [_thread_blocked, id=11232, stack(0x000000002f960000,0x000000002fa60000)]
  0x000000001b85a800 JavaThread "ForkJoinPool.commonPool-worker-1" daemon [_thread_blocked, id=5148, stack(0x000000002f860000,0x000000002f960000)]
  0x000000001b85d800 JavaThread "ForkJoinPool.commonPool-worker-8" daemon [_thread_blocked, id=11508, stack(0x000000002f760000,0x000000002f860000)]
  0x000000001b859800 JavaThread "ForkJoinPool.commonPool-worker-15" daemon [_thread_blocked, id=7560, stack(0x000000002f660000,0x000000002f760000)]
  0x000000001b856800 JavaThread "ForkJoinPool.commonPool-worker-6" daemon [_thread_blocked, id=13680, stack(0x000000002f560000,0x000000002f660000)]
  0x000000001b85c800 JavaThread "ForkJoinPool.commonPool-worker-13" daemon [_thread_blocked, id=10664, stack(0x000000002f460000,0x000000002f560000)]
  0x000000001b85c000 JavaThread "ForkJoinPool.commonPool-worker-4" daemon [_thread_blocked, id=14280, stack(0x000000002f360000,0x000000002f460000)]
  0x000000001b85b000 JavaThread "ForkJoinPool.commonPool-worker-11" daemon [_thread_blocked, id=14948, stack(0x000000002f260000,0x000000002f360000)]
  0x000000002289b800 JavaThread "ForkJoinPool.commonPool-worker-2" daemon [_thread_blocked, id=11704, stack(0x000000002f160000,0x000000002f260000)]
  0x000000002289c800 JavaThread "ForkJoinPool.commonPool-worker-9" daemon [_thread_blocked, id=17076, stack(0x000000002f060000,0x000000002f160000)]
  0x000000002289b000 JavaThread "Cache worker for execution history cache (D:\AndroidProjects\KursachGameShop2\.gradle\6.5\executionHistory)" [_thread_blocked, id=12372, stack(0x000000002eb60000,0x000000002ec60000)]
  0x000000002289a000 JavaThread "Execution worker for ':' Thread 11" [_thread_blocked, id=5780, stack(0x000000002ea60000,0x000000002eb60000)]
  0x000000002289e800 JavaThread "Execution worker for ':' Thread 10" [_thread_blocked, id=12460, stack(0x000000002e960000,0x000000002ea60000)]
  0x0000000022899800 JavaThread "Execution worker for ':' Thread 9" [_thread_blocked, id=13484, stack(0x000000002e860000,0x000000002e960000)]
  0x000000002289e000 JavaThread "Execution worker for ':' Thread 8" [_thread_blocked, id=3984, stack(0x000000002e760000,0x000000002e860000)]
  0x000000002289f800 JavaThread "Execution worker for ':' Thread 7" [_thread_blocked, id=14584, stack(0x000000002e660000,0x000000002e760000)]
  0x0000000022892000 JavaThread "Execution worker for ':' Thread 6" [_thread_blocked, id=4048, stack(0x000000002e560000,0x000000002e660000)]
  0x0000000022898800 JavaThread "Execution worker for ':' Thread 5" [_thread_blocked, id=11116, stack(0x000000002e460000,0x000000002e560000)]
  0x0000000022891000 JavaThread "Execution worker for ':' Thread 4" [_thread_blocked, id=2604, stack(0x000000002e360000,0x000000002e460000)]
  0x0000000022898000 JavaThread "Execution worker for ':' Thread 3" [_thread_blocked, id=9188, stack(0x000000002e260000,0x000000002e360000)]
  0x0000000022890800 JavaThread "Execution worker for ':' Thread 2" [_thread_blocked, id=14168, stack(0x000000002e160000,0x000000002e260000)]
  0x0000000022897000 JavaThread "Execution worker for ':'" [_thread_blocked, id=12076, stack(0x000000002e060000,0x000000002e160000)]
  0x0000000022895000 JavaThread "Cache worker for file content cache (D:\AndroidProjects\KursachGameShop2\.gradle\6.5\fileContent)" [_thread_blocked, id=10208, stack(0x000000002db60000,0x000000002dc60000)]
  0x0000000022894000 JavaThread "Memory manager" [_thread_blocked, id=15548, stack(0x000000002b8d0000,0x000000002b9d0000)]
  0x0000000022896800 JavaThread "pool-1-thread-1" [_thread_blocked, id=3620, stack(0x000000002be90000,0x000000002bf90000)]
  0x0000000022892800 JavaThread "Cache worker for Build Output Cleanup Cache (D:\AndroidProjects\KursachGameShop2\.gradle\buildOutputCleanup)" [_thread_blocked, id=14960, stack(0x0000000029770000,0x0000000029870000)]
  0x0000000022895800 JavaThread "jar transforms Thread 92" [_thread_blocked, id=7944, stack(0x000000002b7d0000,0x000000002b8d0000)]
  0x000000001b3f2000 JavaThread "jar transforms Thread 91" [_thread_blocked, id=17004, stack(0x000000002b6d0000,0x000000002b7d0000)]
  0x000000001b3f4800 JavaThread "jar transforms Thread 90" [_thread_blocked, id=16124, stack(0x000000002b5d0000,0x000000002b6d0000)]
  0x000000001b3f3000 JavaThread "jar transforms Thread 89" [_thread_blocked, id=5480, stack(0x000000002b4d0000,0x000000002b5d0000)]
  0x000000001b3f1800 JavaThread "jar transforms Thread 88" [_thread_blocked, id=10504, stack(0x000000002b3d0000,0x000000002b4d0000)]
  0x000000001b3f3800 JavaThread "jar transforms Thread 87" [_thread_blocked, id=5116, stack(0x000000002b2d0000,0x000000002b3d0000)]
  0x000000001b3ef000 JavaThread "jar transforms Thread 86" [_thread_blocked, id=6224, stack(0x000000002b1d0000,0x000000002b2d0000)]
  0x000000001b3ee800 JavaThread "jar transforms Thread 85" [_thread_blocked, id=3148, stack(0x000000002b0d0000,0x000000002b1d0000)]
  0x000000001b3f0800 JavaThread "jar transforms Thread 84" [_thread_blocked, id=9384, stack(0x000000002afd0000,0x000000002b0d0000)]
  0x000000001b3f0000 JavaThread "jar transforms Thread 83" [_thread_blocked, id=8280, stack(0x000000002aed0000,0x000000002afd0000)]
  0x000000001b3e7000 JavaThread "jar transforms Thread 82" [_thread_blocked, id=16012, stack(0x000000002acd0000,0x000000002add0000)]
  0x000000001b3e8800 JavaThread "jar transforms Thread 81" [_thread_blocked, id=6512, stack(0x000000002abd0000,0x000000002acd0000)]
  0x000000001b3ed800 JavaThread "jar transforms Thread 80" [_thread_blocked, id=13432, stack(0x000000002aad0000,0x000000002abd0000)]
  0x000000001b3ed000 JavaThread "jar transforms Thread 79" [_thread_blocked, id=7596, stack(0x000000002a9d0000,0x000000002aad0000)]
  0x000000001b3e5800 JavaThread "jar transforms Thread 78" [_thread_blocked, id=3876, stack(0x000000002a8d0000,0x000000002a9d0000)]
  0x000000001b3ea800 JavaThread "jar transforms Thread 77" [_thread_blocked, id=1760, stack(0x000000002a7d0000,0x000000002a8d0000)]
  0x000000001b3ec000 JavaThread "jar transforms Thread 76" [_thread_blocked, id=8352, stack(0x000000002a6d0000,0x000000002a7d0000)]
  0x000000001b3ea000 JavaThread "jar transforms Thread 75" [_thread_blocked, id=8600, stack(0x000000002a5d0000,0x000000002a6d0000)]
  0x000000001b3eb800 JavaThread "jar transforms Thread 74" [_thread_blocked, id=1180, stack(0x000000002a4d0000,0x000000002a5d0000)]
  0x000000001b3e6000 JavaThread "jar transforms Thread 73" [_thread_blocked, id=100, stack(0x000000002a3d0000,0x000000002a4d0000)]
  0x000000001b3e9000 JavaThread "jar transforms Thread 72" [_thread_blocked, id=13288, stack(0x000000002a2d0000,0x000000002a3d0000)]
  0x000000001b3e7800 JavaThread "jar transforms Thread 71" [_thread_blocked, id=13576, stack(0x000000002a1d0000,0x000000002a2d0000)]
  0x000000001fa8b800 JavaThread "jar transforms Thread 70" [_thread_blocked, id=15528, stack(0x000000002a0d0000,0x000000002a1d0000)]
  0x000000001fa8b000 JavaThread "jar transforms Thread 69" [_thread_blocked, id=6852, stack(0x0000000029fd0000,0x000000002a0d0000)]
  0x000000001fa8a000 JavaThread "jar transforms Thread 68" [_thread_blocked, id=2860, stack(0x0000000029ed0000,0x0000000029fd0000)]
  0x000000001fa89800 JavaThread "jar transforms Thread 67" [_thread_blocked, id=5092, stack(0x0000000029dd0000,0x0000000029ed0000)]
  0x000000001fa82000 JavaThread "jar transforms Thread 66" [_thread_blocked, id=2308, stack(0x0000000029cd0000,0x0000000029dd0000)]
  0x000000001fa88800 JavaThread "jar transforms Thread 65" [_thread_blocked, id=16360, stack(0x0000000029bd0000,0x0000000029cd0000)]
  0x000000001fa81000 JavaThread "jar transforms Thread 64" [_thread_blocked, id=10124, stack(0x0000000029ad0000,0x0000000029bd0000)]
  0x000000001fa88000 JavaThread "jar transforms Thread 63" [_thread_blocked, id=8500, stack(0x0000000029670000,0x0000000029770000)]
  0x000000001fa87000 JavaThread "jar transforms Thread 62" [_thread_blocked, id=10116, stack(0x0000000029570000,0x0000000029670000)]
  0x000000001fa7f800 JavaThread "jar transforms Thread 61" [_thread_blocked, id=17280, stack(0x0000000029470000,0x0000000029570000)]
  0x000000001fa86800 JavaThread "jar transforms Thread 60" [_thread_blocked, id=168, stack(0x0000000029370000,0x0000000029470000)]
  0x000000001fa85000 JavaThread "jar transforms Thread 59" [_thread_blocked, id=8176, stack(0x0000000029270000,0x0000000029370000)]
  0x000000001fa85800 JavaThread "jar transforms Thread 58" [_thread_blocked, id=13368, stack(0x0000000029170000,0x0000000029270000)]
  0x000000001fa84000 JavaThread "jar transforms Thread 57" [_thread_blocked, id=5168, stack(0x0000000029070000,0x0000000029170000)]
  0x000000001fa80800 JavaThread "jar transforms Thread 56" [_thread_blocked, id=15032, stack(0x0000000028f70000,0x0000000029070000)]
  0x000000001fa7c800 JavaThread "jar transforms Thread 55" [_thread_blocked, id=14160, stack(0x0000000028e70000,0x0000000028f70000)]
  0x000000001fa7f000 JavaThread "jar transforms Thread 54" [_thread_blocked, id=5880, stack(0x0000000028d70000,0x0000000028e70000)]
  0x000000001fa83800 JavaThread "jar transforms Thread 53" [_thread_blocked, id=3416, stack(0x0000000028c70000,0x0000000028d70000)]
  0x000000001fa7e000 JavaThread "jar transforms Thread 52" [_thread_blocked, id=4992, stack(0x0000000028b70000,0x0000000028c70000)]
  0x000000001fa82800 JavaThread "jar transforms Thread 51" [_thread_blocked, id=16964, stack(0x0000000028a70000,0x0000000028b70000)]
  0x000000001fa7d800 JavaThread "jar transforms Thread 50" [_thread_blocked, id=10536, stack(0x0000000028970000,0x0000000028a70000)]
  0x000000001cf75800 JavaThread "jar transforms Thread 49" [_thread_blocked, id=12416, stack(0x0000000028870000,0x0000000028970000)]
  0x000000001cf6e000 JavaThread "jar transforms Thread 48" [_thread_blocked, id=13584, stack(0x0000000028770000,0x0000000028870000)]
  0x000000001cf72800 JavaThread "jar transforms Thread 47" [_thread_blocked, id=4820, stack(0x0000000028670000,0x0000000028770000)]
  0x000000001cf71000 JavaThread "jar transforms Thread 46" [_thread_blocked, id=4836, stack(0x0000000028570000,0x0000000028670000)]
  0x000000001cf74000 JavaThread "jar transforms Thread 45" [_thread_blocked, id=9700, stack(0x0000000028470000,0x0000000028570000)]
  0x000000001cf70000 JavaThread "jar transforms Thread 44" [_thread_blocked, id=9784, stack(0x0000000028370000,0x0000000028470000)]
  0x000000001cf74800 JavaThread "jar transforms Thread 43" [_thread_blocked, id=2324, stack(0x0000000028270000,0x0000000028370000)]
  0x000000001cf73000 JavaThread "jar transforms Thread 42" [_thread_blocked, id=6428, stack(0x0000000028170000,0x0000000028270000)]
  0x000000001cf6f800 JavaThread "jar transforms Thread 41" [_thread_blocked, id=14456, stack(0x0000000028070000,0x0000000028170000)]
  0x000000001cf71800 JavaThread "jar transforms Thread 40" [_thread_blocked, id=16388, stack(0x0000000027f70000,0x0000000028070000)]
  0x000000001cf6e800 JavaThread "jar transforms Thread 39" [_thread_blocked, id=16496, stack(0x0000000027e70000,0x0000000027f70000)]
  0x000000001cf66800 JavaThread "jar transforms Thread 38" [_thread_blocked, id=13424, stack(0x0000000027d70000,0x0000000027e70000)]
  0x000000001cf6d000 JavaThread "jar transforms Thread 37" [_thread_blocked, id=7640, stack(0x0000000027c70000,0x0000000027d70000)]
  0x000000001cf6b800 JavaThread "jar transforms Thread 36" [_thread_blocked, id=11496, stack(0x0000000027b70000,0x0000000027c70000)]
  0x000000001cf68800 JavaThread "jar transforms Thread 35" [_thread_blocked, id=4064, stack(0x0000000027a70000,0x0000000027b70000)]
  0x000000001cf6a000 JavaThread "jar transforms Thread 34" [_thread_blocked, id=16828, stack(0x0000000027970000,0x0000000027a70000)]
  0x000000001cf69800 JavaThread "jar transforms Thread 33" [_thread_blocked, id=15884, stack(0x0000000027870000,0x0000000027970000)]
  0x000000001cf68000 JavaThread "jar transforms Thread 32" [_thread_blocked, id=12708, stack(0x0000000027770000,0x0000000027870000)]
  0x000000001cf67000 JavaThread "jar transforms Thread 31" [_thread_blocked, id=12484, stack(0x0000000027670000,0x0000000027770000)]
  0x000000001cf6b000 JavaThread "jar transforms Thread 30" [_thread_blocked, id=15068, stack(0x0000000027570000,0x0000000027670000)]
  0x000000001cf6c800 JavaThread "jar transforms Thread 29" [_thread_blocked, id=9828, stack(0x0000000027470000,0x0000000027570000)]
  0x000000001f9cc000 JavaThread "jar transforms Thread 28" [_thread_blocked, id=11668, stack(0x0000000027370000,0x0000000027470000)]
  0x000000001f9d3000 JavaThread "jar transforms Thread 27" [_thread_blocked, id=3916, stack(0x0000000027270000,0x0000000027370000)]
  0x000000001f9d2000 JavaThread "jar transforms Thread 26" [_thread_blocked, id=11764, stack(0x0000000027170000,0x0000000027270000)]
  0x000000001f9d1800 JavaThread "jar transforms Thread 25" [_thread_blocked, id=17356, stack(0x0000000027070000,0x0000000027170000)]
  0x000000001f9cd000 JavaThread "jar transforms Thread 24" [_thread_blocked, id=8312, stack(0x0000000026f70000,0x0000000027070000)]
  0x000000001f9cf000 JavaThread "jar transforms Thread 23" [_thread_blocked, id=4360, stack(0x0000000026e70000,0x0000000026f70000)]
  0x000000001f9ce800 JavaThread "jar transforms Thread 22" [_thread_blocked, id=2044, stack(0x0000000026d70000,0x0000000026e70000)]
  0x000000001f9cd800 JavaThread "jar transforms Thread 21" [_thread_blocked, id=11808, stack(0x0000000026c70000,0x0000000026d70000)]
  0x000000001f9d0800 JavaThread "jar transforms Thread 20" [_thread_blocked, id=300, stack(0x0000000026b70000,0x0000000026c70000)]
  0x000000001f9d0000 JavaThread "jar transforms Thread 19" [_thread_blocked, id=13764, stack(0x0000000026a70000,0x0000000026b70000)]
  0x000000001f9c7800 JavaThread "jar transforms Thread 18" [_thread_blocked, id=3572, stack(0x0000000026970000,0x0000000026a70000)]
  0x000000001f9cb800 JavaThread "jar transforms Thread 17" [_thread_blocked, id=16612, stack(0x0000000026870000,0x0000000026970000)]
  0x000000001f9c4000 JavaThread "jar transforms Thread 16" [_thread_blocked, id=15244, stack(0x0000000026770000,0x0000000026870000)]
  0x000000001f9c7000 JavaThread "jar transforms Thread 15" [_thread_blocked, id=8624, stack(0x0000000026670000,0x0000000026770000)]
  0x000000001f9c9000 JavaThread "jar transforms Thread 14" [_thread_blocked, id=3492, stack(0x0000000026570000,0x0000000026670000)]
  0x000000001f9c6000 JavaThread "jar transforms Thread 13" [_thread_blocked, id=4660, stack(0x0000000026470000,0x0000000026570000)]
  0x000000001f9c5800 JavaThread "jar transforms Thread 12" [_thread_blocked, id=17188, stack(0x0000000026370000,0x0000000026470000)]
  0x000000001f9c8800 JavaThread "jar transforms Thread 11" [_thread_blocked, id=10200, stack(0x0000000026270000,0x0000000026370000)]
  0x000000001f9ca800 JavaThread "jar transforms Thread 10" [_thread_blocked, id=9004, stack(0x0000000026170000,0x0000000026270000)]
  0x000000001f9ca000 JavaThread "jar transforms Thread 9" [_thread_blocked, id=12000, stack(0x0000000026070000,0x0000000026170000)]
  0x000000001f9c4800 JavaThread "jar transforms Thread 8" [_thread_blocked, id=5476, stack(0x0000000025f70000,0x0000000026070000)]
  0x000000001b5ee800 JavaThread "jar transforms Thread 7" [_thread_blocked, id=16468, stack(0x0000000025e70000,0x0000000025f70000)]
  0x000000001b5ef800 JavaThread "jar transforms Thread 6" [_thread_blocked, id=16516, stack(0x0000000025d70000,0x0000000025e70000)]
  0x000000001b5ec800 JavaThread "jar transforms Thread 5" [_thread_blocked, id=5752, stack(0x0000000025c70000,0x0000000025d70000)]
  0x000000001b5eb800 JavaThread "jar transforms Thread 4" [_thread_blocked, id=11756, stack(0x0000000025b70000,0x0000000025c70000)]
  0x000000001b5ee000 JavaThread "jar transforms Thread 3" [_thread_blocked, id=10768, stack(0x0000000025a70000,0x0000000025b70000)]
  0x000000001b5eb000 JavaThread "jar transforms Thread 2" [_thread_blocked, id=3056, stack(0x0000000025970000,0x0000000025a70000)]
  0x000000001b5ed000 JavaThread "Build operations Thread 12" [_thread_blocked, id=3704, stack(0x0000000025870000,0x0000000025970000)]
  0x000000001b5e3000 JavaThread "Build operations Thread 11" [_thread_blocked, id=7864, stack(0x0000000025770000,0x0000000025870000)]
  0x000000001b5e9800 JavaThread "Build operations Thread 10" [_thread_blocked, id=5652, stack(0x0000000025670000,0x0000000025770000)]
  0x000000001b5e8800 JavaThread "Build operations Thread 9" [_thread_blocked, id=16872, stack(0x0000000025570000,0x0000000025670000)]
  0x000000001b5e8000 JavaThread "Build operations Thread 8" [_thread_blocked, id=9396, stack(0x0000000025470000,0x0000000025570000)]
  0x000000001b5ea000 JavaThread "Build operations Thread 7" [_thread_blocked, id=13960, stack(0x0000000025370000,0x0000000025470000)]
  0x000000001b5e0000 JavaThread "Build operations Thread 6" [_thread_blocked, id=9844, stack(0x0000000025170000,0x0000000025270000)]
  0x000000001b5e2800 JavaThread "Build operations Thread 5" [_thread_blocked, id=7576, stack(0x0000000025070000,0x0000000025170000)]
  0x000000001b5e7000 JavaThread "Build operations Thread 4" [_thread_blocked, id=15292, stack(0x0000000024f70000,0x0000000025070000)]
  0x000000001b5e1000 JavaThread "Build operations Thread 3" [_thread_blocked, id=9460, stack(0x0000000024e70000,0x0000000024f70000)]
  0x000000001b5e6800 JavaThread "Build operations Thread 2" [_thread_blocked, id=15856, stack(0x0000000024d70000,0x0000000024e70000)]
  0x000000001b5e5800 JavaThread "Build operations" [_thread_blocked, id=17304, stack(0x0000000024a10000,0x0000000024b10000)]
  0x000000001ce7e000 JavaThread "Cache worker for file content cache (C:\Users\Alex\.gradle\caches\6.5\fileContent)" [_thread_blocked, id=12648, stack(0x0000000023540000,0x0000000023640000)]
  0x000000001ce7d800 JavaThread "jar transforms" [_thread_blocked, id=7312, stack(0x0000000023440000,0x0000000023540000)]
  0x000000001ce7a000 JavaThread "Cache worker for execution history cache (C:\Users\Alex\.gradle\caches\6.5\executionHistory)" [_thread_blocked, id=11620, stack(0x0000000022c40000,0x0000000022d40000)]
  0x000000001ce7c800 JavaThread "Cache worker for cache directory md-rule (C:\Users\Alex\.gradle\caches\6.5\md-rule)" [_thread_blocked, id=15556, stack(0x0000000022b40000,0x0000000022c40000)]
  0x000000001ce7b000 JavaThread "Cache worker for cache directory md-supplier (C:\Users\Alex\.gradle\caches\6.5\md-supplier)" [_thread_blocked, id=16432, stack(0x00000000217f0000,0x00000000218f0000)]
  0x000000001ce78800 JavaThread "Cache worker for checksums cache (D:\AndroidProjects\KursachGameShop2\.gradle\checksums)" [_thread_blocked, id=13496, stack(0x00000000214f0000,0x00000000215f0000)]
  0x000000001ce78000 JavaThread "Cache worker for file hash cache (D:\AndroidProjects\KursachGameShop2\.gradle\6.5\fileHashes)" [_thread_blocked, id=8936, stack(0x0000000022f40000,0x0000000023040000)]
  0x000000001ce7c000 JavaThread "Cache worker for file hash cache (C:\Users\Alex\.gradle\caches\6.5\fileHashes)" [_thread_blocked, id=3520, stack(0x000000001f250000,0x000000001f350000)]
  0x000000001ce79800 JavaThread "File lock request listener" [_thread_in_native, id=9600, stack(0x000000001f150000,0x000000001f250000)]
  0x0000000019672800 JavaThread "Cache worker for journal cache (C:\Users\Alex\.gradle\caches\journal-1)" [_thread_blocked, id=3084, stack(0x000000001f050000,0x000000001f150000)]
  0x000000001cec8000 JavaThread "Thread-9" [_thread_blocked, id=10336, stack(0x000000001ed50000,0x000000001ee50000)]
  0x000000001cec6000 JavaThread "Stdin handler" [_thread_blocked, id=12488, stack(0x000000001ec50000,0x000000001ed50000)]
  0x000000001ce76800 JavaThread "Asynchronous log dispatcher for DefaultDaemonConnection: socket connection from /127.0.0.1:57378 to /127.0.0.1:57379" [_thread_blocked, id=10364, stack(0x000000001eb50000,0x000000001ec50000)]
  0x000000001cdff000 JavaThread "Daemon worker" [_thread_blocked, id=17116, stack(0x000000001ea50000,0x000000001eb50000)]
  0x000000001cecb000 JavaThread "Cancel handler" [_thread_blocked, id=10976, stack(0x000000001e950000,0x000000001ea50000)]
  0x000000001ce12800 JavaThread "Handler for socket connection from /127.0.0.1:57378 to /127.0.0.1:57379" [_thread_in_native, id=12672, stack(0x000000001e850000,0x000000001e950000)]
  0x000000001cd59800 JavaThread "Daemon" [_thread_blocked, id=12364, stack(0x000000001e550000,0x000000001e650000)]
  0x000000001cd46000 JavaThread "Daemon periodic checks" [_thread_blocked, id=4236, stack(0x000000001e450000,0x000000001e550000)]
  0x000000001cdd9800 JavaThread "Incoming local TCP Connector on port 57378" [_thread_in_native, id=6404, stack(0x000000001e200000,0x000000001e300000)]
  0x000000001c9a9000 JavaThread "Daemon health stats" [_thread_blocked, id=10444, stack(0x000000001dbc0000,0x000000001dcc0000)]
  0x00000000195e1800 JavaThread "Service Thread" daemon [_thread_blocked, id=2128, stack(0x000000001b020000,0x000000001b120000)]
  0x00000000195d1000 JavaThread "C1 CompilerThread3" daemon [_thread_blocked, id=5648, stack(0x000000001af20000,0x000000001b020000)]
  0x00000000195d0800 JavaThread "C2 CompilerThread2" daemon [_thread_blocked, id=12844, stack(0x000000001ae20000,0x000000001af20000)]
  0x00000000195cb800 JavaThread "C2 CompilerThread1" daemon [_thread_blocked, id=2988, stack(0x000000001ad20000,0x000000001ae20000)]
  0x00000000195c2800 JavaThread "C2 CompilerThread0" daemon [_thread_blocked, id=6464, stack(0x000000001ac20000,0x000000001ad20000)]
  0x00000000195c1000 JavaThread "Attach Listener" daemon [_thread_blocked, id=2896, stack(0x000000001ab20000,0x000000001ac20000)]
  0x0000000017eee800 JavaThread "Signal Dispatcher" daemon [_thread_blocked, id=3372, stack(0x000000001aa20000,0x000000001ab20000)]
  0x0000000017ee2000 JavaThread "Finalizer" daemon [_thread_blocked, id=12144, stack(0x000000001a810000,0x000000001a910000)]
  0x00000000195b3000 JavaThread "Reference Handler" daemon [_thread_blocked, id=7136, stack(0x000000001a710000,0x000000001a810000)]
  0x000000000112d800 JavaThread "main" [_thread_blocked, id=268, stack(0x0000000002a70000,0x0000000002b70000)]

Other Threads:
  0x0000000019592800 VMThread [stack: 0x000000001a610000,0x000000001a710000] [id=11376]
  0x00000000195e2000 WatcherThread [stack: 0x000000001b120000,0x000000001b220000] [id=1976]

=>0x0000000002b88800 (exited) GCTaskThread [stack: 0x00000000127f0000,0x00000000128f0000] [id=1544]

VM state:at safepoint (normal execution)

VM Mutex/Monitor currently owned by a thread:  ([mutex/lock_event])
[0x000000000112cb10] Threads_lock - owner thread: 0x0000000019592800
[0x0000000002b70750] Heap_lock - owner thread: 0x000000001b85c800

heap address: 0x0000000080000000, size: 2048 MB, Compressed Oops mode: 32-bit
Narrow klass base: 0x0000000000000000, Narrow klass shift: 3
Compressed class space size: 1073741824 Address: 0x0000000100000000

Heap:
 PSYoungGen      total 395264K, used 395233K [0x00000000d5580000, 0x00000000f3700000, 0x0000000100000000)
  eden space 367616K, 100% used [0x00000000d5580000,0x00000000ebc80000,0x00000000ebc80000)
  from space 27648K, 99% used [0x00000000eec00000,0x00000000f06f8610,0x00000000f0700000)
  to   space 48640K, 35% used [0x00000000ebc80000,0x00000000ecd8d0f8,0x00000000eec00000)
 ParOldGen       total 212992K, used 114670K [0x0000000080000000, 0x000000008d000000, 0x00000000d5580000)
  object space 212992K, 53% used [0x0000000080000000,0x0000000086ffb978,0x000000008d000000)
 Metaspace       used 78985K, capacity 84172K, committed 84376K, reserved 1122304K
  class space    used 11027K, capacity 11939K, committed 11952K, reserved 1048576K

Card table byte_map: [0x0000000012030000,0x0000000012440000] byte_map_base: 0x0000000011c30000

Marking Bits: (ParMarkBitMap*) 0x000000006e3ef030
 Begin Bits: [0x00000000130f0000, 0x00000000150f0000)
 End Bits:   [0x00000000150f0000, 0x00000000170f0000)

Polling page: 0x0000000001110000

CodeCache: size=245760Kb used=31118Kb max_used=31129Kb free=214641Kb
 bounds [0x0000000002c70000, 0x0000000004b00000, 0x0000000011c70000]
 total_blobs=10856 nmethods=10026 adapters=742
 compilation: enabled

Compilation events (10 events):
Event: 9.015 Thread 0x00000000195d0800 11618   !   4       java.util.zip.Deflater::needsInput (27 bytes)
Event: 9.016 Thread 0x00000000195d0800 nmethod 11618 0x0000000004af5d90 code [0x0000000004af5ee0, 0x0000000004af6138]
Event: 9.017 Thread 0x00000000195cb800 11619       4       java.util.zip.Deflater::ensureOpen (47 bytes)
Event: 9.017 Thread 0x00000000195cb800 nmethod 11619 0x00000000043589d0 code [0x0000000004358b00, 0x0000000004358b98]
Event: 9.031 Thread 0x00000000195d1000 11621       3       sun.nio.ch.FileDispatcherImpl::seek (6 bytes)
Event: 9.032 Thread 0x00000000195d1000 nmethod 11621 0x0000000004af5650 code [0x0000000004af57c0, 0x0000000004af5948]
Event: 9.032 Thread 0x00000000195d1000 11622   !   3       sun.nio.ch.FileChannelImpl::position (261 bytes)
Event: 9.032 Thread 0x00000000195d1000 nmethod 11622 0x0000000004af3b10 code [0x0000000004af3d80, 0x0000000004af4e08]
Event: 9.040 Thread 0x00000000195c2800 11623   !   4       org.gradle.internal.classloader.FilteringClassLoader::loadClass (62 bytes)
Event: 9.046 Thread 0x00000000195d1000 11624       1       java.security.Provider$Service::getProvider (5 bytes)

GC Heap History (10 events):
Event: 3.823 GC heap after
Heap after GC invocations=9 (full 2):
 PSYoungGen      total 232448K, used 14827K [0x00000000d5580000, 0x00000000ebb00000, 0x0000000100000000)
  eden space 217600K, 0% used [0x00000000d5580000,0x00000000d5580000,0x00000000e2a00000)
  from space 14848K, 99% used [0x00000000e2a00000,0x00000000e387ae38,0x00000000e3880000)
  to   space 16896K, 0% used [0x00000000eaa80000,0x00000000eaa80000,0x00000000ebb00000)
 ParOldGen       total 139776K, used 14778K [0x0000000080000000, 0x0000000088880000, 0x00000000d5580000)
  object space 139776K, 10% used [0x0000000080000000,0x0000000080e6e8e0,0x0000000088880000)
 Metaspace       used 45448K, capacity 47376K, committed 47528K, reserved 1089536K
  class space    used 6160K, capacity 6512K, committed 6576K, reserved 1048576K
}
Event: 4.691 GC heap before
{Heap before GC invocations=10 (full 2):
 PSYoungGen      total 232448K, used 157854K [0x00000000d5580000, 0x00000000ebb00000, 0x0000000100000000)
  eden space 217600K, 65% used [0x00000000d5580000,0x00000000de12cad0,0x00000000e2a00000)
  from space 14848K, 99% used [0x00000000e2a00000,0x00000000e387ae38,0x00000000e3880000)
  to   space 16896K, 0% used [0x00000000eaa80000,0x00000000eaa80000,0x00000000ebb00000)
 ParOldGen       total 139776K, used 14778K [0x0000000080000000, 0x0000000088880000, 0x00000000d5580000)
  object space 139776K, 10% used [0x0000000080000000,0x0000000080e6e8e0,0x0000000088880000)
 Metaspace       used 56556K, capacity 59020K, committed 59160K, reserved 1099776K
  class space    used 7755K, capacity 8233K, committed 8240K, reserved 1048576K
Event: 4.703 GC heap after
Heap after GC invocations=10 (full 2):
 PSYoungGen      total 343552K, used 16880K [0x00000000d5580000, 0x00000000ec100000, 0x0000000100000000)
  eden space 326656K, 0% used [0x00000000d5580000,0x00000000d5580000,0x00000000e9480000)
  from space 16896K, 99% used [0x00000000eaa80000,0x00000000ebafc108,0x00000000ebb00000)
  to   space 22528K, 0% used [0x00000000e9480000,0x00000000e9480000,0x00000000eaa80000)
 ParOldGen       total 139776K, used 22425K [0x0000000080000000, 0x0000000088880000, 0x00000000d5580000)
  object space 139776K, 16% used [0x0000000080000000,0x00000000815e6610,0x0000000088880000)
 Metaspace       used 56556K, capacity 59020K, committed 59160K, reserved 1099776K
  class space    used 7755K, capacity 8233K, committed 8240K, reserved 1048576K
}
Event: 4.703 GC heap before
{Heap before GC invocations=11 (full 3):
 PSYoungGen      total 343552K, used 16880K [0x00000000d5580000, 0x00000000ec100000, 0x0000000100000000)
  eden space 326656K, 0% used [0x00000000d5580000,0x00000000d5580000,0x00000000e9480000)
  from space 16896K, 99% used [0x00000000eaa80000,0x00000000ebafc108,0x00000000ebb00000)
  to   space 22528K, 0% used [0x00000000e9480000,0x00000000e9480000,0x00000000eaa80000)
 ParOldGen       total 139776K, used 22425K [0x0000000080000000, 0x0000000088880000, 0x00000000d5580000)
  object space 139776K, 16% used [0x0000000080000000,0x00000000815e6610,0x0000000088880000)
 Metaspace       used 56556K, capacity 59020K, committed 59160K, reserved 1099776K
  class space    used 7755K, capacity 8233K, committed 8240K, reserved 1048576K
Event: 4.843 GC heap after
Heap after GC invocations=11 (full 3):
 PSYoungGen      total 343552K, used 0K [0x00000000d5580000, 0x00000000ec100000, 0x0000000100000000)
  eden space 326656K, 0% used [0x00000000d5580000,0x00000000d5580000,0x00000000e9480000)
  from space 16896K, 0% used [0x00000000eaa80000,0x00000000eaa80000,0x00000000ebb00000)
  to   space 22528K, 0% used [0x00000000e9480000,0x00000000e9480000,0x00000000eaa80000)
 ParOldGen       total 212992K, used 36332K [0x0000000080000000, 0x000000008d000000, 0x00000000d5580000)
  object space 212992K, 17% used [0x0000000080000000,0x000000008237b1d8,0x000000008d000000)
 Metaspace       used 56488K, capacity 58792K, committed 59160K, reserved 1099776K
  class space    used 7734K, capacity 8195K, committed 8240K, reserved 1048576K
}
Event: 6.210 GC heap before
{Heap before GC invocations=12 (full 3):
 PSYoungGen      total 343552K, used 326656K [0x00000000d5580000, 0x00000000ec100000, 0x0000000100000000)
  eden space 326656K, 100% used [0x00000000d5580000,0x00000000e9480000,0x00000000e9480000)
  from space 16896K, 0% used [0x00000000eaa80000,0x00000000eaa80000,0x00000000ebb00000)
  to   space 22528K, 0% used [0x00000000e9480000,0x00000000e9480000,0x00000000eaa80000)
 ParOldGen       total 212992K, used 36332K [0x0000000080000000, 0x000000008d000000, 0x00000000d5580000)
  object space 212992K, 17% used [0x0000000080000000,0x000000008237b1d8,0x000000008d000000)
 Metaspace       used 64883K, capacity 68490K, committed 68760K, reserved 1107968K
  class space    used 8954K, capacity 9620K, committed 9648K, reserved 1048576K
Event: 6.224 GC heap after
Heap after GC invocations=12 (full 3):
 PSYoungGen      total 349184K, used 22524K [0x00000000d5580000, 0x00000000f0700000, 0x0000000100000000)
  eden space 326656K, 0% used [0x00000000d5580000,0x00000000d5580000,0x00000000e9480000)
  from space 22528K, 99% used [0x00000000e9480000,0x00000000eaa7f1b8,0x00000000eaa80000)
  to   space 27648K, 0% used [0x00000000eec00000,0x00000000eec00000,0x00000000f0700000)
 ParOldGen       total 212992K, used 40956K [0x0000000080000000, 0x000000008d000000, 0x00000000d5580000)
  object space 212992K, 19% used [0x0000000080000000,0x00000000827ff078,0x000000008d000000)
 Metaspace       used 64883K, capacity 68490K, committed 68760K, reserved 1107968K
  class space    used 8954K, capacity 9620K, committed 9648K, reserved 1048576K
}
Event: 7.259 GC heap before
{Heap before GC invocations=13 (full 3):
 PSYoungGen      total 349184K, used 349147K [0x00000000d5580000, 0x00000000f0700000, 0x0000000100000000)
  eden space 326656K, 99% used [0x00000000d5580000,0x00000000e9477e28,0x00000000e9480000)
  from space 22528K, 99% used [0x00000000e9480000,0x00000000eaa7f1b8,0x00000000eaa80000)
  to   space 27648K, 0% used [0x00000000eec00000,0x00000000eec00000,0x00000000f0700000)
 ParOldGen       total 212992K, used 40956K [0x0000000080000000, 0x000000008d000000, 0x00000000d5580000)
  object space 212992K, 19% used [0x0000000080000000,0x00000000827ff078,0x000000008d000000)
 Metaspace       used 74056K, capacity 78864K, committed 79128K, reserved 1118208K
  class space    used 10379K, capacity 11249K, committed 11312K, reserved 1048576K
Event: 7.290 GC heap after
Heap after GC invocations=13 (full 3):
 PSYoungGen      total 395264K, used 27617K [0x00000000d5580000, 0x00000000f3700000, 0x0000000100000000)
  eden space 367616K, 0% used [0x00000000d5580000,0x00000000d5580000,0x00000000ebc80000)
  from space 27648K, 99% used [0x00000000eec00000,0x00000000f06f8610,0x00000000f0700000)
  to   space 48640K, 0% used [0x00000000ebc80000,0x00000000ebc80000,0x00000000eec00000)
 ParOldGen       total 212992K, used 87973K [0x0000000080000000, 0x000000008d000000, 0x00000000d5580000)
  object space 212992K, 41% used [0x0000000080000000,0x00000000855e9560,0x000000008d000000)
 Metaspace       used 74056K, capacity 78864K, committed 79128K, reserved 1118208K
  class space    used 10379K, capacity 11249K, committed 11312K, reserved 1048576K
}
Event: 9.047 GC heap before
{Heap before GC invocations=14 (full 3):
 PSYoungGen      total 395264K, used 395233K [0x00000000d5580000, 0x00000000f3700000, 0x0000000100000000)
  eden space 367616K, 100% used [0x00000000d5580000,0x00000000ebc80000,0x00000000ebc80000)
  from space 27648K, 99% used [0x00000000eec00000,0x00000000f06f8610,0x00000000f0700000)
  to   space 48640K, 0% used [0x00000000ebc80000,0x00000000ebc80000,0x00000000eec00000)
 ParOldGen       total 212992K, used 87973K [0x0000000080000000, 0x000000008d000000, 0x00000000d5580000)
  object space 212992K, 41% used [0x0000000080000000,0x00000000855e9560,0x000000008d000000)
 Metaspace       used 78985K, capacity 84172K, committed 84376K, reserved 1122304K
  class space    used 11027K, capacity 11939K, committed 11952K, reserved 1048576K

Deoptimization events (10 events):
Event: 8.656 Thread 0x0000000022891000 Uncommon trap: reason=unstable_if action=reinterpret pc=0x0000000002f98574 method=java.lang.String.lastIndexOf([CII[CIII)I @ 17
Event: 8.864 Thread 0x0000000022891000 Uncommon trap: reason=bimorphic action=maybe_recompile pc=0x000000000475628c method=java.util.stream.AbstractPipeline.copyIntoWithCancel(Ljava/util/stream/Sink;Ljava/util/Spliterator;)V @ 24
Event: 8.880 Thread 0x000000001b860000 Uncommon trap: reason=unstable_if action=reinterpret pc=0x00000000041cb3b4 method=java.io.BufferedInputStream.fill()V @ 9
Event: 8.880 Thread 0x000000001b860000 Uncommon trap: reason=class_check action=maybe_recompile pc=0x0000000003387188 method=java.io.DataInputStream.readUnsignedShort()I @ 4
Event: 8.880 Thread 0x000000001b860000 Uncommon trap: reason=unstable_if action=reinterpret pc=0x0000000002f41e3c method=java.io.BufferedInputStream.read([BII)I @ 31
Event: 8.880 Thread 0x000000001b860000 Uncommon trap: reason=class_check action=maybe_recompile pc=0x0000000003387188 method=java.io.DataInputStream.readUnsignedShort()I @ 4
Event: 8.894 Thread 0x000000001b860000 Uncommon trap: reason=unstable_if action=reinterpret pc=0x00000000032592d0 method=java.util.stream.StreamOpFlag.getMask(I)I @ 1
Event: 8.916 Thread 0x000000001b860000 Uncommon trap: reason=unstable_if action=reinterpret pc=0x00000000042759c8 method=java.util.Spliterators$ArraySpliterator.forEachRemaining(Ljava/util/function/Consumer;)V @ 46
Event: 9.028 Thread 0x000000001b85b000 Uncommon trap: reason=unstable_if action=reinterpret pc=0x0000000004af6100 method=java.util.zip.Deflater.needsInput()Z @ 11
Event: 9.031 Thread 0x000000001b860000 Uncommon trap: reason=unstable_if action=reinterpret pc=0x0000000003d06100 method=java.nio.Buffer.limit(I)Ljava/nio/Buffer; @ 33

Classes redefined (0 events):
No events

Internal exceptions (10 events):
Event: 7.353 Thread 0x000000001d8ee000 Implicit null exception at 0x0000000003586b2f to 0x0000000003586c21
Event: 7.353 Thread 0x000000001d8ef800 Implicit null exception at 0x0000000003586b2f to 0x0000000003586c21
Event: 7.353 Thread 0x000000001d8ef000 Implicit null exception at 0x0000000003586b2f to 0x0000000003586c21
Event: 8.099 Thread 0x000000001d8f1000 Implicit null exception at 0x000000000483218f to 0x0000000004832396
Event: 8.105 Thread 0x000000001d8f1000 Implicit null exception at 0x000000000368854f to 0x00000000036886bd
Event: 8.544 Thread 0x000000001d8f1000 Exception <a 'sun/nio/fs/WindowsException'> (0x00000000e6ce21c8) thrown at [C:\src\AOSP-openjdk-git\hotspot\src\share\vm\prims\jni.cpp, line 710]
Event: 8.646 Thread 0x0000000022891000 Exception <a 'java/lang/NoSuchMethodError': java.lang.Object.lambda$comparingByKey$bbdbfea9$1(Ljava/util/Map$Entry;Ljava/util/Map$Entry;)I> (0x00000000e6da3900) thrown at [C:\src\AOSP-openjdk-git\hotspot\src\share\vm\interpreter\linkResolver.cpp, line 620
Event: 8.870 Thread 0x0000000022891000 Exception <a 'java/lang/NoSuchMethodError': <clinit>> (0x00000000ea385f58) thrown at [C:\src\AOSP-openjdk-git\hotspot\src\share\vm\prims\jni.cpp, line 1615]
Event: 8.888 Thread 0x000000001b860000 Exception <a 'java/lang/NoSuchMethodError': java.lang.Object.newSystemTemporaryDirectory()Lcom/android/tools/build/apkzlib/bytestorage/TemporaryDirectory;> (0x00000000ea718e18) thrown at [C:\src\AOSP-openjdk-git\hotspot\src\share\vm\interpreter\linkResolv
Event: 8.916 Thread 0x000000001b860000 Exception <a 'java/lang/NoSuchMethodError': java.lang.Object.lambda$static$0(Lcom/android/apksig/util/RunnablesProvider;)V> (0x00000000ea9f0ff8) thrown at [C:\src\AOSP-openjdk-git\hotspot\src\share\vm\interpreter\linkResolver.cpp, line 620]

Events (10 events):
Event: 9.045 loading class com/android/apksig/internal/apk/ApkSigningBlockUtils$ChunkDigester done
Event: 9.045 loading class com/android/apksig/util/DataSinks
Event: 9.046 loading class com/android/apksig/util/DataSinks done
Event: 9.046 loading class com/android/apksig/util/ReadableDataSink
Event: 9.046 loading class com/android/apksig/util/ReadableDataSink done
Event: 9.046 loading class com/android/apksig/util/DataSink
Event: 9.046 loading class com/android/apksig/util/DataSink done
Event: 9.046 loading class com/android/apksig/internal/util/MessageDigestSink
Event: 9.046 loading class com/android/apksig/internal/util/MessageDigestSink done
Event: 9.046 Executing VM operation: ParallelGCFailedAllocation


Dynamic libraries:
0x00007ff791ad0000 - 0x00007ff791b01000 	D:\Android\jre\bin\java.exe
0x00007ffe4f890000 - 0x00007ffe4fa86000 	C:\WINDOWS\SYSTEM32\ntdll.dll
0x00007ffe4d8f0000 - 0x00007ffe4d9ad000 	C:\WINDOWS\System32\KERNEL32.DLL
0x00007ffe4d2c0000 - 0x00007ffe4d589000 	C:\WINDOWS\System32\KERNELBASE.dll
0x00007ffe4db20000 - 0x00007ffe4dbcc000 	C:\WINDOWS\System32\ADVAPI32.dll
0x00007ffe4ebc0000 - 0x00007ffe4ec5e000 	C:\WINDOWS\System32\msvcrt.dll
0x00007ffe4dcb0000 - 0x00007ffe4dd4c000 	C:\WINDOWS\System32\sechost.dll
0x00007ffe4f1d0000 - 0x00007ffe4f2fb000 	C:\WINDOWS\System32\RPCRT4.dll
0x00007ffe4df40000 - 0x00007ffe4e0e0000 	C:\WINDOWS\System32\USER32.dll
0x00007ffe4d8c0000 - 0x00007ffe4d8e2000 	C:\WINDOWS\System32\win32u.dll
0x00007ffe4f190000 - 0x00007ffe4f1ba000 	C:\WINDOWS\System32\GDI32.dll
0x00007ffe4cfd0000 - 0x00007ffe4d0db000 	C:\WINDOWS\System32\gdi32full.dll
0x00007ffe4d590000 - 0x00007ffe4d62d000 	C:\WINDOWS\System32\msvcp_win.dll
0x00007ffe4d7c0000 - 0x00007ffe4d8c0000 	C:\WINDOWS\System32\ucrtbase.dll
0x00007ffe4c3e0000 - 0x00007ffe4c67b000 	C:\WINDOWS\WinSxS\amd64_microsoft.windows.common-controls_6595b64144ccf1df_6.0.19041.746_none_ca02b4b61b8320a4\COMCTL32.dll
0x00007ffe4e0e0000 - 0x00007ffe4e110000 	C:\WINDOWS\System32\IMM32.DLL
0x000000006db40000 - 0x000000006dc12000 	D:\Android\jre\jre\bin\msvcr100.dll
0x000000006dc20000 - 0x000000006e46b000 	D:\Android\jre\jre\bin\server\jvm.dll
0x00007ffe4da10000 - 0x00007ffe4da18000 	C:\WINDOWS\System32\PSAPI.DLL
0x00007ffe301f0000 - 0x00007ffe30217000 	C:\WINDOWS\SYSTEM32\WINMM.dll
0x00007ffe44e00000 - 0x00007ffe44e0a000 	C:\WINDOWS\SYSTEM32\VERSION.dll
0x00007ffe4ab10000 - 0x00007ffe4ab19000 	C:\WINDOWS\SYSTEM32\WSOCK32.dll
0x00007ffe4dab0000 - 0x00007ffe4db1b000 	C:\WINDOWS\System32\WS2_32.dll
0x00007ffe47c70000 - 0x00007ffe47c7f000 	D:\Android\jre\jre\bin\verify.dll
0x00007ffe3f3f0000 - 0x00007ffe3f419000 	D:\Android\jre\jre\bin\java.dll
0x00007ffe46290000 - 0x00007ffe462a6000 	D:\Android\jre\jre\bin\zip.dll
0x00007ffe4e110000 - 0x00007ffe4e852000 	C:\WINDOWS\System32\SHELL32.dll
0x00007ffe4a330000 - 0x00007ffe4aac0000 	C:\WINDOWS\SYSTEM32\windows.storage.dll
0x00007ffe4e860000 - 0x00007ffe4ebb6000 	C:\WINDOWS\System32\combase.dll
0x00007ffe4c340000 - 0x00007ffe4c36c000 	C:\WINDOWS\SYSTEM32\Wldp.dll
0x00007ffe4f000000 - 0x00007ffe4f0ae000 	C:\WINDOWS\System32\SHCORE.dll
0x00007ffe4f0b0000 - 0x00007ffe4f105000 	C:\WINDOWS\System32\shlwapi.dll
0x00007ffe4cf00000 - 0x00007ffe4cf26000 	C:\WINDOWS\SYSTEM32\profapi.dll
0x00007ffe45f80000 - 0x00007ffe45f9a000 	D:\Android\jre\jre\bin\net.dll
0x00007ffe4c0c0000 - 0x00007ffe4c12a000 	C:\WINDOWS\system32\mswsock.dll
0x00007ffe45c50000 - 0x00007ffe45c63000 	D:\Android\jre\jre\bin\nio.dll
0x00007ffe31430000 - 0x00007ffe31457000 	C:\Users\Alex\.gradle\native\f6784746aeab05261644944871eae4fe03e0ef1612fff0a4a95f87b438bc6780\windows-amd64\native-platform.dll
0x00007ffe46c70000 - 0x00007ffe46c7d000 	D:\Android\jre\jre\bin\management.dll
0x00007ffe4cd50000 - 0x00007ffe4cd68000 	C:\WINDOWS\SYSTEM32\CRYPTSP.dll
0x00007ffe4ba80000 - 0x00007ffe4bab4000 	C:\WINDOWS\system32\rsaenh.dll
0x00007ffe4d630000 - 0x00007ffe4d657000 	C:\WINDOWS\System32\bcrypt.dll
0x00007ffe4cec0000 - 0x00007ffe4ceee000 	C:\WINDOWS\SYSTEM32\USERENV.dll
0x00007ffe4d0e0000 - 0x00007ffe4d160000 	C:\WINDOWS\System32\bcryptprimitives.dll
0x00007ffe4c180000 - 0x00007ffe4c18c000 	C:\WINDOWS\SYSTEM32\CRYPTBASE.dll
0x00007ffe4bdb0000 - 0x00007ffe4bdeb000 	C:\WINDOWS\SYSTEM32\IPHLPAPI.DLL
0x00007ffe4f1c0000 - 0x00007ffe4f1c8000 	C:\WINDOWS\System32\NSI.dll
0x00007ffe46ec0000 - 0x00007ffe46ed7000 	C:\WINDOWS\SYSTEM32\dhcpcsvc6.DLL
0x00007ffe46e90000 - 0x00007ffe46ead000 	C:\WINDOWS\SYSTEM32\dhcpcsvc.DLL
0x00007ffe4bdf0000 - 0x00007ffe4bebb000 	C:\WINDOWS\SYSTEM32\DNSAPI.dll
0x00007ffe45720000 - 0x00007ffe4572b000 	C:\WINDOWS\SYSTEM32\WINNSI.DLL
0x00007ffe4c9f0000 - 0x00007ffe4cbd4000 	C:\WINDOWS\SYSTEM32\dbghelp.dll

VM Arguments:
jvm_args: -Xmx2048m -Dfile.encoding=UTF-8 -Duser.country=RU -Duser.language=ru -Duser.variant 
java_command: org.gradle.launcher.daemon.bootstrap.GradleDaemon 6.5
java_class_path (initial): C:\Users\Alex\.gradle\wrapper\dists\gradle-6.5-all\2oz4ud9k3tuxjg84bbf55q0tn\gradle-6.5\lib\gradle-launcher-6.5.jar
Launcher Type: SUN_STANDARD

Environment Variables:
PATH=C:\Windows\system32;C:\Windows;C:\Windows\System32\Wbem;C:\Windows\System32\WindowsPowerShell\v1.0\;C:\Windows\System32\OpenSSH\;C:\Program Files (x86)\NVIDIA Corporation\PhysX\Common;C:\Program Files\dotnet\;C:\Program Files\Microsoft SQL Server\130\Tools\Binn\;C:\Program Files\Microsoft SQL Server\Client SDK\ODBC\170\Tools\Binn\;C:\Program Files\NVIDIA Corporation\NVIDIA NvDLISR;C:\WINDOWS\system32;C:\WINDOWS;C:\WINDOWS\System32\Wbem;C:\WINDOWS\System32\WindowsPowerShell\v1.0\;C:\WINDOWS\System32\OpenSSH\;C:\Program Files\Git\cmd;C:\Program Files\Git\mingw64\bin;C:\Program Files\Git\usr\bin;C:\Python39\Scripts\;C:\Python39\;C:\Users\Alex\AppData\Local\Microsoft\WindowsApps;;C:\Program Files\JetBrains\IntelliJ IDEA Community Edition 2020.3.1\bin;;C:\Users\Alex\.dotnet\tools
USERNAME=Alex
OS=Windows_NT
PROCESSOR_IDENTIFIER=Intel64 Family 6 Model 158 Stepping 10, GenuineIntel



---------------  S Y S T E M  ---------------

OS: Windows 10.0 , 64 bit Build 19041 (10.0.19041.804)

CPU:total 12 (initial active 12) (6 cores per cpu, 2 threads per core) family 6 model 158 stepping 10, cmov, cx8, fxsr, mmx, sse, sse2, sse3, ssse3, sse4.1, sse4.2, popcnt, avx, avx2, aes, clmul, erms, 3dnowpref, lzcnt, ht, tsc, tscinvbit, bmi1, bmi2, adx

Memory: 4k page, physical 16622900k(6385272k free), swap 19113268k(4857296k free)

vm_info: OpenJDK 64-Bit Server VM (25.242-b01) for windows-amd64 JRE (1.8.0_242-release-1644-b01), built by "builder" with MS VC++ 10.0 (VS2010)

time: Sat Mar 06 06:51:50 2021
timezone: RTZ 2 (зима)
elapsed time: 9 seconds (0d 0h 0m 9s)

