#
# A fatal error has been detected by the Java Runtime Environment:
#
#  EXCEPTION_ACCESS_VIOLATION (0xc0000005) at pc=0x0000000075dcf708, pid=9004, tid=0x0000000000003bc8
#
# JRE version: OpenJDK Runtime Environment (8.0_242-b01) (build 1.8.0_242-release-1644-b01)
# Java VM: OpenJDK 64-Bit Server VM (25.242-b01 mixed mode windows-amd64 compressed oops)
# Problematic frame:
# V  [jvm.dll+0x46f708]
#
# Failed to write core dump. Minidumps are not enabled by default on client versions of Windows
#
# If you would like to submit a bug report, please visit:
#   
#

---------------  T H R E A D  ---------------

Current thread (0x000000001776c000):  JavaThread "C2 CompilerThread1" daemon [_thread_in_native, id=15304, stack(0x000000001a5a0000,0x000000001a6a0000)]

siginfo: ExceptionCode=0xc0000005, reading address 0x000000000000000c

Registers:
RAX=0x000000002f326dc8, RBX=0x0000000000000011, RCX=0x0000000000000000, RDX=0x0000000000000003
RSP=0x000000001a69c210, RBP=0x000000001a69c310, RSI=0x0000000000000002, RDI=0x0000000000542a70
R8 =0x0000000000008000, R9 =0x000000002fa475c0, R10=0x000000000000c061, R11=0x000000001a69c1e0
R12=0x00000000000000c0, R13=0x0000000018e606b0, R14=0x0000000023a4cb10, R15=0x0000000000000000
RIP=0x0000000075dcf708, EFLAGS=0x0000000000010206

Top of Stack: (sp=0x000000001a69c210)
0x000000001a69c210:   000000000006dc90 00000000318355c8
0x000000001a69c220:   000000001a69c310 0000000000000001
0x000000001a69c230:   0000001000000000 000000000000001c
0x000000001a69c240:   0000000023a4cb10 0000c06100000000
0x000000001a69c250:   000002d00000001b 00000000fffffff7
0x000000001a69c260:   0000000005055455 0000000000000000
0x000000001a69c270:   0000000000000000 0000000000000000
0x000000001a69c280:   0000000000000000 0000179e00000000
0x000000001a69c290:   0303030300000008 000000002f3265a0
0x000000001a69c2a0:   0000000000000019 000000002f326b70
0x000000001a69c2b0:   0000000000000019 000000001a69c360
0x000000001a69c2c0:   0000000000000011 0000000000000001
0x000000001a69c2d0:   0000000000000000 0000000000000000
0x000000001a69c2e0:   0000000300000000 0000000000000000
0x000000001a69c2f0:   0000000000000000 00000000000002d0
0x000000001a69c300:   0000000000000000 0000000018e606b0 

Instructions: (pc=0x0000000075dcf708)
0x0000000075dcf6e8:   f2 0f 58 04 39 f2 0f 11 04 39 48 8b 45 58 8b ca
0x0000000075dcf6f8:   83 e1 1f 48 c1 ea 05 d3 e6 4a 8b 0c e0 83 e2 07
0x0000000075dcf708:   85 34 91 0f 85 eb 02 00 00 49 8b 06 49 8b ce ff
0x0000000075dcf718:   10 3d d9 00 00 00 0f 84 d3 02 00 00 49 8b 46 08 


Register to memory mapping:

RAX=0x000000002f326dc8 is an unknown value
RBX=0x0000000000000011 is an unknown value
RCX=0x0000000000000000 is an unknown value
RDX=0x0000000000000003 is an unknown value
RSP=0x000000001a69c210 is pointing into the stack for thread: 0x000000001776c000
RBP=0x000000001a69c310 is pointing into the stack for thread: 0x000000001776c000
RSI=0x0000000000000002 is an unknown value
RDI=0x0000000000542a70 is an unknown value
R8 =0x0000000000008000 is an unknown value
R9 =0x000000002fa475c0 is an unknown value
R10=0x000000000000c061 is an unknown value
R11=0x000000001a69c1e0 is pointing into the stack for thread: 0x000000001776c000
R12=0x00000000000000c0 is an unknown value
R13=0x0000000018e606b0 is an unknown value
R14=0x0000000023a4cb10 is an unknown value
R15=0x0000000000000000 is an unknown value


Stack: [0x000000001a5a0000,0x000000001a6a0000],  sp=0x000000001a69c210,  free space=1008k
Native frames: (J=compiled Java code, j=interpreted, Vv=VM code, C=native code)
V  [jvm.dll+0x46f708]
V  [jvm.dll+0x43aa3d]
V  [jvm.dll+0x4456ab]
V  [jvm.dll+0x447fa8]
V  [jvm.dll+0x42b072]
V  [jvm.dll+0x8230f]
V  [jvm.dll+0x82c7f]
V  [jvm.dll+0x220b7f]
V  [jvm.dll+0x27276a]
C  [msvcr100.dll+0x21d9f]
C  [msvcr100.dll+0x21e3b]
C  [KERNEL32.DLL+0x17034]
C  [ntdll.dll+0x4d241]


Current CompileTask:
C2: 534796 17835       4       com.sun.tools.javac.file.ZipFileIndex$ZipDirectory::readEntry (587 bytes)


---------------  P R O C E S S  ---------------

Java Threads: ( => current thread )
  0x000000001c640000 JavaThread "Cache worker for Java compile cache (D:\AndroidProjects\KursachGameShop2\.gradle\6.5\javaCompile)" [_thread_blocked, id=7512, stack(0x0000000030420000,0x0000000030520000)]
  0x000000001c641800 JavaThread "WorkerExecutor Queue Thread 2" [_thread_blocked, id=14752, stack(0x0000000030950000,0x0000000030a50000)]
  0x000000001c646800 JavaThread "stdout" [_thread_in_native, id=7548, stack(0x000000002cd10000,0x000000002ce10000)]
  0x000000001c645800 JavaThread "stderr" [_thread_in_native, id=9592, stack(0x000000002cc10000,0x000000002cd10000)]
  0x000000001c645000 JavaThread "pool-6-thread-1" [_thread_blocked, id=1600, stack(0x000000002cb10000,0x000000002cc10000)]
  0x000000001c642800 JavaThread "WorkerExecutor Queue" [_thread_blocked, id=3592, stack(0x0000000030320000,0x0000000030420000)]
  0x000000001c644000 JavaThread "Cache worker for execution history cache (D:\AndroidProjects\KursachGameShop2\.gradle\6.5\executionHistory)" [_thread_blocked, id=8620, stack(0x0000000030220000,0x0000000030320000)]
  0x000000001c643000 JavaThread "Execution worker for ':' Thread 11" [_thread_blocked, id=9172, stack(0x000000002ef50000,0x000000002f050000)]
  0x000000001b1b9000 JavaThread "Execution worker for ':' Thread 10" [_thread_blocked, id=17316, stack(0x000000002ee50000,0x000000002ef50000)]
  0x000000001b1b8000 JavaThread "Execution worker for ':' Thread 9" [_thread_blocked, id=15524, stack(0x000000002db10000,0x000000002dc10000)]
  0x000000001b1bd800 JavaThread "Execution worker for ':' Thread 8" [_thread_blocked, id=4428, stack(0x000000002d910000,0x000000002da10000)]
  0x000000001b1bc800 JavaThread "Execution worker for ':' Thread 7" [_thread_blocked, id=5164, stack(0x000000002d350000,0x000000002d450000)]
  0x000000001b1bc000 JavaThread "Execution worker for ':' Thread 6" [_thread_blocked, id=9704, stack(0x000000002d250000,0x000000002d350000)]
  0x000000001b1bb000 JavaThread "Execution worker for ':' Thread 5" [_thread_blocked, id=18260, stack(0x000000002d150000,0x000000002d250000)]
  0x000000001b1be000 JavaThread "Execution worker for ':' Thread 4" [_thread_blocked, id=18340, stack(0x000000002d050000,0x000000002d150000)]
  0x000000001b1ba800 JavaThread "Execution worker for ':' Thread 3" [_thread_blocked, id=17060, stack(0x000000002cf50000,0x000000002d050000)]
  0x000000001b1b4000 JavaThread "Execution worker for ':' Thread 2" [_thread_blocked, id=17780, stack(0x000000002ce50000,0x000000002cf50000)]
  0x000000001b1b2800 JavaThread "Execution worker for ':'" [_thread_in_vm, id=520, stack(0x000000002c910000,0x000000002ca10000)]
  0x000000001b1b5800 JavaThread "Cache worker for file content cache (D:\AndroidProjects\KursachGameShop2\.gradle\6.5\fileContent)" [_thread_blocked, id=16496, stack(0x000000002c5e0000,0x000000002c6e0000)]
  0x000000001b1b7000 JavaThread "pool-5-thread-1" [_thread_blocked, id=7464, stack(0x000000002c2e0000,0x000000002c3e0000)]
  0x000000001b1b9800 JavaThread "Cache worker for Build Output Cleanup Cache (D:\AndroidProjects\KursachGameShop2\.gradle\buildOutputCleanup)" [_thread_blocked, id=6484, stack(0x000000002b2c0000,0x000000002b3c0000)]
  0x000000001b1b1000 JavaThread "jar transforms Thread 276" [_thread_blocked, id=15852, stack(0x000000002ad80000,0x000000002ae80000)]
  0x000000001b1b6800 JavaThread "jar transforms Thread 275" [_thread_blocked, id=7036, stack(0x000000002ac80000,0x000000002ad80000)]
  0x000000001b1b0800 JavaThread "jar transforms Thread 274" [_thread_blocked, id=15956, stack(0x000000002ab80000,0x000000002ac80000)]
  0x000000001b1af800 JavaThread "jar transforms Thread 273" [_thread_blocked, id=14096, stack(0x000000002aa80000,0x000000002ab80000)]
  0x000000001b1af000 JavaThread "jar transforms Thread 272" [_thread_blocked, id=16728, stack(0x000000002a980000,0x000000002aa80000)]
  0x000000001b1b2000 JavaThread "jar transforms Thread 271" [_thread_blocked, id=15192, stack(0x000000002a880000,0x000000002a980000)]
  0x000000001b1b3800 JavaThread "jar transforms Thread 270" [_thread_blocked, id=15788, stack(0x000000002a780000,0x000000002a880000)]
  0x000000001b1b5000 JavaThread "jar transforms Thread 269" [_thread_blocked, id=11332, stack(0x000000002a680000,0x000000002a780000)]
  0x000000002207a800 JavaThread "jar transforms Thread 268" [_thread_blocked, id=10960, stack(0x000000002a580000,0x000000002a680000)]
  0x0000000022079000 JavaThread "jar transforms Thread 267" [_thread_blocked, id=15124, stack(0x000000002a480000,0x000000002a580000)]
  0x0000000022078000 JavaThread "jar transforms Thread 266" [_thread_blocked, id=12660, stack(0x000000002a380000,0x000000002a480000)]
  0x0000000022077800 JavaThread "jar transforms Thread 265" [_thread_blocked, id=12512, stack(0x000000002a280000,0x000000002a380000)]
  0x0000000022076000 JavaThread "jar transforms Thread 264" [_thread_blocked, id=2244, stack(0x000000002a180000,0x000000002a280000)]
  0x0000000022076800 JavaThread "jar transforms Thread 263" [_thread_blocked, id=1984, stack(0x000000002a080000,0x000000002a180000)]
  0x0000000022079800 JavaThread "jar transforms Thread 262" [_thread_blocked, id=5444, stack(0x0000000029f80000,0x000000002a080000)]
  0x000000002206e800 JavaThread "jar transforms Thread 261" [_thread_blocked, id=8280, stack(0x0000000029e80000,0x0000000029f80000)]
  0x0000000022074800 JavaThread "jar transforms Thread 260" [_thread_blocked, id=2988, stack(0x0000000029d80000,0x0000000029e80000)]
  0x0000000022075000 JavaThread "jar transforms Thread 259" [_thread_blocked, id=16928, stack(0x0000000029c80000,0x0000000029d80000)]
  0x000000002206d800 JavaThread "jar transforms Thread 258" [_thread_blocked, id=17568, stack(0x0000000029b80000,0x0000000029c80000)]
  0x0000000022073800 JavaThread "jar transforms Thread 257" [_thread_blocked, id=13912, stack(0x0000000029a80000,0x0000000029b80000)]
  0x000000002206c000 JavaThread "jar transforms Thread 256" [_thread_blocked, id=7316, stack(0x0000000029980000,0x0000000029a80000)]
  0x000000002206d000 JavaThread "jar transforms Thread 255" [_thread_blocked, id=14676, stack(0x0000000029880000,0x0000000029980000)]
  0x0000000022073000 JavaThread "jar transforms Thread 254" [_thread_blocked, id=10016, stack(0x0000000029780000,0x0000000029880000)]
  0x000000002206b000 JavaThread "jar transforms Thread 253" [_thread_blocked, id=5852, stack(0x0000000029680000,0x0000000029780000)]
  0x0000000022072000 JavaThread "jar transforms Thread 252" [_thread_blocked, id=13624, stack(0x0000000029580000,0x0000000029680000)]
  0x0000000022070000 JavaThread "jar transforms Thread 251" [_thread_blocked, id=17540, stack(0x0000000029480000,0x0000000029580000)]
  0x0000000022071800 JavaThread "jar transforms Thread 250" [_thread_blocked, id=16936, stack(0x0000000029380000,0x0000000029480000)]
  0x000000002206f000 JavaThread "jar transforms Thread 249" [_thread_blocked, id=6688, stack(0x0000000029280000,0x0000000029380000)]
  0x0000000022070800 JavaThread "jar transforms Thread 248" [_thread_blocked, id=2824, stack(0x0000000029180000,0x0000000029280000)]
  0x0000000018e58000 JavaThread "jar transforms Thread 247" [_thread_blocked, id=15940, stack(0x0000000029080000,0x0000000029180000)]
  0x0000000018e59800 JavaThread "jar transforms Thread 246" [_thread_blocked, id=13436, stack(0x0000000028f80000,0x0000000029080000)]
  0x0000000018e57000 JavaThread "jar transforms Thread 245" [_thread_blocked, id=9200, stack(0x0000000028e80000,0x0000000028f80000)]
  0x0000000018e5b000 JavaThread "jar transforms Thread 244" [_thread_blocked, id=17548, stack(0x0000000028d80000,0x0000000028e80000)]
  0x0000000018e5a000 JavaThread "jar transforms Thread 243" [_thread_blocked, id=1752, stack(0x0000000028c80000,0x0000000028d80000)]
  0x000000001c667800 JavaThread "jar transforms Thread 242" [_thread_blocked, id=5048, stack(0x0000000028b80000,0x0000000028c80000)]
  0x000000001c666800 JavaThread "jar transforms Thread 241" [_thread_blocked, id=15204, stack(0x0000000028a80000,0x0000000028b80000)]
  0x000000001c666000 JavaThread "jar transforms Thread 240" [_thread_blocked, id=13860, stack(0x0000000028980000,0x0000000028a80000)]
  0x000000001c65e800 JavaThread "jar transforms Thread 239" [_thread_blocked, id=10936, stack(0x0000000028880000,0x0000000028980000)]
  0x000000001c665000 JavaThread "jar transforms Thread 238" [_thread_blocked, id=16848, stack(0x0000000028780000,0x0000000028880000)]
  0x000000001c65d800 JavaThread "jar transforms Thread 237" [_thread_blocked, id=11040, stack(0x0000000028680000,0x0000000028780000)]
  0x000000001c664800 JavaThread "jar transforms Thread 236" [_thread_blocked, id=18232, stack(0x0000000028580000,0x0000000028680000)]
  0x000000001c663800 JavaThread "jar transforms Thread 235" [_thread_blocked, id=3104, stack(0x0000000028480000,0x0000000028580000)]
  0x000000001c661800 JavaThread "jar transforms Thread 234" [_thread_blocked, id=15836, stack(0x0000000028380000,0x0000000028480000)]
  0x000000001c663000 JavaThread "jar transforms Thread 233" [_thread_blocked, id=13552, stack(0x0000000028280000,0x0000000028380000)]
  0x000000001c65b000 JavaThread "jar transforms Thread 232" [_thread_blocked, id=2772, stack(0x0000000028180000,0x0000000028280000)]
  0x000000001c662000 JavaThread "jar transforms Thread 231" [_thread_blocked, id=12872, stack(0x0000000028080000,0x0000000028180000)]
  0x000000001c660800 JavaThread "jar transforms Thread 230" [_thread_blocked, id=13104, stack(0x0000000027f80000,0x0000000028080000)]
  0x000000001c659000 JavaThread "jar transforms Thread 229" [_thread_blocked, id=9140, stack(0x0000000027e80000,0x0000000027f80000)]
  0x000000001c660000 JavaThread "jar transforms Thread 228" [_thread_blocked, id=14408, stack(0x0000000027d80000,0x0000000027e80000)]
  0x0000000023b67000 JavaThread "jar transforms Thread 227" [_thread_blocked, id=15848, stack(0x0000000027c80000,0x0000000027d80000)]
  0x0000000023b6a000 JavaThread "jar transforms Thread 226" [_thread_blocked, id=14524, stack(0x0000000027b80000,0x0000000027c80000)]
  0x0000000023b66800 JavaThread "jar transforms Thread 225" [_thread_blocked, id=12488, stack(0x0000000027a80000,0x0000000027b80000)]
  0x0000000023b5e000 JavaThread "jar transforms Thread 224" [_thread_blocked, id=16336, stack(0x0000000027980000,0x0000000027a80000)]
  0x0000000023b5d800 JavaThread "jar transforms Thread 223" [_thread_blocked, id=9236, stack(0x0000000027880000,0x0000000027980000)]
  0x0000000023b64000 JavaThread "jar transforms Thread 222" [_thread_blocked, id=5160, stack(0x0000000027780000,0x0000000027880000)]
  0x0000000023b60800 JavaThread "jar transforms Thread 221" [_thread_blocked, id=7172, stack(0x0000000027680000,0x0000000027780000)]
  0x0000000023b5f800 JavaThread "jar transforms Thread 220" [_thread_blocked, id=17600, stack(0x0000000027580000,0x0000000027680000)]
  0x0000000023b5c800 JavaThread "jar transforms Thread 219" [_thread_blocked, id=3168, stack(0x0000000027480000,0x0000000027580000)]
  0x0000000023b63800 JavaThread "jar transforms Thread 218" [_thread_blocked, id=13036, stack(0x0000000027380000,0x0000000027480000)]
  0x0000000023b61000 JavaThread "jar transforms Thread 217" [_thread_blocked, id=3468, stack(0x0000000027280000,0x0000000027380000)]
  0x0000000023b5c000 JavaThread "jar transforms Thread 216" [_thread_blocked, id=2412, stack(0x0000000027180000,0x0000000027280000)]
  0x0000000023b5f000 JavaThread "jar transforms Thread 215" [_thread_blocked, id=14704, stack(0x0000000027080000,0x0000000027180000)]
  0x0000000023b62800 JavaThread "jar transforms Thread 214" [_thread_blocked, id=9180, stack(0x0000000026f80000,0x0000000027080000)]
  0x0000000023b5b000 JavaThread "jar transforms Thread 213" [_thread_blocked, id=13316, stack(0x0000000026e80000,0x0000000026f80000)]
  0x000000001ba8f000 JavaThread "jar transforms Thread 212" [_thread_blocked, id=17944, stack(0x0000000026d80000,0x0000000026e80000)]
  0x000000001ba8e000 JavaThread "jar transforms Thread 211" [_thread_blocked, id=16308, stack(0x0000000026c80000,0x0000000026d80000)]
  0x000000001ba8d800 JavaThread "jar transforms Thread 210" [_thread_blocked, id=14884, stack(0x0000000026b80000,0x0000000026c80000)]
  0x000000001ba8c800 JavaThread "jar transforms Thread 209" [_thread_blocked, id=13872, stack(0x0000000026a80000,0x0000000026b80000)]
  0x000000001ba8b800 JavaThread "jar transforms Thread 208" [_thread_blocked, id=10612, stack(0x0000000026980000,0x0000000026a80000)]
  0x000000001ba8b000 JavaThread "jar transforms Thread 207" [_thread_blocked, id=2136, stack(0x0000000026880000,0x0000000026980000)]
  0x000000001ba8f800 JavaThread "jar transforms Thread 206" [_thread_blocked, id=14664, stack(0x0000000026780000,0x0000000026880000)]
  0x000000001ba89800 JavaThread "jar transforms Thread 205" [_thread_blocked, id=6604, stack(0x0000000026680000,0x0000000026780000)]
  0x000000001ba8a000 JavaThread "jar transforms Thread 204" [_thread_blocked, id=5552, stack(0x0000000026580000,0x0000000026680000)]
  0x000000001ba82000 JavaThread "jar transforms Thread 203" [_thread_blocked, id=17000, stack(0x0000000026480000,0x0000000026580000)]
  0x000000001ba88800 JavaThread "jar transforms Thread 202" [_thread_blocked, id=1972, stack(0x0000000026380000,0x0000000026480000)]
  0x000000001ba81000 JavaThread "jar transforms Thread 201" [_thread_blocked, id=8624, stack(0x0000000026280000,0x0000000026380000)]
  0x000000001ba82800 JavaThread "jar transforms Thread 200" [_thread_blocked, id=1192, stack(0x0000000026180000,0x0000000026280000)]
  0x000000001ba88000 JavaThread "jar transforms Thread 199" [_thread_blocked, id=10320, stack(0x0000000026080000,0x0000000026180000)]
  0x000000001ba80800 JavaThread "jar transforms Thread 198" [_thread_blocked, id=7616, stack(0x0000000025f80000,0x0000000026080000)]
  0x000000001ba84000 JavaThread "jar transforms Thread 197" [_thread_blocked, id=15216, stack(0x0000000025e80000,0x0000000025f80000)]
  0x0000000021915000 JavaThread "jar transforms Thread 196" [_thread_blocked, id=6708, stack(0x0000000025d80000,0x0000000025e80000)]
  0x0000000021918000 JavaThread "jar transforms Thread 195" [_thread_blocked, id=3152, stack(0x0000000025c80000,0x0000000025d80000)]
  0x0000000021918800 JavaThread "jar transforms Thread 194" [_thread_blocked, id=6124, stack(0x0000000025b80000,0x0000000025c80000)]
  0x0000000021914000 JavaThread "jar transforms Thread 193" [_thread_blocked, id=4188, stack(0x0000000025a80000,0x0000000025b80000)]
  0x0000000021916800 JavaThread "jar transforms Thread 192" [_thread_blocked, id=9120, stack(0x0000000025980000,0x0000000025a80000)]
  0x0000000021915800 JavaThread "jar transforms Thread 191" [_thread_blocked, id=13992, stack(0x0000000025880000,0x0000000025980000)]
  0x0000000021912800 JavaThread "jar transforms Thread 190" [_thread_blocked, id=14288, stack(0x0000000025780000,0x0000000025880000)]
  0x000000002190a000 JavaThread "jar transforms Thread 189" [_thread_blocked, id=2732, stack(0x0000000025680000,0x0000000025780000)]
  0x0000000021911000 JavaThread "jar transforms Thread 188" [_thread_blocked, id=7844, stack(0x0000000025580000,0x0000000025680000)]
  0x0000000021909800 JavaThread "jar transforms Thread 187" [_thread_blocked, id=18096, stack(0x0000000025480000,0x0000000025580000)]
  0x0000000021910000 JavaThread "jar transforms Thread 186" [_thread_blocked, id=12656, stack(0x0000000025380000,0x0000000025480000)]
  0x000000002190b000 JavaThread "jar transforms Thread 185" [_thread_blocked, id=18116, stack(0x0000000025280000,0x0000000025380000)]
  0x000000002190b800 JavaThread "Build operations Thread 12" [_thread_blocked, id=3160, stack(0x0000000025180000,0x0000000025280000)]
  0x000000002190e800 JavaThread "Build operations Thread 11" [_thread_blocked, id=8564, stack(0x0000000025080000,0x0000000025180000)]
  0x000000002190e000 JavaThread "Build operations Thread 10" [_thread_blocked, id=2080, stack(0x0000000024f80000,0x0000000025080000)]
  0x000000002190c800 JavaThread "Build operations Thread 9" [_thread_blocked, id=4760, stack(0x0000000024e80000,0x0000000024f80000)]
  0x000000002190d000 JavaThread "Build operations Thread 8" [_thread_blocked, id=1904, stack(0x0000000024d80000,0x0000000024e80000)]
  0x00000000190b4800 JavaThread "Build operations Thread 7" [_thread_blocked, id=11764, stack(0x0000000024c80000,0x0000000024d80000)]
  0x00000000190b3000 JavaThread "Build operations Thread 6" [_thread_blocked, id=8712, stack(0x0000000024a80000,0x0000000024b80000)]
  0x00000000190b2000 JavaThread "Build operations Thread 5" [_thread_blocked, id=3120, stack(0x0000000024980000,0x0000000024a80000)]
  0x00000000190b1800 JavaThread "Build operations Thread 4" [_thread_blocked, id=9764, stack(0x0000000024880000,0x0000000024980000)]
  0x00000000190aa000 JavaThread "Build operations Thread 3" [_thread_blocked, id=15116, stack(0x0000000024780000,0x0000000024880000)]
  0x00000000190b0800 JavaThread "Build operations Thread 2" [_thread_blocked, id=17916, stack(0x0000000024680000,0x0000000024780000)]
  0x00000000190ad800 JavaThread "Build operations" [_thread_blocked, id=6812, stack(0x0000000024580000,0x0000000024680000)]
  0x00000000190a9000 JavaThread "Cache worker for cache directory md-rule (C:\Users\Alex\.gradle\caches\6.5\md-rule)" [_thread_blocked, id=17908, stack(0x00000000226c0000,0x00000000227c0000)]
  0x00000000190b0000 JavaThread "Cache worker for cache directory md-supplier (C:\Users\Alex\.gradle\caches\6.5\md-supplier)" [_thread_blocked, id=15052, stack(0x00000000225c0000,0x00000000226c0000)]
  0x00000000190a8800 JavaThread "Cache worker for checksums cache (D:\AndroidProjects\KursachGameShop2\.gradle\checksums)" [_thread_blocked, id=15552, stack(0x00000000223c0000,0x00000000224c0000)]
  0x00000000190ae800 JavaThread "Cache worker for file hash cache (D:\AndroidProjects\KursachGameShop2\.gradle\6.5\fileHashes)" [_thread_blocked, id=3432, stack(0x000000001e5d0000,0x000000001e6d0000)]
  0x00000000190af000 JavaThread "Thread-284" [_thread_blocked, id=1924, stack(0x000000001e2d0000,0x000000001e3d0000)]
  0x00000000190a7800 JavaThread "Stdin handler" [_thread_blocked, id=3016, stack(0x000000001e1d0000,0x000000001e2d0000)]
  0x00000000190ad000 JavaThread "Asynchronous log dispatcher for DefaultDaemonConnection: socket connection from /127.0.0.1:54517 to /127.0.0.1:54819" [_thread_blocked, id=14340, stack(0x000000001ded0000,0x000000001dfd0000)]
  0x00000000190aa800 JavaThread "Daemon worker Thread 3" [_thread_blocked, id=3360, stack(0x000000001ddd0000,0x000000001ded0000)]
  0x00000000190a6000 JavaThread "Cancel handler" [_thread_blocked, id=17576, stack(0x00000000007d0000,0x00000000008d0000)]
  0x00000000190a5000 JavaThread "Handler for socket connection from /127.0.0.1:54517 to /127.0.0.1:54819" [_thread_in_native, id=3412, stack(0x00000000006d0000,0x00000000007d0000)]
  0x00000000190a7000 JavaThread "Daemon Thread 3" [_thread_blocked, id=10920, stack(0x00000000005d0000,0x00000000006d0000)]
  0x0000000023b68800 JavaThread "Cache worker for Java compile cache (C:\Users\Alex\.gradle\caches\6.5\javaCompile)" [_thread_blocked, id=6372, stack(0x000000002da10000,0x000000002db10000)]
  0x0000000021913800 JavaThread "Memory manager" [_thread_blocked, id=2216, stack(0x000000002bfc0000,0x000000002c0c0000)]
  0x0000000018e5b800 JavaThread "Cache worker for file content cache (C:\Users\Alex\.gradle\caches\6.5\fileContent)" [_thread_blocked, id=13168, stack(0x0000000022eb0000,0x0000000022fb0000)]
  0x0000000018e58800 JavaThread "Cache worker for execution history cache (C:\Users\Alex\.gradle\caches\6.5\executionHistory)" [_thread_blocked, id=1124, stack(0x00000000224c0000,0x00000000225c0000)]
  0x0000000018e56800 JavaThread "Cache worker for file hash cache (C:\Users\Alex\.gradle\caches\6.5\fileHashes)" [_thread_blocked, id=13960, stack(0x000000001ead0000,0x000000001ebd0000)]
  0x0000000018e55800 JavaThread "File lock request listener" [_thread_in_native, id=9776, stack(0x000000001e9d0000,0x000000001ead0000)]
  0x000000001ae96800 JavaThread "Cache worker for journal cache (C:\Users\Alex\.gradle\caches\journal-1)" [_thread_blocked, id=18132, stack(0x000000001e8d0000,0x000000001e9d0000)]
  0x000000001c545800 JavaThread "Daemon periodic checks" [_thread_blocked, id=2488, stack(0x000000001dcd0000,0x000000001ddd0000)]
  0x000000001c56a800 JavaThread "Incoming local TCP Connector on port 54517" [_thread_in_native, id=6668, stack(0x000000001da80000,0x000000001db80000)]
  0x000000001c48b800 JavaThread "Daemon health stats" [_thread_blocked, id=14560, stack(0x000000001d440000,0x000000001d540000)]
  0x0000000018ee9000 JavaThread "Service Thread" daemon [_thread_blocked, id=11016, stack(0x000000001a8a0000,0x000000001a9a0000)]
  0x0000000018e5c800 JavaThread "C1 CompilerThread3" daemon [_thread_blocked, id=6552, stack(0x000000001a7a0000,0x000000001a8a0000)]
  0x0000000018e55000 JavaThread "C2 CompilerThread2" daemon [_thread_blocked, id=10232, stack(0x000000001a6a0000,0x000000001a7a0000)]
=>0x000000001776c000 JavaThread "C2 CompilerThread1" daemon [_thread_in_native, id=15304, stack(0x000000001a5a0000,0x000000001a6a0000)]
  0x0000000018e4e800 JavaThread "C2 CompilerThread0" daemon [_thread_blocked, id=7608, stack(0x000000001a4a0000,0x000000001a5a0000)]
  0x0000000018e4d000 JavaThread "Attach Listener" daemon [_thread_blocked, id=17584, stack(0x000000001a3a0000,0x000000001a4a0000)]
  0x0000000018e4b000 JavaThread "Signal Dispatcher" daemon [_thread_blocked, id=9392, stack(0x000000001a2a0000,0x000000001a3a0000)]
  0x0000000017765000 JavaThread "Finalizer" daemon [_thread_blocked, id=10772, stack(0x000000001a090000,0x000000001a190000)]
  0x0000000018e33000 JavaThread "Reference Handler" daemon [_thread_blocked, id=7584, stack(0x0000000019f90000,0x000000001a090000)]
  0x00000000022ed800 JavaThread "main" [_thread_blocked, id=13084, stack(0x00000000022f0000,0x00000000023f0000)]

Other Threads:
  0x0000000018e12800 VMThread [stack: 0x0000000019e90000,0x0000000019f90000] [id=4700]
  0x0000000018ee9800 WatcherThread [stack: 0x000000001a9a0000,0x000000001aaa0000] [id=7708]

VM state:not at safepoint (normal execution)

VM Mutex/Monitor currently owned by a thread: None

heap address: 0x0000000080000000, size: 2048 MB, Compressed Oops mode: 32-bit
Narrow klass base: 0x0000000000000000, Narrow klass shift: 3
Compressed class space size: 1073741824 Address: 0x0000000100000000

Heap:
 PSYoungGen      total 410112K, used 333320K [0x00000000d5580000, 0x00000000f6e80000, 0x0000000100000000)
  eden space 310272K, 92% used [0x00000000d5580000,0x00000000e6e92fc0,0x00000000e8480000)
  from space 99840K, 45% used [0x00000000e8480000,0x00000000eb0ef1c8,0x00000000ee600000)
  to   space 96256K, 0% used [0x00000000f1080000,0x00000000f1080000,0x00000000f6e80000)
 ParOldGen       total 377856K, used 94554K [0x0000000080000000, 0x0000000097100000, 0x00000000d5580000)
  object space 377856K, 25% used [0x0000000080000000,0x0000000085c56b90,0x0000000097100000)
 Metaspace       used 104779K, capacity 109556K, committed 110360K, reserved 1144832K
  class space    used 13534K, capacity 14456K, committed 14640K, reserved 1048576K

Card table byte_map: [0x00000000118b0000,0x0000000011cc0000] byte_map_base: 0x00000000114b0000

Marking Bits: (ParMarkBitMap*) 0x000000007612f030
 Begin Bits: [0x0000000012970000, 0x0000000014970000)
 End Bits:   [0x0000000014970000, 0x0000000016970000)

Polling page: 0x00000000021b0000

CodeCache: size=245760Kb used=47409Kb max_used=47422Kb free=198350Kb
 bounds [0x00000000024f0000, 0x0000000005380000, 0x00000000114f0000]
 total_blobs=15470 nmethods=14585 adapters=797
 compilation: enabled

Compilation events (10 events):
Event: 534.747 Thread 0x0000000018e5c800 nmethod 17976 0x0000000005360e50 code [0x0000000005360fc0, 0x00000000053611c8]
Event: 534.747 Thread 0x0000000018e4e800 17977       4       java.util.HashSet::isEmpty (8 bytes)
Event: 534.747 Thread 0x0000000018e4e800 nmethod 17977 0x00000000051c1d90 code [0x00000000051c1ec0, 0x00000000051c1f38]
Event: 534.747 Thread 0x0000000018e5c800 17979       3       kotlin.collections.ArraysKt___ArraysKt::indexOf (65 bytes)
Event: 534.748 Thread 0x0000000018e5c800 nmethod 17979 0x000000000535fbd0 code [0x000000000535fde0, 0x00000000053608a8]
Event: 534.748 Thread 0x0000000018e5c800 17978       3       kotlin.collections.ArraysKt___ArraysKt::contains (20 bytes)
Event: 534.748 Thread 0x0000000018e5c800 nmethod 17978 0x0000000005358290 code [0x0000000005358460, 0x0000000005358b48]
Event: 534.748 Thread 0x0000000018e5c800 17980       3       androidx.room.ext.Element_extKt::hasAnnotation (21 bytes)
Event: 534.749 Thread 0x0000000018e5c800 nmethod 17980 0x0000000005362190 code [0x00000000053624c0, 0x0000000005363998]
Event: 534.754 Thread 0x0000000018e55000 nmethod 17975 0x00000000053669d0 code [0x0000000005366be0, 0x00000000053677c0]

GC Heap History (10 events):
Event: 303.130 GC heap before
{Heap before GC invocations=19 (full 3):
 PSYoungGen      total 313856K, used 211451K [0x00000000d5580000, 0x00000000f0700000, 0x0000000100000000)
  eden space 249344K, 59% used [0x00000000d5580000,0x00000000de6b5910,0x00000000e4900000)
  from space 64512K, 97% used [0x00000000e4900000,0x00000000e8649690,0x00000000e8800000)
  to   space 74752K, 0% used [0x00000000ebe00000,0x00000000ebe00000,0x00000000f0700000)
 ParOldGen       total 230400K, used 127857K [0x0000000080000000, 0x000000008e100000, 0x00000000d5580000)
  object space 230400K, 55% used [0x0000000080000000,0x0000000087cdc520,0x000000008e100000)
 Metaspace       used 93263K, capacity 98396K, committed 98584K, reserved 1134592K
  class space    used 12379K, capacity 13314K, committed 13360K, reserved 1048576K
Event: 303.190 GC heap after
Heap after GC invocations=19 (full 3):
 PSYoungGen      total 354816K, used 74751K [0x00000000d5580000, 0x00000000f2e00000, 0x0000000100000000)
  eden space 280064K, 0% used [0x00000000d5580000,0x00000000d5580000,0x00000000e6700000)
  from space 74752K, 99% used [0x00000000ebe00000,0x00000000f06ffe70,0x00000000f0700000)
  to   space 89088K, 0% used [0x00000000e6700000,0x00000000e6700000,0x00000000ebe00000)
 ParOldGen       total 230400K, used 132861K [0x0000000080000000, 0x000000008e100000, 0x00000000d5580000)
  object space 230400K, 57% used [0x0000000080000000,0x00000000881bf460,0x000000008e100000)
 Metaspace       used 93263K, capacity 98396K, committed 98584K, reserved 1134592K
  class space    used 12379K, capacity 13314K, committed 13360K, reserved 1048576K
}
Event: 303.190 GC heap before
{Heap before GC invocations=20 (full 4):
 PSYoungGen      total 354816K, used 74751K [0x00000000d5580000, 0x00000000f2e00000, 0x0000000100000000)
  eden space 280064K, 0% used [0x00000000d5580000,0x00000000d5580000,0x00000000e6700000)
  from space 74752K, 99% used [0x00000000ebe00000,0x00000000f06ffe70,0x00000000f0700000)
  to   space 89088K, 0% used [0x00000000e6700000,0x00000000e6700000,0x00000000ebe00000)
 ParOldGen       total 230400K, used 132861K [0x0000000080000000, 0x000000008e100000, 0x00000000d5580000)
  object space 230400K, 57% used [0x0000000080000000,0x00000000881bf460,0x000000008e100000)
 Metaspace       used 93263K, capacity 98396K, committed 98584K, reserved 1134592K
  class space    used 12379K, capacity 13314K, committed 13360K, reserved 1048576K
Event: 303.349 GC heap after
Heap after GC invocations=20 (full 4):
 PSYoungGen      total 354816K, used 0K [0x00000000d5580000, 0x00000000f2e00000, 0x0000000100000000)
  eden space 280064K, 0% used [0x00000000d5580000,0x00000000d5580000,0x00000000e6700000)
  from space 74752K, 0% used [0x00000000ebe00000,0x00000000ebe00000,0x00000000f0700000)
  to   space 89088K, 0% used [0x00000000e6700000,0x00000000e6700000,0x00000000ebe00000)
 ParOldGen       total 377856K, used 86850K [0x0000000080000000, 0x0000000097100000, 0x00000000d5580000)
  object space 377856K, 22% used [0x0000000080000000,0x00000000854d0950,0x0000000097100000)
 Metaspace       used 92677K, capacity 96724K, committed 98584K, reserved 1134592K
  class space    used 12186K, capacity 12974K, committed 13360K, reserved 1048576K
}
Event: 304.205 GC heap before
{Heap before GC invocations=21 (full 4):
 PSYoungGen      total 354816K, used 280064K [0x00000000d5580000, 0x00000000f2e00000, 0x0000000100000000)
  eden space 280064K, 100% used [0x00000000d5580000,0x00000000e6700000,0x00000000e6700000)
  from space 74752K, 0% used [0x00000000ebe00000,0x00000000ebe00000,0x00000000f0700000)
  to   space 89088K, 0% used [0x00000000e6700000,0x00000000e6700000,0x00000000ebe00000)
 ParOldGen       total 377856K, used 86850K [0x0000000080000000, 0x0000000097100000, 0x00000000d5580000)
  object space 377856K, 22% used [0x0000000080000000,0x00000000854d0950,0x0000000097100000)
 Metaspace       used 93420K, capacity 97474K, committed 99352K, reserved 1134592K
  class space    used 12243K, capacity 13021K, committed 13360K, reserved 1048576K
Event: 304.218 GC heap after
Heap after GC invocations=21 (full 4):
 PSYoungGen      total 369152K, used 33375K [0x00000000d5580000, 0x00000000f3780000, 0x0000000100000000)
  eden space 280064K, 0% used [0x00000000d5580000,0x00000000d5580000,0x00000000e6700000)
  from space 89088K, 37% used [0x00000000e6700000,0x00000000e8797e88,0x00000000ebe00000)
  to   space 83456K, 0% used [0x00000000ee600000,0x00000000ee600000,0x00000000f3780000)
 ParOldGen       total 377856K, used 86858K [0x0000000080000000, 0x0000000097100000, 0x00000000d5580000)
  object space 377856K, 22% used [0x0000000080000000,0x00000000854d2950,0x0000000097100000)
 Metaspace       used 93420K, capacity 97474K, committed 99352K, reserved 1134592K
  class space    used 12243K, capacity 13021K, committed 13360K, reserved 1048576K
}
Event: 305.347 GC heap before
{Heap before GC invocations=22 (full 4):
 PSYoungGen      total 369152K, used 313439K [0x00000000d5580000, 0x00000000f3780000, 0x0000000100000000)
  eden space 280064K, 100% used [0x00000000d5580000,0x00000000e6700000,0x00000000e6700000)
  from space 89088K, 37% used [0x00000000e6700000,0x00000000e8797e88,0x00000000ebe00000)
  to   space 83456K, 0% used [0x00000000ee600000,0x00000000ee600000,0x00000000f3780000)
 ParOldGen       total 377856K, used 86858K [0x0000000080000000, 0x0000000097100000, 0x00000000d5580000)
  object space 377856K, 22% used [0x0000000080000000,0x00000000854d2950,0x0000000097100000)
 Metaspace       used 96430K, capacity 100972K, committed 102040K, reserved 1138688K
  class space    used 12678K, capacity 13522K, committed 13744K, reserved 1048576K
Event: 305.384 GC heap after
Heap after GC invocations=22 (full 4):
 PSYoungGen      total 393728K, used 83429K [0x00000000d5580000, 0x00000000f5b00000, 0x0000000100000000)
  eden space 310272K, 0% used [0x00000000d5580000,0x00000000d5580000,0x00000000e8480000)
  from space 83456K, 99% used [0x00000000ee600000,0x00000000f3779758,0x00000000f3780000)
  to   space 99840K, 0% used [0x00000000e8480000,0x00000000e8480000,0x00000000ee600000)
 ParOldGen       total 377856K, used 94546K [0x0000000080000000, 0x0000000097100000, 0x00000000d5580000)
  object space 377856K, 25% used [0x0000000080000000,0x0000000085c54b90,0x0000000097100000)
 Metaspace       used 96430K, capacity 100972K, committed 102040K, reserved 1138688K
  class space    used 12678K, capacity 13522K, committed 13744K, reserved 1048576K
}
Event: 532.629 GC heap before
{Heap before GC invocations=23 (full 4):
 PSYoungGen      total 393728K, used 393701K [0x00000000d5580000, 0x00000000f5b00000, 0x0000000100000000)
  eden space 310272K, 100% used [0x00000000d5580000,0x00000000e8480000,0x00000000e8480000)
  from space 83456K, 99% used [0x00000000ee600000,0x00000000f3779758,0x00000000f3780000)
  to   space 99840K, 0% used [0x00000000e8480000,0x00000000e8480000,0x00000000ee600000)
 ParOldGen       total 377856K, used 94546K [0x0000000080000000, 0x0000000097100000, 0x00000000d5580000)
  object space 377856K, 25% used [0x0000000080000000,0x0000000085c54b90,0x0000000097100000)
 Metaspace       used 97506K, capacity 102004K, committed 103192K, reserved 1138688K
  class space    used 12764K, capacity 13612K, committed 13872K, reserved 1048576K
Event: 532.648 GC heap after
Heap after GC invocations=23 (full 4):
 PSYoungGen      total 410112K, used 45500K [0x00000000d5580000, 0x00000000f6e80000, 0x0000000100000000)
  eden space 310272K, 0% used [0x00000000d5580000,0x00000000d5580000,0x00000000e8480000)
  from space 99840K, 45% used [0x00000000e8480000,0x00000000eb0ef1c8,0x00000000ee600000)
  to   space 96256K, 0% used [0x00000000f1080000,0x00000000f1080000,0x00000000f6e80000)
 ParOldGen       total 377856K, used 94554K [0x0000000080000000, 0x0000000097100000, 0x00000000d5580000)
  object space 377856K, 25% used [0x0000000080000000,0x0000000085c56b90,0x0000000097100000)
 Metaspace       used 97506K, capacity 102004K, committed 103192K, reserved 1138688K
  class space    used 12764K, capacity 13612K, committed 13872K, reserved 1048576K
}

Deoptimization events (10 events):
Event: 534.337 Thread 0x000000001b1b2800 Uncommon trap: reason=unstable_if action=reinterpret pc=0x00000000045803d4 method=com.sun.tools.javac.file.Locations.lazy()V @ 4
Event: 534.405 Thread 0x000000001b1b2800 Uncommon trap: reason=unstable_if action=reinterpret pc=0x00000000032a6398 method=java.lang.StringCoding$StringDecoder.decode([BII)[C @ 20
Event: 534.405 Thread 0x000000001b1b2800 Uncommon trap: reason=null_check action=make_not_entrant pc=0x000000000316b2d0 method=com.sun.tools.javac.file.JavacFileManager.listContainer(Ljava/io/File;Lcom/sun/tools/javac/file/RelativePath$RelativeDirectory;Ljava/util/Set;ZLcom/sun/tools/javac/util/
Event: 534.406 Thread 0x000000001b1b2800 Uncommon trap: reason=unstable_if action=reinterpret pc=0x00000000047bfd1c method=com.sun.tools.javac.file.ZipFileIndex.isUpToDate()Z @ 32
Event: 534.412 Thread 0x000000001b1b2800 Uncommon trap: reason=array_check action=maybe_recompile pc=0x0000000004f71a5c method=java.util.ComparableTimSort.binarySort([Ljava/lang/Object;III)V @ 183
Event: 534.413 Thread 0x000000001b1b2800 Uncommon trap: reason=array_check action=maybe_recompile pc=0x0000000004591508 method=java.util.ComparableTimSort.binarySort([Ljava/lang/Object;III)V @ 215
Event: 534.413 Thread 0x000000001b1b2800 Uncommon trap: reason=array_check action=maybe_recompile pc=0x0000000004f71a5c method=java.util.ComparableTimSort.binarySort([Ljava/lang/Object;III)V @ 183
Event: 534.417 Thread 0x000000001b1b2800 Uncommon trap: reason=array_check action=maybe_recompile pc=0x00000000052cd670 method=java.util.ComparableTimSort.binarySort([Ljava/lang/Object;III)V @ 183
Event: 534.465 Thread 0x000000001b1b2800 Uncommon trap: reason=unstable_if action=reinterpret pc=0x0000000004b25518 method=com.sun.tools.javac.code.Types.rank(Lcom/sun/tools/javac/code/Type;)I @ 88
Event: 534.715 Thread 0x000000001b1b2800 Uncommon trap: reason=unstable_if action=reinterpret pc=0x0000000005361b28 method=org.sqlite.SQLiteJDBCLoader.contentsEquals(Ljava/io/InputStream;Ljava/io/InputStream;)Z @ 39

Classes redefined (0 events):
No events

Internal exceptions (10 events):
Event: 534.148 Thread 0x000000001c642800 Exception <a 'sun/nio/fs/WindowsException'> (0x00000000e024f350) thrown at [C:\src\AOSP-openjdk-git\hotspot\src\share\vm\prims\jni.cpp, line 710]
Event: 534.148 Thread 0x000000001c642800 Exception <a 'sun/nio/fs/WindowsException'> (0x00000000e024fb78) thrown at [C:\src\AOSP-openjdk-git\hotspot\src\share\vm\prims\jni.cpp, line 710]
Event: 534.148 Thread 0x000000001c642800 Exception <a 'sun/nio/fs/WindowsException'> (0x00000000e0250020) thrown at [C:\src\AOSP-openjdk-git\hotspot\src\share\vm\prims\jni.cpp, line 710]
Event: 534.253 Thread 0x000000001b1b2800 Exception <a 'sun/nio/fs/WindowsException'> (0x00000000e22d4b40) thrown at [C:\src\AOSP-openjdk-git\hotspot\src\share\vm\prims\jni.cpp, line 710]
Event: 534.253 Thread 0x000000001b1b2800 Exception <a 'sun/nio/fs/WindowsException'> (0x00000000e22d5820) thrown at [C:\src\AOSP-openjdk-git\hotspot\src\share\vm\prims\jni.cpp, line 710]
Event: 534.254 Thread 0x000000001b1b2800 Exception <a 'sun/nio/fs/WindowsException'> (0x00000000e22dc3c0) thrown at [C:\src\AOSP-openjdk-git\hotspot\src\share\vm\prims\jni.cpp, line 710]
Event: 534.254 Thread 0x000000001b1b2800 Exception <a 'sun/nio/fs/WindowsException'> (0x00000000e22dd0e0) thrown at [C:\src\AOSP-openjdk-git\hotspot\src\share\vm\prims\jni.cpp, line 710]
Event: 534.254 Thread 0x000000001b1b2800 Exception <a 'sun/nio/fs/WindowsException'> (0x00000000e22def40) thrown at [C:\src\AOSP-openjdk-git\hotspot\src\share\vm\prims\jni.cpp, line 710]
Event: 534.254 Thread 0x000000001b1b2800 Exception <a 'sun/nio/fs/WindowsException'> (0x00000000e22dfc70) thrown at [C:\src\AOSP-openjdk-git\hotspot\src\share\vm\prims\jni.cpp, line 710]
Event: 534.405 Thread 0x000000001b1b2800 Implicit null exception at 0x000000000316aa3f to 0x000000000316b2bd

Events (10 events):
Event: 534.756 loading class org/antlr/v4/runtime/atn/SingletonPredictionContext
Event: 534.756 loading class org/antlr/v4/runtime/atn/SingletonPredictionContext done
Event: 534.757 loading class org/antlr/v4/runtime/VocabularyImpl
Event: 534.757 loading class org/antlr/v4/runtime/VocabularyImpl done
Event: 534.759 loading class org/antlr/v4/runtime/atn/ATNDeserializer
Event: 534.759 loading class org/antlr/v4/runtime/atn/ATNDeserializer done
Event: 534.759 loading class org/antlr/v4/runtime/atn/Transition
Event: 534.759 loading class org/antlr/v4/runtime/atn/Transition done
Event: 534.760 loading class org/antlr/v4/runtime/atn/EpsilonTransition
Event: 534.760 loading class org/antlr/v4/runtime/atn/EpsilonTransition done


Dynamic libraries:
0x00007ff6e72e0000 - 0x00007ff6e7311000 	D:\Android\jre\bin\java.exe
0x00007ff9d61d0000 - 0x00007ff9d63c6000 	C:\WINDOWS\SYSTEM32\ntdll.dll
0x00007ff9d48e0000 - 0x00007ff9d499d000 	C:\WINDOWS\System32\KERNEL32.DLL
0x00007ff9d3910000 - 0x00007ff9d3bd9000 	C:\WINDOWS\System32\KERNELBASE.dll
0x00007ff9d6050000 - 0x00007ff9d60fc000 	C:\WINDOWS\System32\ADVAPI32.dll
0x00007ff9d5750000 - 0x00007ff9d57ee000 	C:\WINDOWS\System32\msvcrt.dll
0x00007ff9d5a20000 - 0x00007ff9d5abc000 	C:\WINDOWS\System32\sechost.dll
0x00007ff9d55a0000 - 0x00007ff9d56cb000 	C:\WINDOWS\System32\RPCRT4.dll
0x00007ff9d57f0000 - 0x00007ff9d5990000 	C:\WINDOWS\System32\USER32.dll
0x00007ff9d3c10000 - 0x00007ff9d3c32000 	C:\WINDOWS\System32\win32u.dll
0x00007ff9d4780000 - 0x00007ff9d47aa000 	C:\WINDOWS\System32\GDI32.dll
0x00007ff9d3ca0000 - 0x00007ff9d3dab000 	C:\WINDOWS\System32\gdi32full.dll
0x00007ff9d3db0000 - 0x00007ff9d3e4d000 	C:\WINDOWS\System32\msvcp_win.dll
0x00007ff9d4130000 - 0x00007ff9d4230000 	C:\WINDOWS\System32\ucrtbase.dll
0x00007ff9d2d20000 - 0x00007ff9d2fbb000 	C:\WINDOWS\WinSxS\amd64_microsoft.windows.common-controls_6595b64144ccf1df_6.0.19041.746_none_ca02b4b61b8320a4\COMCTL32.dll
0x00007ff9d5990000 - 0x00007ff9d59c0000 	C:\WINDOWS\System32\IMM32.DLL
0x0000000075880000 - 0x0000000075952000 	D:\Android\jre\jre\bin\msvcr100.dll
0x0000000075960000 - 0x00000000761ab000 	D:\Android\jre\jre\bin\server\jvm.dll
0x00007ff9d6120000 - 0x00007ff9d6128000 	C:\WINDOWS\System32\PSAPI.DLL
0x00007ff9cee80000 - 0x00007ff9cee89000 	C:\WINDOWS\SYSTEM32\WSOCK32.dll
0x00007ff9b6c70000 - 0x00007ff9b6c97000 	C:\WINDOWS\SYSTEM32\WINMM.dll
0x00007ff9cbde0000 - 0x00007ff9cbdea000 	C:\WINDOWS\SYSTEM32\VERSION.dll
0x00007ff9d56e0000 - 0x00007ff9d574b000 	C:\WINDOWS\System32\WS2_32.dll
0x00007ff9cdab0000 - 0x00007ff9cdabf000 	D:\Android\jre\jre\bin\verify.dll
0x00007ff9b3f60000 - 0x00007ff9b3f89000 	D:\Android\jre\jre\bin\java.dll
0x00007ff9cc1d0000 - 0x00007ff9cc1e6000 	D:\Android\jre\jre\bin\zip.dll
0x00007ff9d4b70000 - 0x00007ff9d52b2000 	C:\WINDOWS\System32\SHELL32.dll
0x00007ff9d1300000 - 0x00007ff9d1a90000 	C:\WINDOWS\SYSTEM32\windows.storage.dll
0x00007ff9d5b40000 - 0x00007ff9d5e96000 	C:\WINDOWS\System32\combase.dll
0x00007ff9d2c80000 - 0x00007ff9d2cac000 	C:\WINDOWS\SYSTEM32\Wldp.dll
0x00007ff9d4ab0000 - 0x00007ff9d4b5e000 	C:\WINDOWS\System32\SHCORE.dll
0x00007ff9d6130000 - 0x00007ff9d6185000 	C:\WINDOWS\System32\shlwapi.dll
0x00007ff9d3840000 - 0x00007ff9d3866000 	C:\WINDOWS\SYSTEM32\profapi.dll
0x00007ff9c6380000 - 0x00007ff9c639a000 	D:\Android\jre\jre\bin\net.dll
0x00007ff9d29f0000 - 0x00007ff9d2a5a000 	C:\WINDOWS\system32\mswsock.dll
0x00007ff9b9040000 - 0x00007ff9b9053000 	D:\Android\jre\jre\bin\nio.dll
0x00007ff97f340000 - 0x00007ff97f367000 	C:\Users\Alex\.gradle\native\f6784746aeab05261644944871eae4fe03e0ef1612fff0a4a95f87b438bc6780\windows-amd64\native-platform.dll
0x00007ff9cd9e0000 - 0x00007ff9cd9ed000 	D:\Android\jre\jre\bin\management.dll
0x00007ff9d3690000 - 0x00007ff9d36a8000 	C:\WINDOWS\SYSTEM32\CRYPTSP.dll
0x00007ff9d23c0000 - 0x00007ff9d23f4000 	C:\WINDOWS\system32\rsaenh.dll
0x00007ff9d3be0000 - 0x00007ff9d3c07000 	C:\WINDOWS\System32\bcrypt.dll
0x00007ff9d37c0000 - 0x00007ff9d37ee000 	C:\WINDOWS\SYSTEM32\USERENV.dll
0x00007ff9d3fb0000 - 0x00007ff9d4030000 	C:\WINDOWS\System32\bcryptprimitives.dll
0x00007ff9d2c70000 - 0x00007ff9d2c7c000 	C:\WINDOWS\SYSTEM32\CRYPTBASE.dll
0x00007ff9d26f0000 - 0x00007ff9d272b000 	C:\WINDOWS\SYSTEM32\IPHLPAPI.DLL
0x00007ff9d56d0000 - 0x00007ff9d56d8000 	C:\WINDOWS\System32\NSI.dll
0x00007ff9cef60000 - 0x00007ff9cef77000 	C:\WINDOWS\SYSTEM32\dhcpcsvc6.DLL
0x00007ff9cef40000 - 0x00007ff9cef5d000 	C:\WINDOWS\SYSTEM32\dhcpcsvc.DLL
0x00007ff9d2730000 - 0x00007ff9d27fb000 	C:\WINDOWS\SYSTEM32\DNSAPI.dll
0x00007ff9cb8c0000 - 0x00007ff9cb8cb000 	C:\WINDOWS\SYSTEM32\WINNSI.DLL
0x0000000066e00000 - 0x0000000066f03000 	C:\Users\Alex\AppData\Local\Temp\sqlite-3.25.2-5c810edc-e416-46cc-ac92-b2e832b8d49c-sqlitejdbc.dll
0x00000000307a0000 - 0x00000000308a3000 	C:\Users\Alex\AppData\Local\Temp\sqlite-3.25.2-dd7105c9-5c22-41b3-a728-47b06a17ccf6-sqlitejdbc.dll
0x00007ff9d3330000 - 0x00007ff9d3514000 	C:\WINDOWS\SYSTEM32\dbghelp.dll

VM Arguments:
jvm_args: -Xmx2048m -Dfile.encoding=UTF-8 -Duser.country=RU -Duser.language=ru -Duser.variant 
java_command: org.gradle.launcher.daemon.bootstrap.GradleDaemon 6.5
java_class_path (initial): C:\Users\Alex\.gradle\wrapper\dists\gradle-6.5-all\2oz4ud9k3tuxjg84bbf55q0tn\gradle-6.5\lib\gradle-launcher-6.5.jar
Launcher Type: SUN_STANDARD

Environment Variables:
JAVA_HOME=C:\Program Files\BellSoft\LibericaJDK-11\
PATH=C:\Program Files\BellSoft\LibericaJDK-11\bin\;C:\Program Files (x86)\Common Files\Oracle\Java\javapath;C:\Windows\system32;C:\Windows;C:\Windows\System32\Wbem;C:\Windows\System32\WindowsPowerShell\v1.0\;C:\Windows\System32\OpenSSH\;C:\Program Files (x86)\NVIDIA Corporation\PhysX\Common;C:\Program Files\dotnet\;C:\Program Files\Microsoft SQL Server\130\Tools\Binn\;C:\Program Files\Microsoft SQL Server\Client SDK\ODBC\170\Tools\Binn\;C:\Program Files\NVIDIA Corporation\NVIDIA NvDLISR;C:\WINDOWS\system32;C:\WINDOWS;C:\WINDOWS\System32\Wbem;C:\WINDOWS\System32\WindowsPowerShell\v1.0\;C:\WINDOWS\System32\OpenSSH\;C:\Program Files\Git\cmd;C:\Program Files\Git\mingw64\bin;C:\Program Files\Git\usr\bin;C:\Python39\Scripts\;C:\Python39\;C:\Users\Alex\AppData\Local\Microsoft\WindowsApps;;C:\Program Files\JetBrains\IntelliJ IDEA Community Edition 2020.3.1\bin;;C:\Users\Alex\.dotnet\tools
USERNAME=Alex
OS=Windows_NT
PROCESSOR_IDENTIFIER=Intel64 Family 6 Model 158 Stepping 10, GenuineIntel



---------------  S Y S T E M  ---------------

OS: Windows 10.0 , 64 bit Build 19041 (10.0.19041.804)

CPU:total 12 (initial active 12) (6 cores per cpu, 2 threads per core) family 6 model 158 stepping 10, cmov, cx8, fxsr, mmx, sse, sse2, sse3, ssse3, sse4.1, sse4.2, popcnt, avx, avx2, aes, clmul, erms, 3dnowpref, lzcnt, ht, tsc, tscinvbit, bmi1, bmi2, adx

Memory: 4k page, physical 16622900k(4914552k free), swap 19113268k(3064304k free)

vm_info: OpenJDK 64-Bit Server VM (25.242-b01) for windows-amd64 JRE (1.8.0_242-release-1644-b01), built by "builder" with MS VC++ 10.0 (VS2010)

time: Wed Apr 07 22:05:54 2021
timezone: RTZ 2 (зима)
elapsed time: 534 seconds (0d 0h 8m 54s)

