#
# A fatal error has been detected by the Java Runtime Environment:
#
#  EXCEPTION_ACCESS_VIOLATION (0xc0000005) at pc=0x00000000032341c7, pid=10048, tid=0x000000000000359c
#
# JRE version: OpenJDK Runtime Environment (8.0_242-b01) (build 1.8.0_242-release-1644-b01)
# Java VM: OpenJDK 64-Bit Server VM (25.242-b01 mixed mode windows-amd64 compressed oops)
# Problematic frame:
# J 2047 C2 java.util.HashMap.get(Ljava/lang/Object;)Ljava/lang/Object; (23 bytes) @ 0x00000000032341c7 [0x0000000003234060+0x167]
#
# Failed to write core dump. Minidumps are not enabled by default on client versions of Windows
#
# If you would like to submit a bug report, please visit:
#   
#

---------------  T H R E A D  ---------------

Current thread (0x00000000206c5000):  JavaThread "Execution worker for ':' Thread 7" [_thread_in_Java, id=13724, stack(0x000000002e490000,0x000000002e590000)]

siginfo: ExceptionCode=0xc0000005, reading address 0x000000000107000c

Registers:
RAX=0x000000006b9c67ad, RBX=0x00000000000059ce, RCX=0x0000000000000c31, RDX=0x00000000d6fc90a0
RSP=0x000000002e589ea0, RBP=0x00000000d7591770, RSI=0x00000000d6fc90a0, RDI=0x000000002f47a128
R8 =0x0000000001070000, R9 =0x0000000001070000, R10=0x000000006b9c0c31, R11=0x0000000000000000
R12=0x0000000000000000, R13=0x00000000ea5d27c8, R14=0x0000000000016738, R15=0x00000000206c5000
RIP=0x00000000032341c7, EFLAGS=0x0000000000010297

Top of Stack: (sp=0x000000002e589ea0)
0x000000002e589ea0:   00000000d774a320 00000000ea939298
0x000000002e589eb0:   ea5683702e58a1b0 00000000ea568358
0x000000002e589ec0:   00000000d8355fc8 00000000034c2c1e
0x000000002e589ed0:   000000002e58a1b0 00000000040618c4
0x000000002e589ee0:   000000000000000d 0000000004370a3f
0x000000002e589ef0:   00000000d8353948 00000000ea5011e8
0x000000002e589f00:   00000000d6fb8128 00000000ea5011e8
0x000000002e589f10:   00000000d727eea0 00000000ea939298
0x000000002e589f20:   000000002e58a1b0 000000000400c0e8
0x000000002e589f30:   00000000d8355bd0 0000000100973a70
0x000000002e589f40:   000000002e58a1b0 000000000405feac
0x000000002e589f50:   ffffffff00000011 000000002eef2ac0
0x000000002e589f60:   00000000ea50ac90 000000005b37e503
0x000000002e589f70:   000000002e58a0a8 00000000175413cb
0x000000002e589f80:   00000000206c5000 000000002e58a088
0x000000002e589f90:   00000000e94edcd8 00000000ea7f6c10 

Instructions: (pc=0x00000000032341c7)
0x00000000032341a7:   b4 6c 00 20 0f 85 9d 00 00 00 41 bb 01 00 00 00
0x00000000032341b7:   41 81 f9 b4 6c 00 20 0f 84 09 01 00 00 4d 8b c8
0x00000000032341c7:   45 8b 41 0c 45 3b c2 75 6a 41 8b 69 10 4c 8b c5
0x00000000032341d7:   4c 3b 44 24 08 74 a7 4c 8b 5c 24 08 4d 85 db 0f 


Register to memory mapping:

RAX=0x000000006b9c67ad is an unknown value
RBX=0x00000000000059ce is an unknown value
RCX=0x0000000000000c31 is an unknown value
RDX=0x00000000d6fc90a0 is an oop
java.util.HashMap 
 - klass: 'java/util/HashMap'
RSP=0x000000002e589ea0 is pointing into the stack for thread: 0x00000000206c5000
RBP=0x00000000d7591770 is an oop

[error occurred during error reporting (printing register info), id 0xc0000005]

Stack: [0x000000002e490000,0x000000002e590000],  sp=0x000000002e589ea0,  free space=999k
Native frames: (J=compiled Java code, j=interpreted, Vv=VM code, C=native code)
C  0x00000000032341c7


---------------  P R O C E S S  ---------------

Java Threads: ( => current thread )
  0x00000000206d0800 JavaThread "Cache worker for Java compile cache (D:\AndroidProjects\KursachGameShop2\.gradle\6.5\javaCompile)" [_thread_blocked, id=11872, stack(0x000000002f090000,0x000000002f190000)]
  0x00000000206cf800 JavaThread "Cache worker for Java compile cache (C:\Users\Alex\.gradle\caches\6.5\javaCompile)" [_thread_blocked, id=14480, stack(0x000000002ef90000,0x000000002f090000)]
  0x00000000206ce000 JavaThread "Cache worker for execution history cache (D:\AndroidProjects\KursachGameShop2\.gradle\6.5\executionHistory)" [_thread_blocked, id=5240, stack(0x000000002e990000,0x000000002ea90000)]
  0x00000000206cd800 JavaThread "Execution worker for ':' Thread 11" [_thread_blocked, id=2856, stack(0x000000002e890000,0x000000002e990000)]
  0x00000000206cf000 JavaThread "Execution worker for ':' Thread 10" [_thread_blocked, id=5672, stack(0x000000002e790000,0x000000002e890000)]
  0x00000000206c6000 JavaThread "Execution worker for ':' Thread 9" [_thread_blocked, id=12256, stack(0x000000002e690000,0x000000002e790000)]
  0x00000000206cc800 JavaThread "Execution worker for ':' Thread 8" [_thread_blocked, id=3992, stack(0x000000002e590000,0x000000002e690000)]
=>0x00000000206c5000 JavaThread "Execution worker for ':' Thread 7" [_thread_in_Java, id=13724, stack(0x000000002e490000,0x000000002e590000)]
  0x00000000206cc000 JavaThread "Execution worker for ':' Thread 6" [_thread_blocked, id=15700, stack(0x000000002e390000,0x000000002e490000)]
  0x00000000206c9800 JavaThread "Execution worker for ':' Thread 5" [_thread_blocked, id=2620, stack(0x000000002e290000,0x000000002e390000)]
  0x00000000206cb000 JavaThread "Execution worker for ':' Thread 4" [_thread_blocked, id=9660, stack(0x000000002e190000,0x000000002e290000)]
  0x00000000206c9000 JavaThread "Execution worker for ':' Thread 3" [_thread_blocked, id=15256, stack(0x000000002e090000,0x000000002e190000)]
  0x00000000206ca800 JavaThread "Execution worker for ':' Thread 2" [_thread_blocked, id=13956, stack(0x000000002df90000,0x000000002e090000)]
  0x00000000206c2000 JavaThread "Execution worker for ':'" [_thread_blocked, id=11280, stack(0x000000002da20000,0x000000002db20000)]
  0x00000000206c8000 JavaThread "Cache worker for file content cache (D:\AndroidProjects\KursachGameShop2\.gradle\6.5\fileContent)" [_thread_blocked, id=9040, stack(0x000000002d720000,0x000000002d820000)]
  0x00000000206c7800 JavaThread "Memory manager" [_thread_blocked, id=14532, stack(0x000000002be40000,0x000000002bf40000)]
  0x00000000206c4800 JavaThread "pool-1-thread-1" [_thread_blocked, id=12148, stack(0x000000002b940000,0x000000002ba40000)]
  0x00000000206c1800 JavaThread "Cache worker for Build Output Cleanup Cache (D:\AndroidProjects\KursachGameShop2\.gradle\buildOutputCleanup)" [_thread_blocked, id=16416, stack(0x000000002b3c0000,0x000000002b4c0000)]
  0x00000000206c3000 JavaThread "jar transforms Thread 92" [_thread_blocked, id=7540, stack(0x000000002b2c0000,0x000000002b3c0000)]
  0x000000002093f800 JavaThread "jar transforms Thread 91" [_thread_blocked, id=6036, stack(0x000000002b1c0000,0x000000002b2c0000)]
  0x000000002093e800 JavaThread "jar transforms Thread 90" [_thread_blocked, id=10800, stack(0x000000002b0c0000,0x000000002b1c0000)]
  0x000000002093d000 JavaThread "jar transforms Thread 89" [_thread_blocked, id=8440, stack(0x000000002afc0000,0x000000002b0c0000)]
  0x000000002093c800 JavaThread "jar transforms Thread 88" [_thread_blocked, id=14732, stack(0x000000002aec0000,0x000000002afc0000)]
  0x000000002093b800 JavaThread "jar transforms Thread 87" [_thread_blocked, id=8448, stack(0x000000002adc0000,0x000000002aec0000)]
  0x000000002093b000 JavaThread "jar transforms Thread 86" [_thread_blocked, id=7716, stack(0x000000002acc0000,0x000000002adc0000)]
  0x000000002093e000 JavaThread "jar transforms Thread 85" [_thread_blocked, id=16820, stack(0x000000002abc0000,0x000000002acc0000)]
  0x0000000020933800 JavaThread "jar transforms Thread 84" [_thread_blocked, id=12216, stack(0x000000002aac0000,0x000000002abc0000)]
  0x000000002093a000 JavaThread "jar transforms Thread 83" [_thread_blocked, id=11952, stack(0x000000002a9c0000,0x000000002aac0000)]
  0x0000000020932800 JavaThread "jar transforms Thread 82" [_thread_blocked, id=7336, stack(0x000000002a8c0000,0x000000002a9c0000)]
  0x0000000020939800 JavaThread "jar transforms Thread 81" [_thread_blocked, id=2032, stack(0x000000002a7c0000,0x000000002a8c0000)]
  0x0000000020938800 JavaThread "jar transforms Thread 80" [_thread_blocked, id=17152, stack(0x000000002a6c0000,0x000000002a7c0000)]
  0x0000000020931000 JavaThread "jar transforms Thread 79" [_thread_blocked, id=7204, stack(0x000000002a5c0000,0x000000002a6c0000)]
  0x0000000020938000 JavaThread "jar transforms Thread 78" [_thread_blocked, id=9668, stack(0x000000002a4c0000,0x000000002a5c0000)]
  0x0000000020935000 JavaThread "jar transforms Thread 77" [_thread_blocked, id=15664, stack(0x000000002a3c0000,0x000000002a4c0000)]
  0x0000000020936800 JavaThread "jar transforms Thread 76" [_thread_blocked, id=2908, stack(0x000000002a2c0000,0x000000002a3c0000)]
  0x0000000020935800 JavaThread "jar transforms Thread 75" [_thread_blocked, id=17388, stack(0x000000002a1c0000,0x000000002a2c0000)]
  0x0000000020934000 JavaThread "jar transforms Thread 74" [_thread_blocked, id=8616, stack(0x000000002a0c0000,0x000000002a1c0000)]
  0x0000000020932000 JavaThread "jar transforms Thread 73" [_thread_blocked, id=2320, stack(0x0000000029fc0000,0x000000002a0c0000)]
  0x0000000020930800 JavaThread "jar transforms Thread 72" [_thread_blocked, id=16540, stack(0x0000000029ec0000,0x0000000029fc0000)]
  0x0000000020937000 JavaThread "jar transforms Thread 71" [_thread_blocked, id=16884, stack(0x0000000029dc0000,0x0000000029ec0000)]
  0x000000002092a000 JavaThread "jar transforms Thread 70" [_thread_blocked, id=17056, stack(0x0000000029cc0000,0x0000000029dc0000)]
  0x000000002092b000 JavaThread "jar transforms Thread 69" [_thread_blocked, id=5048, stack(0x0000000029bc0000,0x0000000029cc0000)]
  0x000000002092f800 JavaThread "jar transforms Thread 68" [_thread_blocked, id=15972, stack(0x0000000029ac0000,0x0000000029bc0000)]
  0x000000002092e000 JavaThread "jar transforms Thread 67" [_thread_blocked, id=15820, stack(0x00000000299c0000,0x0000000029ac0000)]
  0x000000002092c800 JavaThread "jar transforms Thread 66" [_thread_blocked, id=15804, stack(0x00000000298c0000,0x00000000299c0000)]
  0x000000002092e800 JavaThread "jar transforms Thread 65" [_thread_blocked, id=15784, stack(0x00000000297c0000,0x00000000298c0000)]
  0x000000002092d000 JavaThread "jar transforms Thread 64" [_thread_blocked, id=5632, stack(0x00000000296c0000,0x00000000297c0000)]
  0x000000002092b800 JavaThread "jar transforms Thread 63" [_thread_blocked, id=5568, stack(0x00000000295c0000,0x00000000296c0000)]
  0x0000000020922800 JavaThread "jar transforms Thread 62" [_thread_blocked, id=12244, stack(0x00000000294c0000,0x00000000295c0000)]
  0x0000000020929800 JavaThread "jar transforms Thread 61" [_thread_blocked, id=9996, stack(0x00000000293c0000,0x00000000294c0000)]
  0x0000000020922000 JavaThread "jar transforms Thread 60" [_thread_blocked, id=11000, stack(0x00000000292c0000,0x00000000293c0000)]
  0x0000000020928800 JavaThread "jar transforms Thread 59" [_thread_blocked, id=14100, stack(0x00000000291c0000,0x00000000292c0000)]
  0x0000000020928000 JavaThread "jar transforms Thread 58" [_thread_blocked, id=7908, stack(0x00000000290c0000,0x00000000291c0000)]
  0x0000000020920800 JavaThread "jar transforms Thread 57" [_thread_blocked, id=2792, stack(0x0000000028fc0000,0x00000000290c0000)]
  0x0000000020927000 JavaThread "jar transforms Thread 56" [_thread_blocked, id=14000, stack(0x0000000028ec0000,0x0000000028fc0000)]
  0x0000000020921000 JavaThread "jar transforms Thread 55" [_thread_blocked, id=1780, stack(0x0000000028dc0000,0x0000000028ec0000)]
  0x0000000020926800 JavaThread "jar transforms Thread 54" [_thread_blocked, id=15000, stack(0x0000000028cc0000,0x0000000028dc0000)]
  0x0000000020925800 JavaThread "jar transforms Thread 53" [_thread_blocked, id=7656, stack(0x0000000028bc0000,0x0000000028cc0000)]
  0x0000000020924000 JavaThread "jar transforms Thread 52" [_thread_blocked, id=3180, stack(0x0000000028ac0000,0x0000000028bc0000)]
  0x0000000020925000 JavaThread "jar transforms Thread 51" [_thread_blocked, id=7328, stack(0x00000000289c0000,0x0000000028ac0000)]
  0x0000000020923800 JavaThread "jar transforms Thread 50" [_thread_blocked, id=8420, stack(0x00000000288c0000,0x00000000289c0000)]
  0x000000001d478000 JavaThread "jar transforms Thread 49" [_thread_blocked, id=3704, stack(0x00000000287c0000,0x00000000288c0000)]
  0x000000001d475000 JavaThread "jar transforms Thread 48" [_thread_blocked, id=14328, stack(0x00000000286c0000,0x00000000287c0000)]
  0x000000001d477000 JavaThread "jar transforms Thread 47" [_thread_blocked, id=4112, stack(0x00000000285c0000,0x00000000286c0000)]
  0x000000001d475800 JavaThread "jar transforms Thread 46" [_thread_blocked, id=15288, stack(0x00000000284c0000,0x00000000285c0000)]
  0x000000001d474000 JavaThread "jar transforms Thread 45" [_thread_blocked, id=10996, stack(0x00000000283c0000,0x00000000284c0000)]
  0x000000001d473800 JavaThread "jar transforms Thread 44" [_thread_blocked, id=7616, stack(0x00000000282c0000,0x00000000283c0000)]
  0x000000001d472800 JavaThread "jar transforms Thread 43" [_thread_blocked, id=4676, stack(0x00000000281c0000,0x00000000282c0000)]
  0x000000001d476800 JavaThread "jar transforms Thread 42" [_thread_blocked, id=16740, stack(0x00000000280c0000,0x00000000281c0000)]
  0x000000001d46e000 JavaThread "jar transforms Thread 41" [_thread_blocked, id=5276, stack(0x0000000027fc0000,0x00000000280c0000)]
  0x000000001d472000 JavaThread "jar transforms Thread 40" [_thread_blocked, id=14504, stack(0x0000000027ec0000,0x0000000027fc0000)]
  0x000000001d46c800 JavaThread "jar transforms Thread 39" [_thread_blocked, id=11724, stack(0x0000000027dc0000,0x0000000027ec0000)]
  0x000000001d471000 JavaThread "jar transforms Thread 38" [_thread_blocked, id=13784, stack(0x0000000027cc0000,0x0000000027dc0000)]
  0x000000001d46b000 JavaThread "jar transforms Thread 37" [_thread_blocked, id=4532, stack(0x0000000027bc0000,0x0000000027cc0000)]
  0x000000001d46d800 JavaThread "jar transforms Thread 36" [_thread_blocked, id=16728, stack(0x0000000027ac0000,0x0000000027bc0000)]
  0x000000001d46a800 JavaThread "jar transforms Thread 35" [_thread_blocked, id=2416, stack(0x00000000279c0000,0x0000000027ac0000)]
  0x000000001d469800 JavaThread "jar transforms Thread 34" [_thread_blocked, id=16580, stack(0x00000000278c0000,0x00000000279c0000)]
  0x000000001d46c000 JavaThread "jar transforms Thread 33" [_thread_blocked, id=10344, stack(0x00000000277c0000,0x00000000278c0000)]
  0x000000001d470800 JavaThread "jar transforms Thread 32" [_thread_blocked, id=7608, stack(0x00000000276c0000,0x00000000277c0000)]
  0x000000001d469000 JavaThread "jar transforms Thread 31" [_thread_blocked, id=15308, stack(0x00000000275c0000,0x00000000276c0000)]
  0x000000001d46f800 JavaThread "jar transforms Thread 30" [_thread_blocked, id=6528, stack(0x00000000274c0000,0x00000000275c0000)]
  0x000000001d46f000 JavaThread "jar transforms Thread 29" [_thread_blocked, id=15608, stack(0x00000000273c0000,0x00000000274c0000)]
  0x000000001d5a9000 JavaThread "jar transforms Thread 28" [_thread_blocked, id=14820, stack(0x00000000272c0000,0x00000000273c0000)]
  0x000000001d5a8000 JavaThread "jar transforms Thread 27" [_thread_blocked, id=1964, stack(0x00000000271c0000,0x00000000272c0000)]
  0x000000001d5a7800 JavaThread "jar transforms Thread 26" [_thread_blocked, id=8632, stack(0x00000000270c0000,0x00000000271c0000)]
  0x000000001d5a6800 JavaThread "jar transforms Thread 25" [_thread_blocked, id=13680, stack(0x0000000026fc0000,0x00000000270c0000)]
  0x000000001d5aa800 JavaThread "jar transforms Thread 24" [_thread_blocked, id=13748, stack(0x0000000026ec0000,0x0000000026fc0000)]
  0x000000001d5a9800 JavaThread "jar transforms Thread 23" [_thread_blocked, id=2432, stack(0x0000000026dc0000,0x0000000026ec0000)]
  0x000000001d59f000 JavaThread "jar transforms Thread 22" [_thread_blocked, id=13924, stack(0x0000000026cc0000,0x0000000026dc0000)]
  0x000000001d5a6000 JavaThread "jar transforms Thread 21" [_thread_blocked, id=4132, stack(0x0000000026bc0000,0x0000000026cc0000)]
  0x000000001d5a5000 JavaThread "jar transforms Thread 20" [_thread_blocked, id=16992, stack(0x0000000026ac0000,0x0000000026bc0000)]
  0x000000001d59d800 JavaThread "jar transforms Thread 19" [_thread_blocked, id=8116, stack(0x00000000269c0000,0x0000000026ac0000)]
  0x000000001d5a4800 JavaThread "jar transforms Thread 18" [_thread_blocked, id=9260, stack(0x00000000268c0000,0x00000000269c0000)]
  0x000000001d59e000 JavaThread "jar transforms Thread 17" [_thread_blocked, id=4144, stack(0x00000000267c0000,0x00000000268c0000)]
  0x000000001d5a3800 JavaThread "jar transforms Thread 16" [_thread_blocked, id=3080, stack(0x00000000266c0000,0x00000000267c0000)]
  0x000000001d59c800 JavaThread "jar transforms Thread 15" [_thread_blocked, id=9048, stack(0x00000000265c0000,0x00000000266c0000)]
  0x000000001d5a0800 JavaThread "jar transforms Thread 14" [_thread_blocked, id=6456, stack(0x00000000264c0000,0x00000000265c0000)]
  0x000000001d59c000 JavaThread "jar transforms Thread 13" [_thread_blocked, id=8672, stack(0x00000000263c0000,0x00000000264c0000)]
  0x000000001d5a3000 JavaThread "jar transforms Thread 12" [_thread_blocked, id=1940, stack(0x00000000262c0000,0x00000000263c0000)]
  0x000000001d5a1800 JavaThread "jar transforms Thread 11" [_thread_blocked, id=12960, stack(0x00000000261c0000,0x00000000262c0000)]
  0x000000001d5a2000 JavaThread "jar transforms Thread 10" [_thread_blocked, id=1100, stack(0x00000000260c0000,0x00000000261c0000)]
  0x000000001d59b000 JavaThread "jar transforms Thread 9" [_thread_blocked, id=17108, stack(0x0000000025fc0000,0x00000000260c0000)]
  0x000000001d5a0000 JavaThread "jar transforms Thread 8" [_thread_blocked, id=5444, stack(0x0000000025ec0000,0x0000000025fc0000)]
  0x0000000020c37000 JavaThread "jar transforms Thread 7" [_thread_blocked, id=17288, stack(0x0000000025dc0000,0x0000000025ec0000)]
  0x0000000020c33000 JavaThread "jar transforms Thread 6" [_thread_blocked, id=16488, stack(0x0000000025cc0000,0x0000000025dc0000)]
  0x0000000020c36000 JavaThread "jar transforms Thread 5" [_thread_blocked, id=7840, stack(0x0000000025bc0000,0x0000000025cc0000)]
  0x0000000020c35800 JavaThread "jar transforms Thread 4" [_thread_blocked, id=4384, stack(0x0000000025ac0000,0x0000000025bc0000)]
  0x0000000020c34800 JavaThread "jar transforms Thread 3" [_thread_blocked, id=12264, stack(0x00000000259c0000,0x0000000025ac0000)]
  0x0000000020c32800 JavaThread "jar transforms Thread 2" [_thread_blocked, id=4592, stack(0x00000000258c0000,0x00000000259c0000)]
  0x0000000020c34000 JavaThread "Build operations Thread 12" [_thread_blocked, id=12736, stack(0x00000000257c0000,0x00000000258c0000)]
  0x0000000020c2a800 JavaThread "Build operations Thread 11" [_thread_blocked, id=16528, stack(0x00000000256c0000,0x00000000257c0000)]
  0x0000000020c31800 JavaThread "Build operations Thread 10" [_thread_blocked, id=12732, stack(0x00000000255c0000,0x00000000256c0000)]
  0x0000000020c30800 JavaThread "Build operations Thread 9" [_thread_blocked, id=2948, stack(0x00000000254c0000,0x00000000255c0000)]
  0x0000000020c2d800 JavaThread "Build operations Thread 8" [_thread_blocked, id=8588, stack(0x00000000253c0000,0x00000000254c0000)]
  0x0000000020c2d000 JavaThread "Build operations Thread 7" [_thread_blocked, id=4768, stack(0x00000000252c0000,0x00000000253c0000)]
  0x0000000020c2c000 JavaThread "Build operations Thread 6" [_thread_blocked, id=8628, stack(0x00000000250c0000,0x00000000251c0000)]
  0x0000000020c2f000 JavaThread "Build operations Thread 5" [_thread_blocked, id=7296, stack(0x0000000024fc0000,0x00000000250c0000)]
  0x0000000020c2b800 JavaThread "Build operations Thread 4" [_thread_blocked, id=508, stack(0x0000000024ec0000,0x0000000024fc0000)]
  0x0000000020c30000 JavaThread "Build operations Thread 3" [_thread_blocked, id=15196, stack(0x0000000024dc0000,0x0000000024ec0000)]
  0x0000000020c2a000 JavaThread "Build operations Thread 2" [_thread_blocked, id=12792, stack(0x0000000024cc0000,0x0000000024dc0000)]
  0x0000000020c28800 JavaThread "Build operations" [_thread_blocked, id=2444, stack(0x0000000024bc0000,0x0000000024cc0000)]
  0x000000001cf29800 JavaThread "Cache worker for file content cache (C:\Users\Alex\.gradle\caches\6.5\fileContent)" [_thread_blocked, id=15668, stack(0x00000000244c0000,0x00000000245c0000)]
  0x000000001cf2b000 JavaThread "jar transforms" [_thread_blocked, id=9624, stack(0x0000000022c60000,0x0000000022d60000)]
  0x000000001cf29000 JavaThread "Cache worker for execution history cache (C:\Users\Alex\.gradle\caches\6.5\executionHistory)" [_thread_blocked, id=16616, stack(0x0000000022b60000,0x0000000022c60000)]
  0x000000001cf28000 JavaThread "Cache worker for cache directory md-rule (C:\Users\Alex\.gradle\caches\6.5\md-rule)" [_thread_blocked, id=6576, stack(0x0000000022a60000,0x0000000022b60000)]
  0x000000001cf27000 JavaThread "Cache worker for cache directory md-supplier (C:\Users\Alex\.gradle\caches\6.5\md-supplier)" [_thread_blocked, id=12332, stack(0x0000000021700000,0x0000000021800000)]
  0x000000001cf2a800 JavaThread "Cache worker for checksums cache (D:\AndroidProjects\KursachGameShop2\.gradle\checksums)" [_thread_blocked, id=17372, stack(0x0000000021600000,0x0000000021700000)]
  0x000000001cf26800 JavaThread "Cache worker for file hash cache (D:\AndroidProjects\KursachGameShop2\.gradle\6.5\fileHashes)" [_thread_blocked, id=13548, stack(0x0000000022df0000,0x0000000022ef0000)]
  0x000000001cf25000 JavaThread "Cache worker for file hash cache (C:\Users\Alex\.gradle\caches\6.5\fileHashes)" [_thread_blocked, id=16484, stack(0x000000001f160000,0x000000001f260000)]
  0x000000001cf25800 JavaThread "File lock request listener" [_thread_in_native, id=12008, stack(0x000000001f060000,0x000000001f160000)]
  0x000000001cf32000 JavaThread "Cache worker for journal cache (C:\Users\Alex\.gradle\caches\journal-1)" [_thread_blocked, id=11428, stack(0x000000001ef60000,0x000000001f060000)]
  0x000000001cd9a800 JavaThread "Thread-9" [_thread_blocked, id=16928, stack(0x000000001ec60000,0x000000001ed60000)]
  0x000000001cd9a000 JavaThread "Stdin handler" [_thread_blocked, id=9388, stack(0x000000001eb60000,0x000000001ec60000)]
  0x000000001ccd8000 JavaThread "Asynchronous log dispatcher for DefaultDaemonConnection: socket connection from /127.0.0.1:57310 to /127.0.0.1:57311" [_thread_blocked, id=11680, stack(0x000000001ea60000,0x000000001eb60000)]
  0x000000001ccd6000 JavaThread "Daemon worker" [_thread_blocked, id=16376, stack(0x000000001e960000,0x000000001ea60000)]
  0x000000001ccde800 JavaThread "Cancel handler" [_thread_blocked, id=11928, stack(0x000000001e860000,0x000000001e960000)]
  0x000000001ccca800 JavaThread "Handler for socket connection from /127.0.0.1:57310 to /127.0.0.1:57311" [_thread_in_native, id=12648, stack(0x000000001e560000,0x000000001e660000)]
  0x000000001cc75000 JavaThread "Daemon" [_thread_blocked, id=7048, stack(0x000000001e460000,0x000000001e560000)]
  0x000000001cc71800 JavaThread "Daemon periodic checks" [_thread_blocked, id=11176, stack(0x000000001e360000,0x000000001e460000)]
  0x000000001cc64800 JavaThread "Incoming local TCP Connector on port 57310" [_thread_in_native, id=5456, stack(0x000000001e110000,0x000000001e210000)]
  0x000000001c8fe000 JavaThread "Daemon health stats" [_thread_blocked, id=8916, stack(0x000000001dad0000,0x000000001dbd0000)]
  0x0000000019558800 JavaThread "Service Thread" daemon [_thread_blocked, id=7584, stack(0x000000001af30000,0x000000001b030000)]
  0x00000000194d5800 JavaThread "C1 CompilerThread3" daemon [_thread_blocked, id=9712, stack(0x000000001ae30000,0x000000001af30000)]
  0x00000000194d5000 JavaThread "C2 CompilerThread2" daemon [_thread_in_native, id=6044, stack(0x000000001ad30000,0x000000001ae30000)]
  0x00000000194cc800 JavaThread "C2 CompilerThread1" daemon [_thread_blocked, id=9084, stack(0x000000001ac30000,0x000000001ad30000)]
  0x00000000194c5800 JavaThread "C2 CompilerThread0" daemon [_thread_blocked, id=17344, stack(0x000000001ab30000,0x000000001ac30000)]
  0x00000000194c1800 JavaThread "Attach Listener" daemon [_thread_blocked, id=9868, stack(0x000000001aa30000,0x000000001ab30000)]
  0x00000000194c0000 JavaThread "Signal Dispatcher" daemon [_thread_blocked, id=3340, stack(0x000000001a930000,0x000000001aa30000)]
  0x0000000002b4a800 JavaThread "Finalizer" daemon [_thread_blocked, id=7792, stack(0x000000001a720000,0x000000001a820000)]
  0x00000000194b3000 JavaThread "Reference Handler" daemon [_thread_blocked, id=16880, stack(0x000000001a620000,0x000000001a720000)]
  0x0000000002a4d800 JavaThread "main" [_thread_blocked, id=5408, stack(0x00000000028c0000,0x00000000029c0000)]

Other Threads:
  0x0000000019492800 VMThread [stack: 0x000000001a520000,0x000000001a620000] [id=17164]
  0x0000000019559800 WatcherThread [stack: 0x000000001b030000,0x000000001b130000] [id=12652]

VM state:not at safepoint (normal execution)

VM Mutex/Monitor currently owned by a thread: None

heap address: 0x0000000080000000, size: 2048 MB, Compressed Oops mode: 32-bit
Narrow klass base: 0x0000000000000000, Narrow klass shift: 3
Compressed class space size: 1073741824 Address: 0x0000000100000000

Heap:
 PSYoungGen      total 349696K, used 70421K [0x00000000d5580000, 0x00000000f0e00000, 0x0000000100000000)
  eden space 326656K, 14% used [0x00000000d5580000,0x00000000d83cb700,0x00000000e9480000)
  from space 23040K, 99% used [0x00000000e9480000,0x00000000eaaf9e38,0x00000000eab00000)
  to   space 32256K, 0% used [0x00000000eee80000,0x00000000eee80000,0x00000000f0e00000)
 ParOldGen       total 213504K, used 51120K [0x0000000080000000, 0x000000008d080000, 0x00000000d5580000)
  object space 213504K, 23% used [0x0000000080000000,0x00000000831ec3b8,0x000000008d080000)
 Metaspace       used 77213K, capacity 80912K, committed 81304K, reserved 1120256K
  class space    used 10387K, capacity 11070K, committed 11184K, reserved 1048576K

Card table byte_map: [0x0000000011f10000,0x0000000012320000] byte_map_base: 0x0000000011b10000

Marking Bits: (ParMarkBitMap*) 0x000000005ba2f030
 Begin Bits: [0x0000000012fd0000, 0x0000000014fd0000)
 End Bits:   [0x0000000014fd0000, 0x0000000016fd0000)

Polling page: 0x00000000027b0000

CodeCache: size=245760Kb used=25100Kb max_used=25112Kb free=220659Kb
 bounds [0x0000000002b50000, 0x0000000004400000, 0x0000000011b50000]
 total_blobs=8898 nmethods=8080 adapters=731
 compilation: enabled

Compilation events (10 events):
Event: 6.812 Thread 0x00000000194d5800 8904       3       com.sun.tools.javac.comp.Check$DefaultMethodClashFilter::accepts (56 bytes)
Event: 6.812 Thread 0x00000000194d5800 nmethod 8904 0x00000000043dc5d0 code [0x00000000043dc760, 0x00000000043dcc48]
Event: 6.812 Thread 0x00000000194d5800 8905       3       com.sun.tools.javac.code.Types$MethodFilter::accepts (9 bytes)
Event: 6.812 Thread 0x00000000194d5800 nmethod 8905 0x00000000043dc150 code [0x00000000043dc2c0, 0x00000000043dc528]
Event: 6.812 Thread 0x00000000194d5800 8908       3       com.sun.tools.javac.code.Scope$CompoundScope$CompoundScopeIterator::update (58 bytes)
Event: 6.812 Thread 0x00000000194d5800 nmethod 8908 0x00000000043db7d0 code [0x00000000043db980, 0x00000000043dbfb8]
Event: 6.812 Thread 0x00000000194d5800 8910       3       com.sun.tools.javac.code.Types::rank (277 bytes)
Event: 6.812 Thread 0x00000000194c5800 8913       4       com.sun.tools.javac.code.Types$13::visitClassType (10 bytes)
Event: 6.813 Thread 0x00000000194d5800 nmethod 8910 0x00000000043dcd90 code [0x00000000043dd0e0, 0x00000000043def98]
Event: 6.813 Thread 0x00000000194d5800 8918       3       com.sun.tools.javac.jvm.ClassReader::readClass (474 bytes)

GC Heap History (10 events):
Event: 2.664 GC heap before
{Heap before GC invocations=8 (full 2):
 PSYoungGen      total 233984K, used 8492K [0x00000000d5580000, 0x00000000e4b80000, 0x0000000100000000)
  eden space 218112K, 0% used [0x00000000d5580000,0x00000000d5580000,0x00000000e2a80000)
  from space 15872K, 53% used [0x00000000e3980000,0x00000000e41cb120,0x00000000e4900000)
  to   space 15360K, 0% used [0x00000000e2a80000,0x00000000e2a80000,0x00000000e3980000)
 ParOldGen       total 93696K, used 10722K [0x0000000080000000, 0x0000000085b80000, 0x00000000d5580000)
  object space 93696K, 11% used [0x0000000080000000,0x0000000080a78aa0,0x0000000085b80000)
 Metaspace       used 34347K, capacity 35432K, committed 35496K, reserved 1079296K
  class space    used 4729K, capacity 5007K, committed 5040K, reserved 1048576K
Event: 2.690 GC heap after
Heap after GC invocations=8 (full 2):
 PSYoungGen      total 233984K, used 0K [0x00000000d5580000, 0x00000000e4b80000, 0x0000000100000000)
  eden space 218112K, 0% used [0x00000000d5580000,0x00000000d5580000,0x00000000e2a80000)
  from space 15872K, 0% used [0x00000000e3980000,0x00000000e3980000,0x00000000e4900000)
  to   space 15360K, 0% used [0x00000000e2a80000,0x00000000e2a80000,0x00000000e3980000)
 ParOldGen       total 140288K, used 14995K [0x0000000080000000, 0x0000000088900000, 0x00000000d5580000)
  object space 140288K, 10% used [0x0000000080000000,0x0000000080ea4e60,0x0000000088900000)
 Metaspace       used 34347K, capacity 35432K, committed 35496K, reserved 1079296K
  class space    used 4729K, capacity 5007K, committed 5040K, reserved 1048576K
}
Event: 3.624 GC heap before
{Heap before GC invocations=9 (full 2):
 PSYoungGen      total 233984K, used 218112K [0x00000000d5580000, 0x00000000e4b80000, 0x0000000100000000)
  eden space 218112K, 100% used [0x00000000d5580000,0x00000000e2a80000,0x00000000e2a80000)
  from space 15872K, 0% used [0x00000000e3980000,0x00000000e3980000,0x00000000e4900000)
  to   space 15360K, 0% used [0x00000000e2a80000,0x00000000e2a80000,0x00000000e3980000)
 ParOldGen       total 140288K, used 14995K [0x0000000080000000, 0x0000000088900000, 0x00000000d5580000)
  object space 140288K, 10% used [0x0000000080000000,0x0000000080ea4e60,0x0000000088900000)
 Metaspace       used 45802K, capacity 47742K, committed 47912K, reserved 1091584K
  class space    used 6212K, capacity 6583K, committed 6704K, reserved 1048576K
Event: 3.633 GC heap after
Heap after GC invocations=9 (full 2):
 PSYoungGen      total 233472K, used 15351K [0x00000000d5580000, 0x00000000ebc80000, 0x0000000100000000)
  eden space 218112K, 0% used [0x00000000d5580000,0x00000000d5580000,0x00000000e2a80000)
  from space 15360K, 99% used [0x00000000e2a80000,0x00000000e397ded8,0x00000000e3980000)
  to   space 17920K, 0% used [0x00000000eab00000,0x00000000eab00000,0x00000000ebc80000)
 ParOldGen       total 140288K, used 16562K [0x0000000080000000, 0x0000000088900000, 0x00000000d5580000)
  object space 140288K, 11% used [0x0000000080000000,0x000000008102c978,0x0000000088900000)
 Metaspace       used 45802K, capacity 47742K, committed 47912K, reserved 1091584K
  class space    used 6212K, capacity 6583K, committed 6704K, reserved 1048576K
}
Event: 4.442 GC heap before
{Heap before GC invocations=10 (full 2):
 PSYoungGen      total 233472K, used 145364K [0x00000000d5580000, 0x00000000ebc80000, 0x0000000100000000)
  eden space 218112K, 59% used [0x00000000d5580000,0x00000000dd4774a0,0x00000000e2a80000)
  from space 15360K, 99% used [0x00000000e2a80000,0x00000000e397ded8,0x00000000e3980000)
  to   space 17920K, 0% used [0x00000000eab00000,0x00000000eab00000,0x00000000ebc80000)
 ParOldGen       total 140288K, used 16562K [0x0000000080000000, 0x0000000088900000, 0x00000000d5580000)
  object space 140288K, 11% used [0x0000000080000000,0x000000008102c978,0x0000000088900000)
 Metaspace       used 56515K, capacity 58898K, committed 59160K, reserved 1099776K
  class space    used 7743K, capacity 8210K, committed 8240K, reserved 1048576K
Event: 4.453 GC heap after
Heap after GC invocations=10 (full 2):
 PSYoungGen      total 344576K, used 17903K [0x00000000d5580000, 0x00000000ec180000, 0x0000000100000000)
  eden space 326656K, 0% used [0x00000000d5580000,0x00000000d5580000,0x00000000e9480000)
  from space 17920K, 99% used [0x00000000eab00000,0x00000000ebc7bd10,0x00000000ebc80000)
  to   space 23040K, 0% used [0x00000000e9480000,0x00000000e9480000,0x00000000eab00000)
 ParOldGen       total 140288K, used 22905K [0x0000000080000000, 0x0000000088900000, 0x00000000d5580000)
  object space 140288K, 16% used [0x0000000080000000,0x000000008165e728,0x0000000088900000)
 Metaspace       used 56515K, capacity 58898K, committed 59160K, reserved 1099776K
  class space    used 7743K, capacity 8210K, committed 8240K, reserved 1048576K
}
Event: 4.453 GC heap before
{Heap before GC invocations=11 (full 3):
 PSYoungGen      total 344576K, used 17903K [0x00000000d5580000, 0x00000000ec180000, 0x0000000100000000)
  eden space 326656K, 0% used [0x00000000d5580000,0x00000000d5580000,0x00000000e9480000)
  from space 17920K, 99% used [0x00000000eab00000,0x00000000ebc7bd10,0x00000000ebc80000)
  to   space 23040K, 0% used [0x00000000e9480000,0x00000000e9480000,0x00000000eab00000)
 ParOldGen       total 140288K, used 22905K [0x0000000080000000, 0x0000000088900000, 0x00000000d5580000)
  object space 140288K, 16% used [0x0000000080000000,0x000000008165e728,0x0000000088900000)
 Metaspace       used 56515K, capacity 58898K, committed 59160K, reserved 1099776K
  class space    used 7743K, capacity 8210K, committed 8240K, reserved 1048576K
Event: 4.606 GC heap after
Heap after GC invocations=11 (full 3):
 PSYoungGen      total 344576K, used 0K [0x00000000d5580000, 0x00000000ec180000, 0x0000000100000000)
  eden space 326656K, 0% used [0x00000000d5580000,0x00000000d5580000,0x00000000e9480000)
  from space 17920K, 0% used [0x00000000eab00000,0x00000000eab00000,0x00000000ebc80000)
  to   space 23040K, 0% used [0x00000000e9480000,0x00000000e9480000,0x00000000eab00000)
 ParOldGen       total 213504K, used 36212K [0x0000000080000000, 0x000000008d080000, 0x00000000d5580000)
  object space 213504K, 16% used [0x0000000080000000,0x000000008235d1d0,0x000000008d080000)
 Metaspace       used 56436K, capacity 58628K, committed 59160K, reserved 1099776K
  class space    used 7719K, capacity 8165K, committed 8240K, reserved 1048576K
}
Event: 6.603 GC heap before
{Heap before GC invocations=12 (full 3):
 PSYoungGen      total 344576K, used 326656K [0x00000000d5580000, 0x00000000ec180000, 0x0000000100000000)
  eden space 326656K, 100% used [0x00000000d5580000,0x00000000e9480000,0x00000000e9480000)
  from space 17920K, 0% used [0x00000000eab00000,0x00000000eab00000,0x00000000ebc80000)
  to   space 23040K, 0% used [0x00000000e9480000,0x00000000e9480000,0x00000000eab00000)
 ParOldGen       total 213504K, used 36212K [0x0000000080000000, 0x000000008d080000, 0x00000000d5580000)
  object space 213504K, 16% used [0x0000000080000000,0x000000008235d1d0,0x000000008d080000)
 Metaspace       used 76395K, capacity 80154K, committed 80408K, reserved 1118208K
  class space    used 10292K, capacity 10969K, committed 11056K, reserved 1048576K
Event: 6.626 GC heap after
Heap after GC invocations=12 (full 3):
 PSYoungGen      total 349696K, used 23015K [0x00000000d5580000, 0x00000000f0e00000, 0x0000000100000000)
  eden space 326656K, 0% used [0x00000000d5580000,0x00000000d5580000,0x00000000e9480000)
  from space 23040K, 99% used [0x00000000e9480000,0x00000000eaaf9e38,0x00000000eab00000)
  to   space 32256K, 0% used [0x00000000eee80000,0x00000000eee80000,0x00000000f0e00000)
 ParOldGen       total 213504K, used 51120K [0x0000000080000000, 0x000000008d080000, 0x00000000d5580000)
  object space 213504K, 23% used [0x0000000080000000,0x00000000831ec3b8,0x000000008d080000)
 Metaspace       used 76395K, capacity 80154K, committed 80408K, reserved 1118208K
  class space    used 10292K, capacity 10969K, committed 11056K, reserved 1048576K
}

Deoptimization events (10 events):
Event: 6.588 Thread 0x00000000206c5000 Uncommon trap: reason=speculate_class_check action=maybe_recompile pc=0x0000000004131794 method=com.sun.tools.javac.code.Scope.enter(Lcom/sun/tools/javac/code/Symbol;Lcom/sun/tools/javac/code/Scope;)V @ 5
Event: 6.588 Thread 0x00000000206c5000 Uncommon trap: reason=speculate_class_check action=maybe_recompile pc=0x0000000004131794 method=com.sun.tools.javac.code.Scope.enter(Lcom/sun/tools/javac/code/Symbol;Lcom/sun/tools/javac/code/Scope;)V @ 5
Event: 6.588 Thread 0x00000000206c5000 Uncommon trap: reason=speculate_class_check action=maybe_recompile pc=0x0000000004131794 method=com.sun.tools.javac.code.Scope.enter(Lcom/sun/tools/javac/code/Symbol;Lcom/sun/tools/javac/code/Scope;)V @ 5
Event: 6.588 Thread 0x00000000206c5000 Uncommon trap: reason=speculate_class_check action=maybe_recompile pc=0x0000000004131794 method=com.sun.tools.javac.code.Scope.enter(Lcom/sun/tools/javac/code/Symbol;Lcom/sun/tools/javac/code/Scope;)V @ 5
Event: 6.627 Thread 0x00000000206c5000 Uncommon trap: reason=null_check action=make_not_entrant pc=0x000000000404becc method=com.sun.tools.javac.util.UnsharedNameTable.fromUtf([BII)Lcom/sun/tools/javac/util/Name; @ 50
Event: 6.662 Thread 0x00000000206c5000 Uncommon trap: reason=unstable_if action=reinterpret pc=0x00000000040dabb8 method=com.sun.tools.javac.code.Scope.dble()V @ 44
Event: 6.742 Thread 0x00000000206c5000 Uncommon trap: reason=unstable_if action=reinterpret pc=0x00000000040f9de0 method=com.sun.tools.javac.code.Scope.lookup(Lcom/sun/tools/javac/util/Name;Lcom/sun/tools/javac/util/Filter;)Lcom/sun/tools/javac/code/Scope$Entry; @ 54
Event: 6.781 Thread 0x00000000206c5000 Uncommon trap: reason=unstable_if action=reinterpret pc=0x0000000004082258 method=com.sun.tools.javac.util.ListBuffer.append(Ljava/lang/Object;)Lcom/sun/tools/javac/util/ListBuffer; @ 9
Event: 6.801 Thread 0x00000000206c5000 Uncommon trap: reason=unstable_if action=reinterpret pc=0x0000000003f64d18 method=com.sun.tools.javac.util.IntHashTable.lookup(Ljava/lang/Object;I)I @ 67
Event: 6.801 Thread 0x00000000206c5000 Uncommon trap: reason=unstable_if action=reinterpret pc=0x0000000003f66760 method=com.sun.tools.javac.util.IntHashTable.putAtIndex(Ljava/lang/Object;II)I @ 18

Classes redefined (0 events):
No events

Internal exceptions (10 events):
Event: 5.502 Thread 0x00000000206c5000 Exception <a 'java/lang/NoSuchMethodError': <clinit>> (0x00000000e0091668) thrown at [C:\src\AOSP-openjdk-git\hotspot\src\share\vm\prims\jni.cpp, line 1615]
Event: 5.502 Thread 0x00000000206c5000 Exception <a 'java/lang/NoSuchMethodError': <clinit>> (0x00000000e0092988) thrown at [C:\src\AOSP-openjdk-git\hotspot\src\share\vm\prims\jni.cpp, line 1615]
Event: 5.661 Thread 0x00000000206c5000 Exception <a 'sun/nio/fs/WindowsException'> (0x00000000e2a46838) thrown at [C:\src\AOSP-openjdk-git\hotspot\src\share\vm\prims\jni.cpp, line 710]
Event: 5.662 Thread 0x00000000206c5000 Exception <a 'sun/nio/fs/WindowsException'> (0x00000000e2a47aa8) thrown at [C:\src\AOSP-openjdk-git\hotspot\src\share\vm\prims\jni.cpp, line 710]
Event: 5.663 Thread 0x00000000206c5000 Exception <a 'sun/nio/fs/WindowsException'> (0x00000000e2a7ac20) thrown at [C:\src\AOSP-openjdk-git\hotspot\src\share\vm\prims\jni.cpp, line 710]
Event: 5.663 Thread 0x00000000206c5000 Exception <a 'sun/nio/fs/WindowsException'> (0x00000000e2a7b940) thrown at [C:\src\AOSP-openjdk-git\hotspot\src\share\vm\prims\jni.cpp, line 710]
Event: 5.663 Thread 0x00000000206c5000 Exception <a 'sun/nio/fs/WindowsException'> (0x00000000e2a7da50) thrown at [C:\src\AOSP-openjdk-git\hotspot\src\share\vm\prims\jni.cpp, line 710]
Event: 5.663 Thread 0x00000000206c5000 Exception <a 'sun/nio/fs/WindowsException'> (0x00000000e2a7e780) thrown at [C:\src\AOSP-openjdk-git\hotspot\src\share\vm\prims\jni.cpp, line 710]
Event: 6.333 Thread 0x00000000206c5000 Implicit null exception at 0x0000000002dd8e56 to 0x0000000002dd91f1
Event: 6.627 Thread 0x00000000206c5000 Implicit null exception at 0x000000000404b7a5 to 0x000000000404be91

Events (10 events):
Event: 6.791 loading class com/sun/tools/javac/comp/Resolve$MostSpecificCheck$MostSpecificCheckContext
Event: 6.791 loading class com/sun/tools/javac/comp/Resolve$MostSpecificCheck$MostSpecificCheckContext done
Event: 6.801 Thread 0x00000000206c5000 Uncommon trap: trap_request=0xffffff65 fr.pc=0x0000000003f64d18
Event: 6.801 Thread 0x00000000206c5000 DEOPT PACKING pc=0x0000000003f64d18 sp=0x000000002e58a6c0
Event: 6.801 Thread 0x00000000206c5000 DEOPT UNPACKING pc=0x0000000002b9557b sp=0x000000002e58a630 mode 2
Event: 6.801 Thread 0x00000000206c5000 Uncommon trap: trap_request=0xffffff65 fr.pc=0x0000000003f66760
Event: 6.801 Thread 0x00000000206c5000 DEOPT PACKING pc=0x0000000003f66760 sp=0x000000002e58a6c0
Event: 6.801 Thread 0x00000000206c5000 DEOPT UNPACKING pc=0x0000000002b9557b sp=0x000000002e58a640 mode 2
Event: 6.812 loading class com/sun/tools/javac/code/Types$MethodFilter
Event: 6.812 loading class com/sun/tools/javac/code/Types$MethodFilter done


Dynamic libraries:
0x00007ff79bb90000 - 0x00007ff79bbc1000 	D:\Android\jre\bin\java.exe
0x00007ffed0f50000 - 0x00007ffed1146000 	C:\WINDOWS\SYSTEM32\ntdll.dll
0x00007ffed0310000 - 0x00007ffed03cd000 	C:\WINDOWS\System32\KERNEL32.DLL
0x00007ffeceb10000 - 0x00007ffecedd9000 	C:\WINDOWS\System32\KERNELBASE.dll
0x00007ffecf150000 - 0x00007ffecf1fc000 	C:\WINDOWS\System32\ADVAPI32.dll
0x00007ffecf430000 - 0x00007ffecf4ce000 	C:\WINDOWS\System32\msvcrt.dll
0x00007ffed0e70000 - 0x00007ffed0f0c000 	C:\WINDOWS\System32\sechost.dll
0x00007ffed01e0000 - 0x00007ffed030b000 	C:\WINDOWS\System32\RPCRT4.dll
0x00007ffecf200000 - 0x00007ffecf3a0000 	C:\WINDOWS\System32\USER32.dll
0x00007ffece690000 - 0x00007ffece6b2000 	C:\WINDOWS\System32\win32u.dll
0x00007ffed0e40000 - 0x00007ffed0e6a000 	C:\WINDOWS\System32\GDI32.dll
0x00007ffecea00000 - 0x00007ffeceb0b000 	C:\WINDOWS\System32\gdi32full.dll
0x00007ffecede0000 - 0x00007ffecee7d000 	C:\WINDOWS\System32\msvcp_win.dll
0x00007ffecee80000 - 0x00007ffecef80000 	C:\WINDOWS\System32\ucrtbase.dll
0x00007ffecdaa0000 - 0x00007ffecdd3b000 	C:\WINDOWS\WinSxS\amd64_microsoft.windows.common-controls_6595b64144ccf1df_6.0.19041.746_none_ca02b4b61b8320a4\COMCTL32.dll
0x00007ffecefb0000 - 0x00007ffecefe0000 	C:\WINDOWS\System32\IMM32.DLL
0x000000005d010000 - 0x000000005d0e2000 	D:\Android\jre\jre\bin\msvcr100.dll
0x000000005b260000 - 0x000000005baab000 	D:\Android\jre\jre\bin\server\jvm.dll
0x00007ffecf420000 - 0x00007ffecf428000 	C:\WINDOWS\System32\PSAPI.DLL
0x00007ffec9260000 - 0x00007ffec9269000 	C:\WINDOWS\SYSTEM32\WSOCK32.dll
0x00007ffeb14d0000 - 0x00007ffeb14f7000 	C:\WINDOWS\SYSTEM32\WINMM.dll
0x00007ffec6740000 - 0x00007ffec674a000 	C:\WINDOWS\SYSTEM32\VERSION.dll
0x00007ffed0b40000 - 0x00007ffed0bab000 	C:\WINDOWS\System32\WS2_32.dll
0x00007ffec9250000 - 0x00007ffec925f000 	D:\Android\jre\jre\bin\verify.dll
0x00007ffec9220000 - 0x00007ffec9249000 	D:\Android\jre\jre\bin\java.dll
0x00007ffec9170000 - 0x00007ffec9186000 	D:\Android\jre\jre\bin\zip.dll
0x00007ffecf730000 - 0x00007ffecfe72000 	C:\WINDOWS\System32\SHELL32.dll
0x00007ffecb940000 - 0x00007ffecc0d0000 	C:\WINDOWS\SYSTEM32\windows.storage.dll
0x00007ffecfe80000 - 0x00007ffed01d6000 	C:\WINDOWS\System32\combase.dll
0x00007ffecda00000 - 0x00007ffecda2c000 	C:\WINDOWS\SYSTEM32\Wldp.dll
0x00007ffed0d90000 - 0x00007ffed0e3e000 	C:\WINDOWS\System32\SHCORE.dll
0x00007ffecefe0000 - 0x00007ffecf035000 	C:\WINDOWS\System32\shlwapi.dll
0x00007ffece5c0000 - 0x00007ffece5e6000 	C:\WINDOWS\SYSTEM32\profapi.dll
0x00007ffec8590000 - 0x00007ffec85aa000 	D:\Android\jre\jre\bin\net.dll
0x00007ffecd770000 - 0x00007ffecd7da000 	C:\WINDOWS\system32\mswsock.dll
0x00007ffec81a0000 - 0x00007ffec81b3000 	D:\Android\jre\jre\bin\nio.dll
0x00007ffea7dc0000 - 0x00007ffea7de7000 	C:\Users\Alex\.gradle\native\f6784746aeab05261644944871eae4fe03e0ef1612fff0a4a95f87b438bc6780\windows-amd64\native-platform.dll
0x00007ffec9210000 - 0x00007ffec921d000 	D:\Android\jre\jre\bin\management.dll
0x00007ffece410000 - 0x00007ffece428000 	C:\WINDOWS\SYSTEM32\CRYPTSP.dll
0x00007ffecd140000 - 0x00007ffecd174000 	C:\WINDOWS\system32\rsaenh.dll
0x00007ffecef80000 - 0x00007ffecefa7000 	C:\WINDOWS\System32\bcrypt.dll
0x00007ffece580000 - 0x00007ffece5ae000 	C:\WINDOWS\SYSTEM32\USERENV.dll
0x00007ffece820000 - 0x00007ffece8a0000 	C:\WINDOWS\System32\bcryptprimitives.dll
0x00007ffecd9f0000 - 0x00007ffecd9fc000 	C:\WINDOWS\SYSTEM32\CRYPTBASE.dll
0x00007ffecd470000 - 0x00007ffecd4ab000 	C:\WINDOWS\SYSTEM32\IPHLPAPI.DLL
0x00007ffed0cf0000 - 0x00007ffed0cf8000 	C:\WINDOWS\System32\NSI.dll
0x00007ffecb280000 - 0x00007ffecb297000 	C:\WINDOWS\SYSTEM32\dhcpcsvc6.DLL
0x00007ffecb260000 - 0x00007ffecb27d000 	C:\WINDOWS\SYSTEM32\dhcpcsvc.DLL
0x00007ffecd4b0000 - 0x00007ffecd57b000 	C:\WINDOWS\SYSTEM32\DNSAPI.dll
0x00007ffec6430000 - 0x00007ffec643b000 	C:\WINDOWS\SYSTEM32\WINNSI.DLL
0x0000000066e00000 - 0x0000000066f03000 	C:\Users\Alex\AppData\Local\Temp\sqlite-3.25.2-8e099297-842b-4d05-98d0-fcffc87de067-sqlitejdbc.dll
0x00007ffece0b0000 - 0x00007ffece294000 	C:\WINDOWS\SYSTEM32\dbghelp.dll

VM Arguments:
jvm_args: -Xmx2048m -Dfile.encoding=UTF-8 -Duser.country=RU -Duser.language=ru -Duser.variant 
java_command: org.gradle.launcher.daemon.bootstrap.GradleDaemon 6.5
java_class_path (initial): C:\Users\Alex\.gradle\wrapper\dists\gradle-6.5-all\2oz4ud9k3tuxjg84bbf55q0tn\gradle-6.5\lib\gradle-launcher-6.5.jar
Launcher Type: SUN_STANDARD

Environment Variables:
PATH=C:\Windows\system32;C:\Windows;C:\Windows\System32\Wbem;C:\Windows\System32\WindowsPowerShell\v1.0\;C:\Windows\System32\OpenSSH\;C:\Program Files (x86)\NVIDIA Corporation\PhysX\Common;C:\Program Files\dotnet\;C:\Program Files\Microsoft SQL Server\130\Tools\Binn\;C:\Program Files\Microsoft SQL Server\Client SDK\ODBC\170\Tools\Binn\;C:\Program Files\NVIDIA Corporation\NVIDIA NvDLISR;C:\WINDOWS\system32;C:\WINDOWS;C:\WINDOWS\System32\Wbem;C:\WINDOWS\System32\WindowsPowerShell\v1.0\;C:\WINDOWS\System32\OpenSSH\;C:\Program Files\Git\cmd;C:\Program Files\Git\mingw64\bin;C:\Program Files\Git\usr\bin;C:\Python39\Scripts\;C:\Python39\;C:\Users\Alex\AppData\Local\Microsoft\WindowsApps;;C:\Program Files\JetBrains\IntelliJ IDEA Community Edition 2020.3.1\bin;;C:\Users\Alex\.dotnet\tools
USERNAME=Alex
OS=Windows_NT
PROCESSOR_IDENTIFIER=Intel64 Family 6 Model 158 Stepping 10, GenuineIntel



---------------  S Y S T E M  ---------------

OS: Windows 10.0 , 64 bit Build 19041 (10.0.19041.804)

CPU:total 12 (initial active 12) (6 cores per cpu, 2 threads per core) family 6 model 158 stepping 10, cmov, cx8, fxsr, mmx, sse, sse2, sse3, ssse3, sse4.1, sse4.2, popcnt, avx, avx2, aes, clmul, erms, 3dnowpref, lzcnt, ht, tsc, tscinvbit, bmi1, bmi2, adx

Memory: 4k page, physical 16622900k(7935788k free), swap 19113268k(7207980k free)

vm_info: OpenJDK 64-Bit Server VM (25.242-b01) for windows-amd64 JRE (1.8.0_242-release-1644-b01), built by "builder" with MS VC++ 10.0 (VS2010)

time: Mon Mar 08 02:20:11 2021
timezone: RTZ 2 (зима)
elapsed time: 6 seconds (0d 0h 0m 6s)

