#
# A fatal error has been detected by the Java Runtime Environment:
#
#  EXCEPTION_ACCESS_VIOLATION (0xc0000005) at pc=0x0000000002bb46dd, pid=14216, tid=0x0000000000000e68
#
# JRE version: OpenJDK Runtime Environment (8.0_242-b01) (build 1.8.0_242-release-1644-b01)
# Java VM: OpenJDK 64-Bit Server VM (25.242-b01 mixed mode windows-amd64 compressed oops)
# Problematic frame:
# j  org.gradle.api.internal.artifacts.dsl.dependencies.DynamicAddDependencyMethods.tryInvokeMethod(Ljava/lang/String;[Ljava/lang/Object;)Lorg/gradle/internal/metaobject/DynamicInvokeResult;+97
#
# Failed to write core dump. Minidumps are not enabled by default on client versions of Windows
#
# If you would like to submit a bug report, please visit:
#   
#

---------------  T H R E A D  ---------------

Current thread (0x000000001cc1b800):  JavaThread "Daemon worker" [_thread_in_Java, id=3688, stack(0x000000001e960000,0x000000001ea60000)]

siginfo: ExceptionCode=0xc0000005, reading address 0x00004d00d5c90978

Registers:
RAX=0x0000000000000008, RBX=0x00004d0000000010, RCX=0x00000000238d3250, RDX=0x0000000000000008
RSP=0x000000001ea58368, RBP=0x000000001ea583a8, RSI=0x0000000020012c84, RDI=0x00000000000003dc
R8 =0x0000000000000015, R9 =0x00000000d5c90968, R10=0x000000006d63ed50, R11=0x0000000002ae36b0
R12=0x0000000000000000, R13=0x00000000238d1323, R14=0x000000001ea583e8, R15=0x000000001cc1b800
RIP=0x0000000002bb46dd, EFLAGS=0x0000000000010246

Top of Stack: (sp=0x000000001ea58368)
0x000000001ea58368:   000000001ea58368 00000000238d1319
0x000000001ea58378:   000000001ea583e8 00000000238d3250
0x000000001ea58388:   0000000000000000 00000000238d13c8
0x000000001ea58398:   0000000000000000 000000001ea583d8
0x000000001ea583a8:   000000001ea58430 0000000002b97ef4
0x000000001ea583b8:   0000000000000000 0000000000000000
0x000000001ea583c8:   00000000d5ee6938 00000000d574a570
0x000000001ea583d8:   00000000d5ca8758 00000000805cbf38
0x000000001ea583e8:   00000000d5c90968 000000001ea583f0
0x000000001ea583f8:   0000000022f53b59 000000001ea58480
0x000000001ea58408:   0000000022fb5590 0000000000000000
0x000000001ea58418:   0000000022f53c00 000000001ea583d8
0x000000001ea58428:   000000001ea58470 000000001ea584c8
0x000000001ea58438:   0000000002b97e20 0000000000000000
0x000000001ea58448:   0000000000000000 00000000805e7b00
0x000000001ea58458:   00000000d5c8bc48 0000000000000000 

Instructions: (pc=0x0000000002bb46dd)
0x0000000002bb46bd:   00 00 41 0f be 04 19 50 41 b9 cc 00 00 00 45 88
0x0000000002bb46cd:   4d 00 e9 da 00 00 00 83 f8 08 0f 85 14 00 00 00
0x0000000002bb46dd:   41 8b 04 19 50 41 b9 cb 00 00 00 45 88 4d 00 e9
0x0000000002bb46ed:   bd 00 00 00 83 f8 04 0f 85 14 00 00 00 41 8b 04 


Register to memory mapping:

RAX=0x0000000000000008 is an unknown value
RBX=0x00004d0000000010 is an unknown value
RCX=0x00000000238d3250 is pointing into metadata
RDX=0x0000000000000008 is an unknown value
RSP=0x000000001ea58368 is pointing into the stack for thread: 0x000000001cc1b800
RBP=0x000000001ea583a8 is pointing into the stack for thread: 0x000000001cc1b800
RSI=0x0000000020012c84 is an unknown value
RDI=0x00000000000003dc is an unknown value
R8 =0x0000000000000015 is an unknown value
R9 =0x00000000d5c90968 is an oop
org.gradle.api.internal.artifacts.dsl.dependencies.DynamicAddDependencyMethods 
 - klass: 'org/gradle/api/internal/artifacts/dsl/dependencies/DynamicAddDependencyMethods'
R10=0x000000006d63ed50 is an unknown value
R11=0x0000000002ae36b0 is an unknown value
R12=0x0000000000000000 is an unknown value
R13=0x00000000238d1323 is pointing into metadata
R14=0x000000001ea583e8 is pointing into the stack for thread: 0x000000001cc1b800
R15=0x000000001cc1b800 is a thread


Stack: [0x000000001e960000,0x000000001ea60000],  sp=0x000000001ea58368,  free space=992k
Native frames: (J=compiled Java code, j=interpreted, Vv=VM code, C=native code)
C  0x0000000002bb46dd


---------------  P R O C E S S  ---------------

Java Threads: ( => current thread )
  0x000000001ce15800 JavaThread "Cache worker for file content cache (C:\Users\Alex\.gradle\caches\6.5\fileContent)" [_thread_blocked, id=8328, stack(0x00000000234f0000,0x00000000235f0000)]
  0x000000001ce18000 JavaThread "jar transforms" [_thread_blocked, id=15304, stack(0x0000000022c60000,0x0000000022d60000)]
  0x000000001ce15000 JavaThread "Cache worker for execution history cache (C:\Users\Alex\.gradle\caches\6.5\executionHistory)" [_thread_blocked, id=15052, stack(0x0000000022b60000,0x0000000022c60000)]
  0x000000001ce18800 JavaThread "Cache worker for cache directory md-rule (C:\Users\Alex\.gradle\caches\6.5\md-rule)" [_thread_blocked, id=7656, stack(0x0000000022a60000,0x0000000022b60000)]
  0x000000001ce17000 JavaThread "Cache worker for cache directory md-supplier (C:\Users\Alex\.gradle\caches\6.5\md-supplier)" [_thread_blocked, id=7652, stack(0x0000000021700000,0x0000000021800000)]
  0x000000001ce13800 JavaThread "Cache worker for checksums cache (D:\AndroidProjects\KursachGameShop2\.gradle\checksums)" [_thread_blocked, id=7712, stack(0x0000000021400000,0x0000000021500000)]
  0x000000001ce14000 JavaThread "Cache worker for file hash cache (D:\AndroidProjects\KursachGameShop2\.gradle\6.5\fileHashes)" [_thread_blocked, id=8228, stack(0x0000000022df0000,0x0000000022ef0000)]
  0x000000001ce1a000 JavaThread "Cache worker for file hash cache (C:\Users\Alex\.gradle\caches\6.5\fileHashes)" [_thread_blocked, id=8232, stack(0x000000001f160000,0x000000001f260000)]
  0x000000001ce16800 JavaThread "File lock request listener" [_thread_in_native, id=15784, stack(0x000000001f060000,0x000000001f160000)]
  0x000000001cdf2800 JavaThread "Cache worker for journal cache (C:\Users\Alex\.gradle\caches\journal-1)" [_thread_blocked, id=1724, stack(0x000000001ef60000,0x000000001f060000)]
  0x000000001ccc8000 JavaThread "Thread-9" [_thread_blocked, id=8196, stack(0x000000001ec60000,0x000000001ed60000)]
  0x000000001cc1f800 JavaThread "Stdin handler" [_thread_blocked, id=1972, stack(0x000000001eb60000,0x000000001ec60000)]
  0x000000001cc1f000 JavaThread "Asynchronous log dispatcher for DefaultDaemonConnection: socket connection from /127.0.0.1:49968 to /127.0.0.1:49969" [_thread_blocked, id=15456, stack(0x000000001ea60000,0x000000001eb60000)]
=>0x000000001cc1b800 JavaThread "Daemon worker" [_thread_in_Java, id=3688, stack(0x000000001e960000,0x000000001ea60000)]
  0x000000001cc2d000 JavaThread "Cancel handler" [_thread_blocked, id=7708, stack(0x000000001e860000,0x000000001e960000)]
  0x000000001ccb5000 JavaThread "Handler for socket connection from /127.0.0.1:49968 to /127.0.0.1:49969" [_thread_in_native, id=14156, stack(0x000000001e560000,0x000000001e660000)]
  0x000000001cbd6000 JavaThread "Daemon" [_thread_blocked, id=13588, stack(0x000000001e460000,0x000000001e560000)]
  0x000000001cbd4800 JavaThread "Daemon periodic checks" [_thread_blocked, id=1832, stack(0x000000001e360000,0x000000001e460000)]
  0x000000001cca7800 JavaThread "Incoming local TCP Connector on port 49968" [_thread_in_native, id=7636, stack(0x000000001e110000,0x000000001e210000)]
  0x000000001cbf6000 JavaThread "Daemon health stats" [_thread_blocked, id=8224, stack(0x000000001dad0000,0x000000001dbd0000)]
  0x0000000019561000 JavaThread "Service Thread" daemon [_thread_blocked, id=4844, stack(0x000000001af30000,0x000000001b030000)]
  0x00000000194eb000 JavaThread "C1 CompilerThread3" daemon [_thread_in_vm, id=9788, stack(0x000000001ae30000,0x000000001af30000)]
  0x00000000194e9800 JavaThread "C2 CompilerThread2" daemon [_thread_in_native, id=4852, stack(0x000000001ad30000,0x000000001ae30000)]
  0x00000000194db000 JavaThread "C2 CompilerThread1" daemon [_thread_in_native, id=15768, stack(0x000000001ac30000,0x000000001ad30000)]
  0x00000000194d5000 JavaThread "C2 CompilerThread0" daemon [_thread_blocked, id=5772, stack(0x000000001ab30000,0x000000001ac30000)]
  0x00000000194d1000 JavaThread "Attach Listener" daemon [_thread_blocked, id=1708, stack(0x000000001aa30000,0x000000001ab30000)]
  0x00000000194d0000 JavaThread "Signal Dispatcher" daemon [_thread_blocked, id=15720, stack(0x000000001a930000,0x000000001aa30000)]
  0x0000000002b8a000 JavaThread "Finalizer" daemon [_thread_blocked, id=3112, stack(0x000000001a720000,0x000000001a820000)]
  0x0000000017dfc800 JavaThread "Reference Handler" daemon [_thread_blocked, id=16184, stack(0x000000001a620000,0x000000001a720000)]
  0x000000000298d800 JavaThread "main" [_thread_blocked, id=4204, stack(0x0000000002990000,0x0000000002a90000)]

Other Threads:
  0x0000000017df5800 VMThread [stack: 0x000000001a520000,0x000000001a620000] [id=11736]
  0x0000000019562000 WatcherThread [stack: 0x000000001b030000,0x000000001b130000] [id=13988]

VM state:not at safepoint (normal execution)

VM Mutex/Monitor currently owned by a thread:  ([mutex/lock_event])
[0x0000000002a90fd0] Compile_lock - owner thread: 0x00000000194eb000

heap address: 0x0000000080000000, size: 2048 MB, Compressed Oops mode: 32-bit
Narrow klass base: 0x0000000000000000, Narrow klass shift: 3
Compressed class space size: 1073741824 Address: 0x0000000100000000

Heap:
 PSYoungGen      total 117760K, used 20049K [0x00000000d5580000, 0x00000000dd580000, 0x0000000100000000)
  eden space 107520K, 10% used [0x00000000d5580000,0x00000000d600ebf8,0x00000000dbe80000)
  from space 10240K, 90% used [0x00000000dcb80000,0x00000000dd485b40,0x00000000dd580000)
  to   space 11776K, 0% used [0x00000000dbe80000,0x00000000dbe80000,0x00000000dca00000)
 ParOldGen       total 92672K, used 7257K [0x0000000080000000, 0x0000000085a80000, 0x00000000d5580000)
  object space 92672K, 7% used [0x0000000080000000,0x0000000080716690,0x0000000085a80000)
 Metaspace       used 33400K, capacity 34558K, committed 34864K, reserved 1079296K
  class space    used 4577K, capacity 4830K, committed 4912K, reserved 1048576K

Card table byte_map: [0x0000000011f50000,0x0000000012360000] byte_map_base: 0x0000000011b50000

Marking Bits: (ParMarkBitMap*) 0x000000006d64f030
 Begin Bits: [0x0000000013010000, 0x0000000015010000)
 End Bits:   [0x0000000015010000, 0x0000000017010000)

Polling page: 0x0000000000fc0000

CodeCache: size=245760Kb used=10325Kb max_used=10325Kb free=235435Kb
 bounds [0x0000000002b90000, 0x00000000035b0000, 0x0000000011b90000]
 total_blobs=3369 nmethods=2686 adapters=596
 compilation: enabled

Compilation events (10 events):
Event: 3.384 Thread 0x00000000194eb000 nmethod 2687 0x00000000035a0d50 code [0x00000000035a0f80, 0x00000000035a1d48]
Event: 3.384 Thread 0x00000000194eb000 2688       3       org.codehaus.groovy.reflection.CachedClass::getMethods (11 bytes)
Event: 3.384 Thread 0x00000000194eb000 nmethod 2688 0x00000000035a0810 code [0x00000000035a0980, 0x00000000035a0c88]
Event: 3.385 Thread 0x00000000194eb000 2690       1       com.google.common.collect.MapMakerInternalMap$AbstractStrongKeyEntry::getHash (5 bytes)
Event: 3.385 Thread 0x00000000194eb000 nmethod 2690 0x00000000035955d0 code [0x0000000003595720, 0x0000000003595830]
Event: 3.385 Thread 0x00000000194eb000 2691       1       com.google.common.collect.MapMakerInternalMap$AbstractStrongKeyEntry::getNext (5 bytes)
Event: 3.386 Thread 0x00000000194eb000 nmethod 2691 0x00000000035a0550 code [0x00000000035a06a0, 0x00000000035a07b0]
Event: 3.387 Thread 0x00000000194eb000 2692       3       com.google.common.base.Equivalence::hash (12 bytes)
Event: 3.387 Thread 0x00000000194eb000 nmethod 2692 0x00000000035a00d0 code [0x00000000035a0240, 0x00000000035a04a8]
Event: 3.387 Thread 0x00000000194eb000 2693       3       sun.reflect.generics.reflectiveObjects.WildcardTypeImpl::getUpperBounds (72 bytes)

GC Heap History (10 events):
Event: 2.219 GC heap before
{Heap before GC invocations=3 (full 0):
 PSYoungGen      total 75776K, used 74028K [0x00000000d5580000, 0x00000000daa00000, 0x0000000100000000)
  eden space 65024K, 100% used [0x00000000d5580000,0x00000000d9500000,0x00000000d9500000)
  from space 10752K, 83% used [0x00000000d9f80000,0x00000000da84b008,0x00000000daa00000)
  to   space 10752K, 0% used [0x00000000d9500000,0x00000000d9500000,0x00000000d9f80000)
 ParOldGen       total 173568K, used 24K [0x0000000080000000, 0x000000008a980000, 0x00000000d5580000)
  object space 173568K, 0% used [0x0000000080000000,0x0000000080006000,0x000000008a980000)
 Metaspace       used 19959K, capacity 20586K, committed 20736K, reserved 1067008K
  class space    used 2778K, capacity 2949K, committed 3072K, reserved 1048576K
Event: 2.225 GC heap after
Heap after GC invocations=3 (full 0):
 PSYoungGen      total 75776K, used 10750K [0x00000000d5580000, 0x00000000daa00000, 0x0000000100000000)
  eden space 65024K, 0% used [0x00000000d5580000,0x00000000d5580000,0x00000000d9500000)
  from space 10752K, 99% used [0x00000000d9500000,0x00000000d9f7f888,0x00000000d9f80000)
  to   space 10752K, 0% used [0x00000000d9f80000,0x00000000d9f80000,0x00000000daa00000)
 ParOldGen       total 173568K, used 794K [0x0000000080000000, 0x000000008a980000, 0x00000000d5580000)
  object space 173568K, 0% used [0x0000000080000000,0x00000000800c6870,0x000000008a980000)
 Metaspace       used 19959K, capacity 20586K, committed 20736K, reserved 1067008K
  class space    used 2778K, capacity 2949K, committed 3072K, reserved 1048576K
}
Event: 2.282 GC heap before
{Heap before GC invocations=4 (full 0):
 PSYoungGen      total 75776K, used 21677K [0x00000000d5580000, 0x00000000daa00000, 0x0000000100000000)
  eden space 65024K, 16% used [0x00000000d5580000,0x00000000d602bcb8,0x00000000d9500000)
  from space 10752K, 99% used [0x00000000d9500000,0x00000000d9f7f888,0x00000000d9f80000)
  to   space 10752K, 0% used [0x00000000d9f80000,0x00000000d9f80000,0x00000000daa00000)
 ParOldGen       total 173568K, used 794K [0x0000000080000000, 0x000000008a980000, 0x00000000d5580000)
  object space 173568K, 0% used [0x0000000080000000,0x00000000800c6870,0x000000008a980000)
 Metaspace       used 20587K, capacity 21236K, committed 21296K, reserved 1067008K
  class space    used 2877K, capacity 3080K, committed 3120K, reserved 1048576K
Event: 2.286 GC heap after
Heap after GC invocations=4 (full 0):
 PSYoungGen      total 75776K, used 7432K [0x00000000d5580000, 0x00000000de980000, 0x0000000100000000)
  eden space 65024K, 0% used [0x00000000d5580000,0x00000000d5580000,0x00000000d9500000)
  from space 10752K, 69% used [0x00000000d9f80000,0x00000000da6c2040,0x00000000daa00000)
  to   space 10752K, 0% used [0x00000000d9500000,0x00000000d9500000,0x00000000d9f80000)
 ParOldGen       total 173568K, used 802K [0x0000000080000000, 0x000000008a980000, 0x00000000d5580000)
  object space 173568K, 0% used [0x0000000080000000,0x00000000800c8870,0x000000008a980000)
 Metaspace       used 20587K, capacity 21236K, committed 21296K, reserved 1067008K
  class space    used 2877K, capacity 3080K, committed 3120K, reserved 1048576K
}
Event: 2.286 GC heap before
{Heap before GC invocations=5 (full 1):
 PSYoungGen      total 75776K, used 7432K [0x00000000d5580000, 0x00000000de980000, 0x0000000100000000)
  eden space 65024K, 0% used [0x00000000d5580000,0x00000000d5580000,0x00000000d9500000)
  from space 10752K, 69% used [0x00000000d9f80000,0x00000000da6c2040,0x00000000daa00000)
  to   space 10752K, 0% used [0x00000000d9500000,0x00000000d9500000,0x00000000d9f80000)
 ParOldGen       total 173568K, used 802K [0x0000000080000000, 0x000000008a980000, 0x00000000d5580000)
  object space 173568K, 0% used [0x0000000080000000,0x00000000800c8870,0x000000008a980000)
 Metaspace       used 20587K, capacity 21236K, committed 21296K, reserved 1067008K
  class space    used 2877K, capacity 3080K, committed 3120K, reserved 1048576K
Event: 2.308 GC heap after
Heap after GC invocations=5 (full 1):
 PSYoungGen      total 75776K, used 0K [0x00000000d5580000, 0x00000000de980000, 0x0000000100000000)
  eden space 65024K, 0% used [0x00000000d5580000,0x00000000d5580000,0x00000000d9500000)
  from space 10752K, 0% used [0x00000000d9f80000,0x00000000d9f80000,0x00000000daa00000)
  to   space 10752K, 0% used [0x00000000d9500000,0x00000000d9500000,0x00000000d9f80000)
 ParOldGen       total 92672K, used 7241K [0x0000000080000000, 0x0000000085a80000, 0x00000000d5580000)
  object space 92672K, 7% used [0x0000000080000000,0x0000000080712690,0x0000000085a80000)
 Metaspace       used 20587K, capacity 21236K, committed 21296K, reserved 1067008K
  class space    used 2877K, capacity 3080K, committed 3120K, reserved 1048576K
}
Event: 2.882 GC heap before
{Heap before GC invocations=6 (full 1):
 PSYoungGen      total 75776K, used 65024K [0x00000000d5580000, 0x00000000de980000, 0x0000000100000000)
  eden space 65024K, 100% used [0x00000000d5580000,0x00000000d9500000,0x00000000d9500000)
  from space 10752K, 0% used [0x00000000d9f80000,0x00000000d9f80000,0x00000000daa00000)
  to   space 10752K, 0% used [0x00000000d9500000,0x00000000d9500000,0x00000000d9f80000)
 ParOldGen       total 92672K, used 7241K [0x0000000080000000, 0x0000000085a80000, 0x00000000d5580000)
  object space 92672K, 7% used [0x0000000080000000,0x0000000080712690,0x0000000085a80000)
 Metaspace       used 28795K, capacity 29638K, committed 29872K, reserved 1075200K
  class space    used 3988K, capacity 4229K, committed 4272K, reserved 1048576K
Event: 2.888 GC heap after
Heap after GC invocations=6 (full 1):
 PSYoungGen      total 75776K, used 8661K [0x00000000d5580000, 0x00000000dd780000, 0x0000000100000000)
  eden space 65024K, 0% used [0x00000000d5580000,0x00000000d5580000,0x00000000d9500000)
  from space 10752K, 80% used [0x00000000d9500000,0x00000000d9d754d8,0x00000000d9f80000)
  to   space 12288K, 0% used [0x00000000dcb80000,0x00000000dcb80000,0x00000000dd780000)
 ParOldGen       total 92672K, used 7249K [0x0000000080000000, 0x0000000085a80000, 0x00000000d5580000)
  object space 92672K, 7% used [0x0000000080000000,0x0000000080714690,0x0000000085a80000)
 Metaspace       used 28795K, capacity 29638K, committed 29872K, reserved 1075200K
  class space    used 3988K, capacity 4229K, committed 4272K, reserved 1048576K
}
Event: 3.330 GC heap before
{Heap before GC invocations=7 (full 1):
 PSYoungGen      total 75776K, used 73685K [0x00000000d5580000, 0x00000000dd780000, 0x0000000100000000)
  eden space 65024K, 100% used [0x00000000d5580000,0x00000000d9500000,0x00000000d9500000)
  from space 10752K, 80% used [0x00000000d9500000,0x00000000d9d754d8,0x00000000d9f80000)
  to   space 12288K, 0% used [0x00000000dcb80000,0x00000000dcb80000,0x00000000dd780000)
 ParOldGen       total 92672K, used 7249K [0x0000000080000000, 0x0000000085a80000, 0x00000000d5580000)
  object space 92672K, 7% used [0x0000000080000000,0x0000000080714690,0x0000000085a80000)
 Metaspace       used 32909K, capacity 33934K, committed 34224K, reserved 1079296K
  class space    used 4495K, capacity 4730K, committed 4784K, reserved 1048576K
Event: 3.335 GC heap after
Heap after GC invocations=7 (full 1):
 PSYoungGen      total 117760K, used 9238K [0x00000000d5580000, 0x00000000dd580000, 0x0000000100000000)
  eden space 107520K, 0% used [0x00000000d5580000,0x00000000d5580000,0x00000000dbe80000)
  from space 10240K, 90% used [0x00000000dcb80000,0x00000000dd485b40,0x00000000dd580000)
  to   space 11776K, 0% used [0x00000000dbe80000,0x00000000dbe80000,0x00000000dca00000)
 ParOldGen       total 92672K, used 7257K [0x0000000080000000, 0x0000000085a80000, 0x00000000d5580000)
  object space 92672K, 7% used [0x0000000080000000,0x0000000080716690,0x0000000085a80000)
 Metaspace       used 32909K, capacity 33934K, committed 34224K, reserved 1079296K
  class space    used 4495K, capacity 4730K, committed 4784K, reserved 1048576K
}

Deoptimization events (10 events):
Event: 2.601 Thread 0x000000001cc1b800 Uncommon trap: reason=unstable_if action=reinterpret pc=0x0000000003164b50 method=java.util.HashMap.putVal(ILjava/lang/Object;Ljava/lang/Object;ZZ)Ljava/lang/Object; @ 162
Event: 2.888 Thread 0x0000000017dfc800 Uncommon trap: reason=unstable_if action=reinterpret pc=0x000000000318f6fc method=java.lang.ref.Reference.tryHandlePending(Z)Z @ 104
Event: 2.894 Thread 0x000000001cc1b800 Uncommon trap: reason=unstable_if action=reinterpret pc=0x0000000003174bf4 method=java.net.URLClassLoader.defineClass(Ljava/lang/String;Lsun/misc/Resource;)Ljava/lang/Class; @ 21
Event: 2.894 Thread 0x000000001cc1b800 Uncommon trap: reason=unstable_if action=reinterpret pc=0x000000000308bdb4 method=java.lang.ClassLoader.getClassLoadingLock(Ljava/lang/String;)Ljava/lang/Object; @ 6
Event: 3.098 Thread 0x000000001cc1b800 Uncommon trap: reason=unstable_if action=reinterpret pc=0x0000000003132a44 method=java.util.HashMap.getNode(ILjava/lang/Object;)Ljava/util/HashMap$Node; @ 53
Event: 3.153 Thread 0x000000001cc1b800 Uncommon trap: reason=unstable_if action=reinterpret pc=0x0000000003499bf4 method=org.gradle.internal.reflect.PropertyAccessorType.isGetGetterName(Ljava/lang/String;)Z @ 14
Event: 3.169 Thread 0x000000001cc1b800 Uncommon trap: reason=unstable_if action=reinterpret pc=0x0000000003279a00 method=org.objectweb.asm.ByteVector.putShort(I)Lorg/objectweb/asm/ByteVector; @ 13
Event: 3.243 Thread 0x000000001cc1b800 Uncommon trap: reason=unstable_if action=reinterpret pc=0x00000000031cdef4 method=java.net.URLClassLoader.defineClass(Ljava/lang/String;Lsun/misc/Resource;)Ljava/lang/Class; @ 21
Event: 3.287 Thread 0x000000001cc1b800 Uncommon trap: reason=unstable_if action=reinterpret pc=0x000000000353cdbc method=org.codehaus.groovy.runtime.metaclass.MetaMethodIndex.addMethodToList(Ljava/lang/Object;Lgroovy/lang/MetaMethod;)Ljava/lang/Object; @ 226
Event: 3.320 Thread 0x000000001cc1b800 Uncommon trap: reason=range_check action=make_not_entrant pc=0x0000000003511300 method=java.lang.String.charAt(I)C @ 27

Classes redefined (0 events):
No events

Internal exceptions (10 events):
Event: 3.298 Thread 0x000000001cc1b800 Exception <a 'java/lang/ClassNotFoundException': org/gradle/api/internal/DefaultDomainObjectCollectionCustomizer> (0x00000000d8d14708) thrown at [C:\src\AOSP-openjdk-git\hotspot\src\share\vm\classfile\systemDictionary.cpp, line 210]
Event: 3.299 Thread 0x000000001cc1b800 Exception <a 'java/lang/ClassNotFoundException': org/gradle/api/internal/DefaultNamedDomainObjectCollectionCustomizer> (0x00000000d8d72ad8) thrown at [C:\src\AOSP-openjdk-git\hotspot\src\share\vm\classfile\systemDictionary.cpp, line 210]
Event: 3.300 Thread 0x000000001cc1b800 Exception <a 'java/lang/ClassNotFoundException': org/gradle/api/internal/DefaultNamedDomainObjectListCustomizer> (0x00000000d8de7618) thrown at [C:\src\AOSP-openjdk-git\hotspot\src\share\vm\classfile\systemDictionary.cpp, line 210]
Event: 3.301 Thread 0x000000001cc1b800 Exception <a 'java/lang/ClassNotFoundException': org/gradle/api/internal/artifacts/DefaultArtifactRepositoryContainerCustomizer> (0x00000000d8e5c578) thrown at [C:\src\AOSP-openjdk-git\hotspot\src\share\vm\classfile\systemDictionary.cpp, line 210]
Event: 3.302 Thread 0x000000001cc1b800 Exception <a 'java/lang/ClassNotFoundException': org/gradle/api/internal/artifacts/dsl/DefaultRepositoryHandlerCustomizer> (0x00000000d8ec1928) thrown at [C:\src\AOSP-openjdk-git\hotspot\src\share\vm\classfile\systemDictionary.cpp, line 210]
Event: 3.303 Thread 0x000000001cc1b800 Exception <a 'java/lang/ClassNotFoundException': org/gradle/api/internal/artifacts/dsl/DefaultRepositoryHandler_DecoratedCustomizer> (0x00000000d8f45110) thrown at [C:\src\AOSP-openjdk-git\hotspot\src\share\vm\classfile\systemDictionary.cpp, line 210]
Event: 3.385 Thread 0x000000001cc1b800 Exception <a 'java/lang/ClassNotFoundException': org/gradle/api/internal/artifacts/dsl/dependencies/DefaultDependencyHandler_DecoratedBeanInfo> (0x00000000d5d4c5d8) thrown at [C:\src\AOSP-openjdk-git\hotspot\src\share\vm\classfile\systemDictionary.cpp, li
Event: 3.386 Thread 0x000000001cc1b800 Exception <a 'java/lang/ClassNotFoundException': org/gradle/api/internal/artifacts/dsl/dependencies/DefaultDependencyHandlerBeanInfo> (0x00000000d5da4f18) thrown at [C:\src\AOSP-openjdk-git\hotspot\src\share\vm\classfile\systemDictionary.cpp, line 210]
Event: 3.387 Thread 0x000000001cc1b800 Exception <a 'java/lang/ClassNotFoundException': org/gradle/api/internal/artifacts/dsl/dependencies/DefaultDependencyHandlerCustomizer> (0x00000000d5dfeb58) thrown at [C:\src\AOSP-openjdk-git\hotspot\src\share\vm\classfile\systemDictionary.cpp, line 210]
Event: 3.389 Thread 0x000000001cc1b800 Exception <a 'java/lang/ClassNotFoundException': org/gradle/api/internal/artifacts/dsl/dependencies/DefaultDependencyHandler_DecoratedCustomizer> (0x00000000d5eb9a20) thrown at [C:\src\AOSP-openjdk-git\hotspot\src\share\vm\classfile\systemDictionary.cpp, 

Events (10 events):
Event: 3.387 loading class org/gradle/api/internal/artifacts/dsl/dependencies/DefaultDependencyHandlerCustomizer
Event: 3.387 loading class org/gradle/api/internal/artifacts/dsl/dependencies/DefaultDependencyHandlerCustomizer done
Event: 3.388 loading class org/gradle/api/internal/artifacts/dsl/dependencies/DefaultDependencyHandler_DecoratedCustomizer
Event: 3.388 loading class org/gradle/api/internal/artifacts/dsl/dependencies/DefaultDependencyHandler_DecoratedCustomizer done
Event: 3.388 loading class org/gradle/api/internal/artifacts/dsl/dependencies/DefaultDependencyHandler_DecoratedCustomizer
Event: 3.388 loading class org/gradle/api/internal/artifacts/dsl/dependencies/DefaultDependencyHandler_DecoratedCustomizer done
Event: 3.388 loading class org/gradle/api/internal/artifacts/dsl/dependencies/DefaultDependencyHandler_DecoratedCustomizer
Event: 3.388 loading class org/gradle/api/internal/artifacts/dsl/dependencies/DefaultDependencyHandler_DecoratedCustomizer done
Event: 3.389 loading class org/gradle/api/internal/artifacts/dsl/dependencies/DefaultDependencyHandler_DecoratedCustomizer
Event: 3.389 loading class org/gradle/api/internal/artifacts/dsl/dependencies/DefaultDependencyHandler_DecoratedCustomizer done


Dynamic libraries:
0x00007ff6a42d0000 - 0x00007ff6a4301000 	D:\Android\jre\bin\java.exe
0x00007ff91b970000 - 0x00007ff91bb66000 	C:\WINDOWS\SYSTEM32\ntdll.dll
0x00007ff91a4e0000 - 0x00007ff91a59d000 	C:\WINDOWS\System32\KERNEL32.DLL
0x00007ff919700000 - 0x00007ff9199c9000 	C:\WINDOWS\System32\KERNELBASE.dll
0x00007ff91b870000 - 0x00007ff91b91c000 	C:\WINDOWS\System32\ADVAPI32.dll
0x00007ff91b250000 - 0x00007ff91b2ee000 	C:\WINDOWS\System32\msvcrt.dll
0x00007ff9199d0000 - 0x00007ff919a6c000 	C:\WINDOWS\System32\sechost.dll
0x00007ff91b3b0000 - 0x00007ff91b4db000 	C:\WINDOWS\System32\RPCRT4.dll
0x00007ff91af70000 - 0x00007ff91b110000 	C:\WINDOWS\System32\USER32.dll
0x00007ff919650000 - 0x00007ff919672000 	C:\WINDOWS\System32\win32u.dll
0x00007ff91b150000 - 0x00007ff91b17a000 	C:\WINDOWS\System32\GDI32.dll
0x00007ff919540000 - 0x00007ff91964b000 	C:\WINDOWS\System32\gdi32full.dll
0x00007ff9190b0000 - 0x00007ff91914d000 	C:\WINDOWS\System32\msvcp_win.dll
0x00007ff919390000 - 0x00007ff919490000 	C:\WINDOWS\System32\ucrtbase.dll
0x00007ff9184c0000 - 0x00007ff91875b000 	C:\WINDOWS\WinSxS\amd64_microsoft.windows.common-controls_6595b64144ccf1df_6.0.19041.746_none_ca02b4b61b8320a4\COMCTL32.dll
0x00007ff91b120000 - 0x00007ff91b150000 	C:\WINDOWS\System32\IMM32.DLL
0x000000006ec30000 - 0x000000006ed02000 	D:\Android\jre\jre\bin\msvcr100.dll
0x000000006ce80000 - 0x000000006d6cb000 	D:\Android\jre\jre\bin\server\jvm.dll
0x00007ff91b920000 - 0x00007ff91b928000 	C:\WINDOWS\System32\PSAPI.DLL
0x00007ff8ff030000 - 0x00007ff8ff057000 	C:\WINDOWS\SYSTEM32\WINMM.dll
0x00007ff8f3260000 - 0x00007ff8f3269000 	C:\WINDOWS\SYSTEM32\WSOCK32.dll
0x00007ff9114f0000 - 0x00007ff9114fa000 	C:\WINDOWS\SYSTEM32\VERSION.dll
0x00007ff91b1e0000 - 0x00007ff91b24b000 	C:\WINDOWS\System32\WS2_32.dll
0x00007ff8f2a40000 - 0x00007ff8f2a4f000 	D:\Android\jre\jre\bin\verify.dll
0x00007ff8cc3d0000 - 0x00007ff8cc3f9000 	D:\Android\jre\jre\bin\java.dll
0x00007ff8cc3b0000 - 0x00007ff8cc3c6000 	D:\Android\jre\jre\bin\zip.dll
0x00007ff91a820000 - 0x00007ff91af62000 	C:\WINDOWS\System32\SHELL32.dll
0x00007ff916b90000 - 0x00007ff917320000 	C:\WINDOWS\SYSTEM32\windows.storage.dll
0x00007ff919b50000 - 0x00007ff919ea6000 	C:\WINDOWS\System32\combase.dll
0x00007ff918420000 - 0x00007ff91844c000 	C:\WINDOWS\SYSTEM32\Wldp.dll
0x00007ff91b7c0000 - 0x00007ff91b86e000 	C:\WINDOWS\System32\SHCORE.dll
0x00007ff91b350000 - 0x00007ff91b3a5000 	C:\WINDOWS\System32\shlwapi.dll
0x00007ff918fe0000 - 0x00007ff919006000 	C:\WINDOWS\SYSTEM32\profapi.dll
0x00007ff8c4fb0000 - 0x00007ff8c4fca000 	D:\Android\jre\jre\bin\net.dll
0x00007ff918300000 - 0x00007ff91836a000 	C:\WINDOWS\system32\mswsock.dll
0x00007ff8c4f90000 - 0x00007ff8c4fa3000 	D:\Android\jre\jre\bin\nio.dll
0x00007ff8e8760000 - 0x00007ff8e8787000 	C:\Users\Alex\.gradle\native\f6784746aeab05261644944871eae4fe03e0ef1612fff0a4a95f87b438bc6780\windows-amd64\native-platform.dll
0x00007ff8f28e0000 - 0x00007ff8f28ed000 	D:\Android\jre\jre\bin\management.dll
0x00007ff918e30000 - 0x00007ff918e48000 	C:\WINDOWS\SYSTEM32\CRYPTSP.dll
0x00007ff917b60000 - 0x00007ff917b94000 	C:\WINDOWS\system32\rsaenh.dll
0x00007ff9191a0000 - 0x00007ff9191c7000 	C:\WINDOWS\System32\bcrypt.dll
0x00007ff918f60000 - 0x00007ff918f8e000 	C:\WINDOWS\SYSTEM32\USERENV.dll
0x00007ff919680000 - 0x00007ff919700000 	C:\WINDOWS\System32\bcryptprimitives.dll
0x00007ff9183e0000 - 0x00007ff9183ec000 	C:\WINDOWS\SYSTEM32\CRYPTBASE.dll
0x00007ff917e90000 - 0x00007ff917ecb000 	C:\WINDOWS\SYSTEM32\IPHLPAPI.DLL
0x00007ff91a060000 - 0x00007ff91a068000 	C:\WINDOWS\System32\NSI.dll
0x00007ff913690000 - 0x00007ff9136a7000 	C:\WINDOWS\SYSTEM32\dhcpcsvc6.DLL
0x00007ff913540000 - 0x00007ff91355d000 	C:\WINDOWS\SYSTEM32\dhcpcsvc.DLL
0x00007ff917ed0000 - 0x00007ff917f9b000 	C:\WINDOWS\SYSTEM32\DNSAPI.dll
0x00007ff910880000 - 0x00007ff91088b000 	C:\WINDOWS\SYSTEM32\WINNSI.DLL
0x00007ff918ad0000 - 0x00007ff918cb4000 	C:\WINDOWS\SYSTEM32\dbghelp.dll

VM Arguments:
jvm_args: -Xmx2048m -Dfile.encoding=UTF-8 -Duser.country=RU -Duser.language=ru -Duser.variant 
java_command: org.gradle.launcher.daemon.bootstrap.GradleDaemon 6.5
java_class_path (initial): C:\Users\Alex\.gradle\wrapper\dists\gradle-6.5-all\2oz4ud9k3tuxjg84bbf55q0tn\gradle-6.5\lib\gradle-launcher-6.5.jar
Launcher Type: SUN_STANDARD

Environment Variables:
PATH=C:\Windows\system32;C:\Windows;C:\Windows\System32\Wbem;C:\Windows\System32\WindowsPowerShell\v1.0\;C:\Windows\System32\OpenSSH\;C:\Program Files (x86)\NVIDIA Corporation\PhysX\Common;C:\Program Files\dotnet\;C:\Program Files\Microsoft SQL Server\130\Tools\Binn\;C:\Program Files\Microsoft SQL Server\Client SDK\ODBC\170\Tools\Binn\;C:\Program Files\NVIDIA Corporation\NVIDIA NvDLISR;C:\WINDOWS\system32;C:\WINDOWS;C:\WINDOWS\System32\Wbem;C:\WINDOWS\System32\WindowsPowerShell\v1.0\;C:\WINDOWS\System32\OpenSSH\;C:\Program Files\Git\cmd;C:\Program Files\Git\mingw64\bin;C:\Program Files\Git\usr\bin;C:\Python39\Scripts\;C:\Python39\;C:\Users\Alex\AppData\Local\Microsoft\WindowsApps;;C:\Program Files\JetBrains\IntelliJ IDEA Community Edition 2020.3.1\bin;;C:\Users\Alex\.dotnet\tools
USERNAME=Alex
OS=Windows_NT
PROCESSOR_IDENTIFIER=Intel64 Family 6 Model 158 Stepping 10, GenuineIntel



---------------  S Y S T E M  ---------------

OS: Windows 10.0 , 64 bit Build 19041 (10.0.19041.804)

CPU:total 12 (initial active 12) (6 cores per cpu, 2 threads per core) family 6 model 158 stepping 10, cmov, cx8, fxsr, mmx, sse, sse2, sse3, ssse3, sse4.1, sse4.2, popcnt, avx, avx2, aes, clmul, erms, 3dnowpref, lzcnt, ht, tsc, tscinvbit, bmi1, bmi2, adx

Memory: 4k page, physical 16622900k(9206816k free), swap 19113268k(9286452k free)

vm_info: OpenJDK 64-Bit Server VM (25.242-b01) for windows-amd64 JRE (1.8.0_242-release-1644-b01), built by "builder" with MS VC++ 10.0 (VS2010)

time: Wed Mar 03 00:19:15 2021
timezone: RTZ 2 (зима)
elapsed time: 3 seconds (0d 0h 0m 3s)

