#
# A fatal error has been detected by the Java Runtime Environment:
#
#  EXCEPTION_ACCESS_VIOLATION (0xc0000005) at pc=0x0000000075dceb57, pid=2288, tid=0x0000000000000dc4
#
# JRE version: OpenJDK Runtime Environment (8.0_242-b01) (build 1.8.0_242-release-1644-b01)
# Java VM: OpenJDK 64-Bit Server VM (25.242-b01 mixed mode windows-amd64 compressed oops)
# Problematic frame:
# V  [jvm.dll+0x46eb57]
#
# Failed to write core dump. Minidumps are not enabled by default on client versions of Windows
#
# If you would like to submit a bug report, please visit:
#   
#

---------------  T H R E A D  ---------------

Current thread (0x00000000199b6000):  JavaThread "C2 CompilerThread0" daemon [_thread_in_native, id=3524, stack(0x000000001b010000,0x000000001b110000)]

siginfo: ExceptionCode=0xc0000005, reading address 0x0000010020c904d8

Registers:
RAX=0x0000010020c90478, RBX=0x0000000000000c15, RCX=0x000000000000000c, RDX=0x000000002c098050
RSP=0x000000001b10bbe0, RBP=0x0000000000120ab0, RSI=0x000000000000293d, RDI=0x000000002c00c670
R8 =0x0000000005555455, R9 =0x0000000000054930, R10=0x000000001b10bf50, R11=0x0000000000000018
R12=0x000000002c098050, R13=0x000000001b10c240, R14=0x0000000075960000, R15=0x000000007612f750
RIP=0x0000000075dceb57, EFLAGS=0x0000000000010206

Top of Stack: (sp=0x000000001b10bbe0)
0x000000001b10bbe0:   000000000000293b 0000000000000003
0x000000001b10bbf0:   0000000000120ab0 000000000000293d
0x000000001b10bc00:   00000c1900000000 0000000000000001
0x000000001b10bc10:   00000000227a6f20 000000000000000d
0x000000001b10bc20:   00000000227a74c8 0000000000000037
0x000000001b10bc30:   000000001b10bdc0 0000000075e0afe4
0x000000001b10bc40:   0000000000000007 000000001fa76fc0
0x000000001b10bc50:   000000001c90c240 000000002c098050
0x000000001b10bc60:   000000001b10c240 0000000075dd0038
0x000000001b10bc70:   0000000000120ab0 000000000011b4f0
0x000000001b10bc80:   000000001b10bd70 000000002c0eca28
0x000000001b10bc90:   0000001000000000 0000000000000019
0x000000001b10bca0:   000000001fa76fc0 0000293d00000005
0x000000001b10bcb0:   000007b700000018 0000000000000005
0x000000001b10bcc0:   0000000005155455 0000000000000000
0x000000001b10bcd0:   0000000000000000 0000000000000000 

Instructions: (pc=0x0000000075dceb57)
0x0000000075dceb37:   8b de 48 8d 3c 80 48 c1 e7 05 49 03 7a 10 85 db
0x0000000075dceb47:   0f 84 f3 fe ff ff 48 8b 47 08 8b cb 48 c1 e9 08
0x0000000075dceb57:   4c 8b 0c c8 4d 3b cf 75 0d 8b d3 48 8b cf e8 26
0x0000000075dceb67:   44 00 00 4c 8b c8 8b d3 83 e3 1f 41 b8 01 00 00 


Register to memory mapping:

RAX=0x0000010020c90478 is an unknown value
RBX=0x0000000000000c15 is an unknown value
RCX=0x000000000000000c is an unknown value
RDX=0x000000002c098050 is an unknown value
RSP=0x000000001b10bbe0 is pointing into the stack for thread: 0x00000000199b6000
RBP=0x0000000000120ab0 is an unknown value
RSI=0x000000000000293d is an unknown value
RDI=0x000000002c00c670 is an unknown value
R8 =0x0000000005555455 is an unknown value
R9 =0x0000000000054930 is an unknown value
R10=0x000000001b10bf50 is pointing into the stack for thread: 0x00000000199b6000
R11=0x0000000000000018 is an unknown value
R12=0x000000002c098050 is an unknown value
R13=0x000000001b10c240 is pointing into the stack for thread: 0x00000000199b6000
R14=0x0000000075960000 is an unknown value
R15=0x000000007612f750 is an unknown value


Stack: [0x000000001b010000,0x000000001b110000],  sp=0x000000001b10bbe0,  free space=1006k
Native frames: (J=compiled Java code, j=interpreted, Vv=VM code, C=native code)
V  [jvm.dll+0x46eb57]
V  [jvm.dll+0x470038]
V  [jvm.dll+0x43ac08]
V  [jvm.dll+0x4456ab]
V  [jvm.dll+0x447fa8]
V  [jvm.dll+0x42b072]
V  [jvm.dll+0x8230f]
V  [jvm.dll+0x82c7f]
V  [jvm.dll+0x220b7f]
V  [jvm.dll+0x27276a]
C  [msvcr100.dll+0x21d9f]
C  [msvcr100.dll+0x21e3b]
C  [KERNEL32.DLL+0x17034]
C  [ntdll.dll+0x4d241]


Current CompileTask:
C2:   3771 3710       4       java.net.URLClassLoader$1::run (5 bytes)


---------------  P R O C E S S  ---------------

Java Threads: ( => current thread )
  0x00000000221b2800 JavaThread "pool-1-thread-1" [_thread_blocked, id=13992, stack(0x000000002bb10000,0x000000002bc10000)]
  0x00000000221ab000 JavaThread "Cache worker for Build Output Cleanup Cache (D:\AndroidProjects\KursachGameShop2\.gradle\buildOutputCleanup)" [_thread_blocked, id=15848, stack(0x000000002b810000,0x000000002b910000)]
  0x00000000221ac000 JavaThread "jar transforms Thread 92" [_thread_blocked, id=14288, stack(0x000000002b710000,0x000000002b810000)]
  0x00000000221b1000 JavaThread "jar transforms Thread 91" [_thread_blocked, id=9236, stack(0x000000002b610000,0x000000002b710000)]
  0x00000000221a9800 JavaThread "jar transforms Thread 90" [_thread_blocked, id=3412, stack(0x000000002b510000,0x000000002b610000)]
  0x00000000221b0800 JavaThread "jar transforms Thread 89" [_thread_blocked, id=3168, stack(0x000000002b410000,0x000000002b510000)]
  0x00000000221aa800 JavaThread "jar transforms Thread 88" [_thread_blocked, id=2824, stack(0x000000002b310000,0x000000002b410000)]
  0x00000000221a9000 JavaThread "jar transforms Thread 87" [_thread_blocked, id=18232, stack(0x000000002b210000,0x000000002b310000)]
  0x00000000221af800 JavaThread "jar transforms Thread 86" [_thread_blocked, id=17060, stack(0x000000002b110000,0x000000002b210000)]
  0x00000000221af000 JavaThread "jar transforms Thread 85" [_thread_blocked, id=1972, stack(0x000000002b010000,0x000000002b110000)]
  0x00000000221ae000 JavaThread "jar transforms Thread 84" [_thread_blocked, id=15124, stack(0x000000002af10000,0x000000002b010000)]
  0x00000000221ac800 JavaThread "jar transforms Thread 83" [_thread_blocked, id=18116, stack(0x000000002ae10000,0x000000002af10000)]
  0x00000000221a6800 JavaThread "jar transforms Thread 82" [_thread_blocked, id=7036, stack(0x000000002ad10000,0x000000002ae10000)]
  0x00000000221ad800 JavaThread "jar transforms Thread 81" [_thread_blocked, id=14884, stack(0x000000002ac10000,0x000000002ad10000)]
  0x00000000221a8000 JavaThread "jar transforms Thread 80" [_thread_blocked, id=1192, stack(0x000000002ab10000,0x000000002ac10000)]
  0x00000000221a7800 JavaThread "jar transforms Thread 79" [_thread_blocked, id=6124, stack(0x000000002aa10000,0x000000002ab10000)]
  0x0000000020e5c000 JavaThread "jar transforms Thread 78" [_thread_blocked, id=16308, stack(0x000000002a910000,0x000000002aa10000)]
  0x0000000020e5d800 JavaThread "jar transforms Thread 77" [_thread_blocked, id=15956, stack(0x000000002a810000,0x000000002a910000)]
  0x0000000020e59800 JavaThread "jar transforms Thread 76" [_thread_blocked, id=2772, stack(0x000000002a710000,0x000000002a810000)]
  0x0000000020e59000 JavaThread "jar transforms Thread 75" [_thread_blocked, id=15524, stack(0x000000002a610000,0x000000002a710000)]
  0x0000000020e5c800 JavaThread "jar transforms Thread 74" [_thread_blocked, id=4760, stack(0x000000002a510000,0x000000002a610000)]
  0x0000000020e5b000 JavaThread "jar transforms Thread 73" [_thread_blocked, id=8280, stack(0x000000002a410000,0x000000002a510000)]
  0x0000000020e5f000 JavaThread "jar transforms Thread 72" [_thread_blocked, id=1984, stack(0x000000002a310000,0x000000002a410000)]
  0x0000000020e5e000 JavaThread "jar transforms Thread 71" [_thread_blocked, id=13436, stack(0x000000002a210000,0x000000002a310000)]
  0x0000000020e5f800 JavaThread "jar transforms Thread 70" [_thread_blocked, id=3152, stack(0x000000002a110000,0x000000002a210000)]
  0x0000000020e58000 JavaThread "jar transforms Thread 69" [_thread_blocked, id=9592, stack(0x000000002a010000,0x000000002a110000)]
  0x0000000020e5a800 JavaThread "jar transforms Thread 68" [_thread_blocked, id=14752, stack(0x0000000029f10000,0x000000002a010000)]
  0x0000000020e50800 JavaThread "jar transforms Thread 67" [_thread_blocked, id=7616, stack(0x0000000029e10000,0x0000000029f10000)]
  0x0000000020e52000 JavaThread "jar transforms Thread 66" [_thread_blocked, id=2080, stack(0x0000000029d10000,0x0000000029e10000)]
  0x0000000020e53800 JavaThread "jar transforms Thread 65" [_thread_blocked, id=8564, stack(0x0000000029c10000,0x0000000029d10000)]
  0x0000000020e56000 JavaThread "jar transforms Thread 64" [_thread_blocked, id=15052, stack(0x0000000029b10000,0x0000000029c10000)]
  0x0000000020e57800 JavaThread "jar transforms Thread 63" [_thread_blocked, id=10936, stack(0x0000000029a10000,0x0000000029b10000)]
  0x0000000020e51800 JavaThread "jar transforms Thread 62" [_thread_blocked, id=12512, stack(0x0000000029910000,0x0000000029a10000)]
  0x0000000020e54800 JavaThread "jar transforms Thread 61" [_thread_blocked, id=520, stack(0x0000000029810000,0x0000000029910000)]
  0x0000000020e56800 JavaThread "jar transforms Thread 60" [_thread_blocked, id=7844, stack(0x0000000029710000,0x0000000029810000)]
  0x0000000020e55000 JavaThread "jar transforms Thread 59" [_thread_blocked, id=15192, stack(0x0000000029610000,0x0000000029710000)]
  0x0000000020e53000 JavaThread "jar transforms Thread 58" [_thread_blocked, id=5444, stack(0x0000000029510000,0x0000000029610000)]
  0x0000000022c68000 JavaThread "jar transforms Thread 57" [_thread_blocked, id=2412, stack(0x0000000029410000,0x0000000029510000)]
  0x0000000022c67000 JavaThread "jar transforms Thread 56" [_thread_blocked, id=4188, stack(0x0000000029310000,0x0000000029410000)]
  0x0000000022c65000 JavaThread "jar transforms Thread 55" [_thread_blocked, id=13912, stack(0x0000000029210000,0x0000000029310000)]
  0x0000000022c6b000 JavaThread "jar transforms Thread 54" [_thread_blocked, id=13036, stack(0x0000000029110000,0x0000000029210000)]
  0x0000000022c6a000 JavaThread "jar transforms Thread 53" [_thread_blocked, id=17548, stack(0x0000000029010000,0x0000000029110000)]
  0x0000000022c65800 JavaThread "jar transforms Thread 52" [_thread_blocked, id=13316, stack(0x0000000028f10000,0x0000000029010000)]
  0x0000000022c68800 JavaThread "jar transforms Thread 51" [_thread_blocked, id=13168, stack(0x0000000028e10000,0x0000000028f10000)]
  0x0000000022c69800 JavaThread "jar transforms Thread 50" [_thread_blocked, id=17600, stack(0x0000000028d10000,0x0000000028e10000)]
  0x0000000022c66800 JavaThread "jar transforms Thread 49" [_thread_blocked, id=1124, stack(0x0000000028c10000,0x0000000028d10000)]
  0x0000000022c5e000 JavaThread "jar transforms Thread 48" [_thread_blocked, id=17780, stack(0x0000000028b10000,0x0000000028c10000)]
  0x0000000022c60800 JavaThread "jar transforms Thread 47" [_thread_blocked, id=13960, stack(0x0000000028a10000,0x0000000028b10000)]
  0x0000000022c5d800 JavaThread "jar transforms Thread 46" [_thread_blocked, id=9776, stack(0x0000000028910000,0x0000000028a10000)]
  0x0000000022c64000 JavaThread "jar transforms Thread 45" [_thread_blocked, id=18132, stack(0x0000000028810000,0x0000000028910000)]
  0x0000000022c62800 JavaThread "jar transforms Thread 44" [_thread_blocked, id=17000, stack(0x0000000028710000,0x0000000028810000)]
  0x0000000022c62000 JavaThread "jar transforms Thread 43" [_thread_blocked, id=3104, stack(0x0000000028610000,0x0000000028710000)]
  0x0000000022c63800 JavaThread "jar transforms Thread 42" [_thread_blocked, id=10612, stack(0x0000000028510000,0x0000000028610000)]
  0x0000000022c5f000 JavaThread "jar transforms Thread 41" [_thread_blocked, id=8624, stack(0x0000000028410000,0x0000000028510000)]
  0x0000000022c5f800 JavaThread "jar transforms Thread 40" [_thread_blocked, id=14664, stack(0x0000000028310000,0x0000000028410000)]
  0x0000000022c61000 JavaThread "jar transforms Thread 39" [_thread_blocked, id=2488, stack(0x0000000028210000,0x0000000028310000)]
  0x0000000022c5c800 JavaThread "jar transforms Thread 38" [_thread_blocked, id=8200, stack(0x0000000028110000,0x0000000028210000)]
  0x0000000022c5c000 JavaThread "jar transforms Thread 37" [_thread_blocked, id=13084, stack(0x0000000028010000,0x0000000028110000)]
  0x000000001dd55000 JavaThread "jar transforms Thread 36" [_thread_blocked, id=17316, stack(0x0000000027f10000,0x0000000028010000)]
  0x000000001dd54000 JavaThread "jar transforms Thread 35" [_thread_blocked, id=6604, stack(0x0000000027e10000,0x0000000027f10000)]
  0x000000001dd52800 JavaThread "jar transforms Thread 34" [_thread_blocked, id=15304, stack(0x0000000027d10000,0x0000000027e10000)]
  0x000000001dd53800 JavaThread "jar transforms Thread 33" [_thread_blocked, id=14560, stack(0x0000000027c10000,0x0000000027d10000)]
  0x000000001dd52000 JavaThread "jar transforms Thread 32" [_thread_blocked, id=3468, stack(0x0000000027b10000,0x0000000027c10000)]
  0x000000001dd51000 JavaThread "jar transforms Thread 31" [_thread_blocked, id=7708, stack(0x0000000027a10000,0x0000000027b10000)]
  0x000000001dd49800 JavaThread "jar transforms Thread 30" [_thread_blocked, id=11016, stack(0x0000000027910000,0x0000000027a10000)]
  0x000000001dd4b000 JavaThread "jar transforms Thread 29" [_thread_blocked, id=6552, stack(0x0000000027810000,0x0000000027910000)]
  0x000000001dd50800 JavaThread "jar transforms Thread 28" [_thread_blocked, id=10232, stack(0x0000000027710000,0x0000000027810000)]
  0x000000001dd49000 JavaThread "jar transforms Thread 27" [_thread_blocked, id=7608, stack(0x0000000027610000,0x0000000027710000)]
  0x000000001dd4f800 JavaThread "jar transforms Thread 26" [_thread_blocked, id=17584, stack(0x0000000027510000,0x0000000027610000)]
  0x000000001dd48000 JavaThread "jar transforms Thread 25" [_thread_blocked, id=9392, stack(0x0000000027410000,0x0000000027510000)]
  0x000000001dd4f000 JavaThread "jar transforms Thread 24" [_thread_blocked, id=10772, stack(0x0000000027310000,0x0000000027410000)]
  0x000000001dd47800 JavaThread "jar transforms Thread 23" [_thread_blocked, id=7584, stack(0x0000000027210000,0x0000000027310000)]
  0x000000001dd4e000 JavaThread "jar transforms Thread 22" [_thread_blocked, id=4700, stack(0x0000000027110000,0x0000000027210000)]
  0x000000001dd4d800 JavaThread "jar transforms Thread 21" [_thread_blocked, id=8008, stack(0x0000000027010000,0x0000000027110000)]
  0x000000001dd4a800 JavaThread "jar transforms Thread 20" [_thread_blocked, id=10540, stack(0x0000000026f10000,0x0000000027010000)]
  0x000000001dd4c800 JavaThread "jar transforms Thread 19" [_thread_blocked, id=17760, stack(0x0000000026e10000,0x0000000026f10000)]
  0x000000001dd46800 JavaThread "jar transforms Thread 18" [_thread_blocked, id=12252, stack(0x0000000026d10000,0x0000000026e10000)]
  0x000000001dd4c000 JavaThread "jar transforms Thread 17" [_thread_blocked, id=9476, stack(0x0000000026c10000,0x0000000026d10000)]
  0x000000001dd46000 JavaThread "jar transforms Thread 16" [_thread_blocked, id=14380, stack(0x0000000026b10000,0x0000000026c10000)]
  0x000000001cae7000 JavaThread "jar transforms Thread 15" [_thread_blocked, id=8512, stack(0x0000000026a10000,0x0000000026b10000)]
  0x000000001cae6000 JavaThread "jar transforms Thread 14" [_thread_blocked, id=18160, stack(0x0000000026910000,0x0000000026a10000)]
  0x000000001caea800 JavaThread "jar transforms Thread 13" [_thread_blocked, id=1812, stack(0x0000000026810000,0x0000000026910000)]
  0x000000001caea000 JavaThread "jar transforms Thread 12" [_thread_blocked, id=1872, stack(0x0000000026710000,0x0000000026810000)]
  0x000000001caed000 JavaThread "jar transforms Thread 11" [_thread_blocked, id=3096, stack(0x0000000026610000,0x0000000026710000)]
  0x000000001cae7800 JavaThread "jar transforms Thread 10" [_thread_blocked, id=8968, stack(0x0000000026510000,0x0000000026610000)]
  0x000000001cae9000 JavaThread "jar transforms Thread 9" [_thread_blocked, id=11760, stack(0x0000000026410000,0x0000000026510000)]
  0x000000001cae8800 JavaThread "jar transforms Thread 8" [_thread_blocked, id=12056, stack(0x0000000026310000,0x0000000026410000)]
  0x000000001caec000 JavaThread "jar transforms Thread 7" [_thread_blocked, id=13636, stack(0x0000000026210000,0x0000000026310000)]
  0x000000001caeb800 JavaThread "jar transforms Thread 6" [_thread_blocked, id=1252, stack(0x0000000026110000,0x0000000026210000)]
  0x000000001b9cc800 JavaThread "jar transforms Thread 5" [_thread_blocked, id=16632, stack(0x0000000026010000,0x0000000026110000)]
  0x000000001b9cb000 JavaThread "jar transforms Thread 4" [_thread_blocked, id=12440, stack(0x0000000025f10000,0x0000000026010000)]
  0x000000001b9ca000 JavaThread "jar transforms Thread 3" [_thread_blocked, id=13156, stack(0x0000000025e10000,0x0000000025f10000)]
  0x000000001b9c8000 JavaThread "jar transforms Thread 2" [_thread_blocked, id=7192, stack(0x0000000025d10000,0x0000000025e10000)]
  0x000000001b9c5800 JavaThread "Build operations Thread 12" [_thread_blocked, id=9316, stack(0x0000000025c10000,0x0000000025d10000)]
  0x000000001b9c9800 JavaThread "Build operations Thread 11" [_thread_blocked, id=8612, stack(0x0000000025b10000,0x0000000025c10000)]
  0x000000001b9c7000 JavaThread "Build operations Thread 10" [_thread_blocked, id=9444, stack(0x0000000025a10000,0x0000000025b10000)]
  0x000000001b9c8800 JavaThread "Build operations Thread 9" [_thread_blocked, id=14008, stack(0x0000000025910000,0x0000000025a10000)]
  0x000000001b9cb800 JavaThread "Build operations Thread 8" [_thread_blocked, id=3320, stack(0x0000000025810000,0x0000000025910000)]
  0x000000001b9c6800 JavaThread "Build operations Thread 7" [_thread_blocked, id=13744, stack(0x0000000025710000,0x0000000025810000)]
  0x000000001b9be000 JavaThread "Build operations Thread 6" [_thread_blocked, id=14364, stack(0x0000000025510000,0x0000000025610000)]
  0x000000001b9bf000 JavaThread "Build operations Thread 5" [_thread_blocked, id=7044, stack(0x0000000025410000,0x0000000025510000)]
  0x000000001b9c5000 JavaThread "Build operations Thread 4" [_thread_blocked, id=14916, stack(0x0000000025310000,0x0000000025410000)]
  0x000000001b9c1000 JavaThread "Build operations Thread 3" [_thread_blocked, id=9148, stack(0x0000000025210000,0x0000000025310000)]
  0x000000001b9bd800 JavaThread "Build operations Thread 2" [_thread_blocked, id=4068, stack(0x0000000025110000,0x0000000025210000)]
  0x000000001b9c4000 JavaThread "Build operations" [_thread_blocked, id=16028, stack(0x0000000025010000,0x0000000025110000)]
  0x00000000199ca000 JavaThread "Cache worker for file content cache (C:\Users\Alex\.gradle\caches\6.5\fileContent)" [_thread_blocked, id=2556, stack(0x0000000023940000,0x0000000023a40000)]
  0x00000000199c8800 JavaThread "jar transforms" [_thread_blocked, id=5684, stack(0x0000000023840000,0x0000000023940000)]
  0x00000000199c8000 JavaThread "Cache worker for execution history cache (C:\Users\Alex\.gradle\caches\6.5\executionHistory)" [_thread_blocked, id=7340, stack(0x0000000023030000,0x0000000023130000)]
  0x00000000199cc800 JavaThread "Cache worker for cache directory md-rule (C:\Users\Alex\.gradle\caches\6.5\md-rule)" [_thread_blocked, id=8616, stack(0x0000000022f30000,0x0000000023030000)]
  0x00000000199c5800 JavaThread "Cache worker for cache directory md-supplier (C:\Users\Alex\.gradle\caches\6.5\md-supplier)" [_thread_blocked, id=13868, stack(0x0000000021be0000,0x0000000021ce0000)]
  0x00000000199c9800 JavaThread "Cache worker for checksums cache (D:\AndroidProjects\KursachGameShop2\.gradle\checksums)" [_thread_blocked, id=13948, stack(0x00000000218e0000,0x00000000219e0000)]
  0x00000000199c7000 JavaThread "Cache worker for file hash cache (D:\AndroidProjects\KursachGameShop2\.gradle\6.5\fileHashes)" [_thread_blocked, id=8360, stack(0x0000000023340000,0x0000000023440000)]
  0x00000000199c6800 JavaThread "Cache worker for file hash cache (C:\Users\Alex\.gradle\caches\6.5\fileHashes)" [_thread_blocked, id=10980, stack(0x000000001f640000,0x000000001f740000)]
  0x00000000199cb800 JavaThread "File lock request listener" [_thread_in_native, id=2104, stack(0x000000001f540000,0x000000001f640000)]
  0x0000000019ae2800 JavaThread "Cache worker for journal cache (C:\Users\Alex\.gradle\caches\journal-1)" [_thread_blocked, id=18276, stack(0x000000001f440000,0x000000001f540000)]
  0x000000001d286000 JavaThread "Thread-9" [_thread_blocked, id=7140, stack(0x000000001f140000,0x000000001f240000)]
  0x000000001d285000 JavaThread "Stdin handler" [_thread_blocked, id=1508, stack(0x000000001f040000,0x000000001f140000)]
  0x000000001d282800 JavaThread "Asynchronous log dispatcher for DefaultDaemonConnection: socket connection from /127.0.0.1:54852 to /127.0.0.1:54853" [_thread_blocked, id=14820, stack(0x000000001ef40000,0x000000001f040000)]
  0x000000001d2bd800 JavaThread "Daemon worker" [_thread_in_vm, id=15876, stack(0x000000001ee40000,0x000000001ef40000)]
  0x000000001d29f800 JavaThread "Cancel handler" [_thread_blocked, id=3292, stack(0x000000001ed40000,0x000000001ee40000)]
  0x000000001d163800 JavaThread "Handler for socket connection from /127.0.0.1:54852 to /127.0.0.1:54853" [_thread_in_native, id=16620, stack(0x000000001ea40000,0x000000001eb40000)]
  0x000000001d1af000 JavaThread "Daemon" [_thread_blocked, id=15944, stack(0x000000001e940000,0x000000001ea40000)]
  0x000000001d1ac800 JavaThread "Daemon periodic checks" [_thread_blocked, id=10064, stack(0x000000001e840000,0x000000001e940000)]
  0x000000001d124800 JavaThread "Incoming local TCP Connector on port 54852" [_thread_in_native, id=17720, stack(0x000000001e5f0000,0x000000001e6f0000)]
  0x000000001d205800 JavaThread "Daemon health stats" [_thread_blocked, id=13224, stack(0x000000001dfb0000,0x000000001e0b0000)]
  0x0000000019a44800 JavaThread "Service Thread" daemon [_thread_blocked, id=14672, stack(0x000000001b410000,0x000000001b510000)]
  0x00000000199cb000 JavaThread "C1 CompilerThread3" daemon [_thread_blocked, id=2880, stack(0x000000001b310000,0x000000001b410000)]
  0x00000000199c5000 JavaThread "C2 CompilerThread2" daemon [_thread_in_native, id=16912, stack(0x000000001b210000,0x000000001b310000)]
  0x00000000199bb800 JavaThread "C2 CompilerThread1" daemon [_thread_in_native, id=5056, stack(0x000000001b110000,0x000000001b210000)]
=>0x00000000199b6000 JavaThread "C2 CompilerThread0" daemon [_thread_in_native, id=3524, stack(0x000000001b010000,0x000000001b110000)]
  0x00000000199b1800 JavaThread "Attach Listener" daemon [_thread_blocked, id=16024, stack(0x000000001af10000,0x000000001b010000)]
  0x00000000199b0800 JavaThread "Signal Dispatcher" daemon [_thread_blocked, id=7032, stack(0x000000001ae10000,0x000000001af10000)]
  0x00000000182e2800 JavaThread "Finalizer" daemon [_thread_blocked, id=7804, stack(0x000000001ac00000,0x000000001ad00000)]
  0x00000000199a3000 JavaThread "Reference Handler" daemon [_thread_blocked, id=9900, stack(0x000000001ab00000,0x000000001ac00000)]
  0x0000000002e2d800 JavaThread "main" [_thread_blocked, id=17488, stack(0x0000000002e70000,0x0000000002f70000)]

Other Threads:
  0x00000000182d4800 VMThread [stack: 0x000000001aa00000,0x000000001ab00000] [id=16084]
  0x00000000199e0800 WatcherThread [stack: 0x000000001b510000,0x000000001b610000] [id=2656]

VM state:not at safepoint (normal execution)

VM Mutex/Monitor currently owned by a thread: None

heap address: 0x0000000080000000, size: 2048 MB, Compressed Oops mode: 32-bit
Narrow klass base: 0x0000000000000000, Narrow klass shift: 3
Compressed class space size: 1073741824 Address: 0x0000000100000000

Heap:
 PSYoungGen      total 232448K, used 165148K [0x00000000d5580000, 0x00000000e4980000, 0x0000000100000000)
  eden space 216576K, 76% used [0x00000000d5580000,0x00000000df6c70f8,0x00000000e2900000)
  from space 15872K, 0% used [0x00000000e3800000,0x00000000e3800000,0x00000000e4780000)
  to   space 15360K, 0% used [0x00000000e2900000,0x00000000e2900000,0x00000000e3800000)
 ParOldGen       total 140288K, used 14650K [0x0000000080000000, 0x0000000088900000, 0x00000000d5580000)
  object space 140288K, 10% used [0x0000000080000000,0x0000000080e4e8d8,0x0000000088900000)
 Metaspace       used 40394K, capacity 42284K, committed 42408K, reserved 1085440K
  class space    used 5575K, capacity 5974K, committed 6064K, reserved 1048576K

Card table byte_map: [0x0000000012430000,0x0000000012840000] byte_map_base: 0x0000000012030000

Marking Bits: (ParMarkBitMap*) 0x000000007612f030
 Begin Bits: [0x00000000134f0000, 0x00000000154f0000)
 End Bits:   [0x00000000154f0000, 0x00000000174f0000)

Polling page: 0x0000000000bf0000

CodeCache: size=245760Kb used=13087Kb max_used=13098Kb free=232672Kb
 bounds [0x0000000003070000, 0x0000000003d50000, 0x0000000012070000]
 total_blobs=4536 nmethods=3828 adapters=621
 compilation: enabled

Compilation events (10 events):
Event: 3.735 Thread 0x00000000199bb800 3825       4       java.util.concurrent.ConcurrentHashMap::addCount (292 bytes)
Event: 3.735 Thread 0x00000000199cb000 3826       3       java.lang.Class::isLocalClass (20 bytes)
Event: 3.735 Thread 0x00000000199cb000 nmethod 3826 0x0000000003d2a9d0 code [0x0000000003d2aba0, 0x0000000003d2b258]
Event: 3.735 Thread 0x00000000199cb000 3827       3       java.lang.Class::isLocalOrAnonymousClass (13 bytes)
Event: 3.735 Thread 0x00000000199cb000 nmethod 3827 0x0000000003d2a350 code [0x0000000003d2a4e0, 0x0000000003d2a858]
Event: 3.736 Thread 0x00000000199cb000 3828       3       java.lang.ThreadLocal$ThreadLocalMap::expungeStaleEntry (146 bytes)
Event: 3.736 Thread 0x00000000199cb000 nmethod 3828 0x0000000003d330d0 code [0x0000000003d332c0, 0x0000000003d33f70]
Event: 3.737 Thread 0x00000000199bb800 nmethod 3825 0x0000000003d30110 code [0x0000000003d30280, 0x0000000003d305b0]
Event: 3.740 Thread 0x00000000199c5000 3829       4       java.lang.Throwable::<init> (39 bytes)
Event: 3.741 Thread 0x00000000199c5000 nmethod 3829 0x0000000003d32a90 code [0x0000000003d32c00, 0x0000000003d32f88]

GC Heap History (10 events):
Event: 1.999 GC heap before
{Heap before GC invocations=4 (full 0):
 PSYoungGen      total 75776K, used 21521K [0x00000000d5580000, 0x00000000de980000, 0x0000000100000000)
  eden space 65024K, 16% used [0x00000000d5580000,0x00000000d600be50,0x00000000d9500000)
  from space 10752K, 99% used [0x00000000d9500000,0x00000000d9f78980,0x00000000d9f80000)
  to   space 10752K, 0% used [0x00000000ddf00000,0x00000000ddf00000,0x00000000de980000)
 ParOldGen       total 173568K, used 922K [0x0000000080000000, 0x000000008a980000, 0x00000000d5580000)
  object space 173568K, 0% used [0x0000000080000000,0x00000000800e68c0,0x000000008a980000)
 Metaspace       used 20585K, capacity 21236K, committed 21296K, reserved 1067008K
  class space    used 2877K, capacity 3080K, committed 3120K, reserved 1048576K
Event: 2.003 GC heap after
Heap after GC invocations=4 (full 0):
 PSYoungGen      total 140800K, used 7464K [0x00000000d5580000, 0x00000000de980000, 0x0000000100000000)
  eden space 130048K, 0% used [0x00000000d5580000,0x00000000d5580000,0x00000000dd480000)
  from space 10752K, 69% used [0x00000000ddf00000,0x00000000de64a060,0x00000000de980000)
  to   space 10752K, 0% used [0x00000000dd480000,0x00000000dd480000,0x00000000ddf00000)
 ParOldGen       total 173568K, used 930K [0x0000000080000000, 0x000000008a980000, 0x00000000d5580000)
  object space 173568K, 0% used [0x0000000080000000,0x00000000800e88c0,0x000000008a980000)
 Metaspace       used 20585K, capacity 21236K, committed 21296K, reserved 1067008K
  class space    used 2877K, capacity 3080K, committed 3120K, reserved 1048576K
}
Event: 2.003 GC heap before
{Heap before GC invocations=5 (full 1):
 PSYoungGen      total 140800K, used 7464K [0x00000000d5580000, 0x00000000de980000, 0x0000000100000000)
  eden space 130048K, 0% used [0x00000000d5580000,0x00000000d5580000,0x00000000dd480000)
  from space 10752K, 69% used [0x00000000ddf00000,0x00000000de64a060,0x00000000de980000)
  to   space 10752K, 0% used [0x00000000dd480000,0x00000000dd480000,0x00000000ddf00000)
 ParOldGen       total 173568K, used 930K [0x0000000080000000, 0x000000008a980000, 0x00000000d5580000)
  object space 173568K, 0% used [0x0000000080000000,0x00000000800e88c0,0x000000008a980000)
 Metaspace       used 20585K, capacity 21236K, committed 21296K, reserved 1067008K
  class space    used 2877K, capacity 3080K, committed 3120K, reserved 1048576K
Event: 2.026 GC heap after
Heap after GC invocations=5 (full 1):
 PSYoungGen      total 140800K, used 0K [0x00000000d5580000, 0x00000000de980000, 0x0000000100000000)
  eden space 130048K, 0% used [0x00000000d5580000,0x00000000d5580000,0x00000000dd480000)
  from space 10752K, 0% used [0x00000000ddf00000,0x00000000ddf00000,0x00000000de980000)
  to   space 10752K, 0% used [0x00000000dd480000,0x00000000dd480000,0x00000000ddf00000)
 ParOldGen       total 93184K, used 7197K [0x0000000080000000, 0x0000000085b00000, 0x00000000d5580000)
  object space 93184K, 7% used [0x0000000080000000,0x00000000807074f8,0x0000000085b00000)
 Metaspace       used 20585K, capacity 21236K, committed 21296K, reserved 1067008K
  class space    used 2877K, capacity 3080K, committed 3120K, reserved 1048576K
}
Event: 2.886 GC heap before
{Heap before GC invocations=6 (full 1):
 PSYoungGen      total 140800K, used 130048K [0x00000000d5580000, 0x00000000de980000, 0x0000000100000000)
  eden space 130048K, 100% used [0x00000000d5580000,0x00000000dd480000,0x00000000dd480000)
  from space 10752K, 0% used [0x00000000ddf00000,0x00000000ddf00000,0x00000000de980000)
  to   space 10752K, 0% used [0x00000000dd480000,0x00000000dd480000,0x00000000ddf00000)
 ParOldGen       total 93184K, used 7197K [0x0000000080000000, 0x0000000085b00000, 0x00000000d5580000)
  object space 93184K, 7% used [0x0000000080000000,0x00000000807074f8,0x0000000085b00000)
 Metaspace       used 32749K, capacity 33718K, committed 33968K, reserved 1079296K
  class space    used 4476K, capacity 4723K, committed 4784K, reserved 1048576K
Event: 2.894 GC heap after
Heap after GC invocations=6 (full 1):
 PSYoungGen      total 140800K, used 10734K [0x00000000d5580000, 0x00000000e4780000, 0x0000000100000000)
  eden space 130048K, 0% used [0x00000000d5580000,0x00000000d5580000,0x00000000dd480000)
  from space 10752K, 99% used [0x00000000dd480000,0x00000000ddefb8c8,0x00000000ddf00000)
  to   space 15872K, 0% used [0x00000000e3800000,0x00000000e3800000,0x00000000e4780000)
 ParOldGen       total 93184K, used 10547K [0x0000000080000000, 0x0000000085b00000, 0x00000000d5580000)
  object space 93184K, 11% used [0x0000000080000000,0x0000000080a4cd90,0x0000000085b00000)
 Metaspace       used 32749K, capacity 33718K, committed 33968K, reserved 1079296K
  class space    used 4476K, capacity 4723K, committed 4784K, reserved 1048576K
}
Event: 3.063 GC heap before
{Heap before GC invocations=7 (full 1):
 PSYoungGen      total 140800K, used 42251K [0x00000000d5580000, 0x00000000e4780000, 0x0000000100000000)
  eden space 130048K, 24% used [0x00000000d5580000,0x00000000d74474e0,0x00000000dd480000)
  from space 10752K, 99% used [0x00000000dd480000,0x00000000ddefb8c8,0x00000000ddf00000)
  to   space 15872K, 0% used [0x00000000e3800000,0x00000000e3800000,0x00000000e4780000)
 ParOldGen       total 93184K, used 10547K [0x0000000080000000, 0x0000000085b00000, 0x00000000d5580000)
  object space 93184K, 11% used [0x0000000080000000,0x0000000080a4cd90,0x0000000085b00000)
 Metaspace       used 34344K, capacity 35432K, committed 35496K, reserved 1079296K
  class space    used 4729K, capacity 5007K, committed 5040K, reserved 1048576K
Event: 3.069 GC heap after
Heap after GC invocations=7 (full 1):
 PSYoungGen      total 232448K, used 8298K [0x00000000d5580000, 0x00000000e4980000, 0x0000000100000000)
  eden space 216576K, 0% used [0x00000000d5580000,0x00000000d5580000,0x00000000e2900000)
  from space 15872K, 52% used [0x00000000e3800000,0x00000000e401a918,0x00000000e4780000)
  to   space 15360K, 0% used [0x00000000e2900000,0x00000000e2900000,0x00000000e3800000)
 ParOldGen       total 93184K, used 10555K [0x0000000080000000, 0x0000000085b00000, 0x00000000d5580000)
  object space 93184K, 11% used [0x0000000080000000,0x0000000080a4ed90,0x0000000085b00000)
 Metaspace       used 34344K, capacity 35432K, committed 35496K, reserved 1079296K
  class space    used 4729K, capacity 5007K, committed 5040K, reserved 1048576K
}
Event: 3.069 GC heap before
{Heap before GC invocations=8 (full 2):
 PSYoungGen      total 232448K, used 8298K [0x00000000d5580000, 0x00000000e4980000, 0x0000000100000000)
  eden space 216576K, 0% used [0x00000000d5580000,0x00000000d5580000,0x00000000e2900000)
  from space 15872K, 52% used [0x00000000e3800000,0x00000000e401a918,0x00000000e4780000)
  to   space 15360K, 0% used [0x00000000e2900000,0x00000000e2900000,0x00000000e3800000)
 ParOldGen       total 93184K, used 10555K [0x0000000080000000, 0x0000000085b00000, 0x00000000d5580000)
  object space 93184K, 11% used [0x0000000080000000,0x0000000080a4ed90,0x0000000085b00000)
 Metaspace       used 34344K, capacity 35432K, committed 35496K, reserved 1079296K
  class space    used 4729K, capacity 5007K, committed 5040K, reserved 1048576K
Event: 3.098 GC heap after
Heap after GC invocations=8 (full 2):
 PSYoungGen      total 232448K, used 0K [0x00000000d5580000, 0x00000000e4980000, 0x0000000100000000)
  eden space 216576K, 0% used [0x00000000d5580000,0x00000000d5580000,0x00000000e2900000)
  from space 15872K, 0% used [0x00000000e3800000,0x00000000e3800000,0x00000000e4780000)
  to   space 15360K, 0% used [0x00000000e2900000,0x00000000e2900000,0x00000000e3800000)
 ParOldGen       total 140288K, used 14650K [0x0000000080000000, 0x0000000088900000, 0x00000000d5580000)
  object space 140288K, 10% used [0x0000000080000000,0x0000000080e4e8d8,0x0000000088900000)
 Metaspace       used 34344K, capacity 35432K, committed 35496K, reserved 1079296K
  class space    used 4729K, capacity 5007K, committed 5040K, reserved 1048576K
}

Deoptimization events (10 events):
Event: 3.512 Thread 0x000000001d2bd800 Uncommon trap: reason=bimorphic action=maybe_recompile pc=0x000000000396972c method=java.util.AbstractCollection.addAll(Ljava/util/Collection;)Z @ 29
Event: 3.512 Thread 0x000000001d2bd800 Uncommon trap: reason=unstable_if action=reinterpret pc=0x0000000003c944d8 method=java.util.Arrays.equals([Ljava/lang/Object;[Ljava/lang/Object;)Z @ 23
Event: 3.526 Thread 0x000000001d2bd800 Uncommon trap: reason=predicate action=maybe_recompile pc=0x00000000035ee5c8 method=com.google.common.base.CharMatcher.indexIn(Ljava/lang/CharSequence;I)I @ 22
Event: 3.532 Thread 0x000000001d2bd800 Uncommon trap: reason=bimorphic action=maybe_recompile pc=0x0000000003ab2e1c method=java.lang.ClassLoader.getPackage(Ljava/lang/String;)Ljava/lang/Package; @ 47
Event: 3.532 Thread 0x000000001d2bd800 Uncommon trap: reason=bimorphic action=maybe_recompile pc=0x0000000003ab2e1c method=java.lang.ClassLoader.getPackage(Ljava/lang/String;)Ljava/lang/Package; @ 47
Event: 3.532 Thread 0x000000001d2bd800 Uncommon trap: reason=bimorphic action=maybe_recompile pc=0x0000000003ab2e1c method=java.lang.ClassLoader.getPackage(Ljava/lang/String;)Ljava/lang/Package; @ 47
Event: 3.532 Thread 0x000000001d2bd800 Uncommon trap: reason=bimorphic action=maybe_recompile pc=0x0000000003ab2e1c method=java.lang.ClassLoader.getPackage(Ljava/lang/String;)Ljava/lang/Package; @ 47
Event: 3.622 Thread 0x000000001d2bd800 Uncommon trap: reason=unstable_if action=reinterpret pc=0x0000000003bb577c method=java.io.BufferedInputStream.read([BII)I @ 56
Event: 3.664 Thread 0x000000001d2bd800 Uncommon trap: reason=bimorphic action=maybe_recompile pc=0x000000000396972c method=java.util.AbstractCollection.addAll(Ljava/util/Collection;)Z @ 29
Event: 3.669 Thread 0x000000001d2bd800 Uncommon trap: reason=bimorphic action=maybe_recompile pc=0x000000000396972c method=java.util.AbstractCollection.addAll(Ljava/util/Collection;)Z @ 29

Classes redefined (0 events):
No events

Internal exceptions (10 events):
Event: 3.513 Thread 0x000000001d286000 Exception <a 'java/lang/NoSuchMethodError': <clinit>> (0x00000000d7f8d8e0) thrown at [C:\src\AOSP-openjdk-git\hotspot\src\share\vm\prims\jni.cpp, line 1615]
Event: 3.514 Thread 0x000000001d286000 Exception <a 'java/lang/NoSuchMethodError': <clinit>> (0x00000000d7f98990) thrown at [C:\src\AOSP-openjdk-git\hotspot\src\share\vm\prims\jni.cpp, line 1615]
Event: 3.515 Thread 0x000000001d286000 Exception <a 'java/lang/NoSuchMethodError': <clinit>> (0x00000000d7fabf88) thrown at [C:\src\AOSP-openjdk-git\hotspot\src\share\vm\prims\jni.cpp, line 1615]
Event: 3.521 Thread 0x000000001d2bd800 Exception <a 'java/lang/ClassNotFoundException': build_cv1q9965xubvmk1fc3u6pnniiBeanInfo> (0x00000000dd349480) thrown at [C:\src\AOSP-openjdk-git\hotspot\src\share\vm\classfile\systemDictionary.cpp, line 210]
Event: 3.521 Thread 0x000000001d2bd800 Exception <a 'java/lang/ClassNotFoundException': build_cv1q9965xubvmk1fc3u6pnniiCustomizer> (0x00000000dd3550c0) thrown at [C:\src\AOSP-openjdk-git\hotspot\src\share\vm\classfile\systemDictionary.cpp, line 210]
Event: 3.525 Thread 0x000000001d2bd800 Exception <a 'java/lang/ClassNotFoundException': org/gradle/plugin/use/internal/PluginRequestCollector$PluginDependenciesSpecImplBeanInfo> (0x00000000dd3f4d48) thrown at [C:\src\AOSP-openjdk-git\hotspot\src\share\vm\classfile\systemDictionary.cpp, line 21
Event: 3.525 Thread 0x000000001d2bd800 Exception <a 'java/lang/ClassNotFoundException': org/gradle/plugin/use/internal/PluginRequestCollector$PluginDependenciesSpecImplCustomizer> (0x00000000dd434c88) thrown at [C:\src\AOSP-openjdk-git\hotspot\src\share\vm\classfile\systemDictionary.cpp, line 
Event: 3.541 Thread 0x000000001d2bd800 Exception <a 'java/lang/ClassNotFoundException': org/gradle/api/internal/plugins/DefaultObjectConfigurationActionBeanInfo> (0x00000000dd730140) thrown at [C:\src\AOSP-openjdk-git\hotspot\src\share\vm\classfile\systemDictionary.cpp, line 210]
Event: 3.541 Thread 0x000000001d2bd800 Exception <a 'java/lang/ClassNotFoundException': org/gradle/api/internal/plugins/DefaultObjectConfigurationActionCustomizer> (0x00000000dd7744a0) thrown at [C:\src\AOSP-openjdk-git\hotspot\src\share\vm\classfile\systemDictionary.cpp, line 210]
Event: 3.743 Thread 0x000000001d2bd800 Exception <a 'sun/nio/fs/WindowsException'> (0x00000000df117060) thrown at [C:\src\AOSP-openjdk-git\hotspot\src\share\vm\prims\jni.cpp, line 710]

Events (10 events):
Event: 3.755 loading class com/google/common/cache/CacheStats
Event: 3.755 loading class com/google/common/cache/CacheStats done
Event: 3.755 loading class com/google/common/cache/CacheBuilder$2
Event: 3.755 loading class com/google/common/cache/CacheBuilder$2 done
Event: 3.755 loading class com/google/common/base/Ticker$1
Event: 3.755 loading class com/google/common/base/Ticker$1 done
Event: 3.755 loading class com/google/common/cache/CacheLoader$SupplierToCacheLoader
Event: 3.755 loading class com/google/common/cache/CacheLoader$SupplierToCacheLoader done
Event: 3.756 loading class com/google/common/cache/CacheLoader$FunctionToCacheLoader
Event: 3.756 loading class com/google/common/cache/CacheLoader$FunctionToCacheLoader done


Dynamic libraries:
0x00007ff6e72e0000 - 0x00007ff6e7311000 	D:\Android\jre\bin\java.exe
0x00007ff9d61d0000 - 0x00007ff9d63c6000 	C:\WINDOWS\SYSTEM32\ntdll.dll
0x00007ff9d48e0000 - 0x00007ff9d499d000 	C:\WINDOWS\System32\KERNEL32.DLL
0x00007ff9d3910000 - 0x00007ff9d3bd9000 	C:\WINDOWS\System32\KERNELBASE.dll
0x00007ff9d6050000 - 0x00007ff9d60fc000 	C:\WINDOWS\System32\ADVAPI32.dll
0x00007ff9d5750000 - 0x00007ff9d57ee000 	C:\WINDOWS\System32\msvcrt.dll
0x00007ff9d5a20000 - 0x00007ff9d5abc000 	C:\WINDOWS\System32\sechost.dll
0x00007ff9d55a0000 - 0x00007ff9d56cb000 	C:\WINDOWS\System32\RPCRT4.dll
0x00007ff9d57f0000 - 0x00007ff9d5990000 	C:\WINDOWS\System32\USER32.dll
0x00007ff9d3c10000 - 0x00007ff9d3c32000 	C:\WINDOWS\System32\win32u.dll
0x00007ff9d4780000 - 0x00007ff9d47aa000 	C:\WINDOWS\System32\GDI32.dll
0x00007ff9d3ca0000 - 0x00007ff9d3dab000 	C:\WINDOWS\System32\gdi32full.dll
0x00007ff9d3db0000 - 0x00007ff9d3e4d000 	C:\WINDOWS\System32\msvcp_win.dll
0x00007ff9d4130000 - 0x00007ff9d4230000 	C:\WINDOWS\System32\ucrtbase.dll
0x00007ff9d2d20000 - 0x00007ff9d2fbb000 	C:\WINDOWS\WinSxS\amd64_microsoft.windows.common-controls_6595b64144ccf1df_6.0.19041.746_none_ca02b4b61b8320a4\COMCTL32.dll
0x00007ff9d5990000 - 0x00007ff9d59c0000 	C:\WINDOWS\System32\IMM32.DLL
0x0000000075880000 - 0x0000000075952000 	D:\Android\jre\jre\bin\msvcr100.dll
0x0000000075960000 - 0x00000000761ab000 	D:\Android\jre\jre\bin\server\jvm.dll
0x00007ff9d6120000 - 0x00007ff9d6128000 	C:\WINDOWS\System32\PSAPI.DLL
0x00007ff9cee80000 - 0x00007ff9cee89000 	C:\WINDOWS\SYSTEM32\WSOCK32.dll
0x00007ff9b6c70000 - 0x00007ff9b6c97000 	C:\WINDOWS\SYSTEM32\WINMM.dll
0x00007ff9cbde0000 - 0x00007ff9cbdea000 	C:\WINDOWS\SYSTEM32\VERSION.dll
0x00007ff9d56e0000 - 0x00007ff9d574b000 	C:\WINDOWS\System32\WS2_32.dll
0x00007ff9cdab0000 - 0x00007ff9cdabf000 	D:\Android\jre\jre\bin\verify.dll
0x00007ff9b3f60000 - 0x00007ff9b3f89000 	D:\Android\jre\jre\bin\java.dll
0x00007ff9cc1d0000 - 0x00007ff9cc1e6000 	D:\Android\jre\jre\bin\zip.dll
0x00007ff9d4b70000 - 0x00007ff9d52b2000 	C:\WINDOWS\System32\SHELL32.dll
0x00007ff9d1300000 - 0x00007ff9d1a90000 	C:\WINDOWS\SYSTEM32\windows.storage.dll
0x00007ff9d5b40000 - 0x00007ff9d5e96000 	C:\WINDOWS\System32\combase.dll
0x00007ff9d2c80000 - 0x00007ff9d2cac000 	C:\WINDOWS\SYSTEM32\Wldp.dll
0x00007ff9d4ab0000 - 0x00007ff9d4b5e000 	C:\WINDOWS\System32\SHCORE.dll
0x00007ff9d6130000 - 0x00007ff9d6185000 	C:\WINDOWS\System32\shlwapi.dll
0x00007ff9d3840000 - 0x00007ff9d3866000 	C:\WINDOWS\SYSTEM32\profapi.dll
0x00007ff9c6380000 - 0x00007ff9c639a000 	D:\Android\jre\jre\bin\net.dll
0x00007ff9d29f0000 - 0x00007ff9d2a5a000 	C:\WINDOWS\system32\mswsock.dll
0x00007ff9b9040000 - 0x00007ff9b9053000 	D:\Android\jre\jre\bin\nio.dll
0x00007ff97f340000 - 0x00007ff97f367000 	C:\Users\Alex\.gradle\native\f6784746aeab05261644944871eae4fe03e0ef1612fff0a4a95f87b438bc6780\windows-amd64\native-platform.dll
0x00007ff9cd9e0000 - 0x00007ff9cd9ed000 	D:\Android\jre\jre\bin\management.dll
0x00007ff9d3690000 - 0x00007ff9d36a8000 	C:\WINDOWS\SYSTEM32\CRYPTSP.dll
0x00007ff9d23c0000 - 0x00007ff9d23f4000 	C:\WINDOWS\system32\rsaenh.dll
0x00007ff9d3be0000 - 0x00007ff9d3c07000 	C:\WINDOWS\System32\bcrypt.dll
0x00007ff9d37c0000 - 0x00007ff9d37ee000 	C:\WINDOWS\SYSTEM32\USERENV.dll
0x00007ff9d3fb0000 - 0x00007ff9d4030000 	C:\WINDOWS\System32\bcryptprimitives.dll
0x00007ff9d2c70000 - 0x00007ff9d2c7c000 	C:\WINDOWS\SYSTEM32\CRYPTBASE.dll
0x00007ff9d26f0000 - 0x00007ff9d272b000 	C:\WINDOWS\SYSTEM32\IPHLPAPI.DLL
0x00007ff9d56d0000 - 0x00007ff9d56d8000 	C:\WINDOWS\System32\NSI.dll
0x00007ff9cef60000 - 0x00007ff9cef77000 	C:\WINDOWS\SYSTEM32\dhcpcsvc6.DLL
0x00007ff9cef40000 - 0x00007ff9cef5d000 	C:\WINDOWS\SYSTEM32\dhcpcsvc.DLL
0x00007ff9d2730000 - 0x00007ff9d27fb000 	C:\WINDOWS\SYSTEM32\DNSAPI.dll
0x00007ff9cb8c0000 - 0x00007ff9cb8cb000 	C:\WINDOWS\SYSTEM32\WINNSI.DLL
0x00007ff9d3330000 - 0x00007ff9d3514000 	C:\WINDOWS\SYSTEM32\dbghelp.dll

VM Arguments:
jvm_args: -Xmx2048m -Dfile.encoding=UTF-8 -Duser.country=RU -Duser.language=ru -Duser.variant 
java_command: org.gradle.launcher.daemon.bootstrap.GradleDaemon 6.5
java_class_path (initial): C:\Users\Alex\.gradle\wrapper\dists\gradle-6.5-all\2oz4ud9k3tuxjg84bbf55q0tn\gradle-6.5\lib\gradle-launcher-6.5.jar
Launcher Type: SUN_STANDARD

Environment Variables:
JAVA_HOME=C:\Program Files\BellSoft\LibericaJDK-11\
PATH=C:\Program Files\BellSoft\LibericaJDK-11\bin\;C:\Program Files (x86)\Common Files\Oracle\Java\javapath;C:\Windows\system32;C:\Windows;C:\Windows\System32\Wbem;C:\Windows\System32\WindowsPowerShell\v1.0\;C:\Windows\System32\OpenSSH\;C:\Program Files (x86)\NVIDIA Corporation\PhysX\Common;C:\Program Files\dotnet\;C:\Program Files\Microsoft SQL Server\130\Tools\Binn\;C:\Program Files\Microsoft SQL Server\Client SDK\ODBC\170\Tools\Binn\;C:\Program Files\NVIDIA Corporation\NVIDIA NvDLISR;C:\WINDOWS\system32;C:\WINDOWS;C:\WINDOWS\System32\Wbem;C:\WINDOWS\System32\WindowsPowerShell\v1.0\;C:\WINDOWS\System32\OpenSSH\;C:\Program Files\Git\cmd;C:\Program Files\Git\mingw64\bin;C:\Program Files\Git\usr\bin;C:\Python39\Scripts\;C:\Python39\;C:\Users\Alex\AppData\Local\Microsoft\WindowsApps;;C:\Program Files\JetBrains\IntelliJ IDEA Community Edition 2020.3.1\bin;;C:\Users\Alex\.dotnet\tools
USERNAME=Alex
OS=Windows_NT
PROCESSOR_IDENTIFIER=Intel64 Family 6 Model 158 Stepping 10, GenuineIntel



---------------  S Y S T E M  ---------------

OS: Windows 10.0 , 64 bit Build 19041 (10.0.19041.804)

CPU:total 12 (initial active 12) (6 cores per cpu, 2 threads per core) family 6 model 158 stepping 10, cmov, cx8, fxsr, mmx, sse, sse2, sse3, ssse3, sse4.1, sse4.2, popcnt, avx, avx2, aes, clmul, erms, 3dnowpref, lzcnt, ht, tsc, tscinvbit, bmi1, bmi2, adx

Memory: 4k page, physical 16622900k(5484800k free), swap 19113268k(3737612k free)

vm_info: OpenJDK 64-Bit Server VM (25.242-b01) for windows-amd64 JRE (1.8.0_242-release-1644-b01), built by "builder" with MS VC++ 10.0 (VS2010)

time: Wed Apr 07 22:06:41 2021
timezone: RTZ 2 (зима)
elapsed time: 3 seconds (0d 0h 0m 3s)

