#
# A fatal error has been detected by the Java Runtime Environment:
#
#  EXCEPTION_ACCESS_VIOLATION (0xc0000005) at pc=0x0000000052bb6384, pid=8456, tid=0x000000000000517c
#
# JRE version: OpenJDK Runtime Environment (8.0_242-b01) (build 1.8.0_242-release-1644-b01)
# Java VM: OpenJDK 64-Bit Server VM (25.242-b01 mixed mode windows-amd64 compressed oops)
# Problematic frame:
# V  [jvm.dll+0x116384]
#
# Failed to write core dump. Minidumps are not enabled by default on client versions of Windows
#
# If you would like to submit a bug report, please visit:
#   
#

---------------  T H R E A D  ---------------

Current thread (0x000000001936b800):  JavaThread "C2 CompilerThread1" daemon [_thread_in_native, id=20860, stack(0x000000001aae0000,0x000000001abe0000)]

siginfo: ExceptionCode=0xc0000005, reading address 0x000001002125d1a2

Registers:
RAX=0x000000002003b880, RBX=0x000000000000030e, RCX=0x000001002125d1a0, RDX=0x000000001cb03140
RSP=0x000000001abdf7d0, RBP=0x000000001abdf980, RSI=0x00000000205391e0, RDI=0x0000000000001870
R8 =0x0000000053061b83, R9 =0x000000007ffee000, R10=0x00000000546c6148, R11=0x000000eb92480a4a
R12=0x00000000205b1f60, R13=0x0000000000000000, R14=0x0000000000000000, R15=0x0000000000000004
RIP=0x0000000052bb6384, EFLAGS=0x0000000000010202

Top of Stack: (sp=0x000000001abdf7d0)
0x000000001abdf7d0:   0000000000004800 0000000052d0c338
0x000000001abdf7e0:   000000001abdfa70 000000001abdf960
0x000000001abdf7f0:   000000001936b800 0000000052abdfe1
0x000000001abdf800:   00000aa89269ba29 0000000052cc18ed
0x000000001abdf810:   0000040b23aace1d 0000000000004800
0x000000001abdf820:   000000001936b800 0000000052aaa6d5
0x000000001abdf830:   000000001936b800 00000000029212d0
0x000000001abdf840:   0000000052d0c300 0000000004c70f60
0x000000001abdf850:   0000000000004800 0000000052b22554
0x000000001abdf860:   00000000029212d0 000000001936b800
0x000000001abdf870:   000000001abdf960 000000001936b800
0x000000001abdf880:   0000000000000000 0000000000000000
0x000000001abdf890:   0000000019367200 00007ff9a98e065d
0x000000001abdf8a0:   0000000019367200 0000000000e7c510
0x000000001abdf8b0:   000000002306f4a0 000000001936b800
0x000000001abdf8c0:   0000000019369200 0000000052d0ed00 

Instructions: (pc=0x0000000052bb6384)
0x0000000052bb6364:   0f b7 41 02 48 83 c1 02 66 85 c0 78 05 e8 da 80
0x0000000052bb6374:   0c 00 48 83 c4 28 c3 cc cc cc cc cc 48 83 ec 28
0x0000000052bb6384:   0f b7 41 02 48 83 c1 02 66 85 c0 78 05 e8 ca 80
0x0000000052bb6394:   0c 00 48 83 c4 28 c3 cc cc cc cc cc 48 89 5c 24 


Register to memory mapping:

RAX=0x000000002003b880 is an unknown value
RBX=0x000000000000030e is an unknown value
RCX=0x000001002125d1a0 is an unknown value
RDX=0x000000001cb03140 is an unknown value
RSP=0x000000001abdf7d0 is pointing into the stack for thread: 0x000000001936b800
RBP=0x000000001abdf980 is pointing into the stack for thread: 0x000000001936b800
RSI=0x00000000205391e0 is an unknown value
RDI=0x0000000000001870 is an unknown value
R8 =0x0000000053061b83 is an unknown value
R9 =0x000000007ffee000 is an unknown value
R10=0x00000000546c6148 is an unknown value
R11=0x000000eb92480a4a is an unknown value
R12=0x00000000205b1f60 is an unknown value
R13=0x0000000000000000 is an unknown value
R14=0x0000000000000000 is an unknown value
R15=0x0000000000000004 is an unknown value


Stack: [0x000000001aae0000,0x000000001abe0000],  sp=0x000000001abdf7d0,  free space=1021k
Native frames: (J=compiled Java code, j=interpreted, Vv=VM code, C=native code)
V  [jvm.dll+0x116384]
V  [jvm.dll+0x1dfe1]
V  [jvm.dll+0xa6d5]
V  [jvm.dll+0x82554]
V  [jvm.dll+0x82c7f]
V  [jvm.dll+0x220b7f]
V  [jvm.dll+0x27276a]
C  [msvcr100.dll+0x21d9f]
C  [msvcr100.dll+0x21e3b]
C  [KERNEL32.DLL+0x17034]
C  [ntdll.dll+0x4d241]


Current CompileTask:
C2:  71638 13349   !   4       org.gradle.internal.snapshot.impl.DirectorySnapshotter$PathVisitor::snapshotFile (114 bytes)


---------------  P R O C E S S  ---------------

Java Threads: ( => current thread )
  0x000000001f874000 JavaThread "ForkJoinPool.commonPool-worker-11" daemon [_thread_blocked, id=14816, stack(0x00000000306f0000,0x00000000307f0000)]
  0x000000001f873800 JavaThread "ForkJoinPool.commonPool-worker-2" daemon [_thread_blocked, id=11740, stack(0x00000000305f0000,0x00000000306f0000)]
  0x000000001f86f800 JavaThread "ForkJoinPool.commonPool-worker-9" daemon [_thread_blocked, id=2356, stack(0x000000002ffa0000,0x00000000300a0000)]
  0x000000001f871000 JavaThread "ForkJoinPool.commonPool-worker-0" daemon [_thread_blocked, id=9616, stack(0x000000002fea0000,0x000000002ffa0000)]
  0x000000001f870800 JavaThread "WorkerExecutor Queue Thread 3" [_thread_blocked, id=18008, stack(0x000000002fda0000,0x000000002fea0000)]
  0x000000001f872800 JavaThread "WorkerExecutor Queue Thread 2" [_thread_blocked, id=1304, stack(0x000000002f3d0000,0x000000002f4d0000)]
  0x000000001f86f000 JavaThread "stdout" [_thread_in_native, id=19516, stack(0x000000002f2d0000,0x000000002f3d0000)]
  0x000000001f86a000 JavaThread "stderr" [_thread_in_native, id=4716, stack(0x000000002f1d0000,0x000000002f2d0000)]
  0x000000001f867000 JavaThread "pool-8-thread-1" [_thread_blocked, id=14396, stack(0x000000002f0d0000,0x000000002f1d0000)]
  0x000000001f86b800 JavaThread "WorkerExecutor Queue" [_thread_blocked, id=19584, stack(0x000000002bb20000,0x000000002bc20000)]
  0x000000001f869800 JavaThread "Cache worker for execution history cache (D:\AndroidProjects\KursachGameShop2\.gradle\6.5\executionHistory)" [_thread_blocked, id=19380, stack(0x000000002efd0000,0x000000002f0d0000)]
  0x000000001f86e000 JavaThread "Execution worker for ':' Thread 11" [_thread_blocked, id=19352, stack(0x000000002ea00000,0x000000002eb00000)]
  0x000000001f86b000 JavaThread "Execution worker for ':' Thread 10" [_thread_blocked, id=2708, stack(0x000000002e900000,0x000000002ea00000)]
  0x000000001f866800 JavaThread "Execution worker for ':' Thread 9" [_thread_blocked, id=20984, stack(0x000000002e800000,0x000000002e900000)]
  0x000000001f868800 JavaThread "Execution worker for ':' Thread 8" [_thread_blocked, id=1476, stack(0x000000002e700000,0x000000002e800000)]
  0x000000001f86c800 JavaThread "Execution worker for ':' Thread 7" [_thread_blocked, id=21236, stack(0x000000002e600000,0x000000002e700000)]
  0x000000001f868000 JavaThread "Execution worker for ':' Thread 6" [_thread_blocked, id=9988, stack(0x000000002e500000,0x000000002e600000)]
  0x000000001f865800 JavaThread "Execution worker for ':' Thread 5" [_thread_blocked, id=15120, stack(0x000000002e400000,0x000000002e500000)]
  0x0000000023c94800 JavaThread "Execution worker for ':' Thread 4" [_thread_blocked, id=14112, stack(0x000000002e300000,0x000000002e400000)]
  0x0000000023c93000 JavaThread "Execution worker for ':' Thread 3" [_thread_blocked, id=19004, stack(0x000000002e200000,0x000000002e300000)]
  0x0000000023c92800 JavaThread "Execution worker for ':' Thread 2" [_thread_blocked, id=13836, stack(0x000000002e100000,0x000000002e200000)]
  0x0000000023c91800 JavaThread "Execution worker for ':'" [_thread_in_Java, id=2520, stack(0x000000002de00000,0x000000002df00000)]
  0x0000000023c94000 JavaThread "Cache worker for file content cache (D:\AndroidProjects\KursachGameShop2\.gradle\6.5\fileContent)" [_thread_blocked, id=14272, stack(0x000000002ba20000,0x000000002bb20000)]
  0x0000000023c91000 JavaThread "pool-7-thread-1" [_thread_blocked, id=14908, stack(0x000000002b1e0000,0x000000002b2e0000)]
  0x0000000023c90000 JavaThread "Cache worker for Build Output Cleanup Cache (D:\AndroidProjects\KursachGameShop2\.gradle\buildOutputCleanup)" [_thread_blocked, id=1028, stack(0x00000000255e0000,0x00000000256e0000)]
  0x0000000023c8f800 JavaThread "Build operations Thread 12" [_thread_blocked, id=20272, stack(0x00000000254e0000,0x00000000255e0000)]
  0x0000000023c88800 JavaThread "Build operations Thread 11" [_thread_blocked, id=14776, stack(0x00000000253e0000,0x00000000254e0000)]
  0x0000000023c88000 JavaThread "Build operations Thread 10" [_thread_blocked, id=19080, stack(0x00000000252e0000,0x00000000253e0000)]
  0x0000000023c8e800 JavaThread "Build operations Thread 9" [_thread_blocked, id=11948, stack(0x00000000251e0000,0x00000000252e0000)]
  0x0000000023c8c800 JavaThread "Build operations Thread 8" [_thread_blocked, id=19952, stack(0x00000000250e0000,0x00000000251e0000)]
  0x0000000023c87000 JavaThread "Build operations Thread 7" [_thread_blocked, id=17448, stack(0x0000000024ee0000,0x0000000024fe0000)]
  0x0000000023c8e000 JavaThread "Build operations Thread 6" [_thread_blocked, id=20604, stack(0x0000000024de0000,0x0000000024ee0000)]
  0x0000000023c8b800 JavaThread "Build operations Thread 5" [_thread_blocked, id=5944, stack(0x0000000024ce0000,0x0000000024de0000)]
  0x0000000023c8d000 JavaThread "Build operations Thread 4" [_thread_blocked, id=12280, stack(0x0000000024be0000,0x0000000024ce0000)]
  0x0000000023c8a000 JavaThread "Build operations Thread 3" [_thread_blocked, id=12556, stack(0x0000000024ae0000,0x0000000024be0000)]
  0x0000000023c8b000 JavaThread "Build operations Thread 2" [_thread_blocked, id=19384, stack(0x00000000249e0000,0x0000000024ae0000)]
  0x000000001d47b800 JavaThread "Build operations" [_thread_blocked, id=4572, stack(0x0000000022d00000,0x0000000022e00000)]
  0x000000001d479800 JavaThread "Cache worker for cache directory md-rule (C:\Users\Alex\.gradle\caches\6.5\md-rule)" [_thread_blocked, id=7864, stack(0x0000000022900000,0x0000000022a00000)]
  0x000000001d46f800 JavaThread "Cache worker for cache directory md-supplier (C:\Users\Alex\.gradle\caches\6.5\md-supplier)" [_thread_blocked, id=11088, stack(0x00000000215b0000,0x00000000216b0000)]
  0x000000001d476800 JavaThread "Cache worker for checksums cache (D:\AndroidProjects\KursachGameShop2\.gradle\checksums)" [_thread_blocked, id=6584, stack(0x00000000212b0000,0x00000000213b0000)]
  0x000000001d475800 JavaThread "Cache worker for file hash cache (D:\AndroidProjects\KursachGameShop2\.gradle\6.5\fileHashes)" [_thread_blocked, id=12512, stack(0x000000001e910000,0x000000001ea10000)]
  0x000000001d46e000 JavaThread "Thread-192" [_thread_blocked, id=14416, stack(0x000000001e710000,0x000000001e810000)]
  0x000000001d473800 JavaThread "Stdin handler" [_thread_blocked, id=20532, stack(0x000000001e410000,0x000000001e510000)]
  0x000000001d46f000 JavaThread "Asynchronous log dispatcher for DefaultDaemonConnection: socket connection from /127.0.0.1:52624 to /127.0.0.1:52720" [_thread_blocked, id=15068, stack(0x0000000000ce0000,0x0000000000de0000)]
  0x000000001d475000 JavaThread "Cancel handler" [_thread_blocked, id=12324, stack(0x0000000000be0000,0x0000000000ce0000)]
  0x000000001d471000 JavaThread "Handler for socket connection from /127.0.0.1:52624 to /127.0.0.1:52720" [_thread_in_native, id=540, stack(0x0000000000ae0000,0x0000000000be0000)]
  0x000000001d478800 JavaThread "ForkJoinPool.commonPool-worker-7" daemon [_thread_blocked, id=7968, stack(0x00000000304f0000,0x00000000305f0000)]
  0x000000001d478000 JavaThread "ForkJoinPool.commonPool-worker-14" daemon [_thread_blocked, id=9392, stack(0x00000000303f0000,0x00000000304f0000)]
  0x000000001d470800 JavaThread "ForkJoinPool.commonPool-worker-5" daemon [_thread_blocked, id=3904, stack(0x00000000302f0000,0x00000000303f0000)]
  0x000000001d472000 JavaThread "ForkJoinPool.commonPool-worker-12" daemon [_thread_blocked, id=7876, stack(0x00000000301f0000,0x00000000302f0000)]
  0x000000001d477000 JavaThread "ForkJoinPool.commonPool-worker-3" daemon [_thread_blocked, id=13472, stack(0x00000000300f0000,0x00000000301f0000)]
  0x000000001f86d800 JavaThread "ForkJoinPool.commonPool-worker-10" daemon [_thread_blocked, id=1340, stack(0x0000000031fd0000,0x00000000320d0000)]
  0x000000001f865000 JavaThread "ForkJoinPool.commonPool-worker-1" daemon [_thread_blocked, id=14504, stack(0x0000000031ed0000,0x0000000031fd0000)]
  0x0000000020477000 JavaThread "MarlinRenderer Disposer" daemon [_thread_blocked, id=3720, stack(0x000000002faa0000,0x000000002fba0000)]
  0x000000002047e000 JavaThread "Java2D Disposer" daemon [_thread_blocked, id=3184, stack(0x000000002f8d0000,0x000000002f9d0000)]
  0x000000001d472800 JavaThread "Memory manager" [_thread_blocked, id=11168, stack(0x000000002b920000,0x000000002ba20000)]
  0x000000001d46c800 JavaThread "jar transforms Thread 92" [_thread_blocked, id=10588, stack(0x000000002b0e0000,0x000000002b1e0000)]
  0x000000002224b800 JavaThread "jar transforms Thread 91" [_thread_blocked, id=12412, stack(0x000000002afe0000,0x000000002b0e0000)]
  0x000000002224b000 JavaThread "jar transforms Thread 90" [_thread_blocked, id=8236, stack(0x000000002aee0000,0x000000002afe0000)]
  0x0000000022249800 JavaThread "jar transforms Thread 89" [_thread_blocked, id=10088, stack(0x000000002ade0000,0x000000002aee0000)]
  0x0000000022248800 JavaThread "jar transforms Thread 88" [_thread_blocked, id=16416, stack(0x000000002ace0000,0x000000002ade0000)]
  0x0000000022248000 JavaThread "jar transforms Thread 87" [_thread_blocked, id=10340, stack(0x000000002abe0000,0x000000002ace0000)]
  0x0000000022247000 JavaThread "jar transforms Thread 86" [_thread_blocked, id=9752, stack(0x000000002aae0000,0x000000002abe0000)]
  0x000000002224a000 JavaThread "jar transforms Thread 85" [_thread_blocked, id=5960, stack(0x000000002a9e0000,0x000000002aae0000)]
  0x0000000022246800 JavaThread "jar transforms Thread 84" [_thread_blocked, id=18160, stack(0x000000002a8e0000,0x000000002a9e0000)]
  0x000000002224c800 JavaThread "jar transforms Thread 83" [_thread_blocked, id=5280, stack(0x000000002a7e0000,0x000000002a8e0000)]
  0x000000002223f000 JavaThread "jar transforms Thread 82" [_thread_blocked, id=12932, stack(0x000000002a6e0000,0x000000002a7e0000)]
  0x0000000022245800 JavaThread "jar transforms Thread 81" [_thread_blocked, id=4324, stack(0x000000002a5e0000,0x000000002a6e0000)]
  0x000000002223e000 JavaThread "jar transforms Thread 80" [_thread_blocked, id=9160, stack(0x000000002a4e0000,0x000000002a5e0000)]
  0x0000000022245000 JavaThread "jar transforms Thread 79" [_thread_blocked, id=7156, stack(0x000000002a3e0000,0x000000002a4e0000)]
  0x000000002223d000 JavaThread "jar transforms Thread 78" [_thread_blocked, id=15916, stack(0x000000002a2e0000,0x000000002a3e0000)]
  0x0000000022241000 JavaThread "jar transforms Thread 77" [_thread_blocked, id=14624, stack(0x000000002a1e0000,0x000000002a2e0000)]
  0x000000002223f800 JavaThread "jar transforms Thread 76" [_thread_blocked, id=19368, stack(0x000000002a0e0000,0x000000002a1e0000)]
  0x0000000022244000 JavaThread "jar transforms Thread 75" [_thread_blocked, id=5132, stack(0x0000000029fe0000,0x000000002a0e0000)]
  0x0000000022240800 JavaThread "jar transforms Thread 74" [_thread_blocked, id=5428, stack(0x0000000029ee0000,0x0000000029fe0000)]
  0x0000000022243800 JavaThread "jar transforms Thread 73" [_thread_blocked, id=4472, stack(0x0000000029de0000,0x0000000029ee0000)]
  0x0000000022242800 JavaThread "jar transforms Thread 72" [_thread_blocked, id=18672, stack(0x0000000029ce0000,0x0000000029de0000)]
  0x0000000022242000 JavaThread "jar transforms Thread 71" [_thread_blocked, id=15304, stack(0x0000000029be0000,0x0000000029ce0000)]
  0x0000000023914000 JavaThread "jar transforms Thread 70" [_thread_blocked, id=17620, stack(0x0000000029ae0000,0x0000000029be0000)]
  0x0000000023915000 JavaThread "jar transforms Thread 69" [_thread_blocked, id=3460, stack(0x00000000299e0000,0x0000000029ae0000)]
  0x0000000023913800 JavaThread "jar transforms Thread 68" [_thread_blocked, id=8980, stack(0x00000000298e0000,0x00000000299e0000)]
  0x0000000023912800 JavaThread "jar transforms Thread 67" [_thread_blocked, id=10044, stack(0x00000000297e0000,0x00000000298e0000)]
  0x0000000023912000 JavaThread "jar transforms Thread 66" [_thread_blocked, id=4624, stack(0x00000000296e0000,0x00000000297e0000)]
  0x0000000023911000 JavaThread "jar transforms Thread 65" [_thread_blocked, id=15388, stack(0x00000000295e0000,0x00000000296e0000)]
  0x0000000023909800 JavaThread "jar transforms Thread 64" [_thread_blocked, id=10724, stack(0x00000000294e0000,0x00000000295e0000)]
  0x0000000023910800 JavaThread "jar transforms Thread 63" [_thread_blocked, id=19892, stack(0x00000000293e0000,0x00000000294e0000)]
  0x000000002390f000 JavaThread "jar transforms Thread 62" [_thread_blocked, id=16120, stack(0x00000000292e0000,0x00000000293e0000)]
  0x000000002390f800 JavaThread "jar transforms Thread 61" [_thread_blocked, id=19836, stack(0x00000000291e0000,0x00000000292e0000)]
  0x000000002390e000 JavaThread "jar transforms Thread 60" [_thread_blocked, id=10576, stack(0x00000000290e0000,0x00000000291e0000)]
  0x000000002390a800 JavaThread "jar transforms Thread 59" [_thread_blocked, id=21112, stack(0x0000000028fe0000,0x00000000290e0000)]
  0x000000002390b000 JavaThread "jar transforms Thread 58" [_thread_blocked, id=14468, stack(0x0000000028ee0000,0x0000000028fe0000)]
  0x0000000023909000 JavaThread "jar transforms Thread 57" [_thread_blocked, id=10640, stack(0x0000000028de0000,0x0000000028ee0000)]
  0x000000002390d800 JavaThread "jar transforms Thread 56" [_thread_blocked, id=5044, stack(0x0000000028ce0000,0x0000000028de0000)]
  0x000000002390c000 JavaThread "jar transforms Thread 55" [_thread_blocked, id=13232, stack(0x0000000028be0000,0x0000000028ce0000)]
  0x000000002390c800 JavaThread "jar transforms Thread 54" [_thread_blocked, id=18664, stack(0x0000000028ae0000,0x0000000028be0000)]
  0x0000000023906000 JavaThread "jar transforms Thread 53" [_thread_blocked, id=20204, stack(0x00000000289e0000,0x0000000028ae0000)]
  0x0000000023908000 JavaThread "jar transforms Thread 52" [_thread_blocked, id=19772, stack(0x00000000288e0000,0x00000000289e0000)]
  0x0000000023907800 JavaThread "jar transforms Thread 51" [_thread_blocked, id=11364, stack(0x00000000287e0000,0x00000000288e0000)]
  0x0000000023906800 JavaThread "jar transforms Thread 50" [_thread_blocked, id=9628, stack(0x00000000286e0000,0x00000000287e0000)]
  0x00000000205a5800 JavaThread "jar transforms Thread 49" [_thread_blocked, id=4188, stack(0x00000000285e0000,0x00000000286e0000)]
  0x00000000205a4800 JavaThread "jar transforms Thread 48" [_thread_blocked, id=10376, stack(0x00000000284e0000,0x00000000285e0000)]
  0x00000000205a4000 JavaThread "jar transforms Thread 47" [_thread_blocked, id=17320, stack(0x00000000283e0000,0x00000000284e0000)]
  0x00000000205a3000 JavaThread "jar transforms Thread 46" [_thread_blocked, id=12596, stack(0x00000000282e0000,0x00000000283e0000)]
  0x00000000205a1800 JavaThread "jar transforms Thread 45" [_thread_blocked, id=9172, stack(0x00000000281e0000,0x00000000282e0000)]
  0x00000000205a1000 JavaThread "jar transforms Thread 44" [_thread_blocked, id=8052, stack(0x00000000280e0000,0x00000000281e0000)]
  0x00000000205a2800 JavaThread "jar transforms Thread 43" [_thread_blocked, id=20284, stack(0x0000000027fe0000,0x00000000280e0000)]
  0x0000000020599800 JavaThread "jar transforms Thread 42" [_thread_blocked, id=20420, stack(0x0000000027ee0000,0x0000000027fe0000)]
  0x00000000205a0000 JavaThread "jar transforms Thread 41" [_thread_blocked, id=504, stack(0x0000000027de0000,0x0000000027ee0000)]
  0x000000002059f800 JavaThread "jar transforms Thread 40" [_thread_blocked, id=7852, stack(0x0000000027ce0000,0x0000000027de0000)]
  0x000000002059e800 JavaThread "jar transforms Thread 39" [_thread_blocked, id=10956, stack(0x0000000027be0000,0x0000000027ce0000)]
  0x0000000020597000 JavaThread "jar transforms Thread 38" [_thread_blocked, id=15828, stack(0x0000000027ae0000,0x0000000027be0000)]
  0x000000002059e000 JavaThread "jar transforms Thread 37" [_thread_blocked, id=4344, stack(0x00000000279e0000,0x0000000027ae0000)]
  0x0000000020596800 JavaThread "jar transforms Thread 36" [_thread_blocked, id=19104, stack(0x00000000278e0000,0x00000000279e0000)]
  0x000000002059d000 JavaThread "jar transforms Thread 35" [_thread_blocked, id=5520, stack(0x00000000277e0000,0x00000000278e0000)]
  0x000000002059b800 JavaThread "jar transforms Thread 34" [_thread_blocked, id=16324, stack(0x00000000276e0000,0x00000000277e0000)]
  0x000000002059c800 JavaThread "jar transforms Thread 33" [_thread_blocked, id=8800, stack(0x00000000275e0000,0x00000000276e0000)]
  0x000000002059a000 JavaThread "jar transforms Thread 32" [_thread_blocked, id=21056, stack(0x00000000274e0000,0x00000000275e0000)]
  0x0000000020598000 JavaThread "jar transforms Thread 31" [_thread_blocked, id=4064, stack(0x00000000273e0000,0x00000000274e0000)]
  0x000000002059b000 JavaThread "jar transforms Thread 30" [_thread_blocked, id=16464, stack(0x00000000272e0000,0x00000000273e0000)]
  0x0000000020598800 JavaThread "jar transforms Thread 29" [_thread_blocked, id=7292, stack(0x00000000271e0000,0x00000000272e0000)]
  0x000000002275c800 JavaThread "jar transforms Thread 28" [_thread_blocked, id=16960, stack(0x00000000270e0000,0x00000000271e0000)]
  0x000000002275b000 JavaThread "jar transforms Thread 27" [_thread_blocked, id=6252, stack(0x0000000026fe0000,0x00000000270e0000)]
  0x000000002275b800 JavaThread "jar transforms Thread 26" [_thread_blocked, id=14320, stack(0x0000000026ee0000,0x0000000026fe0000)]
  0x000000002275a000 JavaThread "jar transforms Thread 25" [_thread_blocked, id=10664, stack(0x0000000026de0000,0x0000000026ee0000)]
  0x0000000022759800 JavaThread "jar transforms Thread 24" [_thread_blocked, id=1468, stack(0x0000000026ce0000,0x0000000026de0000)]
  0x000000002275f800 JavaThread "jar transforms Thread 23" [_thread_blocked, id=12328, stack(0x0000000026be0000,0x0000000026ce0000)]
  0x000000002275e000 JavaThread "jar transforms Thread 22" [_thread_blocked, id=13412, stack(0x0000000026ae0000,0x0000000026be0000)]
  0x000000002275e800 JavaThread "jar transforms Thread 21" [_thread_blocked, id=6268, stack(0x00000000269e0000,0x0000000026ae0000)]
  0x000000002275d000 JavaThread "jar transforms Thread 20" [_thread_blocked, id=12016, stack(0x00000000268e0000,0x00000000269e0000)]
  0x0000000022752000 JavaThread "jar transforms Thread 19" [_thread_blocked, id=20004, stack(0x00000000267e0000,0x00000000268e0000)]
  0x0000000022758800 JavaThread "jar transforms Thread 18" [_thread_blocked, id=19272, stack(0x00000000266e0000,0x00000000267e0000)]
  0x0000000022758000 JavaThread "jar transforms Thread 17" [_thread_blocked, id=12852, stack(0x00000000265e0000,0x00000000266e0000)]
  0x0000000022757000 JavaThread "jar transforms Thread 16" [_thread_blocked, id=12880, stack(0x00000000264e0000,0x00000000265e0000)]
  0x0000000022753800 JavaThread "jar transforms Thread 15" [_thread_blocked, id=21452, stack(0x00000000263e0000,0x00000000264e0000)]
  0x0000000022752800 JavaThread "jar transforms Thread 14" [_thread_blocked, id=9664, stack(0x00000000262e0000,0x00000000263e0000)]
  0x0000000022755000 JavaThread "jar transforms Thread 13" [_thread_blocked, id=13228, stack(0x00000000261e0000,0x00000000262e0000)]
  0x0000000022751000 JavaThread "jar transforms Thread 12" [_thread_blocked, id=5300, stack(0x00000000260e0000,0x00000000261e0000)]
  0x0000000022750800 JavaThread "jar transforms Thread 11" [_thread_blocked, id=16136, stack(0x0000000025fe0000,0x00000000260e0000)]
  0x0000000022755800 JavaThread "jar transforms Thread 10" [_thread_blocked, id=14004, stack(0x0000000025ee0000,0x0000000025fe0000)]
  0x0000000022756800 JavaThread "jar transforms Thread 9" [_thread_blocked, id=18084, stack(0x0000000025de0000,0x0000000025ee0000)]
  0x0000000022754000 JavaThread "jar transforms Thread 8" [_thread_blocked, id=3472, stack(0x0000000025ce0000,0x0000000025de0000)]
  0x000000001f578000 JavaThread "jar transforms Thread 7" [_thread_blocked, id=16716, stack(0x0000000025be0000,0x0000000025ce0000)]
  0x000000001f576000 JavaThread "jar transforms Thread 6" [_thread_blocked, id=2360, stack(0x0000000025ae0000,0x0000000025be0000)]
  0x000000001f576800 JavaThread "jar transforms Thread 5" [_thread_blocked, id=9076, stack(0x00000000259e0000,0x0000000025ae0000)]
  0x000000001f575000 JavaThread "jar transforms Thread 4" [_thread_blocked, id=17848, stack(0x00000000258e0000,0x00000000259e0000)]
  0x000000001f579000 JavaThread "jar transforms Thread 3" [_thread_blocked, id=14660, stack(0x00000000257e0000,0x00000000258e0000)]
  0x000000001f577800 JavaThread "jar transforms Thread 2" [_thread_blocked, id=9904, stack(0x00000000256e0000,0x00000000257e0000)]
  0x000000001ccb1000 JavaThread "Cache worker for file content cache (C:\Users\Alex\.gradle\caches\6.5\fileContent)" [_thread_blocked, id=18032, stack(0x0000000023310000,0x0000000023410000)]
  0x000000001ccb0800 JavaThread "jar transforms" [_thread_blocked, id=18620, stack(0x0000000023210000,0x0000000023310000)]
  0x000000001ccaf800 JavaThread "Cache worker for execution history cache (C:\Users\Alex\.gradle\caches\6.5\executionHistory)" [_thread_blocked, id=21480, stack(0x0000000022a00000,0x0000000022b00000)]
  0x000000001ccb5000 JavaThread "Cache worker for file hash cache (C:\Users\Alex\.gradle\caches\6.5\fileHashes)" [_thread_blocked, id=5260, stack(0x000000001f010000,0x000000001f110000)]
  0x000000001ccb2800 JavaThread "File lock request listener" [_thread_in_native, id=9684, stack(0x000000001ef10000,0x000000001f010000)]
  0x000000001ccbf800 JavaThread "Cache worker for journal cache (C:\Users\Alex\.gradle\caches\journal-1)" [_thread_blocked, id=9744, stack(0x000000001ee10000,0x000000001ef10000)]
  0x000000001cc17000 JavaThread "Daemon worker" [_thread_blocked, id=19972, stack(0x000000001e810000,0x000000001e910000)]
  0x000000001cbb8000 JavaThread "Daemon" [_thread_blocked, id=13660, stack(0x000000001e310000,0x000000001e410000)]
  0x000000001cba7000 JavaThread "Daemon periodic checks" [_thread_blocked, id=17080, stack(0x000000001e210000,0x000000001e310000)]
  0x000000001cb30800 JavaThread "Incoming local TCP Connector on port 52624" [_thread_in_native, id=16108, stack(0x000000001dfc0000,0x000000001e0c0000)]
  0x000000001ca6f000 JavaThread "Daemon health stats" [_thread_blocked, id=17204, stack(0x000000001d980000,0x000000001da80000)]
  0x00000000193ee000 JavaThread "Service Thread" daemon [_thread_blocked, id=9116, stack(0x000000001ade0000,0x000000001aee0000)]
  0x0000000019375800 JavaThread "C1 CompilerThread3" daemon [_thread_blocked, id=11600, stack(0x000000001ace0000,0x000000001ade0000)]
  0x0000000019373800 JavaThread "C2 CompilerThread2" daemon [_thread_in_native, id=7172, stack(0x000000001abe0000,0x000000001ace0000)]
=>0x000000001936b800 JavaThread "C2 CompilerThread1" daemon [_thread_in_native, id=20860, stack(0x000000001aae0000,0x000000001abe0000)]
  0x0000000019364800 JavaThread "C2 CompilerThread0" daemon [_thread_in_native, id=11808, stack(0x000000001a9e0000,0x000000001aae0000)]
  0x0000000019360800 JavaThread "Attach Listener" daemon [_thread_blocked, id=7092, stack(0x000000001a8e0000,0x000000001a9e0000)]
  0x0000000017c9e800 JavaThread "Signal Dispatcher" daemon [_thread_blocked, id=19164, stack(0x000000001a7e0000,0x000000001a8e0000)]
  0x0000000017c92000 JavaThread "Finalizer" daemon [_thread_blocked, id=19388, stack(0x000000001a5d0000,0x000000001a6d0000)]
  0x0000000019353000 JavaThread "Reference Handler" daemon [_thread_blocked, id=4820, stack(0x000000001a4d0000,0x000000001a5d0000)]
  0x0000000000e7d800 JavaThread "main" [_thread_blocked, id=21020, stack(0x0000000002730000,0x0000000002830000)]

Other Threads:
  0x0000000019332800 VMThread [stack: 0x000000001a3d0000,0x000000001a4d0000] [id=12664]
  0x00000000193f6800 WatcherThread [stack: 0x000000001aee0000,0x000000001afe0000] [id=21428]

VM state:not at safepoint (normal execution)

VM Mutex/Monitor currently owned by a thread: None

heap address: 0x0000000080000000, size: 2048 MB, Compressed Oops mode: 32-bit
Narrow klass base: 0x0000000000000000, Narrow klass shift: 3
Compressed class space size: 1073741824 Address: 0x0000000100000000

Heap:
 PSYoungGen      total 427008K, used 235235K [0x00000000d5580000, 0x00000000f5380000, 0x0000000100000000)
  eden space 385024K, 59% used [0x00000000d5580000,0x00000000e3507c30,0x00000000ecd80000)
  from space 41984K, 15% used [0x00000000ecd80000,0x00000000ed3b1308,0x00000000ef680000)
  to   space 41984K, 0% used [0x00000000f2a80000,0x00000000f2a80000,0x00000000f5380000)
 ParOldGen       total 209408K, used 93283K [0x0000000080000000, 0x000000008cc80000, 0x00000000d5580000)
  object space 209408K, 44% used [0x0000000080000000,0x0000000085b18ed8,0x000000008cc80000)
 Metaspace       used 78645K, capacity 82776K, committed 82968K, reserved 1122304K
  class space    used 10299K, capacity 11039K, committed 11056K, reserved 1048576K

Card table byte_map: [0x0000000011de0000,0x00000000121f0000] byte_map_base: 0x00000000119e0000

Marking Bits: (ParMarkBitMap*) 0x000000005326f030
 Begin Bits: [0x0000000012ea0000, 0x0000000014ea0000)
 End Bits:   [0x0000000014ea0000, 0x0000000016ea0000)

Polling page: 0x0000000002830000

CodeCache: size=245760Kb used=34950Kb max_used=34964Kb free=210809Kb
 bounds [0x0000000002a20000, 0x0000000004c80000, 0x0000000011a20000]
 total_blobs=11924 nmethods=10987 adapters=849
 compilation: enabled

Compilation events (10 events):
Event: 71.609 Thread 0x0000000019375800 nmethod 13407 0x0000000004c57850 code [0x0000000004c579c0, 0x0000000004c57b90]
Event: 71.616 Thread 0x0000000019375800 13408       3       sun.reflect.UnsafeQualifiedObjectFieldAccessorImpl::get (17 bytes)
Event: 71.616 Thread 0x0000000019373800 nmethod 13355 0x0000000004c67290 code [0x0000000004c675c0, 0x0000000004c69310]
Event: 71.616 Thread 0x0000000019375800 nmethod 13408 0x0000000004c5f750 code [0x0000000004c5f920, 0x0000000004c60378]
Event: 71.617 Thread 0x0000000019373800 13322       4       com.android.ide.common.symbols.SymbolUtils::canonicalizeValueResourceName (27 bytes)
Event: 71.623 Thread 0x0000000019373800 nmethod 13322 0x0000000004c56b10 code [0x0000000004c56c80, 0x0000000004c57318]
Event: 71.623 Thread 0x0000000019373800 13409       4       java.util.stream.FindOps$$Lambda$113/1311988829::get (8 bytes)
Event: 71.623 Thread 0x000000001936b800 nmethod 13349 0x0000000004c6efd0 code [0x0000000004c6f300, 0x0000000004c70f60]
Event: 71.623 Thread 0x0000000019373800 nmethod 13409 0x0000000004c6c050 code [0x0000000004c6c1a0, 0x0000000004c6c278]
Event: 71.623 Thread 0x0000000019373800 13387       4       java.util.stream.FindOps$FindOp::evaluateSequential (39 bytes)

GC Heap History (10 events):
Event: 4.996 GC heap before
{Heap before GC invocations=10 (full 2):
 PSYoungGen      total 234496K, used 146090K [0x00000000d5580000, 0x00000000ebf80000, 0x0000000100000000)
  eden space 219136K, 59% used [0x00000000d5580000,0x00000000dd52f2d0,0x00000000e2b80000)
  from space 15360K, 99% used [0x00000000e2b80000,0x00000000e3a7b898,0x00000000e3a80000)
  to   space 18432K, 0% used [0x00000000ead80000,0x00000000ead80000,0x00000000ebf80000)
 ParOldGen       total 139776K, used 16619K [0x0000000080000000, 0x0000000088880000, 0x00000000d5580000)
  object space 139776K, 11% used [0x0000000080000000,0x000000008103ad08,0x0000000088880000)
 Metaspace       used 56783K, capacity 59132K, committed 59160K, reserved 1099776K
  class space    used 7779K, capacity 8233K, committed 8240K, reserved 1048576K
Event: 5.011 GC heap after
Heap after GC invocations=10 (full 2):
 PSYoungGen      total 347136K, used 18417K [0x00000000d5580000, 0x00000000ec500000, 0x0000000100000000)
  eden space 328704K, 0% used [0x00000000d5580000,0x00000000d5580000,0x00000000e9680000)
  from space 18432K, 99% used [0x00000000ead80000,0x00000000ebf7c720,0x00000000ebf80000)
  to   space 23552K, 0% used [0x00000000e9680000,0x00000000e9680000,0x00000000ead80000)
 ParOldGen       total 139776K, used 22772K [0x0000000080000000, 0x0000000088880000, 0x00000000d5580000)
  object space 139776K, 16% used [0x0000000080000000,0x000000008163d300,0x0000000088880000)
 Metaspace       used 56783K, capacity 59132K, committed 59160K, reserved 1099776K
  class space    used 7779K, capacity 8233K, committed 8240K, reserved 1048576K
}
Event: 5.011 GC heap before
{Heap before GC invocations=11 (full 3):
 PSYoungGen      total 347136K, used 18417K [0x00000000d5580000, 0x00000000ec500000, 0x0000000100000000)
  eden space 328704K, 0% used [0x00000000d5580000,0x00000000d5580000,0x00000000e9680000)
  from space 18432K, 99% used [0x00000000ead80000,0x00000000ebf7c720,0x00000000ebf80000)
  to   space 23552K, 0% used [0x00000000e9680000,0x00000000e9680000,0x00000000ead80000)
 ParOldGen       total 139776K, used 22772K [0x0000000080000000, 0x0000000088880000, 0x00000000d5580000)
  object space 139776K, 16% used [0x0000000080000000,0x000000008163d300,0x0000000088880000)
 Metaspace       used 56783K, capacity 59132K, committed 59160K, reserved 1099776K
  class space    used 7779K, capacity 8233K, committed 8240K, reserved 1048576K
Event: 5.159 GC heap after
Heap after GC invocations=11 (full 3):
 PSYoungGen      total 347136K, used 0K [0x00000000d5580000, 0x00000000ec500000, 0x0000000100000000)
  eden space 328704K, 0% used [0x00000000d5580000,0x00000000d5580000,0x00000000e9680000)
  from space 18432K, 0% used [0x00000000ead80000,0x00000000ead80000,0x00000000ebf80000)
  to   space 23552K, 0% used [0x00000000e9680000,0x00000000e9680000,0x00000000ead80000)
 ParOldGen       total 209408K, used 36169K [0x0000000080000000, 0x000000008cc80000, 0x00000000d5580000)
  object space 209408K, 17% used [0x0000000080000000,0x0000000082352730,0x000000008cc80000)
 Metaspace       used 56721K, capacity 58922K, committed 59160K, reserved 1099776K
  class space    used 7760K, capacity 8198K, committed 8240K, reserved 1048576K
}
Event: 8.720 GC heap before
{Heap before GC invocations=12 (full 3):
 PSYoungGen      total 347136K, used 328704K [0x00000000d5580000, 0x00000000ec500000, 0x0000000100000000)
  eden space 328704K, 100% used [0x00000000d5580000,0x00000000e9680000,0x00000000e9680000)
  from space 18432K, 0% used [0x00000000ead80000,0x00000000ead80000,0x00000000ebf80000)
  to   space 23552K, 0% used [0x00000000e9680000,0x00000000e9680000,0x00000000ead80000)
 ParOldGen       total 209408K, used 36169K [0x0000000080000000, 0x000000008cc80000, 0x00000000d5580000)
  object space 209408K, 17% used [0x0000000080000000,0x0000000082352730,0x000000008cc80000)
 Metaspace       used 68021K, capacity 71672K, committed 71960K, reserved 1112064K
  class space    used 9310K, capacity 9959K, committed 10032K, reserved 1048576K
Event: 8.740 GC heap after
Heap after GC invocations=12 (full 3):
 PSYoungGen      total 352256K, used 23551K [0x00000000d5580000, 0x00000000f1880000, 0x0000000100000000)
  eden space 328704K, 0% used [0x00000000d5580000,0x00000000d5580000,0x00000000e9680000)
  from space 23552K, 99% used [0x00000000e9680000,0x00000000ead7ff58,0x00000000ead80000)
  to   space 34304K, 0% used [0x00000000ef700000,0x00000000ef700000,0x00000000f1880000)
 ParOldGen       total 209408K, used 54827K [0x0000000080000000, 0x000000008cc80000, 0x00000000d5580000)
  object space 209408K, 26% used [0x0000000080000000,0x000000008358af98,0x000000008cc80000)
 Metaspace       used 68021K, capacity 71672K, committed 71960K, reserved 1112064K
  class space    used 9310K, capacity 9959K, committed 10032K, reserved 1048576K
}
Event: 12.495 GC heap before
{Heap before GC invocations=13 (full 3):
 PSYoungGen      total 352256K, used 352255K [0x00000000d5580000, 0x00000000f1880000, 0x0000000100000000)
  eden space 328704K, 100% used [0x00000000d5580000,0x00000000e9680000,0x00000000e9680000)
  from space 23552K, 99% used [0x00000000e9680000,0x00000000ead7ff58,0x00000000ead80000)
  to   space 34304K, 0% used [0x00000000ef700000,0x00000000ef700000,0x00000000f1880000)
 ParOldGen       total 209408K, used 54827K [0x0000000080000000, 0x000000008cc80000, 0x00000000d5580000)
  object space 209408K, 26% used [0x0000000080000000,0x000000008358af98,0x000000008cc80000)
 Metaspace       used 75376K, capacity 79358K, committed 79512K, reserved 1118208K
  class space    used 10129K, capacity 10854K, committed 10928K, reserved 1048576K
Event: 12.513 GC heap after
Heap after GC invocations=13 (full 3):
 PSYoungGen      total 419328K, used 34295K [0x00000000d5580000, 0x00000000f1f80000, 0x0000000100000000)
  eden space 385024K, 0% used [0x00000000d5580000,0x00000000d5580000,0x00000000ecd80000)
  from space 34304K, 99% used [0x00000000ef700000,0x00000000f187dff8,0x00000000f1880000)
  to   space 41984K, 0% used [0x00000000ecd80000,0x00000000ecd80000,0x00000000ef680000)
 ParOldGen       total 209408K, used 61644K [0x0000000080000000, 0x000000008cc80000, 0x00000000d5580000)
  object space 209408K, 29% used [0x0000000080000000,0x0000000083c33078,0x000000008cc80000)
 Metaspace       used 75376K, capacity 79358K, committed 79512K, reserved 1118208K
  class space    used 10129K, capacity 10854K, committed 10928K, reserved 1048576K
}
Event: 70.327 GC heap before
{Heap before GC invocations=14 (full 3):
 PSYoungGen      total 419328K, used 419319K [0x00000000d5580000, 0x00000000f1f80000, 0x0000000100000000)
  eden space 385024K, 100% used [0x00000000d5580000,0x00000000ecd80000,0x00000000ecd80000)
  from space 34304K, 99% used [0x00000000ef700000,0x00000000f187dff8,0x00000000f1880000)
  to   space 41984K, 0% used [0x00000000ecd80000,0x00000000ecd80000,0x00000000ef680000)
 ParOldGen       total 209408K, used 61644K [0x0000000080000000, 0x000000008cc80000, 0x00000000d5580000)
  object space 209408K, 29% used [0x0000000080000000,0x0000000083c33078,0x000000008cc80000)
 Metaspace       used 78430K, capacity 82580K, committed 82712K, reserved 1120256K
  class space    used 10288K, capacity 11021K, committed 11056K, reserved 1048576K
Event: 70.343 GC heap after
Heap after GC invocations=14 (full 3):
 PSYoungGen      total 427008K, used 6340K [0x00000000d5580000, 0x00000000f5380000, 0x0000000100000000)
  eden space 385024K, 0% used [0x00000000d5580000,0x00000000d5580000,0x00000000ecd80000)
  from space 41984K, 15% used [0x00000000ecd80000,0x00000000ed3b1308,0x00000000ef680000)
  to   space 41984K, 0% used [0x00000000f2a80000,0x00000000f2a80000,0x00000000f5380000)
 ParOldGen       total 209408K, used 93283K [0x0000000080000000, 0x000000008cc80000, 0x00000000d5580000)
  object space 209408K, 44% used [0x0000000080000000,0x0000000085b18ed8,0x000000008cc80000)
 Metaspace       used 78430K, capacity 82580K, committed 82712K, reserved 1120256K
  class space    used 10288K, capacity 11021K, committed 11056K, reserved 1048576K
}

Deoptimization events (10 events):
Event: 70.513 Thread 0x0000000023c91800 Uncommon trap: reason=class_check action=maybe_recompile pc=0x000000000493dcc0 method=com.android.ide.common.resources.NodeUtils.duplicateNode(Lorg/w3c/dom/Document;Lorg/w3c/dom/Node;)Lorg/w3c/dom/Node; @ 91
Event: 70.513 Thread 0x0000000023c91800 Uncommon trap: reason=speculate_class_check action=maybe_recompile pc=0x00000000045c1000 method=com.sun.org.apache.xerces.internal.dom.ElementNSImpl.getNamespaceURI()Ljava/lang/String; @ 8
Event: 70.513 Thread 0x0000000023c91800 Uncommon trap: reason=speculate_class_check action=maybe_recompile pc=0x00000000045c1000 method=com.sun.org.apache.xerces.internal.dom.ElementNSImpl.getNamespaceURI()Ljava/lang/String; @ 8
Event: 70.513 Thread 0x0000000023c91800 Uncommon trap: reason=speculate_class_check action=maybe_recompile pc=0x00000000045c1000 method=com.sun.org.apache.xerces.internal.dom.ElementNSImpl.getNamespaceURI()Ljava/lang/String; @ 8
Event: 70.513 Thread 0x0000000023c91800 Uncommon trap: reason=speculate_class_check action=maybe_recompile pc=0x00000000045c1000 method=com.sun.org.apache.xerces.internal.dom.ElementNSImpl.getNamespaceURI()Ljava/lang/String; @ 8
Event: 70.667 Thread 0x0000000023c8c800 Uncommon trap: reason=unstable_if action=reinterpret pc=0x000000000460bae8 method=java.util.concurrent.locks.LockSupport.unpark(Ljava/lang/Thread;)V @ 1
Event: 71.512 Thread 0x000000001f86b800 Uncommon trap: reason=array_check action=maybe_recompile pc=0x00000000037c51ec method=java.util.TimSort.binarySort([Ljava/lang/Object;IIILjava/util/Comparator;)V @ 215
Event: 71.538 Thread 0x0000000023c91800 Uncommon trap: reason=unstable_if action=reinterpret pc=0x0000000004219374 method=java.nio.file.FileTreeWalker.getAttributes(Ljava/nio/file/Path;Z)Ljava/nio/file/attribute/BasicFileAttributes; @ 35
Event: 71.574 Thread 0x0000000023c91800 Uncommon trap: reason=class_check action=maybe_recompile pc=0x0000000003e16c58 method=org.gradle.internal.fingerprint.classpath.impl.ClasspathFingerprintingStrategy$ClasspathContentFingerprintingVisitor.visitFile(Lorg/gradle/internal/snapshot/CompleteFile
Event: 71.584 Thread 0x000000001f872800 Uncommon trap: reason=bimorphic action=maybe_recompile pc=0x0000000004058330 method=com.google.common.collect.TransformedIterator.next()Ljava/lang/Object; @ 5

Classes redefined (0 events):
No events

Internal exceptions (10 events):
Event: 71.492 Thread 0x000000001f86b800 Exception <a 'sun/nio/fs/WindowsException'> (0x00000000e0c2b4f8) thrown at [C:\src\AOSP-openjdk-git\hotspot\src\share\vm\prims\jni.cpp, line 710]
Event: 71.492 Thread 0x000000001f86b800 Exception <a 'sun/nio/fs/WindowsException'> (0x00000000e0c2b9a0) thrown at [C:\src\AOSP-openjdk-git\hotspot\src\share\vm\prims\jni.cpp, line 710]
Event: 71.549 Thread 0x0000000023c91800 Exception <a 'sun/nio/fs/WindowsException'> (0x00000000e29b06d8) thrown at [C:\src\AOSP-openjdk-git\hotspot\src\share\vm\prims\jni.cpp, line 710]
Event: 71.549 Thread 0x0000000023c91800 Exception <a 'sun/nio/fs/WindowsException'> (0x00000000e29b13b8) thrown at [C:\src\AOSP-openjdk-git\hotspot\src\share\vm\prims\jni.cpp, line 710]
Event: 71.550 Thread 0x0000000023c91800 Exception <a 'sun/nio/fs/WindowsException'> (0x00000000e29b8740) thrown at [C:\src\AOSP-openjdk-git\hotspot\src\share\vm\prims\jni.cpp, line 710]
Event: 71.550 Thread 0x0000000023c91800 Exception <a 'sun/nio/fs/WindowsException'> (0x00000000e29b9460) thrown at [C:\src\AOSP-openjdk-git\hotspot\src\share\vm\prims\jni.cpp, line 710]
Event: 71.550 Thread 0x0000000023c91800 Exception <a 'sun/nio/fs/WindowsException'> (0x00000000e29bb2c0) thrown at [C:\src\AOSP-openjdk-git\hotspot\src\share\vm\prims\jni.cpp, line 710]
Event: 71.550 Thread 0x0000000023c91800 Exception <a 'sun/nio/fs/WindowsException'> (0x00000000e29bbff0) thrown at [C:\src\AOSP-openjdk-git\hotspot\src\share\vm\prims\jni.cpp, line 710]
Event: 71.556 Thread 0x0000000023c91800 Exception <a 'sun/nio/fs/WindowsException'> (0x00000000e2a852d8) thrown at [C:\src\AOSP-openjdk-git\hotspot\src\share\vm\prims\jni.cpp, line 710]
Event: 71.556 Thread 0x0000000023c91800 Exception <a 'sun/nio/fs/WindowsException'> (0x00000000e2a85fe8) thrown at [C:\src\AOSP-openjdk-git\hotspot\src\share\vm\prims\jni.cpp, line 710]

Events (10 events):
Event: 71.584 Thread 0x000000001f872800 DEOPT PACKING pc=0x0000000004058330 sp=0x000000002f4ce240
Event: 71.584 Thread 0x000000001f872800 DEOPT UNPACKING pc=0x0000000002a6557b sp=0x000000002f4ce1f0 mode 2
Event: 71.597 Executing VM operation: RevokeBias
Event: 71.597 Executing VM operation: RevokeBias done
Event: 71.597 Thread 0x000000001f871000 Thread added: 0x000000001f871000
Event: 71.597 Executing VM operation: RevokeBias
Event: 71.598 Executing VM operation: RevokeBias done
Event: 71.598 Thread 0x000000001f86f800 Thread added: 0x000000001f86f800
Event: 71.598 Thread 0x000000001f873800 Thread added: 0x000000001f873800
Event: 71.598 Thread 0x000000001f874000 Thread added: 0x000000001f874000


Dynamic libraries:
0x00007ff6269f0000 - 0x00007ff626a21000 	D:\Android\jre\bin\java.exe
0x00007ff9abdf0000 - 0x00007ff9abfe6000 	C:\WINDOWS\SYSTEM32\ntdll.dll
0x00007ff9aa880000 - 0x00007ff9aa93d000 	C:\WINDOWS\System32\KERNEL32.DLL
0x00007ff9a9880000 - 0x00007ff9a9b49000 	C:\WINDOWS\System32\KERNELBASE.dll
0x00007ff9aab90000 - 0x00007ff9aac3c000 	C:\WINDOWS\System32\ADVAPI32.dll
0x00007ff9aa3e0000 - 0x00007ff9aa47e000 	C:\WINDOWS\System32\msvcrt.dll
0x00007ff9aa480000 - 0x00007ff9aa51c000 	C:\WINDOWS\System32\sechost.dll
0x00007ff9aa000000 - 0x00007ff9aa12b000 	C:\WINDOWS\System32\RPCRT4.dll
0x00007ff9aa170000 - 0x00007ff9aa310000 	C:\WINDOWS\System32\USER32.dll
0x00007ff9a9690000 - 0x00007ff9a96b2000 	C:\WINDOWS\System32\win32u.dll
0x00007ff9aa130000 - 0x00007ff9aa15a000 	C:\WINDOWS\System32\GDI32.dll
0x00007ff9a9740000 - 0x00007ff9a984b000 	C:\WINDOWS\System32\gdi32full.dll
0x00007ff9a9c50000 - 0x00007ff9a9ced000 	C:\WINDOWS\System32\msvcp_win.dll
0x00007ff9a9590000 - 0x00007ff9a9690000 	C:\WINDOWS\System32\ucrtbase.dll
0x00007ff98e860000 - 0x00007ff98eafb000 	C:\WINDOWS\WinSxS\amd64_microsoft.windows.common-controls_6595b64144ccf1df_6.0.19041.746_none_ca02b4b61b8320a4\COMCTL32.dll
0x00007ff9ab8a0000 - 0x00007ff9ab8d0000 	C:\WINDOWS\System32\IMM32.DLL
0x0000000053a80000 - 0x0000000053b52000 	D:\Android\jre\jre\bin\msvcr100.dll
0x0000000052aa0000 - 0x00000000532eb000 	D:\Android\jre\jre\bin\server\jvm.dll
0x00007ff9aa160000 - 0x00007ff9aa168000 	C:\WINDOWS\System32\PSAPI.DLL
0x00007ff98fa70000 - 0x00007ff98fa97000 	C:\WINDOWS\SYSTEM32\WINMM.dll
0x00007ff9a4ce0000 - 0x00007ff9a4ce9000 	C:\WINDOWS\SYSTEM32\WSOCK32.dll
0x00007ff9a1d60000 - 0x00007ff9a1d6a000 	C:\WINDOWS\SYSTEM32\VERSION.dll
0x00007ff9abd40000 - 0x00007ff9abdab000 	C:\WINDOWS\System32\WS2_32.dll
0x00007ff9a4cd0000 - 0x00007ff9a4cdf000 	D:\Android\jre\jre\bin\verify.dll
0x00007ff9a25e0000 - 0x00007ff9a2609000 	D:\Android\jre\jre\bin\java.dll
0x00007ff981d20000 - 0x00007ff981d36000 	D:\Android\jre\jre\bin\zip.dll
0x00007ff9ab060000 - 0x00007ff9ab7a2000 	C:\WINDOWS\System32\SHELL32.dll
0x00007ff9a7660000 - 0x00007ff9a7df0000 	C:\WINDOWS\SYSTEM32\windows.storage.dll
0x00007ff9aa520000 - 0x00007ff9aa876000 	C:\WINDOWS\System32\combase.dll
0x00007ff9a8f90000 - 0x00007ff9a8fbc000 	C:\WINDOWS\SYSTEM32\Wldp.dll
0x00007ff9aaae0000 - 0x00007ff9aab8e000 	C:\WINDOWS\System32\SHCORE.dll
0x00007ff9aa940000 - 0x00007ff9aa995000 	C:\WINDOWS\System32\shlwapi.dll
0x00007ff9a9460000 - 0x00007ff9a9486000 	C:\WINDOWS\SYSTEM32\profapi.dll
0x00007ff980a70000 - 0x00007ff980a8a000 	D:\Android\jre\jre\bin\net.dll
0x00007ff9a8d10000 - 0x00007ff9a8d7a000 	C:\WINDOWS\system32\mswsock.dll
0x00007ff97ebb0000 - 0x00007ff97ebc3000 	D:\Android\jre\jre\bin\nio.dll
0x00007ff975e00000 - 0x00007ff975e27000 	C:\Users\Alex\.gradle\native\f6784746aeab05261644944871eae4fe03e0ef1612fff0a4a95f87b438bc6780\windows-amd64\native-platform.dll
0x00007ff9a4cc0000 - 0x00007ff9a4ccd000 	D:\Android\jre\jre\bin\management.dll
0x00007ff9a8ee0000 - 0x00007ff9a8ef8000 	C:\WINDOWS\SYSTEM32\CRYPTSP.dll
0x00007ff9a8640000 - 0x00007ff9a8674000 	C:\WINDOWS\system32\rsaenh.dll
0x00007ff9a9850000 - 0x00007ff9a9877000 	C:\WINDOWS\System32\bcrypt.dll
0x00007ff9a9420000 - 0x00007ff9a944e000 	C:\WINDOWS\SYSTEM32\USERENV.dll
0x00007ff9a96c0000 - 0x00007ff9a9740000 	C:\WINDOWS\System32\bcryptprimitives.dll
0x00007ff9a8f00000 - 0x00007ff9a8f0c000 	C:\WINDOWS\SYSTEM32\CRYPTBASE.dll
0x00007ff9a89b0000 - 0x00007ff9a89eb000 	C:\WINDOWS\SYSTEM32\IPHLPAPI.DLL
0x00007ff9ab810000 - 0x00007ff9ab818000 	C:\WINDOWS\System32\NSI.dll
0x00007ff9a4d80000 - 0x00007ff9a4d97000 	C:\WINDOWS\SYSTEM32\dhcpcsvc6.DLL
0x00007ff9a4d60000 - 0x00007ff9a4d7d000 	C:\WINDOWS\SYSTEM32\dhcpcsvc.DLL
0x00007ff9a8a00000 - 0x00007ff9a8acb000 	C:\WINDOWS\SYSTEM32\DNSAPI.dll
0x00007ff9a1330000 - 0x00007ff9a133b000 	C:\WINDOWS\SYSTEM32\WINNSI.DLL
0x00007ff9673b0000 - 0x00007ff96754c000 	D:\Android\jre\jre\bin\awt.dll
0x00007ff9aa310000 - 0x00007ff9aa3dd000 	C:\WINDOWS\System32\OLEAUT32.dll
0x00007ff9a6f00000 - 0x00007ff9a6f2f000 	C:\WINDOWS\SYSTEM32\dwmapi.dll
0x00007ff9a5610000 - 0x00007ff9a5bd0000 	C:\WINDOWS\SYSTEM32\d2d1.dll
0x00007ff9a6af0000 - 0x00007ff9a6b80000 	C:\WINDOWS\SYSTEM32\apphelp.dll
0x00007ff9a6c20000 - 0x00007ff9a6cbe000 	C:\WINDOWS\system32\uxtheme.dll
0x00007ff9a7380000 - 0x00007ff9a7564000 	C:\WINDOWS\SYSTEM32\dbghelp.dll

VM Arguments:
jvm_args: -Xmx2048m -Dfile.encoding=UTF-8 -Duser.country=RU -Duser.language=ru -Duser.variant 
java_command: org.gradle.launcher.daemon.bootstrap.GradleDaemon 6.5
java_class_path (initial): C:\Users\Alex\.gradle\wrapper\dists\gradle-6.5-all\2oz4ud9k3tuxjg84bbf55q0tn\gradle-6.5\lib\gradle-launcher-6.5.jar
Launcher Type: SUN_STANDARD

Environment Variables:
PATH=C:\Windows\system32;C:\Windows;C:\Windows\System32\Wbem;C:\Windows\System32\WindowsPowerShell\v1.0\;C:\Windows\System32\OpenSSH\;C:\Program Files (x86)\NVIDIA Corporation\PhysX\Common;C:\Program Files\dotnet\;C:\Program Files\Microsoft SQL Server\130\Tools\Binn\;C:\Program Files\Microsoft SQL Server\Client SDK\ODBC\170\Tools\Binn\;C:\Program Files\NVIDIA Corporation\NVIDIA NvDLISR;C:\WINDOWS\system32;C:\WINDOWS;C:\WINDOWS\System32\Wbem;C:\WINDOWS\System32\WindowsPowerShell\v1.0\;C:\WINDOWS\System32\OpenSSH\;C:\Program Files\Git\cmd;C:\Program Files\Git\mingw64\bin;C:\Program Files\Git\usr\bin;C:\Python39\Scripts\;C:\Python39\;C:\Users\Alex\AppData\Local\Microsoft\WindowsApps;;C:\Program Files\JetBrains\IntelliJ IDEA Community Edition 2020.3.1\bin;;C:\Users\Alex\.dotnet\tools
USERNAME=Alex
OS=Windows_NT
PROCESSOR_IDENTIFIER=Intel64 Family 6 Model 158 Stepping 10, GenuineIntel



---------------  S Y S T E M  ---------------

OS: Windows 10.0 , 64 bit Build 19041 (10.0.19041.804)

CPU:total 12 (initial active 12) (6 cores per cpu, 2 threads per core) family 6 model 158 stepping 10, cmov, cx8, fxsr, mmx, sse, sse2, sse3, ssse3, sse4.1, sse4.2, popcnt, avx, avx2, aes, clmul, erms, 3dnowpref, lzcnt, ht, tsc, tscinvbit, bmi1, bmi2, adx

Memory: 4k page, physical 16622900k(5276988k free), swap 19910660k(4783124k free)

vm_info: OpenJDK 64-Bit Server VM (25.242-b01) for windows-amd64 JRE (1.8.0_242-release-1644-b01), built by "builder" with MS VC++ 10.0 (VS2010)

time: Mon Mar 01 16:55:47 2021
timezone: RTZ 2 (зима)
elapsed time: 71 seconds (0d 0h 1m 11s)

