#
# A fatal error has been detected by the Java Runtime Environment:
#
#  EXCEPTION_ACCESS_VIOLATION (0xc0000005) at pc=0x0000000052f86e21, pid=8308, tid=0x0000000000004470
#
# JRE version: OpenJDK Runtime Environment (8.0_242-b01) (build 1.8.0_242-release-1644-b01)
# Java VM: OpenJDK 64-Bit Server VM (25.242-b01 mixed mode windows-amd64 compressed oops)
# Problematic frame:
# V  [jvm.dll+0x4e6e21]
#
# Failed to write core dump. Minidumps are not enabled by default on client versions of Windows
#
# If you would like to submit a bug report, please visit:
#   
#

---------------  T H R E A D  ---------------

Current thread (0x000000001928b800):  JavaThread "C2 CompilerThread1" daemon [_thread_in_native, id=17520, stack(0x000000001a9f0000,0x000000001aaf0000)]

siginfo: ExceptionCode=0xc0000005, reading address 0x0000020000000000

Registers:
RAX=0x00000000201c8ee8, RBX=0x000000000000000f, RCX=0x000000001c11ae10, RDX=0x000000001f9e2b20
RSP=0x000000001aaebfa0, RBP=0x000000001aaec0a0, RSI=0x000000001aaeea40, RDI=0x00000000201c8e98
R8 =0x00000000000052ad, R9 =0x000000001b8ecf40, R10=0x0000000000000020, R11=0x0000000000000250
R12=0x000000000000000d, R13=0x0000000000000001, R14=0x000000001b8ecf00, R15=0x0000020000000000
RIP=0x0000000052f86e21, EFLAGS=0x0000000000010283

Top of Stack: (sp=0x000000001aaebfa0)
0x000000001aaebfa0:   000000000000000f 000000001aaec0a0
0x000000001aaebfb0:   000000001c11ae10 0000000000000210
0x000000001aaebfc0:   00000000000028a8 000000001fd23e80
0x000000001aaebfd0:   000000001be70ff0 000000001aaec1a0
0x000000001aaebfe0:   00000000000000b9 00000000000000b7
0x000000001aaebff0:   0000000000000005 000000001b8ecf40
0x000000001aaec000:   0000000000000001 0000000000000001
0x000000001aaec010:   000000001fd28b4a 000000010000011d
0x000000001aaec020:   0000134400000000 000000001aaec370
0x000000001aaec030:   000000000000000f 000000001f44beb0
0x000000001aaec040:   000000000000004a 000013440000011d
0x000000001aaec050:   000000001aaec370 000000000000000f
0x000000001aaec060:   000000001fa9f5a0 000000000000038c
0x000000001aaec070:   000000001fd28460 000000001c508ce0
0x000000001aaec080:   ffffffffe02d7df0 00000000000003d8
0x000000001aaec090:   000000001c5090b8 000000001c508cd0 

Instructions: (pc=0x0000000052f86e21)
0x0000000052f86e01:   48 8d 8e 98 01 00 00 41 8d 50 50 e8 7f 29 bc ff
0x0000000052f86e11:   48 8b f8 eb 07 48 89 86 b0 01 00 00 48 89 77 10
0x0000000052f86e21:   49 8b 07 49 8b cf ff 50 28 4c 8b 6c 24 58 49 8b
0x0000000052f86e31:   cd 48 8b d8 e8 c6 d3 f3 ff 48 8b cf 8b 50 18 48 


Register to memory mapping:

RAX=0x00000000201c8ee8 is an unknown value
RBX=0x000000000000000f is an unknown value
RCX=0x000000001c11ae10 is an unknown value
RDX=0x000000001f9e2b20 is an unknown value
RSP=0x000000001aaebfa0 is pointing into the stack for thread: 0x000000001928b800
RBP=0x000000001aaec0a0 is pointing into the stack for thread: 0x000000001928b800
RSI=0x000000001aaeea40 is pointing into the stack for thread: 0x000000001928b800
RDI=0x00000000201c8e98 is an unknown value
R8 =0x00000000000052ad is an unknown value
R9 =0x000000001b8ecf40 is an unknown value
R10=0x0000000000000020 is an unknown value
R11=0x0000000000000250 is an unknown value
R12=0x000000000000000d is an unknown value
R13=0x0000000000000001 is an unknown value
R14=0x000000001b8ecf00 is an unknown value
R15=0x0000020000000000 is an unknown value


Stack: [0x000000001a9f0000,0x000000001aaf0000],  sp=0x000000001aaebfa0,  free space=1007k
Native frames: (J=compiled Java code, j=interpreted, Vv=VM code, C=native code)
V  [jvm.dll+0x4e6e21]
V  [jvm.dll+0x43a956]
V  [jvm.dll+0x4456ab]
V  [jvm.dll+0x447fa8]
V  [jvm.dll+0x42b072]
V  [jvm.dll+0x8230f]
V  [jvm.dll+0x82c7f]
V  [jvm.dll+0x220b7f]
V  [jvm.dll+0x27276a]
C  [msvcr100.dll+0x21d9f]
C  [msvcr100.dll+0x21e3b]
C  [KERNEL32.DLL+0x17034]
C  [ntdll.dll+0x4d241]


Current CompileTask:
C2:   2103 1457       4       java.net.URLClassLoader$1::run (5 bytes)


---------------  P R O C E S S  ---------------

Java Threads: ( => current thread )
  0x000000001ce59000 JavaThread "Cache worker for execution history cache (C:\Users\Alex\.gradle\caches\6.5\executionHistory)" [_thread_blocked, id=9696, stack(0x0000000022ba0000,0x0000000022ca0000)]
  0x000000001ce56000 JavaThread "Cache worker for cache directory md-rule (C:\Users\Alex\.gradle\caches\6.5\md-rule)" [_thread_blocked, id=9064, stack(0x0000000022aa0000,0x0000000022ba0000)]
  0x000000001ce55800 JavaThread "Cache worker for cache directory md-supplier (C:\Users\Alex\.gradle\caches\6.5\md-supplier)" [_thread_blocked, id=13548, stack(0x00000000229a0000,0x0000000022aa0000)]
  0x000000001ce53000 JavaThread "Cache worker for checksums cache (D:\AndroidProjects\KursachGameShop2\.gradle\checksums)" [_thread_blocked, id=19084, stack(0x0000000021530000,0x0000000021630000)]
  0x000000001ce57000 JavaThread "Cache worker for file hash cache (D:\AndroidProjects\KursachGameShop2\.gradle\6.5\fileHashes)" [_thread_blocked, id=12528, stack(0x00000000228a0000,0x00000000229a0000)]
  0x000000001ce54800 JavaThread "Cache worker for file hash cache (C:\Users\Alex\.gradle\caches\6.5\fileHashes)" [_thread_blocked, id=19032, stack(0x000000001ef20000,0x000000001f020000)]
  0x000000001ce54000 JavaThread "File lock request listener" [_thread_in_native, id=15420, stack(0x000000001ee20000,0x000000001ef20000)]
  0x000000001933c800 JavaThread "Cache worker for journal cache (C:\Users\Alex\.gradle\caches\journal-1)" [_thread_blocked, id=3676, stack(0x000000001ed20000,0x000000001ee20000)]
  0x000000001ca97800 JavaThread "Thread-9" [_thread_blocked, id=21172, stack(0x000000001ea20000,0x000000001eb20000)]
  0x000000001cad0000 JavaThread "Stdin handler" [_thread_blocked, id=4484, stack(0x000000001e920000,0x000000001ea20000)]
  0x000000001cacf000 JavaThread "Asynchronous log dispatcher for DefaultDaemonConnection: socket connection from /127.0.0.1:52559 to /127.0.0.1:52560" [_thread_blocked, id=12212, stack(0x000000001e820000,0x000000001e920000)]
  0x000000001cb04800 JavaThread "Daemon worker" [_thread_in_Java, id=15784, stack(0x000000001e720000,0x000000001e820000)]
  0x000000001cad2000 JavaThread "Cancel handler" [_thread_blocked, id=16584, stack(0x000000001e620000,0x000000001e720000)]
  0x000000001ca7a800 JavaThread "Handler for socket connection from /127.0.0.1:52559 to /127.0.0.1:52560" [_thread_in_native, id=16112, stack(0x000000001e320000,0x000000001e420000)]
  0x000000001ca7a000 JavaThread "Daemon" [_thread_blocked, id=17948, stack(0x000000001e220000,0x000000001e320000)]
  0x000000001ca60800 JavaThread "Daemon periodic checks" [_thread_blocked, id=1616, stack(0x000000001e120000,0x000000001e220000)]
  0x000000001ca10800 JavaThread "Incoming local TCP Connector on port 52559" [_thread_in_native, id=4672, stack(0x000000001ded0000,0x000000001dfd0000)]
  0x000000001c651800 JavaThread "Daemon health stats" [_thread_blocked, id=16804, stack(0x000000001d890000,0x000000001d990000)]
  0x0000000019318800 JavaThread "Service Thread" daemon [_thread_blocked, id=2516, stack(0x000000001acf0000,0x000000001adf0000)]
  0x0000000019291000 JavaThread "C1 CompilerThread3" daemon [_thread_blocked, id=20704, stack(0x000000001abf0000,0x000000001acf0000)]
  0x0000000019290800 JavaThread "C2 CompilerThread2" daemon [_thread_blocked, id=9072, stack(0x000000001aaf0000,0x000000001abf0000)]
=>0x000000001928b800 JavaThread "C2 CompilerThread1" daemon [_thread_in_native, id=17520, stack(0x000000001a9f0000,0x000000001aaf0000)]
  0x0000000019282800 JavaThread "C2 CompilerThread0" daemon [_thread_blocked, id=19136, stack(0x000000001a8f0000,0x000000001a9f0000)]
  0x0000000019280800 JavaThread "Attach Listener" daemon [_thread_blocked, id=18436, stack(0x000000001a7f0000,0x000000001a8f0000)]
  0x0000000017bbe800 JavaThread "Signal Dispatcher" daemon [_thread_blocked, id=14892, stack(0x000000001a6f0000,0x000000001a7f0000)]
  0x0000000017bb2000 JavaThread "Finalizer" daemon [_thread_blocked, id=3464, stack(0x000000001a4e0000,0x000000001a5e0000)]
  0x0000000019273000 JavaThread "Reference Handler" daemon [_thread_blocked, id=5420, stack(0x000000001a3e0000,0x000000001a4e0000)]
  0x000000000273d800 JavaThread "main" [_thread_blocked, id=9892, stack(0x0000000002740000,0x0000000002840000)]

Other Threads:
  0x0000000019252800 VMThread [stack: 0x000000001a2e0000,0x000000001a3e0000] [id=21092]
  0x0000000019319800 WatcherThread [stack: 0x000000001adf0000,0x000000001aef0000] [id=20136]

VM state:not at safepoint (normal execution)

VM Mutex/Monitor currently owned by a thread: None

heap address: 0x0000000080000000, size: 2048 MB, Compressed Oops mode: 32-bit
Narrow klass base: 0x0000000000000000, Narrow klass shift: 3
Compressed class space size: 1073741824 Address: 0x0000000100000000

Heap:
 PSYoungGen      total 140800K, used 52206K [0x00000000d5580000, 0x00000000de980000, 0x0000000100000000)
  eden space 130048K, 40% used [0x00000000d5580000,0x00000000d887bbc8,0x00000000dd480000)
  from space 10752K, 0% used [0x00000000ddf00000,0x00000000ddf00000,0x00000000de980000)
  to   space 10752K, 0% used [0x00000000dd480000,0x00000000dd480000,0x00000000ddf00000)
 ParOldGen       total 91136K, used 7179K [0x0000000080000000, 0x0000000085900000, 0x00000000d5580000)
  object space 91136K, 7% used [0x0000000080000000,0x0000000080702ef0,0x0000000085900000)
 Metaspace       used 25435K, capacity 26206K, committed 26416K, reserved 1071104K
  class space    used 3550K, capacity 3779K, committed 3888K, reserved 1048576K

Card table byte_map: [0x0000000011d00000,0x0000000012110000] byte_map_base: 0x0000000011900000

Marking Bits: (ParMarkBitMap*) 0x000000005326f030
 Begin Bits: [0x0000000012dc0000, 0x0000000014dc0000)
 End Bits:   [0x0000000014dc0000, 0x0000000016dc0000)

Polling page: 0x0000000000800000

CodeCache: size=245760Kb used=7170Kb max_used=7181Kb free=238589Kb
 bounds [0x0000000002940000, 0x0000000003050000, 0x0000000011940000]
 total_blobs=2514 nmethods=2079 adapters=348
 compilation: enabled

Compilation events (10 events):
Event: 1.562 Thread 0x0000000019291000 1611       3       sun.reflect.generics.factory.CoreReflectionFactory::getDeclsLoader (85 bytes)
Event: 1.563 Thread 0x0000000019291000 nmethod 1611 0x0000000002ec3450 code [0x0000000002ec37a0, 0x0000000002ec5a58]
Event: 1.563 Thread 0x0000000019291000 1613       3       sun.misc.ProxyGenerator::access$700 (7 bytes)
Event: 1.563 Thread 0x0000000019291000 nmethod 1613 0x0000000002ebb910 code [0x0000000002ebba80, 0x0000000002ebbc68]
Event: 1.563 Thread 0x0000000019291000 1614       3       java.lang.Class::privateGetDeclaredMethods (67 bytes)
Event: 1.564 Thread 0x0000000019291000 nmethod 1614 0x0000000002ebaa50 code [0x0000000002ebac40, 0x0000000002ebb568]
Event: 1.564 Thread 0x0000000019291000 1612       3       sun.reflect.generics.tree.ClassTypeSignature::accept (8 bytes)
Event: 1.564 Thread 0x0000000019291000 nmethod 1612 0x0000000002eba610 code [0x0000000002eba780, 0x0000000002eba968]
Event: 1.564 Thread 0x0000000019291000 1615       1       java.lang.reflect.Constructor::getConstructorAccessor (5 bytes)
Event: 1.564 Thread 0x0000000019291000 nmethod 1615 0x0000000002ebe690 code [0x0000000002ebe7e0, 0x0000000002ebe8f0]

GC Heap History (4 events):
Event: 0.633 GC heap before
{Heap before GC invocations=1 (full 0):
 PSYoungGen      total 75776K, used 65024K [0x00000000d5580000, 0x00000000daa00000, 0x0000000100000000)
  eden space 65024K, 100% used [0x00000000d5580000,0x00000000d9500000,0x00000000d9500000)
  from space 10752K, 0% used [0x00000000d9f80000,0x00000000d9f80000,0x00000000daa00000)
  to   space 10752K, 0% used [0x00000000d9500000,0x00000000d9500000,0x00000000d9f80000)
 ParOldGen       total 173568K, used 0K [0x0000000080000000, 0x000000008a980000, 0x00000000d5580000)
  object space 173568K, 0% used [0x0000000080000000,0x0000000080000000,0x000000008a980000)
 Metaspace       used 7727K, capacity 7976K, committed 8320K, reserved 1056768K
  class space    used 944K, capacity 1039K, committed 1152K, reserved 1048576K
Event: 0.637 GC heap after
Heap after GC invocations=1 (full 0):
 PSYoungGen      total 75776K, used 5718K [0x00000000d5580000, 0x00000000daa00000, 0x0000000100000000)
  eden space 65024K, 0% used [0x00000000d5580000,0x00000000d5580000,0x00000000d9500000)
  from space 10752K, 53% used [0x00000000d9500000,0x00000000d9a959a8,0x00000000d9f80000)
  to   space 10752K, 0% used [0x00000000d9f80000,0x00000000d9f80000,0x00000000daa00000)
 ParOldGen       total 173568K, used 16K [0x0000000080000000, 0x000000008a980000, 0x00000000d5580000)
  object space 173568K, 0% used [0x0000000080000000,0x0000000080004000,0x000000008a980000)
 Metaspace       used 7727K, capacity 7976K, committed 8320K, reserved 1056768K
  class space    used 944K, capacity 1039K, committed 1152K, reserved 1048576K
}
Event: 1.334 GC heap before
{Heap before GC invocations=2 (full 0):
 PSYoungGen      total 75776K, used 70742K [0x00000000d5580000, 0x00000000daa00000, 0x0000000100000000)
  eden space 65024K, 100% used [0x00000000d5580000,0x00000000d9500000,0x00000000d9500000)
  from space 10752K, 53% used [0x00000000d9500000,0x00000000d9a959a8,0x00000000d9f80000)
  to   space 10752K, 0% used [0x00000000d9f80000,0x00000000d9f80000,0x00000000daa00000)
 ParOldGen       total 173568K, used 16K [0x0000000080000000, 0x000000008a980000, 0x00000000d5580000)
  object space 173568K, 0% used [0x0000000080000000,0x0000000080004000,0x000000008a980000)
 Metaspace       used 14192K, capacity 14582K, committed 14720K, reserved 1062912K
  class space    used 1955K, capacity 2091K, committed 2176K, reserved 1048576K
Event: 1.340 GC heap after
Heap after GC invocations=2 (full 0):
 PSYoungGen      total 75776K, used 9015K [0x00000000d5580000, 0x00000000daa00000, 0x0000000100000000)
  eden space 65024K, 0% used [0x00000000d5580000,0x00000000d5580000,0x00000000d9500000)
  from space 10752K, 83% used [0x00000000d9f80000,0x00000000da84dd58,0x00000000daa00000)
  to   space 10752K, 0% used [0x00000000d9500000,0x00000000d9500000,0x00000000d9f80000)
 ParOldGen       total 173568K, used 24K [0x0000000080000000, 0x000000008a980000, 0x00000000d5580000)
  object space 173568K, 0% used [0x0000000080000000,0x0000000080006000,0x000000008a980000)
 Metaspace       used 14192K, capacity 14582K, committed 14720K, reserved 1062912K
  class space    used 1955K, capacity 2091K, committed 2176K, reserved 1048576K
}

Deoptimization events (10 events):
Event: 1.320 Thread 0x000000001cb04800 Uncommon trap: reason=class_check action=maybe_recompile pc=0x0000000002c57058 method=java.util.regex.Matcher.match(II)Z @ 86
Event: 1.320 Thread 0x000000001cb04800 Uncommon trap: reason=class_check action=maybe_recompile pc=0x0000000002aeb48c method=java.util.regex.Matcher.match(II)Z @ 86
Event: 1.391 Thread 0x000000001cb04800 Uncommon trap: reason=unstable_if action=reinterpret pc=0x0000000002c5e70c method=java.io.File.getName()Ljava/lang/String; @ 16
Event: 1.391 Thread 0x000000001cb04800 Uncommon trap: reason=unstable_if action=reinterpret pc=0x0000000002c5331c method=java.lang.String.substring(I)Ljava/lang/String; @ 35
Event: 1.494 Thread 0x000000001cb04800 Uncommon trap: reason=unstable_if action=reinterpret pc=0x0000000002c5d2b0 method=java.util.LinkedHashMap.afterNodeInsertion(Z)V @ 1
Event: 1.494 Thread 0x000000001cb04800 Uncommon trap: reason=unstable_if action=reinterpret pc=0x0000000002bacdc4 method=java.util.HashMap.getNode(ILjava/lang/Object;)Ljava/util/HashMap$Node; @ 129
Event: 1.494 Thread 0x000000001cb04800 Uncommon trap: reason=bimorphic action=maybe_recompile pc=0x0000000002df9598 method=java.util.HashMap.putVal(ILjava/lang/Object;Ljava/lang/Object;ZZ)Ljava/lang/Object; @ 203
Event: 1.495 Thread 0x000000001cb04800 Uncommon trap: reason=unstable_if action=reinterpret pc=0x0000000002b9e088 method=java.util.HashMap.getNode(ILjava/lang/Object;)Ljava/util/HashMap$Node; @ 129
Event: 1.495 Thread 0x000000001cb04800 Uncommon trap: reason=bimorphic action=maybe_recompile pc=0x0000000002df9598 method=java.util.HashMap.putVal(ILjava/lang/Object;Ljava/lang/Object;ZZ)Ljava/lang/Object; @ 203
Event: 1.549 Thread 0x000000001cb04800 Uncommon trap: reason=unstable_if action=reinterpret pc=0x0000000002e6c18c method=java.util.jar.Attributes$Name.isDigit(C)Z @ 3

Classes redefined (0 events):
No events

Internal exceptions (10 events):
Event: 1.182 Thread 0x000000001ca7a800 Exception <a 'java/lang/NoSuchMethodError': <clinit>> (0x00000000d7894250) thrown at [C:\src\AOSP-openjdk-git\hotspot\src\share\vm\prims\jni.cpp, line 1615]
Event: 1.183 Thread 0x000000001ca7a800 Exception <a 'java/lang/NoSuchMethodError': <clinit>> (0x00000000d78a8820) thrown at [C:\src\AOSP-openjdk-git\hotspot\src\share\vm\prims\jni.cpp, line 1615]
Event: 1.188 Thread 0x000000001ca7a800 Exception <a 'java/lang/NoSuchMethodError': <clinit>> (0x00000000d7915380) thrown at [C:\src\AOSP-openjdk-git\hotspot\src\share\vm\prims\jni.cpp, line 1615]
Event: 1.190 Thread 0x000000001ca7a800 Exception <a 'java/lang/NoSuchMethodError': <clinit>> (0x00000000d794fc50) thrown at [C:\src\AOSP-openjdk-git\hotspot\src\share\vm\prims\jni.cpp, line 1615]
Event: 1.193 Thread 0x000000001ca7a800 Exception <a 'java/lang/NoSuchMethodError': <clinit>> (0x00000000d7985798) thrown at [C:\src\AOSP-openjdk-git\hotspot\src\share\vm\prims\jni.cpp, line 1615]
Event: 1.193 Thread 0x000000001ca7a800 Exception <a 'java/lang/NoSuchMethodError': <clinit>> (0x00000000d7991cf8) thrown at [C:\src\AOSP-openjdk-git\hotspot\src\share\vm\prims\jni.cpp, line 1615]
Event: 1.416 Thread 0x000000001cb04800 Exception <a 'java/lang/NoSuchMethodError': java.lang.Object.lambda$and$0(Ljava/util/function/Predicate;Ljava/lang/Object;)Z> (0x00000000d5ee83c0) thrown at [C:\src\AOSP-openjdk-git\hotspot\src\share\vm\interpreter\linkResolver.cpp, line 620]
Event: 1.419 Thread 0x000000001cb04800 Exception <a 'java/lang/IncompatibleClassChangeError': Found class java.lang.Object, but interface was expected> (0x00000000d5ef86b8) thrown at [C:\src\AOSP-openjdk-git\hotspot\src\share\vm\interpreter\linkResolver.cpp, line 653]
Event: 1.420 Thread 0x000000001cb04800 Exception <a 'java/lang/NoSuchMethodError': java.lang.Object.lambda$or$2(Ljava/util/function/Predicate;Ljava/lang/Object;)Z> (0x00000000d5efd208) thrown at [C:\src\AOSP-openjdk-git\hotspot\src\share\vm\interpreter\linkResolver.cpp, line 620]
Event: 1.513 Thread 0x000000001cb04800 Exception <a 'java/lang/NoSuchMethodError': java.lang.Object.lambda$static$0(Lorg/gradle/internal/state/ModelObject;)Ljava/lang/String;> (0x00000000d7673198) thrown at [C:\src\AOSP-openjdk-git\hotspot\src\share\vm\interpreter\linkResolver.cpp, line 620]

Events (10 events):
Event: 1.566 loading class org/gradle/api/internal/GeneratedSubclass
Event: 1.566 loading class org/gradle/api/internal/GeneratedSubclass done
Event: 1.566 loading class org/gradle/internal/state/OwnerAware
Event: 1.566 loading class org/gradle/internal/state/OwnerAware done
Event: 1.566 loading class org/gradle/api/internal/IConventionAware
Event: 1.566 loading class org/gradle/api/internal/IConventionAware done
Event: 1.566 loading class org/gradle/internal/extensibility/ConventionAwareHelper
Event: 1.566 loading class org/gradle/internal/extensibility/ConventionAwareHelper done
Event: 1.567 loading class org/gradle/api/internal/HasConvention
Event: 1.567 loading class org/gradle/api/internal/HasConvention done


Dynamic libraries:
0x00007ff6269f0000 - 0x00007ff626a21000 	D:\Android\jre\bin\java.exe
0x00007ff9abdf0000 - 0x00007ff9abfe6000 	C:\WINDOWS\SYSTEM32\ntdll.dll
0x00007ff9aa880000 - 0x00007ff9aa93d000 	C:\WINDOWS\System32\KERNEL32.DLL
0x00007ff9a9880000 - 0x00007ff9a9b49000 	C:\WINDOWS\System32\KERNELBASE.dll
0x00007ff9aab90000 - 0x00007ff9aac3c000 	C:\WINDOWS\System32\ADVAPI32.dll
0x00007ff9aa3e0000 - 0x00007ff9aa47e000 	C:\WINDOWS\System32\msvcrt.dll
0x00007ff9aa480000 - 0x00007ff9aa51c000 	C:\WINDOWS\System32\sechost.dll
0x00007ff9aa000000 - 0x00007ff9aa12b000 	C:\WINDOWS\System32\RPCRT4.dll
0x00007ff9aa170000 - 0x00007ff9aa310000 	C:\WINDOWS\System32\USER32.dll
0x00007ff9a9690000 - 0x00007ff9a96b2000 	C:\WINDOWS\System32\win32u.dll
0x00007ff9aa130000 - 0x00007ff9aa15a000 	C:\WINDOWS\System32\GDI32.dll
0x00007ff9a9740000 - 0x00007ff9a984b000 	C:\WINDOWS\System32\gdi32full.dll
0x00007ff9a9c50000 - 0x00007ff9a9ced000 	C:\WINDOWS\System32\msvcp_win.dll
0x00007ff9a9590000 - 0x00007ff9a9690000 	C:\WINDOWS\System32\ucrtbase.dll
0x00007ff98e860000 - 0x00007ff98eafb000 	C:\WINDOWS\WinSxS\amd64_microsoft.windows.common-controls_6595b64144ccf1df_6.0.19041.746_none_ca02b4b61b8320a4\COMCTL32.dll
0x00007ff9ab8a0000 - 0x00007ff9ab8d0000 	C:\WINDOWS\System32\IMM32.DLL
0x0000000053a80000 - 0x0000000053b52000 	D:\Android\jre\jre\bin\msvcr100.dll
0x0000000052aa0000 - 0x00000000532eb000 	D:\Android\jre\jre\bin\server\jvm.dll
0x00007ff9aa160000 - 0x00007ff9aa168000 	C:\WINDOWS\System32\PSAPI.DLL
0x00007ff9a4ce0000 - 0x00007ff9a4ce9000 	C:\WINDOWS\SYSTEM32\WSOCK32.dll
0x00007ff9a1d60000 - 0x00007ff9a1d6a000 	C:\WINDOWS\SYSTEM32\VERSION.dll
0x00007ff9abd40000 - 0x00007ff9abdab000 	C:\WINDOWS\System32\WS2_32.dll
0x00007ff98fa70000 - 0x00007ff98fa97000 	C:\WINDOWS\SYSTEM32\WINMM.dll
0x00007ff9a4cd0000 - 0x00007ff9a4cdf000 	D:\Android\jre\jre\bin\verify.dll
0x00007ff9a25e0000 - 0x00007ff9a2609000 	D:\Android\jre\jre\bin\java.dll
0x00007ff981d20000 - 0x00007ff981d36000 	D:\Android\jre\jre\bin\zip.dll
0x00007ff9ab060000 - 0x00007ff9ab7a2000 	C:\WINDOWS\System32\SHELL32.dll
0x00007ff9a7660000 - 0x00007ff9a7df0000 	C:\WINDOWS\SYSTEM32\windows.storage.dll
0x00007ff9aa520000 - 0x00007ff9aa876000 	C:\WINDOWS\System32\combase.dll
0x00007ff9a8f90000 - 0x00007ff9a8fbc000 	C:\WINDOWS\SYSTEM32\Wldp.dll
0x00007ff9aaae0000 - 0x00007ff9aab8e000 	C:\WINDOWS\System32\SHCORE.dll
0x00007ff9aa940000 - 0x00007ff9aa995000 	C:\WINDOWS\System32\shlwapi.dll
0x00007ff9a9460000 - 0x00007ff9a9486000 	C:\WINDOWS\SYSTEM32\profapi.dll
0x00007ff980a70000 - 0x00007ff980a8a000 	D:\Android\jre\jre\bin\net.dll
0x00007ff9a8d10000 - 0x00007ff9a8d7a000 	C:\WINDOWS\system32\mswsock.dll
0x00007ff97ebb0000 - 0x00007ff97ebc3000 	D:\Android\jre\jre\bin\nio.dll
0x00007ff975e00000 - 0x00007ff975e27000 	C:\Users\Alex\.gradle\native\f6784746aeab05261644944871eae4fe03e0ef1612fff0a4a95f87b438bc6780\windows-amd64\native-platform.dll
0x00007ff9a4cc0000 - 0x00007ff9a4ccd000 	D:\Android\jre\jre\bin\management.dll
0x00007ff9a8ee0000 - 0x00007ff9a8ef8000 	C:\WINDOWS\SYSTEM32\CRYPTSP.dll
0x00007ff9a8640000 - 0x00007ff9a8674000 	C:\WINDOWS\system32\rsaenh.dll
0x00007ff9a9850000 - 0x00007ff9a9877000 	C:\WINDOWS\System32\bcrypt.dll
0x00007ff9a9420000 - 0x00007ff9a944e000 	C:\WINDOWS\SYSTEM32\USERENV.dll
0x00007ff9a96c0000 - 0x00007ff9a9740000 	C:\WINDOWS\System32\bcryptprimitives.dll
0x00007ff9a8f00000 - 0x00007ff9a8f0c000 	C:\WINDOWS\SYSTEM32\CRYPTBASE.dll
0x00007ff9a89b0000 - 0x00007ff9a89eb000 	C:\WINDOWS\SYSTEM32\IPHLPAPI.DLL
0x00007ff9ab810000 - 0x00007ff9ab818000 	C:\WINDOWS\System32\NSI.dll
0x00007ff9a4d80000 - 0x00007ff9a4d97000 	C:\WINDOWS\SYSTEM32\dhcpcsvc6.DLL
0x00007ff9a4d60000 - 0x00007ff9a4d7d000 	C:\WINDOWS\SYSTEM32\dhcpcsvc.DLL
0x00007ff9a8a00000 - 0x00007ff9a8acb000 	C:\WINDOWS\SYSTEM32\DNSAPI.dll
0x00007ff9a1330000 - 0x00007ff9a133b000 	C:\WINDOWS\SYSTEM32\WINNSI.DLL
0x00007ff9a7380000 - 0x00007ff9a7564000 	C:\WINDOWS\SYSTEM32\dbghelp.dll

VM Arguments:
jvm_args: -Xmx2048m -Dfile.encoding=UTF-8 -Duser.country=RU -Duser.language=ru -Duser.variant 
java_command: org.gradle.launcher.daemon.bootstrap.GradleDaemon 6.5
java_class_path (initial): C:\Users\Alex\.gradle\wrapper\dists\gradle-6.5-all\2oz4ud9k3tuxjg84bbf55q0tn\gradle-6.5\lib\gradle-launcher-6.5.jar
Launcher Type: SUN_STANDARD

Environment Variables:
PATH=C:\Windows\system32;C:\Windows;C:\Windows\System32\Wbem;C:\Windows\System32\WindowsPowerShell\v1.0\;C:\Windows\System32\OpenSSH\;C:\Program Files (x86)\NVIDIA Corporation\PhysX\Common;C:\Program Files\dotnet\;C:\Program Files\Microsoft SQL Server\130\Tools\Binn\;C:\Program Files\Microsoft SQL Server\Client SDK\ODBC\170\Tools\Binn\;C:\Program Files\NVIDIA Corporation\NVIDIA NvDLISR;C:\WINDOWS\system32;C:\WINDOWS;C:\WINDOWS\System32\Wbem;C:\WINDOWS\System32\WindowsPowerShell\v1.0\;C:\WINDOWS\System32\OpenSSH\;C:\Program Files\Git\cmd;C:\Program Files\Git\mingw64\bin;C:\Program Files\Git\usr\bin;C:\Python39\Scripts\;C:\Python39\;C:\Users\Alex\AppData\Local\Microsoft\WindowsApps;;C:\Program Files\JetBrains\IntelliJ IDEA Community Edition 2020.3.1\bin;;C:\Users\Alex\.dotnet\tools
USERNAME=Alex
OS=Windows_NT
PROCESSOR_IDENTIFIER=Intel64 Family 6 Model 158 Stepping 10, GenuineIntel



---------------  S Y S T E M  ---------------

OS: Windows 10.0 , 64 bit Build 19041 (10.0.19041.804)

CPU:total 12 (initial active 12) (6 cores per cpu, 2 threads per core) family 6 model 158 stepping 10, cmov, cx8, fxsr, mmx, sse, sse2, sse3, ssse3, sse4.1, sse4.2, popcnt, avx, avx2, aes, clmul, erms, 3dnowpref, lzcnt, ht, tsc, tscinvbit, bmi1, bmi2, adx

Memory: 4k page, physical 16622900k(5756344k free), swap 19910660k(5358428k free)

vm_info: OpenJDK 64-Bit Server VM (25.242-b01) for windows-amd64 JRE (1.8.0_242-release-1644-b01), built by "builder" with MS VC++ 10.0 (VS2010)

time: Mon Mar 01 16:53:39 2021
timezone: RTZ 2 (зима)
elapsed time: 2 seconds (0d 0h 0m 2s)

