JvmtiExport can_access_local_variables 0
JvmtiExport can_hotswap_or_post_breakpoint 0
JvmtiExport can_post_on_exceptions 0
# 423 ciObject found
ciMethod java/lang/Object <init> ()V 4097 1 4403842 0 0
ciMethod java/lang/Object toString ()Ljava/lang/String; 17 1 16 0 -1
ciMethod java/lang/CharSequence lambda$codePoints$1 ()Ljava/util/Spliterator$OfInt; 449 1 56 0 -1
ciMethod java/lang/String length ()I 4097 1 1187125 0 0
ciMethod java/lang/String isEmpty ()Z 3089 1 74329 0 -1
ciMethod java/lang/String charAt (I)C 4097 1 3633157 0 128
ciMethod java/lang/invoke/DirectMethodHandle internalMemberName (Ljava/lang/Object;)Ljava/lang/Object; 2057 1 287514 0 -1
ciMethod java/io/File <init> (Ljava/lang/String;)V 33033 1 15671 0 480
ciMethod java/io/File getPath ()Ljava/lang/String; 1057 1 132 0 0
ciMethod java/io/File getAbsolutePath ()Ljava/lang/String; 2049 1 29338 0 -1
ciMethod java/util/Collection spliterator ()Ljava/util/Spliterator; 73 1 9 0 -1
ciMethod java/util/Collection stream ()Ljava/util/stream/Stream; 2049 1 6401 0 416
ciMethod java/util/List isEmpty ()Z 0 0 1 0 -1
ciMethod java/util/List iterator ()Ljava/util/Iterator; 0 0 1 0 -1
ciMethod java/lang/Math abs (J)J 337 1 874 0 -1
ciMethod java/util/Objects requireNonNull (Ljava/lang/Object;)Ljava/lang/Object; 2153 1 421717 0 64
ciMethod java/util/Objects requireNonNull (Ljava/lang/Object;Ljava/lang/String;)Ljava/lang/Object; 2265 1 11321 0 0
ciMethod java/util/Iterator hasNext ()Z 0 0 1 0 -1
ciMethod java/util/Iterator next ()Ljava/lang/Object; 0 0 1 0 -1
ciMethod java/io/WinNTFileSystem isLetter (C)Z 2057 1 5888 0 0
ciMethod java/io/WinNTFileSystem normalize (Ljava/lang/String;)Ljava/lang/String; 809 16473 3585 0 19616
ciMethod java/io/WinNTFileSystem normalize (Ljava/lang/String;II)Ljava/lang/String; 329 30537 860 0 -1
ciMethod java/io/WinNTFileSystem prefixLength (Ljava/lang/String;)I 2049 1 5382 0 384
ciMethod java/io/FileSystem normalize (Ljava/lang/String;)Ljava/lang/String; 0 0 1 0 -1
ciMethod java/io/FileSystem prefixLength (Ljava/lang/String;)I 0 0 1 0 -1
ciMethod java/io/FileSystem resolve (Ljava/io/File;)Ljava/lang/String; 0 0 1 0 -1
ciMethod java/nio/file/Path toFile ()Ljava/io/File; 0 0 1 0 -1
ciMethod java/nio/file/Path toString ()Ljava/lang/String; 0 0 1 0 -1
ciMethodData java/lang/Object <init> ()V 2 4403842 orig 264 88 29 5 83 0 0 0 0 128 4 42 23 0 0 0 0 32 1 0 0 0 0 0 0 0 0 0 0 0 0 0 0 0 0 0 0 0 0 0 0 0 0 0 0 0 0 0 0 0 0 0 0 0 0 0 0 0 0 0 0 0 0 0 0 0 0 0 0 0 0 0 0 0 0 0 0 0 0 0 0 77 68 79 32 101 120 116 114 97 32 100 97 116 97 32 108 111 99 107 0 0 0 0 0 0 0 0 0 0 0 0 0 0 0 0 0 0 0 0 0 0 0 0 0 0 0 0 0 0 0 0 0 0 0 0 0 0 0 0 0 0 0 0 0 0 0 0 0 0 0 0 0 0 0 0 0 0 0 0 0 0 0 0 0 0 0 0 0 0 0 0 0 0 0 0 0 0 0 0 0 0 0 0 0 1 0 0 0 0 0 0 0 1 0 0 0 0 0 0 0 1 0 0 0 0 0 0 0 0 0 0 0 0 0 0 0 0 2 0 0 17 132 25 2 1 0 0 0 0 0 0 0 0 0 0 0 2 0 0 0 0 0 3 0 1 0 0 0 0 0 0 0 255 255 255 255 0 0 0 0 0 0 0 0 data 0 oops 0
ciMethodData java/lang/String charAt (I)C 2 3633157 orig 264 88 29 5 83 0 0 0 0 176 61 42 23 0 0 0 0 120 1 0 0 32 0 0 0 0 0 0 0 0 0 0 0 0 0 0 0 0 0 0 0 0 0 0 0 0 0 0 0 0 0 0 0 0 0 0 0 0 0 0 0 0 0 0 0 0 0 0 0 0 0 0 0 0 0 0 0 0 0 0 0 77 68 79 32 101 120 116 114 97 32 100 97 116 97 32 108 111 99 107 0 0 0 0 0 0 0 0 0 0 0 0 0 0 0 0 0 0 0 0 0 0 0 0 0 0 0 0 0 0 0 0 0 0 0 0 0 0 0 0 0 0 0 0 0 0 0 0 0 0 0 0 0 0 0 0 0 0 0 0 0 0 0 0 1 0 0 0 0 0 0 0 0 0 0 0 0 0 0 0 0 0 0 0 0 25 0 0 0 0 0 0 0 0 0 0 0 0 0 0 0 1 0 0 0 0 0 0 0 0 0 0 0 0 0 0 0 0 2 0 0 41 112 187 1 1 0 0 0 0 0 0 0 0 0 0 0 2 0 0 0 0 0 8 0 2 0 0 0 80 0 0 0 255 255 255 255 7 0 1 0 0 0 0 0 data 10 0x10007 0x0 0x40 0x376cac 0xa0007 0x376ff7 0x30 0x0 0x120002 0x0 oops 0
ciMethodData java/lang/String length ()I 2 1187125 orig 264 88 29 5 83 0 0 0 0 96 60 42 23 0 0 0 0 32 1 0 0 0 0 0 0 0 0 0 0 0 0 0 0 0 0 0 0 0 0 0 0 0 0 0 0 0 0 0 0 0 0 0 0 0 0 0 0 0 0 0 0 0 0 0 0 0 0 0 0 0 0 0 0 0 0 0 0 0 0 0 0 77 68 79 32 101 120 116 114 97 32 100 97 116 97 32 108 111 99 107 0 0 0 0 0 0 0 0 0 0 0 0 0 0 0 0 0 0 0 0 0 0 0 0 0 0 0 0 0 0 0 0 0 0 0 0 0 0 0 0 0 0 0 0 0 0 0 0 0 0 0 0 0 0 0 0 0 0 0 0 0 0 0 0 0 0 0 0 0 0 0 0 0 0 0 0 0 0 0 0 0 0 0 0 0 1 0 0 0 0 0 0 0 0 0 0 0 0 0 0 0 1 0 0 0 0 0 0 0 0 0 0 0 0 0 0 0 0 2 0 0 169 217 144 0 1 0 0 0 0 0 0 0 0 0 0 0 2 0 0 0 0 0 3 0 1 0 0 0 0 0 0 0 255 255 255 255 0 0 0 0 0 0 0 0 data 0 oops 0
ciMethod java/util/ArrayDeque spliterator ()Ljava/util/Spliterator; 4097 1 13585 0 0
ciMethod sun/nio/fs/WindowsPath toString ()Ljava/lang/String; 1153 1 144 0 0
ciMethod sun/nio/fs/AbstractPath toFile ()Ljava/io/File; 3145 1 14674 0 0
ciMethod java/lang/invoke/MethodHandle linkToStatic (Ljava/lang/Object;Ljava/lang/invoke/MemberName;)Ljava/lang/Object; 0 0 1 0 -1
ciMethodData java/util/Objects requireNonNull (Ljava/lang/Object;)Ljava/lang/Object; 2 421717 orig 264 88 29 5 83 0 0 0 0 56 25 61 23 0 0 0 0 80 1 0 0 0 0 0 0 0 0 0 0 0 0 0 0 0 0 0 0 0 0 0 0 0 0 0 0 0 0 0 0 0 0 0 0 0 0 0 0 0 0 0 0 0 0 0 0 0 0 0 0 0 0 0 0 0 0 0 0 0 0 0 0 77 68 79 32 101 120 116 114 97 32 100 97 116 97 32 108 111 99 107 0 0 0 0 0 0 0 0 0 0 0 0 0 0 0 0 0 0 0 0 0 0 0 0 0 0 0 0 0 0 0 0 0 0 0 0 0 0 0 0 0 0 0 0 0 0 0 0 0 0 0 0 0 0 0 0 0 0 0 0 0 0 0 0 0 0 0 0 0 0 0 0 0 0 0 0 0 0 0 0 0 0 0 0 0 27 0 0 0 0 0 0 0 0 0 0 0 0 0 0 0 1 0 0 0 0 0 0 0 1 0 0 0 0 0 0 0 13 1 0 0 65 114 51 0 1 0 0 0 0 0 0 0 0 0 0 0 2 0 0 0 0 0 5 0 2 0 0 0 48 0 0 0 255 255 255 255 7 0 1 0 0 0 0 0 data 6 0x10007 0x66ea3 0x30 0x0 0x80002 0x0 oops 0
ciMethod java/lang/invoke/MethodHandle invokeBasic (Ljava/lang/Object;)Ljava/lang/Object; 0 0 1 0 -1
ciMethod java/lang/invoke/MethodHandle invokeBasic ()Ljava/lang/Object; 0 0 1 0 -1
ciMethodData java/io/WinNTFileSystem normalize (Ljava/lang/String;)Ljava/lang/String; 2 122197 orig 264 88 29 5 83 0 0 0 0 0 141 64 23 0 0 0 0 64 3 0 0 8 1 0 0 0 0 0 0 0 0 0 0 0 0 0 0 0 0 0 0 0 0 0 0 0 0 0 0 0 0 0 0 0 0 0 0 0 0 0 0 0 0 0 0 0 0 0 0 0 0 0 0 0 0 0 0 0 0 0 0 77 68 79 32 101 120 116 114 97 32 100 97 116 97 32 108 111 99 107 0 0 0 0 0 0 0 0 0 0 0 0 0 0 0 0 0 0 0 0 0 0 0 0 0 0 0 0 0 0 0 0 0 0 0 0 0 0 0 0 0 0 0 0 0 2 0 0 0 0 0 0 0 0 0 0 0 0 0 0 0 0 0 0 0 0 0 0 0 0 0 0 0 0 0 0 0 0 0 0 2 0 0 0 0 17 0 0 0 0 0 0 0 0 0 0 0 0 0 0 0 0 0 0 0 0 0 0 0 2 0 0 0 0 0 0 0 11 8 0 0 225 108 0 0 81 170 14 0 63 7 0 0 92 211 0 0 2 0 0 0 1 0 31 0 2 0 0 0 240 1 0 0 255 255 255 255 5 0 1 0 0 0 0 0 data 62 0x10005 0x22 0x2a02360 0xd7a 0x0 0x0 0x190007 0xa6a 0x190 0x1d8fc 0x1f0005 0x34c 0x2a02360 0x1d5b1 0x0 0x0 0x280007 0x1d7b8 0x68 0x13b 0x310007 0x13b 0x38 0x0 0x380003 0x0 0x18 0x3d0002 0x13b 0x440007 0x1ba69 0x70 0x1d76 0x4ae007 0x1d36 0x50 0x41 0x500007 0x0 0x30 0x41 0x5a0002 0x41 0x620007 0x1d296 0x50 0x4f2 0x680007 0x33b 0x30 0x1b7 0x6f0002 0x1b7 0x7a0003 0x1d5c5 0xfffffffffffffe88 0x80e007 0xa5e 0x30 0xd 0x890002 0xd oops 2 2 java/lang/String 12 java/lang/String
ciMethodData java/io/WinNTFileSystem isLetter (C)Z 2 5888 orig 264 88 29 5 83 0 0 0 0 224 137 64 23 0 0 0 0 192 1 0 0 96 0 0 0 0 0 0 0 0 0 0 0 0 0 0 0 0 0 0 0 0 0 0 0 0 0 0 0 0 0 0 0 0 0 0 0 0 0 0 0 0 0 0 0 0 0 0 0 0 0 0 0 0 0 0 0 0 0 0 0 77 68 79 32 101 120 116 114 97 32 100 97 116 97 32 108 111 99 107 0 0 0 0 0 0 0 0 0 0 0 0 0 0 0 0 0 0 0 0 0 0 0 0 0 0 0 0 0 0 0 0 0 0 0 0 0 0 0 0 0 0 0 0 0 0 0 0 0 0 0 0 0 0 0 0 0 0 0 0 0 0 0 0 0 0 0 0 0 0 0 0 0 0 0 0 0 0 0 0 0 0 0 0 0 1 0 0 0 0 0 0 0 1 0 0 0 0 0 0 0 1 0 0 0 0 0 0 0 0 0 0 0 0 0 0 0 1 1 0 0 249 175 0 0 1 0 0 0 0 0 0 0 0 0 0 0 2 0 0 0 0 0 15 0 2 0 0 0 152 0 0 0 255 255 255 255 7 0 3 0 0 0 0 0 data 19 0x30007 0x15f4 0x40 0xb 0x90007 0xb 0x60 0x0 0xf0007 0x1 0x58 0x15f3 0x150007 0x0 0x38 0x15f3 0x190003 0x15fe 0x18 oops 0
ciMethodData java/io/WinNTFileSystem prefixLength (Ljava/lang/String;)I 2 5382 orig 264 88 29 5 83 0 0 0 0 176 144 64 23 0 0 0 0 56 3 0 0 232 0 0 0 0 0 0 0 0 0 0 0 0 0 0 0 0 0 0 0 0 0 0 0 0 0 0 0 0 0 0 0 0 0 0 0 0 0 0 0 0 0 0 0 0 0 0 0 0 0 0 0 0 0 0 0 0 0 0 0 77 68 79 32 101 120 116 114 97 32 100 97 116 97 32 108 111 99 107 0 0 0 0 0 0 0 0 0 0 0 0 0 0 0 0 0 0 0 0 0 0 0 0 0 0 0 0 0 0 0 0 0 0 0 0 0 0 0 0 0 0 0 0 0 0 0 0 0 0 0 0 0 0 0 0 0 0 0 0 0 0 0 0 0 0 0 0 0 0 0 0 0 0 0 0 0 0 0 0 1 0 0 0 0 17 0 0 0 0 0 0 0 0 0 0 0 0 0 0 0 3 0 0 0 0 0 0 0 0 0 0 0 0 0 0 0 0 1 0 0 49 160 0 0 1 0 0 0 6 20 0 0 0 0 0 0 2 0 0 0 0 0 47 0 2 0 0 0 232 1 0 0 255 255 255 255 5 0 6 0 0 0 0 0 data 61 0x60005 0x0 0x2a02360 0x1406 0x0 0x0 0xb0007 0x1406 0x20 0x0 0x120005 0x0 0x2a02360 0x1406 0x0 0x0 0x190007 0x1 0x68 0x1405 0x1e0005 0x0 0x2a02360 0x1405 0x0 0x0 0x210003 0x1405 0x18 0x2ae007 0x1406 0x40 0x1 0x300007 0x1 0x20 0x0 0x3a0002 0x1406 0x3d0007 0x1 0xb0 0x1405 0x440007 0xb 0x90 0x13fa 0x490007 0x0 0x70 0x13fa 0x4e0005 0x0 0x2a02360 0x13fa 0x0 0x0 0x520007 0x0 0x20 0x13fa oops 4 2 java/lang/String 12 java/lang/String 22 java/lang/String 53 java/lang/String
ciMethodData java/io/File <init> (Ljava/lang/String;)V 2 15671 orig 264 88 29 5 83 0 0 0 0 216 87 50 23 0 0 0 0 240 1 0 0 48 0 0 0 0 0 0 0 0 0 0 0 0 0 0 0 0 0 0 0 0 0 0 0 0 0 0 0 0 0 0 0 0 0 0 0 0 0 0 0 0 0 0 0 0 0 0 0 0 0 0 0 0 0 0 0 0 0 0 0 77 68 79 32 101 120 116 114 97 32 100 97 116 97 32 108 111 99 107 0 0 0 0 0 0 0 0 0 0 0 0 0 0 0 0 0 0 0 0 0 0 0 0 0 0 0 0 0 0 0 0 0 0 0 0 0 0 0 0 0 0 0 0 0 1 0 0 0 0 0 0 0 0 0 0 0 0 0 0 0 0 0 0 0 0 0 0 0 0 0 0 0 0 0 0 0 0 0 0 0 0 0 0 0 0 0 0 0 0 0 0 0 0 0 0 0 0 0 0 0 0 0 0 0 0 0 0 0 0 0 0 0 0 0 0 0 14 1 0 0 177 104 1 0 1 0 0 0 2 20 0 0 0 0 0 0 2 0 0 0 0 0 5 0 2 0 0 0 160 0 0 0 255 255 255 255 2 0 1 0 0 0 0 0 data 20 0x10002 0x2d16 0xa0007 0x2d17 0x30 0x0 0x110002 0x0 0x1a0005 0x0 0x22693580 0x2d1c 0x0 0x0 0x280005 0x0 0x22693580 0x2d24 0x0 0x0 oops 2 10 java/io/WinNTFileSystem 16 java/io/WinNTFileSystem
ciMethod java/util/concurrent/TimeUnit toMillis (J)J 0 0 1 0 -1
ciMethod java/util/concurrent/TimeUnit$2 toMillis (J)J 4097 1 1536 0 0
ciMethod java/util/function/Supplier get ()Ljava/lang/Object; 0 0 1 0 -1
ciMethodData java/util/Objects requireNonNull (Ljava/lang/Object;Ljava/lang/String;)Ljava/lang/Object; 2 11321 orig 264 88 29 5 83 0 0 0 0 216 25 61 23 0 0 0 0 88 1 0 0 0 0 0 0 0 0 0 0 0 0 0 0 0 0 0 0 0 0 0 0 0 0 0 0 0 0 0 0 0 0 0 0 0 0 0 0 0 0 0 0 0 0 0 0 0 0 0 0 0 0 0 0 0 0 0 0 0 0 0 0 77 68 79 32 101 120 116 114 97 32 100 97 116 97 32 108 111 99 107 0 0 0 0 0 0 0 0 0 0 0 0 0 0 0 0 0 0 0 0 0 0 0 0 0 0 0 0 0 0 0 0 0 0 0 0 0 0 0 0 0 0 0 0 0 0 0 0 0 0 0 0 0 0 0 0 0 0 0 0 0 0 0 0 0 0 0 0 0 0 0 0 0 0 0 0 0 0 0 0 0 0 0 0 0 0 0 0 0 0 0 0 0 0 0 0 0 0 0 0 0 0 0 0 0 0 0 0 0 0 0 0 0 0 0 0 0 27 1 0 0 241 88 1 0 1 0 0 0 0 0 0 0 0 0 0 0 2 0 0 0 0 0 5 0 2 0 0 0 48 0 0 0 255 255 255 255 7 0 1 0 0 0 0 0 data 6 0x10007 0x2b1e 0x30 0x0 0x90002 0x0 oops 0
ciMethod java/util/TreeMap access$300 (Ljava/util/TreeMap;)Ljava/util/Comparator; 1185 1 148 0 -1
ciMethod java/lang/invoke/LambdaForm$DMH invokeStatic_L_L (Ljava/lang/Object;Ljava/lang/Object;)Ljava/lang/Object; 2065 1 120013 0 -1
ciMethod java/lang/invoke/LambdaForm$MH identity_L (Ljava/lang/Object;)Ljava/lang/Object; 2049 1 198563 0 -1
ciMethodData java/lang/invoke/LambdaForm$MH identity_L (Ljava/lang/Object;)Ljava/lang/Object; 2 198563 orig 264 88 29 5 83 0 0 0 0 168 97 108 23 0 0 0 0 152 1 0 0 0 0 0 0 0 0 0 0 0 0 0 0 0 0 0 0 0 0 0 0 0 0 0 0 0 0 0 0 0 0 0 0 0 0 0 0 0 0 0 0 0 0 0 0 0 0 0 0 0 0 0 0 0 0 0 0 0 0 0 0 77 68 79 32 101 120 116 114 97 32 100 97 116 97 32 108 111 99 107 0 0 0 0 0 0 0 0 0 0 0 0 0 0 0 0 0 0 0 0 0 0 0 0 0 0 0 0 0 0 0 0 0 0 0 0 0 0 0 0 0 0 0 0 0 0 0 0 0 0 0 0 0 0 0 0 0 0 0 0 0 0 0 0 0 0 0 0 0 0 0 0 0 0 0 0 0 0 0 0 0 0 0 0 0 0 0 0 0 0 0 0 0 0 0 0 0 0 0 0 0 0 0 0 0 0 0 0 0 0 0 0 0 0 0 0 0 0 1 0 0 25 53 24 0 1 0 0 0 0 0 0 0 0 0 0 0 2 0 0 0 0 0 3 0 2 0 0 0 48 0 0 0 120 0 0 0 4 0 1 0 0 0 0 0 data 6 0x10004 0x0 0x1f8f2a90 0x1a5d 0x0 0x0 oops 1 2 java/lang/invoke/BoundMethodHandle$Species_L
ciMethod java/lang/invoke/LambdaForm$MH linkToTargetMethod (Ljava/lang/Object;)Ljava/lang/Object; 2049 1 198303 0 -1
ciMethod org/slf4j/Logger info (Ljava/lang/String;Ljava/lang/Object;Ljava/lang/Object;)V 0 0 1 0 -1
ciMethod com/google/common/collect/Interner intern (Ljava/lang/Object;)Ljava/lang/Object; 0 0 1 0 -1
ciMethod org/gradle/api/internal/cache/StringInterner intern (Ljava/lang/String;)Ljava/lang/String; 4097 1 45984 0 192
ciMethod org/gradle/api/internal/cache/StringInterner intern (Ljava/lang/Object;)Ljava/lang/Object; 4097 1 5702 0 192
ciMethodData java/io/File getAbsolutePath ()Ljava/lang/String; 2 29338 orig 264 88 29 5 83 0 0 0 0 128 95 50 23 0 0 0 0 120 1 0 0 0 0 0 0 0 0 0 0 0 0 0 0 0 0 0 0 0 0 0 0 0 0 0 0 0 0 0 0 0 0 0 0 0 0 0 0 0 0 0 0 0 0 0 0 0 0 0 0 0 0 0 0 0 0 0 0 0 0 0 0 77 68 79 32 101 120 116 114 97 32 100 97 116 97 32 108 111 99 107 0 0 0 0 0 0 0 0 0 0 0 0 0 0 0 0 0 0 0 0 0 0 0 0 0 0 0 0 0 0 0 0 0 0 0 0 0 0 0 0 0 0 0 0 0 0 0 0 0 0 0 0 0 0 0 0 0 0 0 0 0 0 0 0 0 0 0 0 0 0 0 0 0 0 0 0 0 0 0 0 0 0 0 0 0 0 0 0 0 0 0 0 0 0 0 0 0 0 0 0 0 0 0 0 0 0 0 0 0 0 0 0 0 0 0 0 0 0 1 0 0 209 140 3 0 1 0 0 0 0 0 0 0 0 0 0 0 2 0 0 0 0 0 3 0 2 0 0 0 48 0 0 0 255 255 255 255 5 0 4 0 0 0 0 0 data 6 0x40005 0x0 0x22693580 0x719d 0x0 0x0 oops 1 2 java/io/WinNTFileSystem
ciMethod java/util/SortedSet comparator ()Ljava/util/Comparator; 0 0 1 0 -1
ciMethod java/nio/file/attribute/FileTime <init> (JLjava/util/concurrent/TimeUnit;Ljava/time/Instant;)V 4097 1 8912 0 0
ciMethod java/nio/file/attribute/FileTime from (JLjava/util/concurrent/TimeUnit;)Ljava/nio/file/attribute/FileTime; 4097 1 8910 0 0
ciMethod java/nio/file/attribute/FileTime toMillis ()J 4097 1 8906 0 128
ciMethod java/lang/invoke/LambdaForm$MH linkToTargetMethod (Ljava/lang/Object;Ljava/lang/Object;)Ljava/lang/Object; 2049 1 120001 0 -1
ciMethod org/gradle/internal/vfs/AdditiveCacheLocations isInsideAdditiveCache (Ljava/lang/String;)Z 0 0 1 0 -1
ciMethod java/nio/file/attribute/BasicFileAttributes lastModifiedTime ()Ljava/nio/file/attribute/FileTime; 0 0 1 0 -1
ciMethod java/nio/file/attribute/BasicFileAttributes isRegularFile ()Z 0 0 1 0 -1
ciMethod java/nio/file/attribute/BasicFileAttributes size ()J 0 0 1 0 -1
ciMethod sun/nio/fs/WindowsFileAttributes toFileTime (J)Ljava/nio/file/attribute/FileTime; 4097 1 8908 0 0
ciMethod sun/nio/fs/WindowsFileAttributes size ()J 4097 1 8908 0 0
ciMethod sun/nio/fs/WindowsFileAttributes lastModifiedTime ()Ljava/nio/file/attribute/FileTime; 4097 1 8910 0 0
ciMethod sun/nio/fs/WindowsFileAttributes isSymbolicLink ()Z 4097 1 49098 0 64
ciMethod sun/nio/fs/WindowsFileAttributes isDirectory ()Z 4097 1 22126 0 0
ciMethod sun/nio/fs/WindowsFileAttributes isOther ()Z 4097 1 8911 0 0
ciMethod sun/nio/fs/WindowsFileAttributes isRegularFile ()Z 4097 1 8913 0 0
ciMethod java/util/Spliterator characteristics ()I 0 0 1 0 -1
ciMethod java/util/Spliterator hasCharacteristics (I)Z 0 0 1 0 -1
ciMethod java/util/Spliterator getComparator ()Ljava/util/Comparator; 0 0 1 0 -1
ciMethod org/gradle/api/internal/changedetection/state/FileTimeStampInspector timestampCanBeUsedToDetectFileChange (Ljava/lang/String;J)Z 4097 1 7801 0 -1
ciMethod org/gradle/internal/hash/FileHasher hash (Ljava/io/File;)Lorg/gradle/internal/hash/HashCode; 0 0 1 0 -1
ciMethod org/gradle/internal/hash/FileHasher hash (Ljava/io/File;JJ)Lorg/gradle/internal/hash/HashCode; 0 0 1 0 -1
ciMethod java/util/Optional empty ()Ljava/util/Optional; 3073 1 48626 0 0
ciMethod java/util/Optional orElse (Ljava/lang/Object;)Ljava/lang/Object; 4097 1 26835 0 64
ciMethodData java/lang/invoke/DirectMethodHandle internalMemberName (Ljava/lang/Object;)Ljava/lang/Object; 2 287514 orig 264 88 29 5 83 0 0 0 0 248 44 47 23 0 0 0 0 120 1 0 0 0 0 0 0 0 0 0 0 0 0 0 0 0 0 0 0 0 0 0 0 0 0 0 0 0 0 0 0 0 0 0 0 0 0 0 0 0 0 0 0 0 0 0 0 0 0 0 0 0 0 0 0 0 0 0 0 0 0 0 0 77 68 79 32 101 120 116 114 97 32 100 97 116 97 32 108 111 99 107 0 0 0 0 0 0 0 0 0 0 0 0 0 0 0 0 0 0 0 0 0 0 0 0 0 0 0 0 0 0 0 0 0 0 0 0 0 0 0 0 0 0 0 0 0 0 0 0 0 0 0 0 0 0 0 0 0 0 0 0 0 0 0 0 0 0 0 0 0 0 0 0 0 0 0 0 0 0 0 0 0 0 0 0 0 0 0 0 0 0 0 0 0 0 0 0 0 0 0 0 0 0 0 0 0 0 0 0 0 0 0 0 0 0 0 0 0 1 1 0 0 201 16 35 0 1 0 0 0 0 0 0 0 0 0 0 0 2 0 0 0 0 0 3 0 2 0 0 0 48 0 0 0 255 255 255 255 4 0 1 0 0 0 0 0 data 6 0x10004 0x0 0x17c935e0 0x68cc 0x0 0x0 oops 1 2 java/lang/invoke/DirectMethodHandle
ciMethod org/gradle/cache/PersistentIndexedCache get (Ljava/lang/Object;)Ljava/lang/Object; 0 0 1 0 -1
ciMethod org/gradle/cache/PersistentIndexedCache put (Ljava/lang/Object;Ljava/lang/Object;)V 0 0 1 0 -1
ciMethod org/gradle/internal/vfs/DefaultAdditiveCacheLocations isInsideAdditiveCache (Ljava/lang/String;)Z 4097 1 15891 0 0
ciMethod org/gradle/internal/file/FileHierarchySet contains (Ljava/lang/String;)Z 0 0 1 0 -1
ciMethod org/gradle/internal/file/DefaultFileHierarchySet$PrefixFileSet contains (Ljava/lang/String;)Z 4097 1 11197 0 96
ciMethod org/gradle/internal/file/DefaultFileHierarchySet$Node isChildOfOrThis (Ljava/lang/String;I)Z 3441 24721 4811 0 -1
ciMethod org/gradle/internal/file/DefaultFileHierarchySet$Node contains (Ljava/lang/String;I)Z 4097 1897 7784 0 3936
ciMethod com/google/common/collect/Interners$InternerImpl intern (Ljava/lang/Object;)Ljava/lang/Object; 4097 1 40642 0 11392
ciMethod com/google/common/collect/MapMakerInternalMap getEntry (Ljava/lang/Object;)Lcom/google/common/collect/MapMakerInternalMap$InternalEntry; 4097 1 40652 0 -1
ciMethod com/google/common/collect/MapMakerInternalMap putIfAbsent (Ljava/lang/Object;Ljava/lang/Object;)Ljava/lang/Object; 2089 1 11095 0 -1
ciMethod com/google/common/collect/MapMakerInternalMap$InternalEntry getKey ()Ljava/lang/Object; 0 0 1 0 -1
ciMethod org/gradle/api/internal/changedetection/state/CachingFileHasher hash (Ljava/io/File;JJ)Lorg/gradle/internal/hash/HashCode; 4097 1 7865 0 5216
ciMethod org/gradle/api/internal/changedetection/state/CachingFileHasher snapshot (Ljava/io/File;JJ)Lorg/gradle/api/internal/changedetection/state/CachingFileHasher$FileInfo; 4105 1 7864 0 -1
ciMethod java/util/stream/StreamSupport stream (Ljava/util/Spliterator;Z)Ljava/util/stream/Stream; 4473 1 6828 0 0
ciMethod java/util/stream/ReferencePipeline$Head <init> (Ljava/util/Spliterator;IZ)V 2817 1 6618 0 0
ciMethod java/util/stream/Stream filter (Ljava/util/function/Predicate;)Ljava/util/stream/Stream; 0 0 1 0 -1
ciMethod java/util/stream/Stream map (Ljava/util/function/Function;)Ljava/util/stream/Stream; 0 0 1 0 -1
ciMethod java/util/stream/Stream findFirst ()Ljava/util/Optional; 0 0 1 0 -1
ciMethod java/util/stream/ReferencePipeline <init> (Ljava/util/Spliterator;IZ)V 2817 1 6620 0 0
ciMethod java/util/stream/ReferencePipeline <init> (Ljava/util/stream/AbstractPipeline;I)V 3081 1 14876 0 0
ciMethod java/util/stream/ReferencePipeline filter (Ljava/util/function/Predicate;)Ljava/util/stream/Stream; 449 1 18001 0 352
ciMethod java/util/stream/ReferencePipeline map (Ljava/util/function/Function;)Ljava/util/stream/Stream; 425 1 31943 0 352
ciMethod java/util/stream/ReferencePipeline findFirst ()Ljava/util/Optional; 4097 1 13836 0 0
ciMethod java/util/stream/AbstractPipeline <init> (Ljava/util/Spliterator;IZ)V 2817 1 6497 0 96
ciMethod java/util/stream/AbstractPipeline <init> (Ljava/util/stream/AbstractPipeline;I)V 3089 1 7563 0 352
ciMethod java/util/stream/AbstractPipeline evaluate (Ljava/util/stream/TerminalOp;)Ljava/lang/Object; 2049 1 6401 0 544
ciMethod java/util/stream/AbstractPipeline isParallel ()Z 2097 1 22110 0 0
ciMethod java/util/stream/AbstractPipeline sourceSpliterator (I)Ljava/util/Spliterator; 2049 1 6400 0 320
ciMethod java/util/stream/AbstractPipeline getOutputShape ()Ljava/util/stream/StreamShape; 0 0 1 0 -1
ciMethod java/util/stream/AbstractPipeline opIsStateful ()Z 0 0 1 0 -1
ciMethod java/util/stream/AbstractPipeline opEvaluateParallelLazy (Ljava/util/stream/PipelineHelper;Ljava/util/Spliterator;)Ljava/util/Spliterator; 0 0 1 0 -1
ciMethod java/util/stream/PipelineHelper <init> ()V 4097 1 14113 0 0
ciMethod org/gradle/internal/snapshot/impl/DirectorySnapshotter access$100 ()Lorg/slf4j/Logger; 0 0 3 0 0
ciMethod java/util/stream/StreamOpFlag isKnown (I)Z 2049 1 6768 0 -1
ciMethod java/util/stream/StreamOpFlag getMask (I)I 2049 1 11095 0 0
ciMethod java/util/stream/StreamOpFlag combineOpFlags (II)I 2049 1 11092 0 0
ciMethod java/util/stream/StreamOpFlag fromCharacteristics (Ljava/util/Spliterator;)I 2817 1 6496 0 160
ciMethod java/util/stream/TerminalOp inputShape ()Ljava/util/stream/StreamShape; 0 0 1 0 -1
ciMethod java/util/stream/TerminalOp getOpFlags ()I 33 1 4 0 -1
ciMethod java/util/stream/TerminalOp evaluateParallel (Ljava/util/stream/PipelineHelper;Ljava/util/Spliterator;)Ljava/lang/Object; 0 0 1 0 -1
ciMethod java/util/stream/TerminalOp evaluateSequential (Ljava/util/stream/PipelineHelper;Ljava/util/Spliterator;)Ljava/lang/Object; 0 0 1 0 -1
ciMethod java/util/stream/ReferencePipeline$3 <init> (Ljava/util/stream/ReferencePipeline;Ljava/util/stream/AbstractPipeline;Ljava/util/stream/StreamShape;ILjava/util/function/Function;)V 425 1 31947 0 0
ciMethod java/util/stream/ReferencePipeline$StatelessOp <init> (Ljava/util/stream/AbstractPipeline;Ljava/util/stream/StreamShape;I)V 617 1 14851 0 256
ciMethod java/util/stream/ReferencePipeline$StatelessOp opIsStateful ()Z 1025 1 128 0 0
ciMethod org/gradle/api/internal/changedetection/state/SplitFileHasher hash (Ljava/io/File;JJ)Lorg/gradle/internal/hash/HashCode; 3073 1 2766 0 0
ciMethod java/time/Instant getEpochSecond ()J 9 1 3 0 -1
ciMethod java/time/Instant getNano ()I 25 1 3 0 -1
ciMethodData org/gradle/internal/snapshot/impl/DirectorySnapshotter$PathVisitor$$Lambda$109 get$Lambda (Ljava/lang/String;)Ljava/util/function/Function; 2 13586 orig 264 88 29 5 83 0 0 0 0 208 38 8 35 0 0 0 0 48 1 0 0 0 0 0 0 0 0 0 0 0 0 0 0 0 0 0 0 0 0 0 0 0 0 0 0 0 0 0 0 0 0 0 0 0 0 0 0 0 0 0 0 0 0 0 0 0 0 0 0 0 0 0 0 0 0 0 0 0 0 0 0 77 68 79 32 101 120 116 114 97 32 100 97 116 97 32 108 111 99 107 0 0 0 0 0 0 0 0 0 0 0 0 0 0 0 0 0 0 0 0 0 0 0 0 0 0 0 0 0 0 0 0 0 0 0 0 0 0 0 0 0 0 0 0 0 0 0 0 0 0 0 0 0 0 0 0 0 0 0 0 0 0 0 0 0 0 0 0 0 0 0 0 0 0 0 0 0 0 0 0 0 0 0 0 0 0 0 0 0 0 0 0 0 0 0 0 0 0 0 0 0 0 0 0 0 0 0 0 0 0 0 0 0 0 0 0 0 0 2 0 0 145 152 1 0 1 0 0 0 0 0 0 0 0 0 0 0 2 0 0 0 0 0 3 0 2 0 0 0 16 0 0 0 255 255 255 255 2 0 5 0 0 0 0 0 data 2 0x50002 0x3314 oops 0
ciMethodData org/gradle/internal/snapshot/impl/DirectorySnapshotter$PathVisitor$$Lambda$109 <init> (Ljava/lang/String;)V 2 13588 orig 264 88 29 5 83 0 0 0 0 56 38 8 35 0 0 0 0 56 1 0 0 0 0 0 0 0 0 0 0 0 0 0 0 0 0 0 0 0 0 0 0 0 0 0 0 0 0 0 0 0 0 0 0 0 0 0 0 0 0 0 0 0 0 0 0 0 0 0 0 0 0 0 0 0 0 0 0 0 0 0 0 77 68 79 32 101 120 116 114 97 32 100 97 116 97 32 108 111 99 107 0 0 0 0 0 0 0 0 0 0 0 0 0 0 0 0 0 0 0 0 0 0 0 0 0 0 0 0 0 0 0 0 0 0 0 0 0 0 0 0 0 0 0 0 0 0 0 0 0 0 0 0 0 0 0 0 0 0 0 0 0 0 0 0 0 0 0 0 0 0 0 0 0 0 0 0 0 0 0 0 0 0 0 0 0 0 0 0 0 0 0 0 0 0 0 0 0 0 0 0 0 0 0 0 0 0 0 0 0 0 0 0 0 0 0 0 0 0 2 0 0 161 152 1 0 1 0 0 0 0 0 0 0 0 0 0 0 2 0 0 0 0 0 3 0 2 0 0 0 16 0 0 0 255 255 255 255 2 0 1 0 0 0 0 0 data 2 0x10002 0x3314 oops 0
ciMethod java/util/ArrayDeque$DeqSpliterator <init> (Ljava/util/ArrayDeque;II)V 4097 1 13584 0 0
ciMethod java/util/stream/ReferencePipeline$2 <init> (Ljava/util/stream/ReferencePipeline;Ljava/util/stream/AbstractPipeline;Ljava/util/stream/StreamShape;ILjava/util/function/Predicate;)V 449 1 18001 0 0
ciMethod java/util/stream/FindOps makeRef (Z)Ljava/util/stream/TerminalOp; 4097 1 13837 0 0
ciMethod java/util/stream/FindOps$FindOp <init> (ZLjava/util/stream/StreamShape;Ljava/lang/Object;Ljava/util/function/Predicate;Ljava/util/function/Supplier;)V 4097 1 13827 0 96
ciMethod org/gradle/internal/file/FileMetadata getAccessType ()Lorg/gradle/internal/file/FileMetadata$AccessType; 0 0 1 0 -1
ciMethod org/gradle/internal/file/impl/DefaultFileMetadata <init> (Lorg/gradle/internal/file/FileType;JJLorg/gradle/internal/file/FileMetadata$AccessType;)V 4097 1 11755 0 0
ciMethod org/gradle/internal/file/impl/DefaultFileMetadata file (JJLorg/gradle/internal/file/FileMetadata$AccessType;)Lorg/gradle/internal/file/FileMetadata; 4097 1 11748 0 0
ciMethod org/gradle/internal/file/impl/DefaultFileMetadata getAccessType ()Lorg/gradle/internal/file/FileMetadata$AccessType; 1153 1 144 0 0
ciMethod org/gradle/internal/snapshot/impl/DirectorySnapshotter$PathVisitor remapAbsolutePath (Ljava/nio/file/Path;)Ljava/lang/String; 4097 1 13595 0 0
ciMethod org/gradle/internal/snapshot/impl/DirectorySnapshotter$PathVisitor snapshotFile (Ljava/nio/file/Path;Ljava/lang/String;Ljava/nio/file/attribute/BasicFileAttributes;Lorg/gradle/internal/file/FileMetadata$AccessType;)Lorg/gradle/internal/snapshot/CompleteFileSystemLocationSnapshot; 4097 1 8904 0 -1
ciMethod org/gradle/internal/snapshot/impl/DirectorySnapshotter$PathVisitor intern (Ljava/lang/String;)Ljava/lang/String; 4097 1 24057 0 0
ciMethod org/gradle/internal/snapshot/AbstractCompleteFileSystemLocationSnapshot <init> (Ljava/lang/String;Ljava/lang/String;Lorg/gradle/internal/file/FileMetadata$AccessType;)V 2217 1 15800 0 0
ciMethod org/gradle/internal/snapshot/impl/DirectorySnapshotter$PathVisitor$$Lambda$109 <init> (Ljava/lang/String;)V 4097 1 13588 0 0
ciMethod org/gradle/internal/snapshot/impl/DirectorySnapshotter$PathVisitor$$Lambda$109 get$Lambda (Ljava/lang/String;)Ljava/util/function/Function; 4097 1 13586 0 0
ciMethod org/gradle/api/internal/changedetection/state/CachingFileHasher$FileInfo <init> (Lorg/gradle/internal/hash/HashCode;JJ)V 4097 1 4102 0 -1
ciMethod org/gradle/api/internal/changedetection/state/CachingFileHasher$FileInfo getHash ()Lorg/gradle/internal/hash/HashCode; 1153 1 144 0 -1
ciMethod org/gradle/api/internal/changedetection/state/CachingFileHasher$FileInfo access$100 (Lorg/gradle/api/internal/changedetection/state/CachingFileHasher$FileInfo;)J 4097 1 8315 0 -1
ciMethod org/gradle/api/internal/changedetection/state/CachingFileHasher$FileInfo access$200 (Lorg/gradle/api/internal/changedetection/state/CachingFileHasher$FileInfo;)J 4097 1 8311 0 -1
ciMethod org/gradle/internal/snapshot/RegularFileSnapshot <init> (Ljava/lang/String;Ljava/lang/String;Lorg/gradle/internal/hash/HashCode;Lorg/gradle/internal/file/FileMetadata;)V 4097 1 10907 0 0
ciMethodData java/lang/invoke/LambdaForm$MH linkToTargetMethod (Ljava/lang/Object;Ljava/lang/Object;)Ljava/lang/Object; 2 120001 orig 264 88 29 5 83 0 0 0 0 176 185 166 23 0 0 0 0 0 2 0 0 0 0 0 0 0 0 0 0 0 0 0 0 0 0 0 0 0 0 0 0 0 0 0 0 0 0 0 0 0 0 0 0 0 0 0 0 0 0 0 0 0 0 0 0 0 0 0 0 0 0 0 0 0 0 0 0 0 0 0 0 77 68 79 32 101 120 116 114 97 32 100 97 116 97 32 108 111 99 107 0 0 0 0 0 0 0 0 0 0 0 0 0 0 0 0 0 0 0 0 0 0 0 0 0 0 0 0 0 0 0 0 0 0 0 0 0 0 0 0 0 0 0 0 0 0 0 0 0 0 0 0 0 0 0 0 0 0 0 0 0 0 0 0 0 0 0 0 0 0 0 0 0 0 0 0 0 0 0 0 0 0 0 0 0 0 0 0 0 0 0 0 0 0 0 0 0 0 0 0 0 0 0 0 0 0 0 0 0 0 0 0 0 0 0 0 0 0 1 0 0 9 158 14 0 1 0 0 0 0 0 0 0 0 0 0 0 2 0 0 0 0 0 3 0 2 0 0 0 128 0 0 0 208 0 0 0 4 0 1 0 0 0 0 0 data 16 0x10004 0x0 0x17c935e0 0x189c 0x0 0x0 0x5000b 0x1bb3a 0x17c935e0 0x189a 0x0 0x0 0x3 0x1 0x2 0x2 oops 2 2 java/lang/invoke/DirectMethodHandle 8 java/lang/invoke/DirectMethodHandle
ciMethodData java/lang/invoke/LambdaForm$DMH invokeStatic_L_L (Ljava/lang/Object;Ljava/lang/Object;)Ljava/lang/Object; 2 120013 orig 264 88 29 5 83 0 0 0 0 248 65 107 23 0 0 0 0 32 2 0 0 96 0 0 0 0 0 0 0 0 0 0 0 0 0 0 0 0 0 0 0 0 0 0 0 0 0 0 0 0 0 0 0 0 0 0 0 0 0 0 0 0 0 0 0 0 0 0 0 0 0 0 0 0 0 0 0 0 0 0 0 77 68 79 32 101 120 116 114 97 32 100 97 116 97 32 108 111 99 107 0 0 0 0 0 0 0 0 0 0 0 0 0 0 0 0 0 0 0 0 0 0 0 0 0 0 0 0 0 0 0 0 0 0 0 0 0 0 0 0 0 0 0 0 0 0 0 0 0 0 0 0 0 0 0 0 0 0 0 0 0 0 0 0 0 0 0 0 0 0 0 0 0 0 0 0 0 0 0 0 0 0 0 0 0 0 0 0 0 0 0 0 0 0 0 0 0 0 0 0 0 0 0 0 0 0 0 0 0 0 0 0 0 0 0 0 0 2 1 0 0 89 158 14 0 1 0 0 0 0 0 0 0 0 0 0 0 2 0 0 0 0 0 3 0 2 0 0 0 160 0 0 0 240 0 0 0 10 0 1 0 0 0 0 0 data 20 0x1000a 0x1d3df 0x3 0x0 0x17c935e0 0x17c93700 0x70004 0x0 0x0 0x0 0x0 0x0 0xa000a 0x1d3dd 0x5 0x0 0x2 0x1 0x17c93700 0x2 oops 0
ciMethodData java/lang/invoke/LambdaForm$MH linkToTargetMethod (Ljava/lang/Object;)Ljava/lang/Object; 2 198303 orig 264 88 29 5 83 0 0 0 0 168 101 108 23 0 0 0 0 216 1 0 0 0 0 0 0 0 0 0 0 0 0 0 0 0 0 0 0 0 0 0 0 0 0 0 0 0 0 0 0 0 0 0 0 0 0 0 0 0 0 0 0 0 0 0 0 0 0 0 0 0 0 0 0 0 0 0 0 0 0 0 0 77 68 79 32 101 120 116 114 97 32 100 97 116 97 32 108 111 99 107 0 0 0 0 0 0 0 0 0 0 0 0 0 0 0 0 0 0 0 0 0 0 0 0 0 0 0 0 0 0 0 0 0 0 0 0 0 0 0 0 0 0 0 0 0 0 0 0 0 0 0 0 0 0 0 0 0 0 0 0 0 0 0 0 0 0 0 0 0 0 0 0 0 0 0 0 0 0 0 0 0 0 0 0 0 0 0 0 0 0 0 0 0 0 0 0 0 0 0 0 0 0 0 0 0 0 0 0 0 0 0 0 0 0 0 0 0 0 1 0 0 249 44 24 0 1 0 0 0 0 0 0 0 0 0 0 0 2 0 0 0 0 0 3 0 2 0 0 0 112 0 0 0 184 0 0 0 4 0 1 0 0 0 0 0 data 14 0x10004 0x0 0x1f8f2a90 0x196e 0x0 0x0 0x4000b 0x2ec50 0x1f8f2a90 0x1971 0x0 0x0 0x1 0x2 oops 2 2 java/lang/invoke/BoundMethodHandle$Species_L 8 java/lang/invoke/BoundMethodHandle$Species_L
ciMethodData java/util/Optional empty ()Ljava/util/Optional; 2 48626 orig 264 88 29 5 83 0 0 0 0 112 129 92 30 0 0 0 0 24 1 0 0 0 0 0 0 0 0 0 0 0 0 0 0 0 0 0 0 0 0 0 0 0 0 0 0 0 0 0 0 0 0 0 0 0 0 0 0 0 0 0 0 0 0 0 0 0 0 0 0 0 0 0 0 0 0 0 0 0 0 0 0 77 68 79 32 101 120 116 114 97 32 100 97 116 97 32 108 111 99 107 0 0 0 0 0 0 0 0 0 0 0 0 0 0 0 0 0 0 0 0 0 0 0 0 0 0 0 0 0 0 0 0 0 0 0 0 0 0 0 0 0 0 0 0 0 0 0 0 0 0 0 0 0 0 0 0 0 0 0 0 0 0 0 0 0 0 0 0 0 0 0 0 0 0 0 0 0 0 0 0 0 0 0 0 0 0 0 0 0 0 0 0 0 0 0 0 0 0 0 0 0 0 0 0 0 0 0 0 0 0 0 0 0 0 0 0 0 128 1 0 0 145 227 5 0 1 0 0 0 0 0 0 0 0 0 0 0 2 0 0 0 0 0 3 0 1 0 0 0 0 0 0 0 255 255 255 255 0 0 0 0 0 0 0 0 data 0 oops 0
ciMethodData java/util/stream/ReferencePipeline map (Ljava/util/function/Function;)Ljava/util/stream/Stream; 2 31943 orig 264 88 29 5 83 0 0 0 0 104 43 217 30 0 0 0 0 112 1 0 0 0 0 0 0 0 0 0 0 0 0 0 0 0 0 0 0 0 0 0 0 0 0 0 0 0 0 0 0 0 0 0 0 0 0 0 0 0 0 0 0 0 0 0 0 0 0 0 0 0 0 0 0 0 0 0 0 0 0 0 0 77 68 79 32 101 120 116 114 97 32 100 97 116 97 32 108 111 99 107 0 0 0 0 0 0 0 0 0 0 0 0 0 0 0 0 0 0 0 0 0 0 0 0 0 0 0 0 0 0 0 0 0 0 0 0 0 0 0 0 0 0 0 0 0 0 0 0 0 0 0 0 0 0 0 0 0 0 0 0 0 0 0 0 0 0 0 0 0 0 0 0 0 0 0 0 0 0 0 0 0 0 0 0 0 0 0 0 0 0 0 0 0 0 0 0 0 0 0 0 0 0 0 0 0 0 0 0 0 0 0 0 0 0 0 0 0 53 0 0 0 145 228 3 0 1 0 0 0 0 0 0 0 0 0 0 0 2 0 0 0 0 0 9 0 2 0 0 0 32 0 0 0 255 255 255 255 2 0 1 0 0 0 0 0 data 4 0x10002 0x7c96 0x160002 0x7c93 oops 0
ciMethodData java/util/stream/ReferencePipeline$3 <init> (Ljava/util/stream/ReferencePipeline;Ljava/util/stream/AbstractPipeline;Ljava/util/stream/StreamShape;ILjava/util/function/Function;)V 2 31947 orig 264 88 29 5 83 0 0 0 0 208 111 80 33 0 0 0 0 88 1 0 0 0 0 0 0 0 0 0 0 0 0 0 0 0 0 0 0 0 0 0 0 0 0 0 0 0 0 0 0 0 0 0 0 0 0 0 0 0 0 0 0 0 0 0 0 0 0 0 0 0 0 0 0 0 0 0 0 0 0 0 0 77 68 79 32 101 120 116 114 97 32 100 97 116 97 32 108 111 99 107 0 0 0 0 0 0 0 0 0 0 0 0 0 0 0 0 0 0 0 0 0 0 0 0 0 0 0 0 0 0 0 0 0 0 0 0 0 0 0 0 0 0 0 0 0 0 0 0 0 0 0 0 0 0 0 0 0 0 0 0 0 0 0 0 0 0 0 0 0 0 0 0 0 0 0 0 0 0 0 0 0 0 0 0 0 0 0 0 0 0 0 0 0 0 0 0 0 0 0 0 0 0 0 0 0 0 0 0 0 0 0 0 0 0 0 0 0 53 0 0 0 177 228 3 0 1 0 0 0 0 0 0 0 0 0 0 0 2 0 0 0 0 0 5 0 2 0 0 0 16 0 0 0 255 255 255 255 2 0 16 0 0 0 0 0 data 2 0x100002 0x7c9f oops 0
ciMethodData java/util/stream/ReferencePipeline$StatelessOp <init> (Ljava/util/stream/AbstractPipeline;Ljava/util/stream/StreamShape;I)V 2 14851 orig 264 88 29 5 83 0 0 0 0 184 115 80 33 0 0 0 0 240 1 0 0 0 0 0 0 0 0 0 0 0 0 0 0 0 0 0 0 0 0 0 0 0 0 0 0 0 0 0 0 0 0 0 0 0 0 0 0 0 0 0 0 0 0 0 0 0 0 0 0 0 0 0 0 0 0 0 0 0 0 0 0 77 68 79 32 101 120 116 114 97 32 100 97 116 97 32 108 111 99 107 0 0 0 0 0 0 0 0 0 0 0 0 0 0 0 0 0 0 0 0 0 0 0 0 0 0 0 0 0 0 0 0 0 0 0 0 0 0 0 0 0 0 0 0 0 1 0 0 0 0 0 0 0 0 0 0 0 0 0 0 0 0 0 0 0 0 0 0 0 0 0 0 0 0 0 0 0 0 0 0 0 0 0 0 0 0 0 0 0 0 0 0 0 0 0 0 0 0 0 0 0 0 0 0 0 0 0 0 0 0 0 0 0 0 0 0 0 77 0 0 0 177 205 1 0 1 0 0 0 153 29 0 0 0 0 0 0 2 0 0 0 0 0 4 0 2 0 0 0 144 0 0 0 255 255 255 255 2 0 3 0 0 0 0 0 data 18 0x30002 0x39b7 0x90007 0x39c3 0x80 0x0 0xd0005 0x0 0x0 0x0 0x0 0x0 0x110007 0x0 0x30 0x0 0x180002 0x0 oops 0
ciMethodData java/util/stream/AbstractPipeline isParallel ()Z 2 22110 orig 264 88 29 5 83 0 0 0 0 232 91 217 30 0 0 0 0 32 1 0 0 0 0 0 0 0 0 0 0 0 0 0 0 0 0 0 0 0 0 0 0 0 0 0 0 0 0 0 0 0 0 0 0 0 0 0 0 0 0 0 0 0 0 0 0 0 0 0 0 0 0 0 0 0 0 0 0 0 0 0 0 77 68 79 32 101 120 116 114 97 32 100 97 116 97 32 108 111 99 107 0 0 0 0 0 0 0 0 0 0 0 0 0 0 0 0 0 0 0 0 0 0 0 0 0 0 0 0 0 0 0 0 0 0 0 0 0 0 0 0 0 0 0 0 0 0 0 0 0 0 0 0 0 0 0 0 0 0 0 0 0 0 0 0 0 0 0 0 0 0 0 0 0 0 0 0 0 0 0 0 0 0 0 0 0 0 0 0 0 0 0 0 0 0 0 0 0 0 0 0 0 0 0 0 0 0 0 0 0 0 0 0 0 0 0 0 0 6 1 0 0 193 170 2 0 1 0 0 0 0 0 0 0 0 0 0 0 2 0 0 0 0 0 3 0 1 0 0 0 0 0 0 0 255 255 255 255 0 0 0 0 0 0 0 0 data 0 oops 0
ciMethodData java/util/stream/StreamOpFlag combineOpFlags (II)I 2 11092 orig 264 88 29 5 83 0 0 0 0 160 212 221 30 0 0 0 0 96 1 0 0 0 0 0 0 0 0 0 0 0 0 0 0 0 0 0 0 0 0 0 0 0 0 0 0 0 0 0 0 0 0 0 0 0 0 0 0 0 0 0 0 0 0 0 0 0 0 0 0 0 0 0 0 0 0 0 0 0 0 0 0 77 68 79 32 101 120 116 114 97 32 100 97 116 97 32 108 111 99 107 0 0 0 0 0 0 0 0 0 0 0 0 0 0 0 0 0 0 0 0 0 0 0 0 0 0 0 0 0 0 0 0 0 0 0 0 0 0 0 0 0 0 0 0 0 0 0 0 0 0 0 0 0 0 0 0 0 0 0 0 0 0 0 0 0 0 0 0 0 0 0 0 0 0 0 0 0 0 0 0 0 0 0 0 0 0 0 0 0 0 0 0 0 0 0 0 0 0 0 0 0 0 0 0 0 0 0 0 0 0 0 0 0 0 0 0 0 0 1 0 0 161 82 1 0 1 0 0 0 84 42 0 0 0 0 0 0 2 0 0 0 0 0 7 0 2 0 0 0 16 0 0 0 255 255 255 255 2 0 2 0 0 0 0 0 data 2 0x20002 0x2a57 oops 0
ciMethodData java/util/stream/StreamOpFlag getMask (I)I 2 11095 orig 264 88 29 5 83 0 0 0 0 8 212 221 30 0 0 0 0 88 1 0 0 0 0 0 0 0 0 0 0 0 0 0 0 0 0 0 0 0 0 0 0 0 0 0 0 0 0 0 0 0 0 0 0 0 0 0 0 0 0 0 0 0 0 0 0 0 0 0 0 0 0 0 0 0 0 0 0 0 0 0 0 77 68 79 32 101 120 116 114 97 32 100 97 116 97 32 108 111 99 107 0 0 0 0 0 0 0 0 0 0 0 0 0 0 0 0 0 0 0 0 0 0 0 0 0 0 0 0 0 0 0 0 0 0 0 0 0 0 0 0 0 0 0 0 0 0 0 0 0 0 0 0 0 0 0 0 0 0 0 0 0 0 0 0 0 0 0 0 0 0 0 0 0 0 0 0 0 0 0 0 1 0 0 0 0 0 0 0 0 0 0 0 0 0 0 0 0 0 0 0 0 0 0 0 0 0 0 0 0 0 0 0 0 0 0 0 0 0 1 0 0 185 82 1 0 1 0 0 0 87 42 0 0 0 0 0 0 2 0 0 0 0 0 0 0 0 0 0 0 56 0 0 0 255 255 255 255 7 224 1 0 0 0 0 0 data 7 0x1e007 0x2a56 0x38 0x1 0x70003 0x1 0x18 oops 0
ciMethodData java/util/stream/ReferencePipeline filter (Ljava/util/function/Predicate;)Ljava/util/stream/Stream; 2 18001 orig 264 88 29 5 83 0 0 0 0 184 42 217 30 0 0 0 0 112 1 0 0 0 0 0 0 0 0 0 0 0 0 0 0 0 0 0 0 0 0 0 0 0 0 0 0 0 0 0 0 0 0 0 0 0 0 0 0 0 0 0 0 0 0 0 0 0 0 0 0 0 0 0 0 0 0 0 0 0 0 0 0 77 68 79 32 101 120 116 114 97 32 100 97 116 97 32 108 111 99 107 0 0 0 0 0 0 0 0 0 0 0 0 0 0 0 0 0 0 0 0 0 0 0 0 0 0 0 0 0 0 0 0 0 0 0 0 0 0 0 0 0 0 0 0 0 0 0 0 0 0 0 0 0 0 0 0 0 0 0 0 0 0 0 0 0 0 0 0 0 0 0 0 0 0 0 0 0 0 0 0 0 0 0 0 0 0 0 0 0 0 0 0 0 0 0 0 0 0 0 0 0 0 0 0 0 0 0 0 0 0 0 0 0 0 0 0 0 56 0 0 0 201 48 2 0 1 0 0 0 0 0 0 0 0 0 0 0 2 0 0 0 0 0 9 0 2 0 0 0 32 0 0 0 255 255 255 255 2 0 1 0 0 0 0 0 data 4 0x10002 0x461f 0x120002 0x461e oops 0
ciMethodData java/util/stream/ReferencePipeline$2 <init> (Ljava/util/stream/ReferencePipeline;Ljava/util/stream/AbstractPipeline;Ljava/util/stream/StreamShape;ILjava/util/function/Predicate;)V 2 18001 orig 264 88 29 5 83 0 0 0 0 192 197 5 35 0 0 0 0 88 1 0 0 0 0 0 0 0 0 0 0 0 0 0 0 0 0 0 0 0 0 0 0 0 0 0 0 0 0 0 0 0 0 0 0 0 0 0 0 0 0 0 0 0 0 0 0 0 0 0 0 0 0 0 0 0 0 0 0 0 0 0 0 77 68 79 32 101 120 116 114 97 32 100 97 116 97 32 108 111 99 107 0 0 0 0 0 0 0 0 0 0 0 0 0 0 0 0 0 0 0 0 0 0 0 0 0 0 0 0 0 0 0 0 0 0 0 0 0 0 0 0 0 0 0 0 0 0 0 0 0 0 0 0 0 0 0 0 0 0 0 0 0 0 0 0 0 0 0 0 0 0 0 0 0 0 0 0 0 0 0 0 0 0 0 0 0 0 0 0 0 0 0 0 0 0 0 0 0 0 0 0 0 0 0 0 0 0 0 0 0 0 0 0 0 0 0 0 0 56 0 0 0 201 48 2 0 1 0 0 0 0 0 0 0 0 0 0 0 2 0 0 0 0 0 5 0 2 0 0 0 16 0 0 0 255 255 255 255 2 0 16 0 0 0 0 0 data 2 0x100002 0x4615 oops 0
ciMethodData java/util/stream/AbstractPipeline evaluate (Ljava/util/stream/TerminalOp;)Ljava/lang/Object; 2 6401 orig 264 88 29 5 83 0 0 0 0 136 85 217 30 0 0 0 0 120 3 0 0 160 1 0 0 0 0 0 0 0 0 0 0 0 0 0 0 0 0 0 0 0 0 0 0 0 0 0 0 0 0 0 0 0 0 0 0 0 0 0 0 0 0 0 0 0 0 0 0 0 0 0 0 0 0 0 0 0 0 0 0 77 68 79 32 101 120 116 114 97 32 100 97 116 97 32 108 111 99 107 0 0 0 0 0 0 0 0 0 0 0 0 0 0 0 0 0 0 0 0 0 0 0 0 0 0 0 0 0 0 0 0 0 0 0 0 0 0 0 0 0 0 0 0 0 0 0 0 0 0 0 0 0 0 0 0 0 0 0 0 0 0 0 0 0 0 0 0 0 0 0 0 0 0 0 0 0 0 0 0 0 0 0 0 0 0 0 0 0 0 0 0 0 0 0 0 0 0 0 0 0 0 0 0 0 0 0 0 0 0 0 0 0 0 0 0 0 0 1 0 0 9 192 0 0 1 0 0 0 0 0 0 0 0 0 0 0 2 0 0 0 0 0 9 0 2 0 0 0 40 2 0 0 255 255 255 255 7 0 3 0 0 0 0 0 data 69 0x30007 0x1800 0xb0 0x0 0x70005 0x0 0x0 0x0 0x0 0x0 0xb0005 0x0 0x0 0x0 0x0 0x0 0x100007 0x0 0x30 0x0 0x170002 0x0 0x1f0007 0x17fe 0x30 0x0 0x280002 0x0 0x320005 0x1228 0x1b591880 0x6f 0x1b591ba0 0x56a 0x350007 0x1803 0xa8 0x0 0x3c0005 0x0 0x0 0x0 0x0 0x0 0x410002 0x0 0x440005 0x0 0x0 0x0 0x0 0x0 0x490003 0x0 0x88 0x500005 0x178b 0x1d759d60 0x8 0x1d759e10 0x6f 0x550002 0x17ff 0x580005 0x178a 0x1d759d60 0x8 0x1d759e10 0x6f oops 6 30 java/util/stream/ReferencePipeline$Head 32 java/util/stream/ReferencePipeline$2 57 java/util/stream/ForEachOps$ForEachOp$OfRef 59 java/util/stream/MatchOps$MatchOp 65 java/util/stream/ForEachOps$ForEachOp$OfRef 67 java/util/stream/MatchOps$MatchOp
ciMethodData java/util/stream/AbstractPipeline sourceSpliterator (I)Ljava/util/Spliterator; 2 6400 orig 264 88 29 5 83 0 0 0 0 56 94 217 30 0 0 0 0 80 4 0 0 48 1 0 0 0 0 0 0 0 0 0 0 0 0 0 0 0 0 0 0 0 0 0 0 0 0 0 0 0 0 0 0 0 128 0 0 0 0 0 0 0 197 0 0 0 0 0 0 0 0 0 0 0 0 0 0 0 0 0 0 77 68 79 32 101 120 116 114 97 32 100 97 116 97 32 108 111 99 107 0 0 0 0 0 0 0 0 0 0 0 0 0 0 0 0 0 0 0 0 0 0 0 0 0 0 0 0 0 0 0 0 0 0 0 0 0 0 0 0 0 0 0 0 0 0 0 0 0 0 0 0 0 0 0 0 0 0 0 0 0 0 0 0 0 0 0 0 0 0 0 0 0 0 0 0 0 0 0 0 0 0 0 0 0 0 0 0 0 0 0 0 0 0 0 0 0 0 0 0 0 0 0 0 0 0 0 0 0 0 0 0 0 0 0 0 0 0 1 0 0 1 192 0 0 1 0 0 0 0 0 0 0 0 0 0 0 2 0 0 0 1 0 42 0 2 0 0 0 0 3 0 0 255 255 255 255 7 0 9 0 0 0 0 0 data 96 0x90007 0x14 0x38 0x17ef 0x100001c0003 0x4800000017f2 0xc0 0x260007 0x0 0x98 0x14 0x300005 0x0 0x1b9d3790 0x14 0x0 0x0 0x350004 0x0 0x1b9d3840 0x14 0x0 0x0 0x410003 0x14 0x28 0x4a0002 0x0 0x4f0005 0x122a 0x1b591880 0x6f 0x1b591ba0 0x56a 0x520007 0x1803 0x1c0 0x0 0x5c0007 0x0 0x1a0 0x0 0x770007 0x0 0x180 0x0 0x830005 0x0 0x0 0x0 0x0 0x0 0x860007 0x0 0x108 0x0 0x900005 0x0 0x0 0x0 0x0 0x0 0x930007 0x0 0x20 0x0 0xa50005 0x0 0x0 0x0 0x0 0x0 0xac0005 0x0 0x0 0x0 0x0 0x0 0xb10007 0x0 0x38 0x0 0xc00003 0x0 0x18 0xe30002 0x0 0xf40003 0x0 0xfffffffffffffe98 0xf80007 0xb0a 0x30 0xcf6 0x1010002 0xcfb oops 4